#
# A fatal error has been detected by the Java Runtime Environment:
#
#  SIGSEGV (0xb) at pc=0x00007fff2043cd9b, pid=42369, tid=515
#
# JRE version: OpenJDK Runtime Environment (14.0.2+12) (build 14.0.2+12-46)
# Java VM: OpenJDK 64-Bit Server VM (14.0.2+12-46, mixed mode, tiered, compressed oops, g1 gc, bsd-amd64)
# Problematic frame:
# C  [libsystem_pthread.dylib+0x1d9b]  pthread_mutex_lock+0x4
#
# No core dump will be written. Core dumps have been disabled. To enable core dumping, try "ulimit -c unlimited" before starting Java again
#
# If you would like to submit a bug report, please visit:
#   https://bugreport.java.com/bugreport/crash.jsp
# The crash happened outside the Java Virtual Machine in native code.
# See problematic frame for where to report the bug.
#

---------------  S U M M A R Y ------------

Command Line: --module-path=/Users/florianleon/javafx-sdk-11.0.2/lib --add-modules=javafx.controls,javafx.fxml -Dfile.encoding=UTF-8 --module-path=/Users/florianleon/Desktop/ProjetJava/POO/ChatSystem GUI/SQLiteDatabases/sqlite-jdbc-3.27.2.1.jar:/Users/florianleon/javafx-sdk-11.0.2/lib/javafx-swt.jar:/Users/florianleon/javafx-sdk-11.0.2/lib/javafx.base.jar:/Users/florianleon/javafx-sdk-11.0.2/lib/javafx.controls.jar:/Users/florianleon/javafx-sdk-11.0.2/lib/javafx.fxml.jar:/Users/florianleon/javafx-sdk-11.0.2/lib/javafx.graphics.jar:/Users/florianleon/javafx-sdk-11.0.2/lib/javafx.media.jar:/Users/florianleon/javafx-sdk-11.0.2/lib/javafx.swing.jar:/Users/florianleon/javafx-sdk-11.0.2/lib/javafx.web.jar:/Users/florianleon/Desktop/ProjetJava/POO/ChatSystem GUI/HTMLscrapper/jsoup-1.13.1.jar:/Users/florianleon/Desktop/ProjetJava/POO/ChatSystem GUI/Jar Files/tyrus-standalone-client-1.9.jar -XX:+ShowCodeDetailsInExceptionMessages chatSytem.Main

Host: MacBookPro17,1 x86_64 2400 MHz, 8 cores, 16G, Darwin 20.2.0
Time: Thu Dec 31 12:20:55 2020 CET elapsed time: 8 seconds (0d 0h 0m 8s)

---------------  T H R E A D  ---------------

Current thread (0x00007fbba4143800):  JavaThread "JavaFX Application Thread" [_thread_in_native, id=515, stack(0x000000030d3df000,0x000000030dbdf000)]

Stack: [0x000000030d3df000,0x000000030dbdf000],  sp=0x000000030dbd8e40,  free space=8167k
Native frames: (J=compiled Java code, A=aot compiled Java code, j=interpreted, Vv=VM code, C=native code)
C  [libsystem_pthread.dylib+0x1d9b]  pthread_mutex_lock+0x4
C  [sqlite-3.27.2.1-792bd271-c254-481c-8241-e64fac872fd0-libsqlitejdbc.jnilib+0xa82d]  Java_org_sqlite_core_NativeDB_clear_1progress_1handler+0x7013
j  org.sqlite.core.NativeDB.reset(J)I+0 sqlite.jdbc@3.27.2.1
j  org.sqlite.jdbc3.JDBC3PreparedStatement.executeUpdate()I+39 sqlite.jdbc@3.27.2.1
j  src.database.UserDB.changeStatus(Ljava/lang/String;Ljava/lang/String;)V+93
j  chatSytem.view.ConnexionController.connection()V+108
v  ~StubRoutines::call_stub
V  [libjvm.dylib+0x34b706]  JavaCalls::call_helper(JavaValue*, methodHandle const&, JavaCallArguments*, Thread*)+0x256
V  [libjvm.dylib+0x63e56f]  invoke(InstanceKlass*, methodHandle const&, Handle, bool, objArrayHandle, BasicType, objArrayHandle, bool, Thread*)+0x551
V  [libjvm.dylib+0x63dfc0]  Reflection::invoke_method(oopDesc*, Handle, objArrayHandle, Thread*)+0xe6
V  [libjvm.dylib+0x3d49b8]  JVM_InvokeMethod+0x222
j  jdk.internal.reflect.NativeMethodAccessorImpl.invoke0(Ljava/lang/reflect/Method;Ljava/lang/Object;[Ljava/lang/Object;)Ljava/lang/Object;+0 java.base@14.0.2
j  jdk.internal.reflect.NativeMethodAccessorImpl.invoke(Ljava/lang/Object;[Ljava/lang/Object;)Ljava/lang/Object;+100 java.base@14.0.2
J 1720 c1 jdk.internal.reflect.DelegatingMethodAccessorImpl.invoke(Ljava/lang/Object;[Ljava/lang/Object;)Ljava/lang/Object; java.base@14.0.2 (10 bytes) @ 0x0000000117e360ac [0x0000000117e35fa0+0x000000000000010c]
J 1318 c1 java.lang.reflect.Method.invoke(Ljava/lang/Object;[Ljava/lang/Object;)Ljava/lang/Object; java.base@14.0.2 (65 bytes) @ 0x0000000117d54bc4 [0x0000000117d54880+0x0000000000000344]
j  com.sun.javafx.reflect.Trampoline.invoke(Ljava/lang/reflect/Method;Ljava/lang/Object;[Ljava/lang/Object;)Ljava/lang/Object;+7
j  jdk.internal.reflect.GeneratedMethodAccessor2.invoke(Ljava/lang/Object;[Ljava/lang/Object;)Ljava/lang/Object;+40
J 1720 c1 jdk.internal.reflect.DelegatingMethodAccessorImpl.invoke(Ljava/lang/Object;[Ljava/lang/Object;)Ljava/lang/Object; java.base@14.0.2 (10 bytes) @ 0x0000000117e360ac [0x0000000117e35fa0+0x000000000000010c]
J 1318 c1 java.lang.reflect.Method.invoke(Ljava/lang/Object;[Ljava/lang/Object;)Ljava/lang/Object; java.base@14.0.2 (65 bytes) @ 0x0000000117d54bc4 [0x0000000117d54880+0x0000000000000344]
j  com.sun.javafx.reflect.MethodUtil.invoke(Ljava/lang/reflect/Method;Ljava/lang/Object;[Ljava/lang/Object;)Ljava/lang/Object;+20 javafx.base
j  com.sun.javafx.fxml.MethodHelper.invoke(Ljava/lang/reflect/Method;Ljava/lang/Object;[Ljava/lang/Object;)Ljava/lang/Object;+142 javafx.fxml
j  javafx.fxml.FXMLLoader$MethodHandler.invoke([Ljava/lang/Object;)V+38 javafx.fxml
j  javafx.fxml.FXMLLoader$ControllerMethodEventHandler.handle(Ljavafx/event/Event;)V+12 javafx.fxml
j  com.sun.javafx.event.CompositeEventHandler.dispatchBubblingEvent(Ljavafx/event/Event;)V+51 javafx.base
J 2483 c1 com.sun.javafx.event.EventHandlerManager.dispatchBubblingEvent(Ljavafx/event/Event;)Ljavafx/event/Event; javafx.base (23 bytes) @ 0x0000000117f6f0dc [0x0000000117f6eaa0+0x000000000000063c]
J 2482 c1 com.sun.javafx.event.CompositeEventDispatcher.dispatchBubblingEvent(Ljavafx/event/Event;)Ljavafx/event/Event; javafx.base (35 bytes) @ 0x0000000117f6f9ac [0x0000000117f6f7e0+0x00000000000001cc]
J 2361 c1 com.sun.javafx.event.BasicEventDispatcher.dispatchEvent(Ljavafx/event/Event;Ljavafx/event/EventDispatchChain;)Ljavafx/event/Event; javafx.base (44 bytes) @ 0x0000000117f35d3c [0x0000000117f359e0+0x000000000000035c]
J 2212 c1 com.sun.javafx.event.EventDispatchChainImpl.dispatchEvent(Ljavafx/event/Event;)Ljavafx/event/Event; javafx.base (101 bytes) @ 0x0000000117ee74fc [0x0000000117ee7340+0x00000000000001bc]
J 2361 c1 com.sun.javafx.event.BasicEventDispatcher.dispatchEvent(Ljavafx/event/Event;Ljavafx/event/EventDispatchChain;)Ljavafx/event/Event; javafx.base (44 bytes) @ 0x0000000117f35c4c [0x0000000117f359e0+0x000000000000026c]
J 2212 c1 com.sun.javafx.event.EventDispatchChainImpl.dispatchEvent(Ljavafx/event/Event;)Ljavafx/event/Event; javafx.base (101 bytes) @ 0x0000000117ee74fc [0x0000000117ee7340+0x00000000000001bc]
J 2361 c1 com.sun.javafx.event.BasicEventDispatcher.dispatchEvent(Ljavafx/event/Event;Ljavafx/event/EventDispatchChain;)Ljavafx/event/Event; javafx.base (44 bytes) @ 0x0000000117f35c4c [0x0000000117f359e0+0x000000000000026c]
J 2212 c1 com.sun.javafx.event.EventDispatchChainImpl.dispatchEvent(Ljavafx/event/Event;)Ljavafx/event/Event; javafx.base (101 bytes) @ 0x0000000117ee74fc [0x0000000117ee7340+0x00000000000001bc]
J 2791 c1 com.sun.javafx.event.EventUtil.fireEvent(Ljavafx/event/EventTarget;Ljavafx/event/Event;)Ljavafx/event/Event; javafx.base (81 bytes) @ 0x000000011800d634 [0x000000011800ca80+0x0000000000000bb4]
J 2790 c1 javafx.event.Event.fireEvent(Ljavafx/event/EventTarget;Ljavafx/event/Event;)V javafx.base (35 bytes) @ 0x000000011800c424 [0x000000011800c360+0x00000000000000c4]
j  javafx.scene.Node.fireEvent(Ljavafx/event/Event;)V+86 javafx.graphics
j  javafx.scene.control.Button.fire()V+15 javafx.controls
j  com.sun.javafx.scene.control.behavior.ButtonBehavior.mouseReleased(Ljavafx/scene/input/MouseEvent;)V+27 javafx.controls
j  com.sun.javafx.scene.control.behavior.ButtonBehavior$$Lambda$401.handle(Ljavafx/event/Event;)V+8 javafx.controls
j  com.sun.javafx.scene.control.inputmap.InputMap.handle(Ljavafx/event/Event;)V+61 javafx.controls
j  com.sun.javafx.scene.control.inputmap.InputMap$$Lambda$338.handle(Ljavafx/event/Event;)V+5 javafx.controls
j  com.sun.javafx.event.CompositeEventHandler$NormalEventHandlerRecord.handleBubblingEvent(Ljavafx/event/Event;)V+5 javafx.base
j  com.sun.javafx.event.CompositeEventHandler.dispatchBubblingEvent(Ljavafx/event/Event;)V+28 javafx.base
J 2483 c1 com.sun.javafx.event.EventHandlerManager.dispatchBubblingEvent(Ljavafx/event/Event;)Ljavafx/event/Event; javafx.base (23 bytes) @ 0x0000000117f6f0dc [0x0000000117f6eaa0+0x000000000000063c]
J 2482 c1 com.sun.javafx.event.CompositeEventDispatcher.dispatchBubblingEvent(Ljavafx/event/Event;)Ljavafx/event/Event; javafx.base (35 bytes) @ 0x0000000117f6f9ac [0x0000000117f6f7e0+0x00000000000001cc]
J 2361 c1 com.sun.javafx.event.BasicEventDispatcher.dispatchEvent(Ljavafx/event/Event;Ljavafx/event/EventDispatchChain;)Ljavafx/event/Event; javafx.base (44 bytes) @ 0x0000000117f35d3c [0x0000000117f359e0+0x000000000000035c]
J 2212 c1 com.sun.javafx.event.EventDispatchChainImpl.dispatchEvent(Ljavafx/event/Event;)Ljavafx/event/Event; javafx.base (101 bytes) @ 0x0000000117ee74fc [0x0000000117ee7340+0x00000000000001bc]
J 2361 c1 com.sun.javafx.event.BasicEventDispatcher.dispatchEvent(Ljavafx/event/Event;Ljavafx/event/EventDispatchChain;)Ljavafx/event/Event; javafx.base (44 bytes) @ 0x0000000117f35c4c [0x0000000117f359e0+0x000000000000026c]
J 2212 c1 com.sun.javafx.event.EventDispatchChainImpl.dispatchEvent(Ljavafx/event/Event;)Ljavafx/event/Event; javafx.base (101 bytes) @ 0x0000000117ee74fc [0x0000000117ee7340+0x00000000000001bc]
J 2361 c1 com.sun.javafx.event.BasicEventDispatcher.dispatchEvent(Ljavafx/event/Event;Ljavafx/event/EventDispatchChain;)Ljavafx/event/Event; javafx.base (44 bytes) @ 0x0000000117f35c4c [0x0000000117f359e0+0x000000000000026c]
J 2212 c1 com.sun.javafx.event.EventDispatchChainImpl.dispatchEvent(Ljavafx/event/Event;)Ljavafx/event/Event; javafx.base (101 bytes) @ 0x0000000117ee74fc [0x0000000117ee7340+0x00000000000001bc]
J 2791 c1 com.sun.javafx.event.EventUtil.fireEvent(Ljavafx/event/EventTarget;Ljavafx/event/Event;)Ljavafx/event/Event; javafx.base (81 bytes) @ 0x000000011800d26c [0x000000011800ca80+0x00000000000007ec]
J 2790 c1 javafx.event.Event.fireEvent(Ljavafx/event/EventTarget;Ljavafx/event/Event;)V javafx.base (35 bytes) @ 0x000000011800c424 [0x000000011800c360+0x00000000000000c4]
j  javafx.scene.Scene$MouseHandler.process(Ljavafx/scene/input/MouseEvent;Z)V+491 javafx.graphics
j  javafx.scene.Scene$MouseHandler.access$1200(Ljavafx/scene/Scene$MouseHandler;Ljavafx/scene/input/MouseEvent;Z)V+3 javafx.graphics
j  javafx.scene.Scene.processMouseEvent(Ljavafx/scene/input/MouseEvent;)V+6 javafx.graphics
j  javafx.scene.Scene$ScenePeerListener.mouseEvent(Ljavafx/event/EventType;DDDDLjavafx/scene/input/MouseButton;ZZZZZZZZZ)V+46 javafx.graphics
j  com.sun.javafx.tk.quantum.GlassViewEventHandler$MouseEventNotification.run()Ljava/lang/Void;+582 javafx.graphics
j  com.sun.javafx.tk.quantum.GlassViewEventHandler$MouseEventNotification.run()Ljava/lang/Object;+1 javafx.graphics
J 2069 c1 java.security.AccessController.doPrivileged(Ljava/security/PrivilegedAction;Ljava/security/AccessControlContext;)Ljava/lang/Object; java.base@14.0.2 (17 bytes) @ 0x0000000117ebfce4 [0x0000000117ebfb00+0x00000000000001e4]
j  com.sun.javafx.tk.quantum.GlassViewEventHandler.lambda$handleMouseEvent$2()Ljava/lang/Void;+11 javafx.graphics
j  com.sun.javafx.tk.quantum.GlassViewEventHandler$$Lambda$541.get()Ljava/lang/Object;+4 javafx.graphics
J 2305 c1 com.sun.javafx.tk.quantum.QuantumToolkit.runWithoutRenderLock(Ljava/util/function/Supplier;)Ljava/lang/Object; javafx.graphics (49 bytes) @ 0x0000000117f214cc [0x0000000117f20fc0+0x000000000000050c]
j  com.sun.javafx.tk.quantum.GlassViewEventHandler.handleMouseEvent(Lcom/sun/glass/ui/View;JIIIIIIIZZ)V+103 javafx.graphics
j  com.sun.glass.ui.View.handleMouseEvent(JIIIIIIIZZ)V+30 javafx.graphics
j  com.sun.glass.ui.View.notifyMouse(IIIIIIIZZ)V+181 javafx.graphics
j  com.sun.glass.ui.mac.MacView.notifyMouse(IIIIIIIZZ)V+96 javafx.graphics
v  ~StubRoutines::call_stub
V  [libjvm.dylib+0x34b706]  JavaCalls::call_helper(JavaValue*, methodHandle const&, JavaCallArguments*, Thread*)+0x256
V  [libjvm.dylib+0x386dae]  jni_invoke_nonstatic(JNIEnv_*, JavaValue*, _jobject*, JNICallType, _jmethodID*, JNI_ArgumentPusher*, Thread*)+0x27b
V  [libjvm.dylib+0x38b6e8]  jni_CallVoidMethod+0x1bc
C  [libglass.dylib+0xe042]  -[GlassViewDelegate sendJavaMouseEvent:]+0x932
C  [AppKit+0x1c90a5]  -[NSWindow(NSEventRouting) _reallySendEvent:isDelayedEvent:]+0xa9f
C  [AppKit+0x1c83ea]  -[NSWindow(NSEventRouting) sendEvent:]+0x15b
C  [libglass.dylib+0x1b363]  -[GlassWindow_Normal sendEvent:]+0x73
C  [AppKit+0x1c67d4]  -[NSApplication(NSEvent) sendEvent:]+0x160
C  [AppKit+0x49f36e]  -[NSApplication _handleEvent:]+0x41
C  [AppKit+0x2fb2f]  -[NSApplication run]+0x26f
C  [libglass.dylib+0xa80c]  -[GlassApplication runLoop:]+0x78c
C  [Foundation+0x804d9]  __NSThreadPerformPerform+0xcc
C  [CoreFoundation+0x8131d]  __CFRUNLOOP_IS_CALLING_OUT_TO_A_SOURCE0_PERFORM_FUNCTION__+0x11
C  [CoreFoundation+0x81285]  __CFRunLoopDoSource0+0xb4
C  [CoreFoundation+0x81005]  __CFRunLoopDoSources0+0xf8
C  [CoreFoundation+0x7fa4d]  __CFRunLoopRun+0x37e
C  [CoreFoundation+0x7efe2]  CFRunLoopRunSpecific+0x237
C  [libjli.dylib+0x65c1]  CreateExecutionEnvironment+0x18f
C  [libjli.dylib+0x2752]  JLI_Launch+0x54a
C  [java+0xc9d]  main+0x177
C  [libdyld.dylib+0x15621]  start+0x1

Java frames: (J=compiled Java code, j=interpreted, Vv=VM code)
j  org.sqlite.core.NativeDB.reset(J)I+0 sqlite.jdbc@3.27.2.1
j  org.sqlite.jdbc3.JDBC3PreparedStatement.executeUpdate()I+39 sqlite.jdbc@3.27.2.1
j  src.database.UserDB.changeStatus(Ljava/lang/String;Ljava/lang/String;)V+93
j  chatSytem.view.ConnexionController.connection()V+108
v  ~StubRoutines::call_stub
j  jdk.internal.reflect.NativeMethodAccessorImpl.invoke0(Ljava/lang/reflect/Method;Ljava/lang/Object;[Ljava/lang/Object;)Ljava/lang/Object;+0 java.base@14.0.2
j  jdk.internal.reflect.NativeMethodAccessorImpl.invoke(Ljava/lang/Object;[Ljava/lang/Object;)Ljava/lang/Object;+100 java.base@14.0.2
J 1720 c1 jdk.internal.reflect.DelegatingMethodAccessorImpl.invoke(Ljava/lang/Object;[Ljava/lang/Object;)Ljava/lang/Object; java.base@14.0.2 (10 bytes) @ 0x0000000117e360ac [0x0000000117e35fa0+0x000000000000010c]
J 1318 c1 java.lang.reflect.Method.invoke(Ljava/lang/Object;[Ljava/lang/Object;)Ljava/lang/Object; java.base@14.0.2 (65 bytes) @ 0x0000000117d54bc4 [0x0000000117d54880+0x0000000000000344]
j  com.sun.javafx.reflect.Trampoline.invoke(Ljava/lang/reflect/Method;Ljava/lang/Object;[Ljava/lang/Object;)Ljava/lang/Object;+7
j  jdk.internal.reflect.GeneratedMethodAccessor2.invoke(Ljava/lang/Object;[Ljava/lang/Object;)Ljava/lang/Object;+40
J 1720 c1 jdk.internal.reflect.DelegatingMethodAccessorImpl.invoke(Ljava/lang/Object;[Ljava/lang/Object;)Ljava/lang/Object; java.base@14.0.2 (10 bytes) @ 0x0000000117e360ac [0x0000000117e35fa0+0x000000000000010c]
J 1318 c1 java.lang.reflect.Method.invoke(Ljava/lang/Object;[Ljava/lang/Object;)Ljava/lang/Object; java.base@14.0.2 (65 bytes) @ 0x0000000117d54bc4 [0x0000000117d54880+0x0000000000000344]
j  com.sun.javafx.reflect.MethodUtil.invoke(Ljava/lang/reflect/Method;Ljava/lang/Object;[Ljava/lang/Object;)Ljava/lang/Object;+20 javafx.base
j  com.sun.javafx.fxml.MethodHelper.invoke(Ljava/lang/reflect/Method;Ljava/lang/Object;[Ljava/lang/Object;)Ljava/lang/Object;+142 javafx.fxml
j  javafx.fxml.FXMLLoader$MethodHandler.invoke([Ljava/lang/Object;)V+38 javafx.fxml
j  javafx.fxml.FXMLLoader$ControllerMethodEventHandler.handle(Ljavafx/event/Event;)V+12 javafx.fxml
j  com.sun.javafx.event.CompositeEventHandler.dispatchBubblingEvent(Ljavafx/event/Event;)V+51 javafx.base
J 2483 c1 com.sun.javafx.event.EventHandlerManager.dispatchBubblingEvent(Ljavafx/event/Event;)Ljavafx/event/Event; javafx.base (23 bytes) @ 0x0000000117f6f0dc [0x0000000117f6eaa0+0x000000000000063c]
J 2482 c1 com.sun.javafx.event.CompositeEventDispatcher.dispatchBubblingEvent(Ljavafx/event/Event;)Ljavafx/event/Event; javafx.base (35 bytes) @ 0x0000000117f6f9ac [0x0000000117f6f7e0+0x00000000000001cc]
J 2361 c1 com.sun.javafx.event.BasicEventDispatcher.dispatchEvent(Ljavafx/event/Event;Ljavafx/event/EventDispatchChain;)Ljavafx/event/Event; javafx.base (44 bytes) @ 0x0000000117f35d3c [0x0000000117f359e0+0x000000000000035c]
J 2212 c1 com.sun.javafx.event.EventDispatchChainImpl.dispatchEvent(Ljavafx/event/Event;)Ljavafx/event/Event; javafx.base (101 bytes) @ 0x0000000117ee74fc [0x0000000117ee7340+0x00000000000001bc]
J 2361 c1 com.sun.javafx.event.BasicEventDispatcher.dispatchEvent(Ljavafx/event/Event;Ljavafx/event/EventDispatchChain;)Ljavafx/event/Event; javafx.base (44 bytes) @ 0x0000000117f35c4c [0x0000000117f359e0+0x000000000000026c]
J 2212 c1 com.sun.javafx.event.EventDispatchChainImpl.dispatchEvent(Ljavafx/event/Event;)Ljavafx/event/Event; javafx.base (101 bytes) @ 0x0000000117ee74fc [0x0000000117ee7340+0x00000000000001bc]
J 2361 c1 com.sun.javafx.event.BasicEventDispatcher.dispatchEvent(Ljavafx/event/Event;Ljavafx/event/EventDispatchChain;)Ljavafx/event/Event; javafx.base (44 bytes) @ 0x0000000117f35c4c [0x0000000117f359e0+0x000000000000026c]
J 2212 c1 com.sun.javafx.event.EventDispatchChainImpl.dispatchEvent(Ljavafx/event/Event;)Ljavafx/event/Event; javafx.base (101 bytes) @ 0x0000000117ee74fc [0x0000000117ee7340+0x00000000000001bc]
J 2791 c1 com.sun.javafx.event.EventUtil.fireEvent(Ljavafx/event/EventTarget;Ljavafx/event/Event;)Ljavafx/event/Event; javafx.base (81 bytes) @ 0x000000011800d634 [0x000000011800ca80+0x0000000000000bb4]
J 2790 c1 javafx.event.Event.fireEvent(Ljavafx/event/EventTarget;Ljavafx/event/Event;)V javafx.base (35 bytes) @ 0x000000011800c424 [0x000000011800c360+0x00000000000000c4]
j  javafx.scene.Node.fireEvent(Ljavafx/event/Event;)V+86 javafx.graphics
j  javafx.scene.control.Button.fire()V+15 javafx.controls
j  com.sun.javafx.scene.control.behavior.ButtonBehavior.mouseReleased(Ljavafx/scene/input/MouseEvent;)V+27 javafx.controls
j  com.sun.javafx.scene.control.behavior.ButtonBehavior$$Lambda$401.handle(Ljavafx/event/Event;)V+8 javafx.controls
j  com.sun.javafx.scene.control.inputmap.InputMap.handle(Ljavafx/event/Event;)V+61 javafx.controls
j  com.sun.javafx.scene.control.inputmap.InputMap$$Lambda$338.handle(Ljavafx/event/Event;)V+5 javafx.controls
j  com.sun.javafx.event.CompositeEventHandler$NormalEventHandlerRecord.handleBubblingEvent(Ljavafx/event/Event;)V+5 javafx.base
j  com.sun.javafx.event.CompositeEventHandler.dispatchBubblingEvent(Ljavafx/event/Event;)V+28 javafx.base
J 2483 c1 com.sun.javafx.event.EventHandlerManager.dispatchBubblingEvent(Ljavafx/event/Event;)Ljavafx/event/Event; javafx.base (23 bytes) @ 0x0000000117f6f0dc [0x0000000117f6eaa0+0x000000000000063c]
J 2482 c1 com.sun.javafx.event.CompositeEventDispatcher.dispatchBubblingEvent(Ljavafx/event/Event;)Ljavafx/event/Event; javafx.base (35 bytes) @ 0x0000000117f6f9ac [0x0000000117f6f7e0+0x00000000000001cc]
J 2361 c1 com.sun.javafx.event.BasicEventDispatcher.dispatchEvent(Ljavafx/event/Event;Ljavafx/event/EventDispatchChain;)Ljavafx/event/Event; javafx.base (44 bytes) @ 0x0000000117f35d3c [0x0000000117f359e0+0x000000000000035c]
J 2212 c1 com.sun.javafx.event.EventDispatchChainImpl.dispatchEvent(Ljavafx/event/Event;)Ljavafx/event/Event; javafx.base (101 bytes) @ 0x0000000117ee74fc [0x0000000117ee7340+0x00000000000001bc]
J 2361 c1 com.sun.javafx.event.BasicEventDispatcher.dispatchEvent(Ljavafx/event/Event;Ljavafx/event/EventDispatchChain;)Ljavafx/event/Event; javafx.base (44 bytes) @ 0x0000000117f35c4c [0x0000000117f359e0+0x000000000000026c]
J 2212 c1 com.sun.javafx.event.EventDispatchChainImpl.dispatchEvent(Ljavafx/event/Event;)Ljavafx/event/Event; javafx.base (101 bytes) @ 0x0000000117ee74fc [0x0000000117ee7340+0x00000000000001bc]
J 2361 c1 com.sun.javafx.event.BasicEventDispatcher.dispatchEvent(Ljavafx/event/Event;Ljavafx/event/EventDispatchChain;)Ljavafx/event/Event; javafx.base (44 bytes) @ 0x0000000117f35c4c [0x0000000117f359e0+0x000000000000026c]
J 2212 c1 com.sun.javafx.event.EventDispatchChainImpl.dispatchEvent(Ljavafx/event/Event;)Ljavafx/event/Event; javafx.base (101 bytes) @ 0x0000000117ee74fc [0x0000000117ee7340+0x00000000000001bc]
J 2791 c1 com.sun.javafx.event.EventUtil.fireEvent(Ljavafx/event/EventTarget;Ljavafx/event/Event;)Ljavafx/event/Event; javafx.base (81 bytes) @ 0x000000011800d26c [0x000000011800ca80+0x00000000000007ec]
J 2790 c1 javafx.event.Event.fireEvent(Ljavafx/event/EventTarget;Ljavafx/event/Event;)V javafx.base (35 bytes) @ 0x000000011800c424 [0x000000011800c360+0x00000000000000c4]
j  javafx.scene.Scene$MouseHandler.process(Ljavafx/scene/input/MouseEvent;Z)V+491 javafx.graphics
j  javafx.scene.Scene$MouseHandler.access$1200(Ljavafx/scene/Scene$MouseHandler;Ljavafx/scene/input/MouseEvent;Z)V+3 javafx.graphics
j  javafx.scene.Scene.processMouseEvent(Ljavafx/scene/input/MouseEvent;)V+6 javafx.graphics
j  javafx.scene.Scene$ScenePeerListener.mouseEvent(Ljavafx/event/EventType;DDDDLjavafx/scene/input/MouseButton;ZZZZZZZZZ)V+46 javafx.graphics
j  com.sun.javafx.tk.quantum.GlassViewEventHandler$MouseEventNotification.run()Ljava/lang/Void;+582 javafx.graphics
j  com.sun.javafx.tk.quantum.GlassViewEventHandler$MouseEventNotification.run()Ljava/lang/Object;+1 javafx.graphics
J 2069 c1 java.security.AccessController.doPrivileged(Ljava/security/PrivilegedAction;Ljava/security/AccessControlContext;)Ljava/lang/Object; java.base@14.0.2 (17 bytes) @ 0x0000000117ebfce4 [0x0000000117ebfb00+0x00000000000001e4]
j  com.sun.javafx.tk.quantum.GlassViewEventHandler.lambda$handleMouseEvent$2()Ljava/lang/Void;+11 javafx.graphics
j  com.sun.javafx.tk.quantum.GlassViewEventHandler$$Lambda$541.get()Ljava/lang/Object;+4 javafx.graphics
J 2305 c1 com.sun.javafx.tk.quantum.QuantumToolkit.runWithoutRenderLock(Ljava/util/function/Supplier;)Ljava/lang/Object; javafx.graphics (49 bytes) @ 0x0000000117f214cc [0x0000000117f20fc0+0x000000000000050c]
j  com.sun.javafx.tk.quantum.GlassViewEventHandler.handleMouseEvent(Lcom/sun/glass/ui/View;JIIIIIIIZZ)V+103 javafx.graphics
j  com.sun.glass.ui.View.handleMouseEvent(JIIIIIIIZZ)V+30 javafx.graphics
j  com.sun.glass.ui.View.notifyMouse(IIIIIIIZZ)V+181 javafx.graphics
j  com.sun.glass.ui.mac.MacView.notifyMouse(IIIIIIIZZ)V+96 javafx.graphics
v  ~StubRoutines::call_stub

siginfo: si_signo: 11 (SIGSEGV), si_code: 2 (SEGV_ACCERR), si_addr: 0x203d207375746174

Register to memory mapping:

RAX=0x0000000143926607: Java_org_sqlite_core_NativeDB_reset+0 in /private/var/folders/ng/ytwhvpfj1f7gn5vgqg8ngqsc0000gn/T/sqlite-3.27.2.1-792bd271-c254-481c-8241-e64fac872fd0-libsqlitejdbc.jnilib at 0x0000000143924000
RBX=0x00007fbb88993220 points into unknown readable memory: d0 36 99 88 bb 7f 00 00
RCX=0x00007fbba2770be8 points into unknown readable memory: 20 5f 5f 47 50 55 5f 4d
RDX=0x00007fbb88993220 points into unknown readable memory: d0 36 99 88 bb 7f 00 00
RSP=0x000000030dbd8e40 is pointing into the stack for thread: 0x00007fbba4143800
RBP=0x000000030dbd8e40 is pointing into the stack for thread: 0x00007fbba4143800
RSI=0x000000030dbd8f20 is pointing into the stack for thread: 0x00007fbba4143800
RDI=0x203d207375746174 is an unknown value
R8 =0x00000000003fccc9 is an unknown value
R9 =0xffffffff00000000 is an unknown value
R10=0x0000000117590f1f is at code_begin+1311 in an Interpreter codelet
method entry point (kind = native_synchronized)  [0x0000000117590a00, 0x0000000117591500]  2816 bytes
R11=0x0000000000000121 is an unknown value
R12=0x0 is NULL
R13={method} {0x0000000142a446a0} 'reset' '(J)I' in 'org/sqlite/core/NativeDB'
R14=0x00007fbb889936d0 points into unknown readable memory: 60 1f 99 88 bb 7f 00 00
R15=0x0 is NULL


Registers:
RAX=0x0000000143926607, RBX=0x00007fbb88993220, RCX=0x00007fbba2770be8, RDX=0x00007fbb88993220
RSP=0x000000030dbd8e40, RBP=0x000000030dbd8e40, RSI=0x000000030dbd8f20, RDI=0x203d207375746174
R8 =0x00000000003fccc9, R9 =0xffffffff00000000, R10=0x0000000117590f1f, R11=0x0000000000000121
R12=0x0000000000000000, R13=0x0000000142a446a0, R14=0x00007fbb889936d0, R15=0x0000000000000000
RIP=0x00007fff2043cd9b, EFLAGS=0x0000000000000206, ERR=0x0000000000000004
  TRAPNO=0x000000000000000e

Top of Stack: (sp=0x000000030dbd8e40)
0x000000030dbd8e40:   000000030dbd8e70 000000014392e82d
0x000000030dbd8e50:   0000000143926607 0000000142a446a0
0x000000030dbd8e60:   000000030dbd8f20 00007fbba4143800
0x000000030dbd8e70:   000000030dbd8ef0 0000000117590f4b
0x000000030dbd8e80:   000000030dbd8ef0 0000000117590cd9
0x000000030dbd8e90:   0000000117590c97 0000000000000003
0x000000030dbd8ea0:   000000070dfd5040 000000030dbd8e98
0x000000030dbd8eb0:   0000000142a446a0 000000030dbd8f20
0x000000030dbd8ec0:   000000014298f8b0 0000000000000000
0x000000030dbd8ed0:   000000070ff88fa8 0000000142a446a0
0x000000030dbd8ee0:   0000000000000000 000000030dbd8f10
0x000000030dbd8ef0:   000000030dbd8f70 000000011758a900
0x000000030dbd8f00:   0000000000000000 000000011758d676
0x000000030dbd8f10:   00007fbb88993220 0000000000000000
0x000000030dbd8f20:   000000070dfd5040 000000030dbd8f28
0x000000030dbd8f30:   0000000143817baf 000000030dbd8f80
0x000000030dbd8f40:   000000014381c200 0000000000000000
0x000000030dbd8f50:   000000070de67610 0000000143817be8
0x000000030dbd8f60:   000000030dbd8f10 000000030dbd8f80
0x000000030dbd8f70:   000000030dbd8fd8 000000011758a945
0x000000030dbd8f80:   000000070de2e928 0000000700b2e978
0x000000030dbd8f90:   000000030dbd8f90 000000013a7400d5
0x000000030dbd8fa0:   000000030dbd9008 00000001429c6c60
0x000000030dbd8fb0:   0000000000000000 00000007006000d8
0x000000030dbd8fc0:   000000013a740168 000000030dbd8f80
0x000000030dbd8fd0:   000000030dbd8ff8 000000030dbd9058
0x000000030dbd8fe0:   000000011758aee7 0000000000000000
0x000000030dbd8ff0:   000000070de2e8c8 0000000700684ee0
0x000000030dbd9000:   0000000700b2e9f0 0000000700b2e978
0x000000030dbd9010:   000000030dbd9010 000000013a608e4c
0x000000030dbd9020:   000000030dbd9088 000000013a608fd0
0x000000030dbd9030:   0000000000000000 00000007006001b8 

Instructions: (pc=0x00007fff2043cd9b)
0x00007fff2043cc9b:   80 38 31 0f 94 c0 eb 12 41 8b 46 2c 85 c0 74 08
0x00007fff2043ccab:   c1 e8 09 83 e0 01 eb 02 31 c0 38 05 0a 65 66 68
0x00007fff2043ccbb:   74 06 88 05 02 65 66 68 48 83 c4 08 5b 41 5e 41
0x00007fff2043cccb:   5f 5d c3 55 48 89 e5 41 56 53 89 fb 8d 4b f6 b8
0x00007fff2043ccdb:   16 00 00 00 81 f9 f5 00 00 00 77 47 49 89 f6 48
0x00007fff2043cceb:   8d 3d 03 9a 63 68 be 00 00 05 00 e8 dd 7e 00 00
0x00007fff2043ccfb:   89 d8 48 8d 0d fc 99 63 68 48 83 3c c1 00 75 07
0x00007fff2043cd0b:   49 f7 d6 4c 89 34 c1 39 1d 80 99 63 68 7d 06 89
0x00007fff2043cd1b:   1d 78 99 63 68 48 8d 3d cd 99 63 68 e8 b2 7e 00
0x00007fff2043cd2b:   00 31 c0 5b 41 5e 5d c3 55 48 89 e5 41 56 53 48
0x00007fff2043cd3b:   89 f3 49 89 fe 48 8d 3d ad 99 63 68 be 00 00 05
0x00007fff2043cd4b:   00 e8 87 7e 00 00 b8 00 01 00 00 48 8d 0d a3 99
0x00007fff2043cd5b:   63 68 48 83 3c c1 00 74 12 48 ff c0 48 3d 00 03
0x00007fff2043cd6b:   00 00 75 ee bb 23 00 00 00 eb 0c 48 f7 d3 48 89
0x00007fff2043cd7b:   1c c1 49 89 06 31 db 48 8d 3d 6b 99 63 68 e8 50
0x00007fff2043cd8b:   7e 00 00 89 d8 5b 41 5e 5d c3 90 90 55 48 89 e5
0x00007fff2043cd9b:   48 81 3f 5a 54 55 4d 75 78 8b 47 0c 89 c1 81 e1
0x00007fff2043cdab:   c0 01 00 00 83 f9 40 74 70 0f ba e0 0e 72 72 48
0x00007fff2043cdbb:   c7 c0 f8 ff ff ff 48 8d 57 27 48 21 c2 48 8b 0a
0x00007fff2043cdcb:   f6 c1 02 75 44 4c 8d 57 1f 49 21 c2 65 4c 8b 04
0x00007fff2043cddb:   25 f8 ff ff ff 49 b9 00 00 00 00 ff ff ff ff 48
0x00007fff2043cdeb:   89 ce f6 c1 02 75 22 4c 21 ce 89 c8 48 09 f0 83
0x00007fff2043cdfb:   c9 02 48 09 f1 f0 48 0f b1 0a 48 89 c1 48 89 c6
0x00007fff2043ce0b:   75 e0 4d 89 02 31 c0 5d c3 31 f6 5d e9 cd 02 00
0x00007fff2043ce1b:   00 31 f6 5d e9 28 00 00 00 31 f6 5d e9 00 71 00
0x00007fff2043ce2b:   00 65 8b 34 25 18 00 00 00 83 e6 fc 31 c0 f0 0f
0x00007fff2043ce3b:   b1 77 18 74 d0 89 c2 e8 d7 6e 00 00 eb c7 90 90
0x00007fff2043ce4b:   90 55 48 89 e5 41 56 53 41 89 f6 48 89 fb 8b 07
0x00007fff2043ce5b:   83 e0 fd 3d 58 54 55 4d 74 11 48 89 df e8 42 00
0x00007fff2043ce6b:   00 00 85 c0 74 05 5b 41 5e 5d c3 8b 43 0c 89 c1
0x00007fff2043ce7b:   81 e1 c0 01 00 00 41 0f b6 f6 48 89 df 83 f9 40
0x00007fff2043ce8b:   74 0f 0f ba e0 0e 72 12 5b 41 5e 5d e9 4d 02 00 


Stack slot to memory mapping:
stack at sp + 0 slots: 0x000000030dbd8e70 is pointing into the stack for thread: 0x00007fbba4143800
stack at sp + 1 slots: 0x000000014392e82d: Java_org_sqlite_core_NativeDB_clear_1progress_1handler+0x7013 in /private/var/folders/ng/ytwhvpfj1f7gn5vgqg8ngqsc0000gn/T/sqlite-3.27.2.1-792bd271-c254-481c-8241-e64fac872fd0-libsqlitejdbc.jnilib at 0x0000000143924000
stack at sp + 2 slots: 0x0000000143926607: Java_org_sqlite_core_NativeDB_reset+0 in /private/var/folders/ng/ytwhvpfj1f7gn5vgqg8ngqsc0000gn/T/sqlite-3.27.2.1-792bd271-c254-481c-8241-e64fac872fd0-libsqlitejdbc.jnilib at 0x0000000143924000
stack at sp + 3 slots: {method} {0x0000000142a446a0} 'reset' '(J)I' in 'org/sqlite/core/NativeDB'
stack at sp + 4 slots: 0x000000030dbd8f20 is pointing into the stack for thread: 0x00007fbba4143800
stack at sp + 5 slots: 0x00007fbba4143800 is a thread
stack at sp + 6 slots: 0x000000030dbd8ef0 is pointing into the stack for thread: 0x00007fbba4143800
stack at sp + 7 slots: 0x0000000117590f4b is at code_begin+1355 in an Interpreter codelet
method entry point (kind = native_synchronized)  [0x0000000117590a00, 0x0000000117591500]  2816 bytes


---------------  P R O C E S S  ---------------

Threads class SMR info:
_java_thread_list=0x00007fbb726597e0, length=18, elements={
0x00007fbba280c800, 0x00007fbba400d800, 0x00007fbba400e800, 0x00007fbba4010000,
0x00007fbba400f000, 0x00007fbba4013000, 0x00007fbba4014000, 0x00007fbba3057000,
0x00007fbba38ce800, 0x00007fbba4015000, 0x00007fbba3058000, 0x00007fbba28a0000,
0x00007fbba4143800, 0x00007fbba2906000, 0x00007fbba3144000, 0x00007fbb745d8800,
0x00007fbba2965800, 0x00007fbb745dc000
}

Java Threads: ( => current thread )
  0x00007fbba280c800 JavaThread "main" [_thread_blocked, id=7427, stack(0x000000030dc62000,0x000000030dd62000)]
  0x00007fbba400d800 JavaThread "Reference Handler" daemon [_thread_blocked, id=16899, stack(0x000000030e377000,0x000000030e477000)]
  0x00007fbba400e800 JavaThread "Finalizer" daemon [_thread_blocked, id=21763, stack(0x000000030e47a000,0x000000030e57a000)]
  0x00007fbba4010000 JavaThread "Signal Dispatcher" daemon [_thread_blocked, id=23555, stack(0x000000030e68b000,0x000000030e78b000)]
  0x00007fbba400f000 JavaThread "Service Thread" daemon [_thread_blocked, id=40195, stack(0x000000030e78e000,0x000000030e88e000)]
  0x00007fbba4013000 JavaThread "C2 CompilerThread0" daemon [_thread_blocked, id=39683, stack(0x000000030e891000,0x000000030e991000)]
  0x00007fbba4014000 JavaThread "C1 CompilerThread0" daemon [_thread_blocked, id=39171, stack(0x000000030e994000,0x000000030ea94000)]
  0x00007fbba3057000 JavaThread "Sweeper thread" daemon [_thread_blocked, id=24835, stack(0x000000030ea97000,0x000000030eb97000)]
  0x00007fbba38ce800 JavaThread "Common-Cleaner" daemon [_thread_blocked, id=37635, stack(0x000000030eb9a000,0x000000030ec9a000)]
  0x00007fbba4015000 JavaThread "Notification Thread" daemon [_thread_blocked, id=36611, stack(0x000000030ec9d000,0x000000030ed9d000)]
  0x00007fbba3058000 JavaThread "QuantumRenderer-0" daemon [_thread_blocked, id=35587, stack(0x000000030eea3000,0x000000030efa3000)]
  0x00007fbba28a0000 JavaThread "InvokeLaterDispatcher" daemon [_thread_blocked, id=44547, stack(0x000000030f1c7000,0x000000030f2c7000)]
=>0x00007fbba4143800 JavaThread "JavaFX Application Thread" [_thread_in_native, id=515, stack(0x000000030d3df000,0x000000030dbdf000)]
  0x00007fbba2906000 JavaThread "Thread-2" daemon [_thread_in_native, id=78851, stack(0x000000030f2ca000,0x000000030f34a000)]
  0x00007fbba3144000 JavaThread "JavaFX-Launcher" [_thread_blocked, id=69379, stack(0x000000030f3d0000,0x000000030f4d0000)]
  0x00007fbb745d8800 JavaThread "Prism Font Disposer" daemon [_thread_blocked, id=90119, stack(0x000000030f9e2000,0x000000030fae2000)]
  0x00007fbba2965800 JavaThread "Cleaner-0" daemon [_thread_blocked, id=168987, stack(0x000000030fbe8000,0x000000030fce8000)]
  0x00007fbb745dc000 JavaThread "Thread-4" [_thread_blocked, id=94187, stack(0x000000030fceb000,0x000000030fdeb000)]

Other Threads:
  0x00007fbba3054800 VMThread "VM Thread" [stack: 0x000000030e274000,0x000000030e374000] [id=16131]
  0x00007fbba282e000 WatcherThread [stack: 0x000000030eda0000,0x000000030eea0000] [id=36115]
  0x00007fbba303e800 GCTaskThread "GC Thread#0" [stack: 0x000000030dd65000,0x000000030de65000] [id=18947]
  0x00007fbba39c5000 GCTaskThread "GC Thread#1" [stack: 0x000000030f4d3000,0x000000030f5d3000] [id=67171]
  0x00007fbba39c8000 GCTaskThread "GC Thread#2" [stack: 0x000000030f5d6000,0x000000030f6d6000] [id=66563]
  0x00007fbba39ef000 GCTaskThread "GC Thread#3" [stack: 0x000000030f6d9000,0x000000030f7d9000] [id=66051]
  0x00007fbba39fb800 GCTaskThread "GC Thread#4" [stack: 0x000000030f7dc000,0x000000030f8dc000] [id=61699]
  0x00007fbba30ae800 GCTaskThread "GC Thread#5" [stack: 0x000000030f8df000,0x000000030f9df000] [id=61955]
  0x00007fbba381a800 ConcurrentGCThread "G1 Main Marker" [stack: 0x000000030de68000,0x000000030df68000] [id=14083]
  0x00007fbba381b800 ConcurrentGCThread "G1 Conc#0" [stack: 0x000000030df6b000,0x000000030e06b000] [id=15107]
  0x00007fbba3a43000 ConcurrentGCThread "G1 Conc#1" [stack: 0x000000030fae5000,0x000000030fbe5000] [id=90671]
  0x00007fbba38bc000 ConcurrentGCThread "G1 Refine#0" [stack: 0x000000030e06e000,0x000000030e16e000] [id=18435]
  0x00007fbba38bd000 ConcurrentGCThread "G1 Young RemSet Sampling" [stack: 0x000000030e171000,0x000000030e271000] [id=15619]

Threads with active compile tasks:

VM state:not at safepoint (normal execution)

VM Mutex/Monitor currently owned by a thread: None

Heap address: 0x0000000700000000, size: 4096 MB, Compressed Oops mode: Zero based, Oop shift amount: 3
Narrow klass base: 0x0000000800000000, Narrow klass shift: 0
Compressed class space size: 1073741824 Address: 0x0000000800000000

Heap:
 garbage-first heap   total 30720K, used 13485K [0x0000000700000000, 0x0000000800000000)
  region size 1024K, 6 young (6144K), 2 survivors (2048K)
 Metaspace       used 26420K, capacity 27257K, committed 27568K, reserved 1073152K
  class space    used 3352K, capacity 3722K, committed 3840K, reserved 1048576K
Heap Regions: E=young(eden), S=young(survivor), O=old, HS=humongous(starts), HC=humongous(continues), CS=collection set, F=free, OA=open archive, CA=closed archive, TAMS=top-at-mark-start (previous, next)
|   0|0x0000000700000000, 0x0000000700100000, 0x0000000700100000|100%| O|  |TAMS 0x0000000700014200, 0x0000000700000000| Untracked 
|   1|0x0000000700100000, 0x0000000700200000, 0x0000000700200000|100%| O|  |TAMS 0x0000000700100000, 0x0000000700100000| Untracked 
|   2|0x0000000700200000, 0x0000000700300000, 0x0000000700300000|100%| O|  |TAMS 0x0000000700200000, 0x0000000700200000| Untracked 
|   3|0x0000000700300000, 0x000000070035cc00, 0x0000000700400000| 36%| O|  |TAMS 0x0000000700300000, 0x0000000700300000| Untracked 
|   4|0x0000000700400000, 0x0000000700500000, 0x0000000700500000|100%|HS|  |TAMS 0x0000000700400000, 0x0000000700400000| Complete 
|   5|0x0000000700500000, 0x0000000700600000, 0x0000000700600000|100%|HC|  |TAMS 0x0000000700500000, 0x0000000700500000| Complete 
|   6|0x0000000700600000, 0x0000000700700000, 0x0000000700700000|100%| O|  |TAMS 0x0000000700600000, 0x0000000700600000| Untracked 
|   7|0x0000000700700000, 0x0000000700800000, 0x0000000700800000|100%| O|  |TAMS 0x0000000700700000, 0x0000000700700000| Untracked 
|   8|0x0000000700800000, 0x0000000700900000, 0x0000000700900000|100%| O|  |TAMS 0x0000000700800000, 0x0000000700800000| Untracked 
|   9|0x0000000700900000, 0x0000000700946e00, 0x0000000700a00000| 27%| O|  |TAMS 0x0000000700900000, 0x0000000700900000| Untracked 
|  10|0x0000000700a00000, 0x0000000700a87ce8, 0x0000000700b00000| 53%| S|CS|TAMS 0x0000000700a00000, 0x0000000700a00000| Complete 
|  11|0x0000000700b00000, 0x0000000700c00000, 0x0000000700c00000|100%| S|CS|TAMS 0x0000000700b00000, 0x0000000700b00000| Complete 
|  12|0x0000000700c00000, 0x0000000700c00000, 0x0000000700d00000|  0%| F|  |TAMS 0x0000000700c00000, 0x0000000700c00000| Untracked 
|  13|0x0000000700d00000, 0x0000000700d00000, 0x0000000700e00000|  0%| F|  |TAMS 0x0000000700d00000, 0x0000000700d00000| Untracked 
|  14|0x0000000700e00000, 0x0000000700e00000, 0x0000000700f00000|  0%| F|  |TAMS 0x0000000700e00000, 0x0000000700e00000| Untracked 
|  15|0x0000000700f00000, 0x0000000700f00000, 0x0000000701000000|  0%| F|  |TAMS 0x0000000700f00000, 0x0000000700f00000| Untracked 
|  16|0x0000000701000000, 0x0000000701000000, 0x0000000701100000|  0%| F|  |TAMS 0x0000000701000000, 0x0000000701000000| Untracked 
|  17|0x0000000701100000, 0x0000000701100000, 0x0000000701200000|  0%| F|  |TAMS 0x0000000701100000, 0x0000000701100000| Untracked 
|  18|0x0000000701200000, 0x0000000701200000, 0x0000000701300000|  0%| F|  |TAMS 0x0000000701200000, 0x0000000701200000| Untracked 
|  19|0x0000000701300000, 0x0000000701300000, 0x0000000701400000|  0%| F|  |TAMS 0x0000000701300000, 0x0000000701300000| Untracked 
|  20|0x0000000701400000, 0x0000000701400000, 0x0000000701500000|  0%| F|  |TAMS 0x0000000701400000, 0x0000000701400000| Untracked 
|  21|0x0000000701500000, 0x0000000701500000, 0x0000000701600000|  0%| F|  |TAMS 0x0000000701500000, 0x0000000701500000| Untracked 
|  22|0x0000000701600000, 0x0000000701600000, 0x0000000701700000|  0%| F|  |TAMS 0x0000000701600000, 0x0000000701600000| Untracked 
|  23|0x0000000701700000, 0x0000000701700000, 0x0000000701800000|  0%| F|  |TAMS 0x0000000701700000, 0x0000000701700000| Untracked 
|  24|0x0000000701800000, 0x0000000701800000, 0x0000000701900000|  0%| F|  |TAMS 0x0000000701800000, 0x0000000701800000| Untracked 
| 221|0x000000070dd00000, 0x000000070dd00000, 0x000000070de00000|  0%| F|  |TAMS 0x000000070dd00000, 0x000000070dd00000| Untracked 
| 222|0x000000070de00000, 0x000000070de81490, 0x000000070df00000| 50%| E|  |TAMS 0x000000070de00000, 0x000000070de00000| Complete 
| 223|0x000000070df00000, 0x000000070e000000, 0x000000070e000000|100%| E|CS|TAMS 0x000000070df00000, 0x000000070df00000| Complete 
| 224|0x000000070e000000, 0x000000070e100000, 0x000000070e100000|100%| E|CS|TAMS 0x000000070e000000, 0x000000070e000000| Complete 
| 255|0x000000070ff00000, 0x0000000710000000, 0x0000000710000000|100%| E|CS|TAMS 0x000000070ff00000, 0x000000070ff00000| Complete 

Card table byte_map: [0x0000000126d81000,0x0000000127581000] _byte_map_base: 0x0000000123581000

Marking Bits (Prev, Next): (CMBitMap*) 0x00007fbba380a258, (CMBitMap*) 0x00007fbba380a218
 Prev Bits: [0x000000012bd81000, 0x000000012fd81000)
 Next Bits: [0x0000000127d81000, 0x000000012bd81000)

Polling page: 0x0000000104d59000

Metaspace:

Usage:
  Non-class:     22.98 MB capacity,    22.53 MB ( 98%) used,   373.90 KB (  2%) free+waste,    93.75 KB ( <1%) overhead. 
      Class:      3.63 MB capacity,     3.27 MB ( 90%) used,   320.35 KB (  9%) free+waste,    49.00 KB (  1%) overhead. 
       Both:     26.62 MB capacity,    25.80 MB ( 97%) used,   694.25 KB (  3%) free+waste,   142.75 KB ( <1%) overhead. 

Virtual space:
  Non-class space:       24.00 MB reserved,      23.17 MB ( 97%) committed 
      Class space:        1.00 GB reserved,       3.75 MB ( <1%) committed 
             Both:        1.02 GB reserved,      26.92 MB (  3%) committed 

Chunk freelists:
   Non-Class:  113.00 KB
       Class:  22.00 KB
        Both:  135.00 KB

MaxMetaspaceSize: unlimited
CompressedClassSpaceSize: 1.00 GB

CodeHeap 'non-profiled nmethods': size=120028Kb used=1273Kb max_used=1273Kb free=118755Kb
 bounds [0x000000011f04a000, 0x000000011f2ba000, 0x0000000126581000]
CodeHeap 'profiled nmethods': size=120028Kb used=5393Kb max_used=5393Kb free=114634Kb
 bounds [0x0000000117b13000, 0x0000000118063000, 0x000000011f04a000]
CodeHeap 'non-nmethods': size=5704Kb used=1430Kb max_used=1457Kb free=4273Kb
 bounds [0x0000000117581000, 0x00000001177f1000, 0x0000000117b13000]
 total_blobs=3699 nmethods=2933 adapters=679
 compilation: enabled
              stopped_count=0, restarted_count=0
 full_count=0

Compilation events (20 events):
Event: 7.655 Thread 0x00007fbba4014000 nmethod 2924 0x0000000118053690 code [0x0000000118053840, 0x0000000118053c00]
Event: 7.658 Thread 0x00007fbba4013000 nmethod 2920 0x000000011f185090 code [0x000000011f185360, 0x000000011f185c48]
Event: 7.658 Thread 0x00007fbba4013000 2925       4       java.lang.Character::isJavaIdentifierStart (9 bytes)
Event: 7.658 Thread 0x00007fbba4013000 nmethod 2925 0x000000011f186290 code [0x000000011f186440, 0x000000011f186578]
Event: 7.663 Thread 0x00007fbba4013000 2926  s    4       java.io.BufferedInputStream::read (49 bytes)
Event: 7.664 Thread 0x00007fbba4013000 nmethod 2926 0x000000011f186690 code [0x000000011f186840, 0x000000011f186c88]
Event: 7.666 Thread 0x00007fbba4014000 2927 %     3       org.sqlite.SQLiteJDBCLoader::contentsEquals @ 37 (78 bytes)
Event: 7.666 Thread 0x00007fbba4014000 nmethod 2927% 0x0000000118053d90 code [0x0000000118053fc0, 0x0000000118054a90]
Event: 7.666 Thread 0x00007fbba4014000 2928       3       org.sqlite.SQLiteJDBCLoader::contentsEquals (78 bytes)
Event: 7.666 Thread 0x00007fbba4014000 nmethod 2928 0x0000000118054d90 code [0x0000000118054fc0, 0x0000000118055a10]
Event: 7.667 Thread 0x00007fbba4013000 2929 %     4       org.sqlite.SQLiteJDBCLoader::contentsEquals @ 37 (78 bytes)
Event: 7.672 Thread 0x00007fbba4013000 nmethod 2929% 0x000000011f186d90 code [0x000000011f186fa0, 0x000000011f187ad8]
Event: 7.678 Thread 0x00007fbba4014000 2930       3       java.io.BufferedInputStream::getInIfOpen (21 bytes)
Event: 7.678 Thread 0x00007fbba4014000 nmethod 2930 0x0000000118055c90 code [0x0000000118055e40, 0x0000000118056040]
Event: 7.678 Thread 0x00007fbba4014000 2931       3       java.io.BufferedInputStream::fill (203 bytes)
Event: 7.678 Thread 0x00007fbba4014000 nmethod 2931 0x0000000118056110 code [0x0000000118056380, 0x0000000118057120]
Event: 8.051 Thread 0x00007fbba4014000 2932       1       java.nio.Buffer::capacity (5 bytes)
Event: 8.051 Thread 0x00007fbba4014000 nmethod 2932 0x000000011f187e10 code [0x000000011f187fa0, 0x000000011f188050]
Event: 8.052 Thread 0x00007fbba4013000 2933       4       java.nio.Buffer::position (55 bytes)
Event: 8.053 Thread 0x00007fbba4013000 nmethod 2933 0x000000011f188110 code [0x000000011f1882a0, 0x000000011f188378]

GC Heap History (6 events):
Event: 0.962 GC heap before
{Heap before GC invocations=0 (full 0):
 garbage-first heap   total 262144K, used 22528K [0x0000000700000000, 0x0000000800000000)
  region size 1024K, 23 young (23552K), 0 survivors (0K)
 Metaspace       used 12356K, capacity 12648K, committed 12928K, reserved 1060864K
  class space    used 1281K, capacity 1369K, committed 1408K, reserved 1048576K
}
Event: 0.971 GC heap after
{Heap after GC invocations=1 (full 0):
 garbage-first heap   total 262144K, used 3152K [0x0000000700000000, 0x0000000800000000)
  region size 1024K, 3 young (3072K), 3 survivors (3072K)
 Metaspace       used 12356K, capacity 12648K, committed 12928K, reserved 1060864K
  class space    used 1281K, capacity 1369K, committed 1408K, reserved 1048576K
}
Event: 1.975 GC heap before
{Heap before GC invocations=1 (full 0):
 garbage-first heap   total 262144K, used 30800K [0x0000000700000000, 0x0000000800000000)
  region size 1024K, 31 young (31744K), 3 survivors (3072K)
 Metaspace       used 20620K, capacity 21210K, committed 21296K, reserved 1067008K
  class space    used 2673K, capacity 2913K, committed 2944K, reserved 1048576K
}
Event: 1.988 GC heap after
{Heap after GC invocations=2 (full 0):
 garbage-first heap   total 262144K, used 6868K [0x0000000700000000, 0x0000000800000000)
  region size 1024K, 4 young (4096K), 4 survivors (4096K)
 Metaspace       used 20620K, capacity 21210K, committed 21296K, reserved 1067008K
  class space    used 2673K, capacity 2913K, committed 2944K, reserved 1048576K
}
Event: 7.549 GC heap before
{Heap before GC invocations=3 (full 0):
 garbage-first heap   total 30720K, used 23252K [0x0000000700000000, 0x0000000800000000)
  region size 1024K, 18 young (18432K), 4 survivors (4096K)
 Metaspace       used 24471K, capacity 25298K, committed 25520K, reserved 1071104K
  class space    used 3154K, capacity 3513K, committed 3584K, reserved 1048576K
}
Event: 7.555 GC heap after
{Heap after GC invocations=4 (full 0):
 garbage-first heap   total 30720K, used 10413K [0x0000000700000000, 0x0000000800000000)
  region size 1024K, 2 young (2048K), 2 survivors (2048K)
 Metaspace       used 24471K, capacity 25298K, committed 25520K, reserved 1071104K
  class space    used 3154K, capacity 3513K, committed 3584K, reserved 1048576K
}

Deoptimization events (20 events):
Event: 7.671 Thread 0x00007fbba4143800 DEOPT PACKING pc=0x00000001180549ab sp=0x000000030dbd8790
Event: 7.671 Thread 0x00007fbba4143800 DEOPT UNPACKING pc=0x00000001175ca62b sp=0x000000030dbd7cb8 mode 0
Event: 7.671 Thread 0x00007fbba4143800 DEOPT PACKING pc=0x00000001180549ab sp=0x000000030dbd8790
Event: 7.671 Thread 0x00007fbba4143800 DEOPT UNPACKING pc=0x00000001175ca62b sp=0x000000030dbd7cb8 mode 0
Event: 7.671 Thread 0x00007fbba4143800 DEOPT PACKING pc=0x00000001180549ab sp=0x000000030dbd8790
Event: 7.671 Thread 0x00007fbba4143800 DEOPT UNPACKING pc=0x00000001175ca62b sp=0x000000030dbd7cb8 mode 0
Event: 7.672 Thread 0x00007fbba4143800 DEOPT PACKING pc=0x00000001180549ab sp=0x000000030dbd8790
Event: 7.672 Thread 0x00007fbba4143800 DEOPT UNPACKING pc=0x00000001175ca62b sp=0x000000030dbd7cb8 mode 0
Event: 7.672 Thread 0x00007fbba4143800 DEOPT PACKING pc=0x00000001180549ab sp=0x000000030dbd8790
Event: 7.672 Thread 0x00007fbba4143800 DEOPT UNPACKING pc=0x00000001175ca62b sp=0x000000030dbd7cb8 mode 0
Event: 7.672 Thread 0x00007fbba4143800 DEOPT PACKING pc=0x00000001180549ab sp=0x000000030dbd8790
Event: 7.672 Thread 0x00007fbba4143800 DEOPT UNPACKING pc=0x00000001175ca62b sp=0x000000030dbd7cb8 mode 0
Event: 7.672 Thread 0x00007fbba4143800 DEOPT PACKING pc=0x00000001180549ab sp=0x000000030dbd8790
Event: 7.672 Thread 0x00007fbba4143800 DEOPT UNPACKING pc=0x00000001175ca62b sp=0x000000030dbd7cb8 mode 0
Event: 7.673 Thread 0x00007fbba4143800 DEOPT PACKING pc=0x00000001180549ab sp=0x000000030dbd8790
Event: 7.673 Thread 0x00007fbba4143800 DEOPT UNPACKING pc=0x00000001175ca62b sp=0x000000030dbd7cb8 mode 0
Event: 7.680 Thread 0x00007fbba4143800 Uncommon trap: trap_request=0xffffff45 fr.pc=0x000000011f187740 relative=0x00000000000007a0
Event: 7.680 Thread 0x00007fbba4143800 Uncommon trap: reason=unstable_if action=reinterpret pc=0x000000011f187740 method=org.sqlite.SQLiteJDBCLoader.contentsEquals(Ljava/io/InputStream;Ljava/io/InputStream;)Z @ 39 c2
Event: 7.680 Thread 0x00007fbba4143800 DEOPT PACKING pc=0x000000011f187740 sp=0x000000030dbd87e0
Event: 7.680 Thread 0x00007fbba4143800 DEOPT UNPACKING pc=0x00000001175ca11f sp=0x000000030dbd87b8 mode 2

Classes unloaded (0 events):
No events

Classes redefined (0 events):
No events

Internal exceptions (20 events):
Event: 1.522 Thread 0x00007fbba4143800 Exception <a 'java/lang/NoSuchMethodError'{0x000000070ed11a08}: 'void java.lang.invoke.DirectMethodHandle$Holder.invokeSpecial(java.lang.Object, java.lang.Object, java.lang.Object, java.lang.Object, java.lang.Object, java.lang.Object)'> (0x000000070ed11a08) 
thrown [./open/src/hotspot/share/interpreter/linkResolver.cpp, line 766]
Event: 1.857 Thread 0x00007fbba4143800 Exception <a 'java/lang/NoSuchMethodError'{0x000000070ea9df40}: 'java.lang.Object java.lang.invoke.DirectMethodHandle$Holder.invokeInterface(java.lang.Object, java.lang.Object, java.lang.Object)'> (0x000000070ea9df40) 
thrown [./open/src/hotspot/share/interpreter/linkResolver.cpp, line 766]
Event: 1.859 Thread 0x00007fbba4143800 Exception <a 'java/lang/IncompatibleClassChangeError'{0x000000070eaa0dd0}: Found class java.lang.Object, but interface was expected> (0x000000070eaa0dd0) 
thrown [./open/src/hotspot/share/interpreter/linkResolver.cpp, line 832]
Event: 1.897 Thread 0x00007fbba4143800 Exception <a 'java/lang/ClassNotFoundException'{0x000000070e5901e0}: com/sun/javafx/scene/control/skin/resources/controls> (0x000000070e5901e0) 
thrown [./open/src/hotspot/share/prims/jni.cpp, line 620]
Event: 1.899 Thread 0x00007fbba4143800 Exception <a 'java/lang/ClassNotFoundException'{0x000000070e59dcc0}: com/sun/javafx/scene/control/skin/resources/controls_fr> (0x000000070e59dcc0) 
thrown [./open/src/hotspot/share/prims/jni.cpp, line 620]
Event: 1.903 Thread 0x00007fbba4143800 Exception <a 'java/lang/ClassNotFoundException'{0x000000070e5ab530}: com/sun/javafx/scene/control/skin/resources/controls_fr_FR> (0x000000070e5ab530) 
thrown [./open/src/hotspot/share/prims/jni.cpp, line 620]
Event: 1.941 Thread 0x00007fbba4143800 Implicit null exception at 0x000000011f0ced95 to 0x000000011f0cf174
Event: 1.941 Thread 0x00007fbba4143800 Implicit null exception at 0x000000011f06b058 to 0x000000011f06b0e6
Event: 1.945 Thread 0x00007fbba4143800 Implicit null exception at 0x000000011f0666cf to 0x000000011f0668b5
Event: 2.211 Thread 0x00007fbba3058000 Exception <a 'java/lang/NoSuchMethodError'{0x0000000701563898}: 'int java.lang.invoke.DirectMethodHandle$Holder.invokeStaticInit(java.lang.Object, java.lang.Object)'> (0x0000000701563898) 
thrown [./open/src/hotspot/share/interpreter/linkResolver.cpp, line 766]
Event: 2.268 Thread 0x00007fbba4143800 Exception <a 'java/lang/NoSuchMethodError'{0x00000007013d0f80}: 'long java.lang.invoke.DirectMethodHandle$Holder.invokeStatic(java.lang.Object, java.lang.Object, java.lang.Object)'> (0x00000007013d0f80) 
thrown [./open/src/hotspot/share/interpreter/linkResolver.cpp, line 766]
Event: 2.270 Thread 0x00007fbba4143800 Exception <a 'java/lang/NoSuchMethodError'{0x00000007013d3c28}: 'long java.lang.invoke.DirectMethodHandle$Holder.invokeStaticInit(java.lang.Object, java.lang.Object, java.lang.Object)'> (0x00000007013d3c28) 
thrown [./open/src/hotspot/share/interpreter/linkResolver.cpp, line 766]
Event: 2.277 Thread 0x00007fbba4143800 Exception <a 'java/lang/NoSuchMethodError'{0x00000007013e7ef8}: 'java.lang.Object java.lang.invoke.Invokers$Holder.linkToTargetMethod(java.lang.Object, long, java.lang.Object)'> (0x00000007013e7ef8) 
thrown [./open/src/hotspot/share/interpreter/linkResolver.cpp, line 766]
Event: 2.412 Thread 0x00007fbba4143800 Exception <a 'java/lang/NoSuchMethodError'{0x00000007010af6e8}: 'java.lang.Object java.lang.invoke.DirectMethodHandle$Holder.invokeStatic(java.lang.Object, java.lang.Object, long, int, int, int)'> (0x00000007010af6e8) 
thrown [./open/src/hotspot/share/interpreter/linkResolver.cpp, line 766]
Event: 2.414 Thread 0x00007fbba4143800 Exception <a 'java/lang/NoSuchMethodError'{0x00000007010c1b20}: 'java.lang.Object java.lang.invoke.DirectMethodHandle$Holder.invokeStatic(java.lang.Object, java.lang.Object, int, java.lang.Object, long, int, int, int, int)'> (0x00000007010c1b20) 
thrown [./open/src/hotspot/share/interpreter/linkResolver.cpp, line 766]
Event: 6.538 Thread 0x00007fbba4143800 Exception <a 'java/lang/NoSuchMethodError'{0x0000000700e86a60}: 'long java.lang.invoke.DirectMethodHandle$Holder.invokeStatic(java.lang.Object, java.lang.Object)'> (0x0000000700e86a60) 
thrown [./open/src/hotspot/share/interpreter/linkResolver.cpp, line 766]
Event: 6.621 Thread 0x00007fbba3058000 Exception <a 'java/lang/NoSuchMethodError'{0x00000007010383e0}: 'java.lang.Object java.lang.invoke.DirectMethodHandle$Holder.invokeStaticInit(java.lang.Object, int)'> (0x00000007010383e0) 
thrown [./open/src/hotspot/share/interpreter/linkResolver.cpp, line 766]
Event: 7.016 Thread 0x00007fbba4143800 Exception <a 'java/lang/NoSuchMethodError'{0x0000000700c0ca80}: 'java.lang.Object java.lang.invoke.DirectMethodHandle$Holder.invokeStatic(java.lang.Object, java.lang.Object, int, int, int, int, int, java.lang.Object)'> (0x0000000700c0ca80) 
thrown [./open/src/hotspot/share/interpreter/linkResolver.cpp, line 766]
Event: 7.017 Thread 0x00007fbba4143800 Exception <a 'java/lang/NoSuchMethodError'{0x0000000700c1bf90}: 'java.lang.Object java.lang.invoke.DirectMethodHandle$Holder.invokeStatic(java.lang.Object, java.lang.Object, java.lang.Object, int, int, int, int, int)'> (0x0000000700c1bf90) 
thrown [./open/src/hotspot/share/interpreter/linkResolver.cpp, line 766]
Event: 7.018 Thread 0x00007fbba4143800 Exception <a 'java/lang/NoSuchMethodError'{0x0000000700c21e08}: 'java.lang.Object java.lang.invoke.Invokers$Holder.linkToTargetMethod(java.lang.Object, java.lang.Object, int, int, int, int, int, java.lang.Object)'> (0x0000000700c21e08) 
thrown [./open/src/hotspot/share/interpreter/linkResolver.cpp, line 766]

Events (20 events):
Event: 8.066 Executing VM operation: HandshakeOneThread
Event: 8.066 Executing VM operation: HandshakeOneThread done
Event: 8.066 Executing VM operation: HandshakeOneThread
Event: 8.066 Executing VM operation: HandshakeOneThread done
Event: 8.066 Executing VM operation: HandshakeOneThread
Event: 8.066 Executing VM operation: HandshakeOneThread done
Event: 8.066 Executing VM operation: HandshakeOneThread
Event: 8.066 Executing VM operation: HandshakeOneThread done
Event: 8.066 Executing VM operation: HandshakeOneThread
Event: 8.066 Executing VM operation: HandshakeOneThread done
Event: 8.067 Executing VM operation: HandshakeOneThread
Event: 8.067 Executing VM operation: HandshakeOneThread done
Event: 8.067 Executing VM operation: HandshakeOneThread
Event: 8.067 Executing VM operation: HandshakeOneThread done
Event: 8.067 Executing VM operation: HandshakeOneThread
Event: 8.067 Executing VM operation: HandshakeOneThread done
Event: 8.069 Executing VM operation: HandshakeOneThread
Event: 8.069 Executing VM operation: HandshakeOneThread done
Event: 8.069 Executing VM operation: HandshakeOneThread
Event: 8.069 Executing VM operation: HandshakeOneThread done


Dynamic libraries:
0x00007ffdffca8000 	/Library/Apple/usr/libexec/oah/runtime
0x00007fff2a6c8000 	/usr/lib/libz.1.dylib
0x000000010cffd000 	/Users/florianleon/.p2/pool/plugins/org.eclipse.justj.openjdk.hotspot.jre.full.macosx.x86_64_14.0.2.v20200815-0932/jre/lib/libjli.dylib
0x00007fff35366000 	/System/Library/Frameworks/Cocoa.framework/Versions/A/Cocoa
0x00007fff22225000 	/System/Library/Frameworks/Security.framework/Versions/A/Security
0x00007fff33565000 	/System/Library/Frameworks/ApplicationServices.framework/Versions/A/ApplicationServices
0x00007fff2a794000 	/usr/lib/libSystem.B.dylib
0x00007fff2a78e000 	/usr/lib/system/libcache.dylib
0x00007fff2a74a000 	/usr/lib/system/libcommonCrypto.dylib
0x00007fff2a774000 	/usr/lib/system/libcompiler_rt.dylib
0x00007fff2a769000 	/usr/lib/system/libcopyfile.dylib
0x00007fff201c6000 	/usr/lib/system/libcorecrypto.dylib
0x00007fff20292000 	/usr/lib/system/libdispatch.dylib
0x00007fff20447000 	/usr/lib/system/libdyld.dylib
0x00007fff2a785000 	/usr/lib/system/libkeymgr.dylib
0x00007fff2dd23000 	/usr/lib/system/liblaunch.dylib
0x00007fff2a728000 	/usr/lib/system/libmacho.dylib
0x00007fff29f3e000 	/usr/lib/system/libquarantine.dylib
0x00007fff2a782000 	/usr/lib/system/libremovefile.dylib
0x00007fff24bba000 	/usr/lib/system/libsystem_asl.dylib
0x00007fff20176000 	/usr/lib/system/libsystem_blocks.dylib
0x00007fff20314000 	/usr/lib/system/libsystem_c.dylib
0x00007fff2a77c000 	/usr/lib/system/libsystem_collections.dylib
0x00007fff2932b000 	/usr/lib/system/libsystem_configuration.dylib
0x00007fff2861b000 	/usr/lib/system/libsystem_containermanager.dylib
0x00007fff2a4c0000 	/usr/lib/system/libsystem_coreservices.dylib
0x00007fff227d9000 	/usr/lib/system/libsystem_darwin.dylib
0x00007fff2a786000 	/usr/lib/system/libsystem_dnssd.dylib
0x00007fff20311000 	/usr/lib/system/libsystem_featureflags.dylib
0x00007fff2048c000 	/usr/lib/system/libsystem_info.dylib
0x00007fff2a6db000 	/usr/lib/system/libsystem_m.dylib
0x00007fff20265000 	/usr/lib/system/libsystem_malloc.dylib
0x00007fff24b4e000 	/usr/lib/system/libsystem_networkextension.dylib
0x00007fff22bf3000 	/usr/lib/system/libsystem_notify.dylib
0x00007fff301d0000 	/usr/lib/system/libsystem_product_info_filter.dylib
0x00007fff2932f000 	/usr/lib/system/libsystem_sandbox.dylib
0x00007fff2a77f000 	/usr/lib/system/libsystem_secinit.dylib
0x00007fff2040c000 	/usr/lib/system/libsystem_kernel.dylib
0x00007fff20482000 	/usr/lib/system/libsystem_platform.dylib
0x00007fff2043b000 	/usr/lib/system/libsystem_pthread.dylib
0x00007fff262e7000 	/usr/lib/system/libsystem_symptoms.dylib
0x00007fff201ae000 	/usr/lib/system/libsystem_trace.dylib
0x00007fff2a756000 	/usr/lib/system/libunwind.dylib
0x00007fff20178000 	/usr/lib/system/libxpc.dylib
0x00007fff203f3000 	/usr/lib/libc++abi.dylib
0x00007fff202d7000 	/usr/lib/libobjc.A.dylib
0x00007fff2a761000 	/usr/lib/liboah.dylib
0x00007fff2039d000 	/usr/lib/libc++.1.dylib
0x00007fff204b8000 	/System/Library/Frameworks/CoreFoundation.framework/Versions/A/CoreFoundation
0x00007fff2119a000 	/System/Library/Frameworks/Foundation.framework/Versions/C/Foundation
0x00007fff22c4b000 	/System/Library/Frameworks/AppKit.framework/Versions/C/AppKit
0x00007fff25b07000 	/System/Library/Frameworks/CoreData.framework/Versions/A/CoreData
0x00007fff239ae000 	/System/Library/PrivateFrameworks/UIFoundation.framework/Versions/A/UIFoundation
0x00007fff2ff49000 	/System/Library/PrivateFrameworks/RemoteViewServices.framework/Versions/A/RemoteViewServices
0x00007fff28ce5000 	/System/Library/PrivateFrameworks/XCTTargetBootstrap.framework/Versions/A/XCTTargetBootstrap
0x00007fff2ba31000 	/usr/lib/libspindump.dylib
0x00007fff23c02000 	/System/Library/Frameworks/UniformTypeIdentifiers.framework/Versions/A/UniformTypeIdentifiers
0x00007fff274bc000 	/usr/lib/libapp_launch_measurement.dylib
0x00007fff274bf000 	/System/Library/PrivateFrameworks/CoreAutoLayout.framework/Versions/A/CoreAutoLayout
0x00007fff28647000 	/System/Library/Frameworks/Metal.framework/Versions/A/Metal
0x00007fff2933a000 	/usr/lib/liblangid.dylib
0x00007fff28ce9000 	/System/Library/PrivateFrameworks/CoreSVG.framework/Versions/A/CoreSVG
0x00007fff24be9000 	/System/Library/PrivateFrameworks/SkyLight.framework/Versions/A/SkyLight
0x00007fff24f4f000 	/System/Library/Frameworks/CoreGraphics.framework/Versions/A/CoreGraphics
0x00007fff305a0000 	/System/Library/Frameworks/Accelerate.framework/Versions/A/Accelerate
0x00007fff2b46c000 	/System/Library/PrivateFrameworks/IconServices.framework/Versions/A/IconServices
0x00007fff2862c000 	/System/Library/Frameworks/IOSurface.framework/Versions/A/IOSurface
0x00007fff26499000 	/usr/lib/libDiagnosticMessagesClient.dylib
0x00007fff28cd1000 	/System/Library/PrivateFrameworks/DFRFoundation.framework/Versions/A/DFRFoundation
0x00007fff22577000 	/usr/lib/libicucore.A.dylib
0x00007fff2cf71000 	/System/Library/Frameworks/AudioToolbox.framework/Versions/A/AudioToolbox
0x00007fff2c217000 	/System/Library/PrivateFrameworks/DataDetectorsCore.framework/Versions/A/DataDetectorsCore
0x00007fff289d1000 	/System/Library/Frameworks/Carbon.framework/Versions/A/Frameworks/HIToolbox.framework/Versions/A/HIToolbox
0x00007fff26f14000 	/System/Library/Frameworks/QuartzCore.framework/Versions/A/QuartzCore
0x00007fff2ff85000 	/System/Library/Frameworks/Carbon.framework/Versions/A/Frameworks/SpeechRecognition.framework/Versions/A/SpeechRecognition
0x00007fff27224000 	/System/Library/PrivateFrameworks/CoreUI.framework/Versions/A/CoreUI
0x00007fff21b81000 	/System/Library/Frameworks/CoreAudio.framework/Versions/A/CoreAudio
0x00007fff26584000 	/System/Library/Frameworks/DiskArbitration.framework/Versions/A/DiskArbitration
0x00007fff2be2b000 	/System/Library/PrivateFrameworks/MultitouchSupport.framework/Versions/A/MultitouchSupport
0x00007fff2c20e000 	/System/Library/PrivateFrameworks/InternationalSupport.framework/Versions/A/InternationalSupport
0x00007fff24b5d000 	/usr/lib/libenergytrace.dylib
0x00007fff22b45000 	/System/Library/Frameworks/IOKit.framework/Versions/A/IOKit
0x00007fff302d2000 	/System/Library/Frameworks/CoreServices.framework/Versions/A/CoreServices
0x00007fff27452000 	/System/Library/PrivateFrameworks/PerformanceAnalysis.framework/Versions/A/PerformanceAnalysis
0x00007fff6cbdb000 	/System/Library/Frameworks/OpenGL.framework/Versions/A/OpenGL
0x00007fff2c293000 	/System/Library/PrivateFrameworks/UserActivity.framework/Versions/A/UserActivity
0x00007fff25609000 	/System/Library/Frameworks/ColorSync.framework/Versions/A/ColorSync
0x00007fff28f51000 	/System/Library/Frameworks/CoreImage.framework/Versions/A/CoreImage
0x00007fff21998000 	/System/Library/Frameworks/CoreText.framework/Versions/A/CoreText
0x00007fff28d13000 	/System/Library/Frameworks/ImageIO.framework/Versions/A/ImageIO
0x00007fff2a79a000 	/System/Library/PrivateFrameworks/SoftLinking.framework/Versions/A/SoftLinking
0x00007fff27508000 	/usr/lib/libxml2.2.dylib
0x00007fff2aa0c000 	/usr/lib/libcompression.dylib
0x00007fff24b5e000 	/usr/lib/libMobileGestalt.dylib
0x00007fff2c141000 	/System/Library/PrivateFrameworks/TextureIO.framework/Versions/A/TextureIO
0x00007fff2b0f9000 	/usr/lib/libate.dylib
0x00007fff2ae25000 	/usr/lib/liblzma.5.dylib
0x00007fff20eae000 	/System/Library/Frameworks/SystemConfiguration.framework/Versions/A/SystemConfiguration
0x00007fff2a796000 	/usr/lib/libfakelink.dylib
0x00007fff246b0000 	/System/Library/Frameworks/CFNetwork.framework/Versions/A/CFNetwork
0x00007fff2a8d6000 	/usr/lib/libarchive.2.dylib
0x00007fff20f2c000 	/usr/lib/libCRFSuite.dylib
0x00007fff29f65000 	/usr/lib/libbsm.0.dylib
0x00007fff2406c000 	/usr/lib/libnetwork.dylib
0x00007fff2a79b000 	/usr/lib/libpcap.A.dylib
0x00007fff262e0000 	/usr/lib/libdns_services.dylib
0x00007fff2ae3e000 	/usr/lib/libcoretls_cfhelpers.dylib
0x00007fff2a9da000 	/usr/lib/libapple_nghttp2.dylib
0x00007fff2a72e000 	/usr/lib/system/libkxld.dylib
0x00007fff25f4e000 	/usr/lib/libsqlite3.dylib
0x00007fff2a4a2000 	/System/Library/PrivateFrameworks/AppleFSCompression.framework/Versions/A/AppleFSCompression
0x00007fff29f4d000 	/usr/lib/libcoretls.dylib
0x00007fff2aa07000 	/usr/lib/libpam.2.dylib
0x00007fff2af3a000 	/usr/lib/libxar.1.dylib
0x00007fff29336000 	/System/Library/PrivateFrameworks/AppleSystemInfo.framework/Versions/A/AppleSystemInfo
0x00007fff29b90000 	/System/Library/PrivateFrameworks/IOMobileFramebuffer.framework/Versions/A/IOMobileFramebuffer
0x00007fff2a4b2000 	/usr/lib/libbz2.1.0.dylib
0x00007fff2a7d3000 	/usr/lib/libiconv.2.dylib
0x00007fff2a727000 	/usr/lib/libcharset.1.dylib
0x00007fff2748e000 	/System/Library/Frameworks/CoreServices.framework/Versions/A/Frameworks/FSEvents.framework/Versions/A/FSEvents
0x00007fff227e3000 	/System/Library/Frameworks/CoreServices.framework/Versions/A/Frameworks/CarbonCore.framework/Versions/A/CarbonCore
0x00007fff264e9000 	/System/Library/Frameworks/CoreServices.framework/Versions/A/Frameworks/Metadata.framework/Versions/A/Metadata
0x00007fff2a4c5000 	/System/Library/Frameworks/CoreServices.framework/Versions/A/Frameworks/OSServices.framework/Versions/A/OSServices
0x00007fff2a948000 	/System/Library/Frameworks/CoreServices.framework/Versions/A/Frameworks/SearchKit.framework/Versions/A/SearchKit
0x00007fff2626a000 	/System/Library/Frameworks/CoreServices.framework/Versions/A/Frameworks/AE.framework/Versions/A/AE
0x00007fff20954000 	/System/Library/Frameworks/CoreServices.framework/Versions/A/Frameworks/LaunchServices.framework/Versions/A/LaunchServices
0x00007fff2add6000 	/System/Library/Frameworks/CoreServices.framework/Versions/A/Frameworks/DictionaryServices.framework/Versions/A/DictionaryServices
0x00007fff27497000 	/System/Library/Frameworks/CoreServices.framework/Versions/A/Frameworks/SharedFileList.framework/Versions/A/SharedFileList
0x00007fff29f41000 	/usr/lib/libCheckFix.dylib
0x00007fff24bd1000 	/System/Library/PrivateFrameworks/TCC.framework/Versions/A/TCC
0x00007fff2933c000 	/System/Library/PrivateFrameworks/CoreNLP.framework/Versions/A/CoreNLP
0x00007fff2649c000 	/System/Library/PrivateFrameworks/MetadataUtilities.framework/Versions/A/MetadataUtilities
0x00007fff20f62000 	/usr/lib/libmecabra.dylib
0x00007fff2a255000 	/System/Library/Frameworks/MLCompute.framework/Versions/A/MLCompute
0x00007fff29f76000 	/usr/lib/libmecab.dylib
0x00007fff29fc0000 	/usr/lib/libgermantok.dylib
0x00007fff2a9b0000 	/usr/lib/libThaiTokenizer.dylib
0x00007fff2af75000 	/usr/lib/libChineseTokenizer.dylib
0x00007fff2aa05000 	/System/Library/Frameworks/MetalPerformanceShaders.framework/Versions/A/MetalPerformanceShaders
0x00007fff2658b000 	/System/Library/Frameworks/Accelerate.framework/Versions/A/Frameworks/vImage.framework/Versions/A/vImage
0x00007fff302ab000 	/System/Library/Frameworks/Accelerate.framework/Versions/A/Frameworks/vecLib.framework/Versions/A/vecLib
0x00007fff2af80000 	/System/Library/Frameworks/Accelerate.framework/Versions/A/Frameworks/vecLib.framework/Versions/A/libvMisc.dylib
0x00007fff299ec000 	/System/Library/Frameworks/Accelerate.framework/Versions/A/Frameworks/vecLib.framework/Versions/A/libvDSP.dylib
0x00007fff20c58000 	/System/Library/Frameworks/Accelerate.framework/Versions/A/Frameworks/vecLib.framework/Versions/A/libBLAS.dylib
0x00007fff2aa2b000 	/System/Library/Frameworks/Accelerate.framework/Versions/A/Frameworks/vecLib.framework/Versions/A/libLAPACK.dylib
0x00007fff29fc6000 	/System/Library/Frameworks/Accelerate.framework/Versions/A/Frameworks/vecLib.framework/Versions/A/libLinearAlgebra.dylib
0x00007fff2a9f2000 	/System/Library/Frameworks/Accelerate.framework/Versions/A/Frameworks/vecLib.framework/Versions/A/libSparseBLAS.dylib
0x00007fff2aa25000 	/System/Library/Frameworks/Accelerate.framework/Versions/A/Frameworks/vecLib.framework/Versions/A/libQuadrature.dylib
0x00007fff293e4000 	/System/Library/Frameworks/Accelerate.framework/Versions/A/Frameworks/vecLib.framework/Versions/A/libBNNS.dylib
0x00007fff20e3f000 	/System/Library/Frameworks/Accelerate.framework/Versions/A/Frameworks/vecLib.framework/Versions/A/libSparse.dylib
0x00007fff292cf000 	/System/Library/Frameworks/MetalPerformanceShaders.framework/Versions/A/Frameworks/MPSCore.framework/Versions/A/MPSCore
0x00007fff2a411000 	/System/Library/Frameworks/MetalPerformanceShaders.framework/Versions/A/Frameworks/MPSImage.framework/Versions/A/MPSImage
0x00007fff29fdd000 	/System/Library/Frameworks/MetalPerformanceShaders.framework/Versions/A/Frameworks/MPSNeuralNetwork.framework/Versions/A/MPSNeuralNetwork
0x00007fff2a39c000 	/System/Library/Frameworks/MetalPerformanceShaders.framework/Versions/A/Frameworks/MPSMatrix.framework/Versions/A/MPSMatrix
0x00007fff2a205000 	/System/Library/Frameworks/MetalPerformanceShaders.framework/Versions/A/Frameworks/MPSRayIntersector.framework/Versions/A/MPSRayIntersector
0x00007fff2a3d3000 	/System/Library/Frameworks/MetalPerformanceShaders.framework/Versions/A/Frameworks/MPSNDArray.framework/Versions/A/MPSNDArray
0x00007fff20b84000 	/System/Library/PrivateFrameworks/MetalTools.framework/Versions/A/MetalTools
0x00007fff29334000 	/System/Library/PrivateFrameworks/AggregateDictionary.framework/Versions/A/AggregateDictionary
0x00007fff26474000 	/System/Library/PrivateFrameworks/CoreAnalytics.framework/Versions/A/CoreAnalytics
0x00007fff2a9b2000 	/System/Library/PrivateFrameworks/AppleSauce.framework/Versions/A/AppleSauce
0x00007fff2863e000 	/System/Library/PrivateFrameworks/IOAccelerator.framework/Versions/A/IOAccelerator
0x00007fff6cbcf000 	/System/Library/Frameworks/OpenGL.framework/Versions/A/Libraries/libCoreFSCache.dylib
0x00007fff214fe000 	/System/Library/PrivateFrameworks/LanguageModeling.framework/Versions/A/LanguageModeling
0x00007fff29b7d000 	/System/Library/PrivateFrameworks/CoreEmoji.framework/Versions/A/CoreEmoji
0x00007fff293dd000 	/System/Library/PrivateFrameworks/LinguisticData.framework/Versions/A/LinguisticData
0x00007fff20df1000 	/System/Library/PrivateFrameworks/Lexicon.framework/Versions/A/Lexicon
0x00007fff2a8c4000 	/usr/lib/libcmph.dylib
0x00007fff2746e000 	/System/Library/Frameworks/OpenDirectory.framework/Versions/A/Frameworks/CFOpenDirectory.framework/Versions/A/CFOpenDirectory
0x00007fff2745e000 	/System/Library/Frameworks/OpenDirectory.framework/Versions/A/OpenDirectory
0x00007fff2ae40000 	/System/Library/PrivateFrameworks/APFS.framework/Versions/A/APFS
0x00007fff29ea2000 	/System/Library/Frameworks/SecurityFoundation.framework/Versions/A/SecurityFoundation
0x00007fff2af48000 	/usr/lib/libutil.dylib
0x00007fff22b0a000 	/System/Library/PrivateFrameworks/CoreServicesStore.framework/Versions/A/CoreServicesStore
0x00007fff29f39000 	/System/Library/Frameworks/ServiceManagement.framework/Versions/A/ServiceManagement
0x00007fff2af4c000 	/usr/lib/libxslt.1.dylib
0x00007fff29f2f000 	/System/Library/PrivateFrameworks/BackgroundTaskManagement.framework/Versions/A/BackgroundTaskManagement
0x00007fff2c08c000 	/System/Library/Frameworks/ImageIO.framework/Versions/A/Resources/libRadiance.dylib
0x00007fff2c095000 	/System/Library/Frameworks/ImageIO.framework/Versions/A/Resources/libJPEG.dylib
0x00007fff2bfe5000 	/System/Library/Frameworks/ImageIO.framework/Versions/A/Resources/libPng.dylib
0x00007fff2c00c000 	/System/Library/Frameworks/ImageIO.framework/Versions/A/Resources/libTIFF.dylib
0x00007fff2c0ea000 	/System/Library/Frameworks/ImageIO.framework/Versions/A/Resources/libGIF.dylib
0x00007fff2bd49000 	/System/Library/Frameworks/ImageIO.framework/Versions/A/Resources/libJP2.dylib
0x00007fff2b433000 	/usr/lib/libexpat.1.dylib
0x00007fff2bcfe000 	/System/Library/PrivateFrameworks/AppleJPEG.framework/Versions/A/AppleJPEG
0x00007fff28874000 	/System/Library/PrivateFrameworks/FontServices.framework/libFontParser.dylib
0x00007fff2621e000 	/System/Library/PrivateFrameworks/RunningBoardServices.framework/Versions/A/RunningBoardServices
0x00007fff2be27000 	/System/Library/PrivateFrameworks/WatchdogClient.framework/Versions/A/WatchdogClient
0x00007fff215eb000 	/System/Library/Frameworks/CoreDisplay.framework/Versions/A/CoreDisplay
0x00007fff2878a000 	/System/Library/Frameworks/CoreMedia.framework/Versions/A/CoreMedia
0x00007fff275eb000 	/System/Library/Frameworks/CoreVideo.framework/Versions/A/CoreVideo
0x00007fff2be5f000 	/System/Library/Frameworks/VideoToolbox.framework/Versions/A/VideoToolbox
0x00007fff2619c000 	/System/Library/PrivateFrameworks/BaseBoard.framework/Versions/A/BaseBoard
0x00007fff2b578000 	/System/Library/PrivateFrameworks/PersistentConnection.framework/Versions/A/PersistentConnection
0x00007fff25f37000 	/System/Library/PrivateFrameworks/ProtocolBuffer.framework/Versions/A/ProtocolBuffer
0x00007fff26183000 	/System/Library/PrivateFrameworks/CommonUtilities.framework/Versions/A/CommonUtilities
0x00007fff2bc93000 	/System/Library/PrivateFrameworks/Bom.framework/Versions/A/Bom
0x00007fff2c085000 	/System/Library/PrivateFrameworks/GPUWrangler.framework/Versions/A/GPUWrangler
0x00007fff2c06a000 	/System/Library/PrivateFrameworks/IOPresentment.framework/Versions/A/IOPresentment
0x00007fff2c08f000 	/System/Library/PrivateFrameworks/DSExternalDisplay.framework/Versions/A/DSExternalDisplay
0x00007fff2c0ef000 	/System/Library/PrivateFrameworks/CMCaptureCore.framework/Versions/A/CMCaptureCore
0x00007fff2ba18000 	/System/Library/PrivateFrameworks/AppServerSupport.framework/Versions/A/AppServerSupport
0x00007fff2dac2000 	/System/Library/PrivateFrameworks/perfdata.framework/Versions/A/perfdata
0x00007fff29e91000 	/System/Library/PrivateFrameworks/AssertionServices.framework/Versions/A/AssertionServices
0x00007fff21722000 	/System/Library/PrivateFrameworks/AudioToolboxCore.framework/Versions/A/AudioToolboxCore
0x00007fff2876d000 	/System/Library/PrivateFrameworks/caulk.framework/Versions/A/caulk
0x00007fff3d74f000 	/System/Library/PrivateFrameworks/SystemPolicy.framework/Versions/A/SystemPolicy
0x00007fff2b228000 	/usr/lib/libIOReport.dylib
0x00007fff2d2e4000 	/usr/lib/libSMC.dylib
0x00007fff2bfb2000 	/usr/lib/libAudioToolboxUtility.dylib
0x00007fff3e0b9000 	/usr/lib/libmis.dylib
0x00007fff6cc2b000 	/System/Library/Frameworks/OpenGL.framework/Versions/A/Libraries/libGLU.dylib
0x00007fff6cbee000 	/System/Library/Frameworks/OpenGL.framework/Versions/A/Libraries/libGFXShared.dylib
0x00007fff6cdfd000 	/System/Library/Frameworks/OpenGL.framework/Versions/A/Libraries/libGL.dylib
0x00007fff6cbf7000 	/System/Library/Frameworks/OpenGL.framework/Versions/A/Libraries/libGLImage.dylib
0x00007fff6cbeb000 	/System/Library/Frameworks/OpenGL.framework/Versions/A/Libraries/libCVMSPluginSupport.dylib
0x00007fff6cbd6000 	/System/Library/Frameworks/OpenGL.framework/Versions/A/Libraries/libCoreVMClient.dylib
0x00007fff6e23e000 	/System/Library/Frameworks/OpenCL.framework/Versions/A/OpenCL
0x00007fff2b5a2000 	/System/Library/PrivateFrameworks/GraphVisualizer.framework/Versions/A/GraphVisualizer
0x00007fff2b5b1000 	/System/Library/PrivateFrameworks/FaceCore.framework/Versions/A/FaceCore
0x00007fff2b9cd000 	/System/Library/PrivateFrameworks/OTSVG.framework/Versions/A/OTSVG
0x00007fff271e2000 	/System/Library/Frameworks/ApplicationServices.framework/Versions/A/Frameworks/ATS.framework/Versions/A/Resources/libFontRegistry.dylib
0x00007fff2ba1f000 	/System/Library/PrivateFrameworks/FontServices.framework/libhvf.dylib
0x00007fff2b3df000 	/System/Library/PrivateFrameworks/AppleVA.framework/Versions/A/AppleVA
0x00007fff2d12d000 	/System/Library/Frameworks/ApplicationServices.framework/Versions/A/Frameworks/ATS.framework/Versions/A/ATS
0x00007fff2d43f000 	/System/Library/Frameworks/ApplicationServices.framework/Versions/A/Frameworks/ColorSyncLegacy.framework/Versions/A/ColorSyncLegacy
0x00007fff25700000 	/System/Library/Frameworks/ApplicationServices.framework/Versions/A/Frameworks/HIServices.framework/Versions/A/HIServices
0x00007fff2d424000 	/System/Library/Frameworks/ApplicationServices.framework/Versions/A/Frameworks/LangAnalysis.framework/Versions/A/LangAnalysis
0x00007fff2c0f9000 	/System/Library/Frameworks/ApplicationServices.framework/Versions/A/Frameworks/PrintCore.framework/Versions/A/PrintCore
0x00007fff2d447000 	/System/Library/Frameworks/ApplicationServices.framework/Versions/A/Frameworks/QD.framework/Versions/A/QD
0x00007fff2d11d000 	/System/Library/Frameworks/ApplicationServices.framework/Versions/A/Frameworks/SpeechSynthesis.framework/Versions/A/SpeechSynthesis
0x00007fff2c0ba000 	/System/Library/Frameworks/ApplicationServices.framework/Versions/A/Frameworks/ATSUI.framework/Versions/A/ATSUI
0x00007fff2d3c4000 	/usr/lib/libcups.2.dylib
0x00007fff2d434000 	/System/Library/PrivateFrameworks/NetAuth.framework/Versions/A/NetAuth
0x00007fff2dade000 	/System/Library/Frameworks/Kerberos.framework/Versions/A/Kerberos
0x00007fff2daee000 	/System/Library/Frameworks/GSS.framework/Versions/A/GSS
0x00007fff2d199000 	/usr/lib/libresolv.9.dylib
0x00007fff2ba34000 	/System/Library/PrivateFrameworks/Heimdal.framework/Versions/A/Heimdal
0x00007fff33865000 	/System/Library/Frameworks/Kerberos.framework/Versions/A/Libraries/libHeimdalProxy.dylib
0x00007fff262ef000 	/System/Library/Frameworks/Network.framework/Versions/A/Network
0x00007fff2b44d000 	/usr/lib/libheimdal-asn1.dylib
0x00007fff2db3e000 	/System/Library/PrivateFrameworks/CommonAuth.framework/Versions/A/CommonAuth
0x00007fff27638000 	/System/Library/PrivateFrameworks/login.framework/Versions/A/Frameworks/loginsupport.framework/Versions/A/loginsupport
0x00007fff2d0a2000 	/System/Library/PrivateFrameworks/AudioSession.framework/Versions/A/AudioSession
0x00007fff2d10a000 	/usr/lib/libAudioStatistics.dylib
0x00007fff2b4da000 	/System/Library/PrivateFrameworks/MediaExperience.framework/Versions/A/MediaExperience
0x00007fff2cf3f000 	/System/Library/PrivateFrameworks/AudioSession.framework/libSessionUtility.dylib
0x00007fff2dacf000 	/usr/lib/libperfcheck.dylib
0x00007fff2d453000 	/System/Library/PrivateFrameworks/AudioResourceArbitration.framework/Versions/A/AudioResourceArbitration
0x00007fff2b457000 	/System/Library/PrivateFrameworks/IconFoundation.framework/Versions/A/IconFoundation
0x00007fff2ff75000 	/System/Library/PrivateFrameworks/SpeechRecognitionCore.framework/Versions/A/SpeechRecognitionCore
0x0000000111800000 	/Users/florianleon/.p2/pool/plugins/org.eclipse.justj.openjdk.hotspot.jre.full.macosx.x86_64_14.0.2.v20200815-0932/jre/lib/server/libjvm.dylib
0x000000010d087000 	/Users/florianleon/.p2/pool/plugins/org.eclipse.justj.openjdk.hotspot.jre.full.macosx.x86_64_14.0.2.v20200815-0932/jre/lib/libjimage.dylib
0x000000010d0e7000 	/Users/florianleon/.p2/pool/plugins/org.eclipse.justj.openjdk.hotspot.jre.full.macosx.x86_64_14.0.2.v20200815-0932/jre/lib/libjava.dylib
0x000000010d143000 	/Users/florianleon/.p2/pool/plugins/org.eclipse.justj.openjdk.hotspot.jre.full.macosx.x86_64_14.0.2.v20200815-0932/jre/lib/libzip.dylib
0x000000010d56d000 	/Users/florianleon/.p2/pool/plugins/org.eclipse.justj.openjdk.hotspot.jre.full.macosx.x86_64_14.0.2.v20200815-0932/jre/lib/libnio.dylib
0x000000010d59a000 	/Users/florianleon/.p2/pool/plugins/org.eclipse.justj.openjdk.hotspot.jre.full.macosx.x86_64_14.0.2.v20200815-0932/jre/lib/libnet.dylib
0x0000000134262000 	/Users/florianleon/javafx-sdk-11.0.2/lib/libprism_es2.dylib
0x00007fff22acb000 	/System/Library/PrivateFrameworks/CoreServicesInternal.framework/Versions/A/CoreServicesInternal
0x00007fff6ce08000 	/System/Library/Frameworks/OpenGL.framework/Versions/A/Resources/GLEngine.bundle/GLEngine
0x00007fff6cc68000 	/System/Library/Frameworks/OpenGL.framework/Versions/A/Libraries/libGLProgrammability.dylib
0x0000000134350000 	/System/Library/Extensions/AppleMetalOpenGLRenderer.bundle/Contents/MacOS/AppleMetalOpenGLRenderer
0x00007fff6cf84000 	/System/Library/Frameworks/OpenGL.framework/Versions/A/Resources/GLRendererFloat.bundle/GLRendererFloat
0x00000001344a6000 	/System/Library/Extensions/AGXMetal13_3.bundle/Contents/MacOS/AGXMetal13_3
0x00007fff38b23000 	/System/Library/PrivateFrameworks/IOGPU.framework/Versions/A/IOGPU
0x00007fff6a761000 	/System/Library/PrivateFrameworks/GPUCompiler.framework/Versions/31001/Libraries/libmetal_timestamp.dylib
0x0000000135a93000 	/Users/florianleon/javafx-sdk-11.0.2/lib/libglass.dylib
0x00007fff3145b000 	/System/Library/Frameworks/FileProvider.framework/Versions/A/FileProvider
0x00007fff26106000 	/System/Library/Frameworks/Accounts.framework/Versions/A/Accounts
0x00007fff3157c000 	/System/Library/PrivateFrameworks/GenerationalStorage.framework/Versions/A/GenerationalStorage
0x00007fff31f3b000 	/System/Library/PrivateFrameworks/CoreSymbolication.framework/Versions/A/CoreSymbolication
0x00007fff30e7a000 	/System/Library/PrivateFrameworks/SymptomDiagnosticReporter.framework/Versions/A/SymptomDiagnosticReporter
0x00007fff2e787000 	/System/Library/PrivateFrameworks/AppContainer.framework/Versions/A/AppContainer
0x00007fff23c15000 	/System/Library/PrivateFrameworks/DesktopServicesPriv.framework/Versions/A/DesktopServicesPriv
0x00007fff22bff000 	/usr/lib/libsandbox.1.dylib
0x00007fff27664000 	/System/Library/PrivateFrameworks/UserManagement.framework/Versions/A/UserManagement
0x00007fff29e6e000 	/System/Library/PrivateFrameworks/MobileKeyBag.framework/Versions/A/MobileKeyBag
0x00007fff348ce000 	/System/Library/PrivateFrameworks/ChunkingLibrary.framework/Versions/A/ChunkingLibrary
0x00007fff31efe000 	/System/Library/PrivateFrameworks/DebugSymbols.framework/Versions/A/DebugSymbols
0x00007fff2e79c000 	/System/Library/PrivateFrameworks/SecCodeWrapper.framework/Versions/A/SecCodeWrapper
0x00007fff2b230000 	/System/Library/PrivateFrameworks/CrashReporterSupport.framework/Versions/A/CrashReporterSupport
0x00007fff48630000 	/System/Library/PrivateFrameworks/OSAnalytics.framework/Versions/A/OSAnalytics
0x00007fff783cf000 	/usr/lib/libRosetta.dylib
0x00007fff332b1000 	/System/Library/PrivateFrameworks/RemoteServiceDiscovery.framework/Versions/A/RemoteServiceDiscovery
0x00007fff525ee000 	/System/Library/PrivateFrameworks/Symbolication.framework/Versions/A/Symbolication
0x00007fff332c1000 	/System/Library/PrivateFrameworks/RemoteXPC.framework/Versions/A/RemoteXPC
0x00007fff397be000 	/System/Library/PrivateFrameworks/OSAServicesClient.framework/Versions/A/OSAServicesClient
0x00007fff3e098000 	/System/Library/PrivateFrameworks/MallocStackLogging.framework/Versions/A/MallocStackLogging
0x00007fff2e51e000 	/System/Library/PrivateFrameworks/Sharing.framework/Versions/A/Sharing
0x00007fff32e8e000 	/System/Library/PrivateFrameworks/Apple80211.framework/Versions/A/Apple80211
0x00007fff2a4f3000 	/System/Library/PrivateFrameworks/AuthKit.framework/Versions/A/AuthKit
0x00007fff29c6e000 	/System/Library/PrivateFrameworks/CoreUtils.framework/Versions/A/CoreUtils
0x00007fff29b9b000 	/System/Library/Frameworks/CoreWLAN.framework/Versions/A/CoreWLAN
0x00007fff2e666000 	/System/Library/Frameworks/IOBluetooth.framework/Versions/A/IOBluetooth
0x00007fff32ef2000 	/System/Library/PrivateFrameworks/CoreWiFi.framework/Versions/A/CoreWiFi
0x00007fff2dbc6000 	/System/Library/PrivateFrameworks/CorePhoneNumbers.framework/Versions/A/CorePhoneNumbers
0x00007fff30f82000 	/System/Library/PrivateFrameworks/DiskManagement.framework/Versions/A/DiskManagement
0x00007fff30e98000 	/System/Library/PrivateFrameworks/AppleIDAuthSupport.framework/Versions/A/AppleIDAuthSupport
0x00007fff2dba3000 	/System/Library/PrivateFrameworks/KeychainCircle.framework/Versions/A/KeychainCircle
0x00007fff30f4e000 	/System/Library/PrivateFrameworks/MediaKit.framework/Versions/A/MediaKit
0x00007fff30ea5000 	/System/Library/Frameworks/DiscRecording.framework/Versions/A/DiscRecording
0x00007fff2b353000 	/usr/lib/libCoreStorage.dylib
0x00007fff3332c000 	/usr/lib/libcsfde.dylib
0x00007fff2e7a0000 	/System/Library/PrivateFrameworks/ProtectedCloudStorage.framework/Versions/A/ProtectedCloudStorage
0x00007fff33324000 	/System/Library/PrivateFrameworks/EFILogin.framework/Versions/A/EFILogin
0x00007fff33918000 	/System/Library/Frameworks/AudioUnit.framework/Versions/A/AudioUnit
0x00007fff30e17000 	/System/Library/Frameworks/CoreBluetooth.framework/Versions/A/CoreBluetooth
0x00007fff2b34b000 	/usr/lib/libMatch.1.dylib
0x00000001370a4000 	/usr/lib/libobjc-trampolines.dylib
0x00007fff41cbf000 	/System/Library/Frameworks/Accelerate.framework/Versions/A/Frameworks/vImage.framework/Versions/A/Libraries/libCGInterfaces.dylib
0x00007fff27366000 	/System/Library/PrivateFrameworks/ViewBridge.framework/Versions/A/ViewBridge
0x00007fff2baf5000 	/System/Library/PrivateFrameworks/login.framework/Versions/A/login
0x000000013a510000 	/Users/florianleon/javafx-sdk-11.0.2/lib/libjavafx_font.dylib
0x00007fff7049e000 	/System/Library/PrivateFrameworks/AccessibilityBundles.framework/Versions/A/AccessibilityBundles
0x00007fff3061e000 	/System/Library/PrivateFrameworks/SystemAdministration.framework/Versions/A/SystemAdministration
0x00007fff2c2f2000 	/System/Library/Frameworks/MediaToolbox.framework/Versions/A/MediaToolbox
0x00007fff2ff3d000 	/System/Library/Frameworks/DirectoryService.framework/Versions/A/DirectoryService
0x00007fff331ca000 	/System/Library/PrivateFrameworks/DiskImages.framework/Versions/A/DiskImages
0x00007fff3339e000 	/System/Library/PrivateFrameworks/LoginUIKit.framework/Versions/A/Frameworks/LoginUICore.framework/Versions/A/LoginUICore
0x00007fff2bc8f000 	/usr/lib/libodfde.dylib
0x00007fff3142d000 	/System/Library/PrivateFrameworks/CoreAVCHD.framework/Versions/A/CoreAVCHD
0x00007fff305e1000 	/System/Library/Frameworks/MediaAccessibility.framework/Versions/A/MediaAccessibility
0x00007fff31429000 	/System/Library/PrivateFrameworks/Mangrove.framework/Versions/A/Mangrove
0x00007fff305ed000 	/System/Library/PrivateFrameworks/AlgosScoreFramework.framework/Versions/A/AlgosScoreFramework
0x00007fff31dee000 	/System/Library/PrivateFrameworks/AppleVPA.framework/Versions/A/AppleVPA
0x00007fff3106e000 	/System/Library/PrivateFrameworks/CoreAUC.framework/Versions/A/CoreAUC
0x00007fff33338000 	/usr/lib/libcurl.4.dylib
0x00007fff33098000 	/usr/lib/libcrypto.44.dylib
0x00007fff3319c000 	/usr/lib/libssl.46.dylib
0x00007fff3305e000 	/System/Library/Frameworks/LDAP.framework/Versions/A/LDAP
0x00007fff33096000 	/System/Library/PrivateFrameworks/TrustEvaluationAgent.framework/Versions/A/TrustEvaluationAgent
0x00007fff2d1b2000 	/usr/lib/libsasl2.2.dylib
0x00007fff30612000 	/System/Library/PrivateFrameworks/CoreDaemon.framework/Versions/B/CoreDaemon
0x00007fff3060d000 	/System/Library/PrivateFrameworks/AppleSRP.framework/Versions/A/AppleSRP
0x0000000143924000 	/private/var/folders/ng/ytwhvpfj1f7gn5vgqg8ngqsc0000gn/T/sqlite-3.27.2.1-792bd271-c254-481c-8241-e64fac872fd0-libsqlitejdbc.jnilib
0x0000000138287000 	/Users/florianleon/.p2/pool/plugins/org.eclipse.justj.openjdk.hotspot.jre.full.macosx.x86_64_14.0.2.v20200815-0932/jre/lib/libextnet.dylib


VM Arguments:
jvm_args: --module-path=/Users/florianleon/javafx-sdk-11.0.2/lib --add-modules=javafx.controls,javafx.fxml -Dfile.encoding=UTF-8 --module-path=/Users/florianleon/Desktop/ProjetJava/POO/ChatSystem GUI/SQLiteDatabases/sqlite-jdbc-3.27.2.1.jar:/Users/florianleon/javafx-sdk-11.0.2/lib/javafx-swt.jar:/Users/florianleon/javafx-sdk-11.0.2/lib/javafx.base.jar:/Users/florianleon/javafx-sdk-11.0.2/lib/javafx.controls.jar:/Users/florianleon/javafx-sdk-11.0.2/lib/javafx.fxml.jar:/Users/florianleon/javafx-sdk-11.0.2/lib/javafx.graphics.jar:/Users/florianleon/javafx-sdk-11.0.2/lib/javafx.media.jar:/Users/florianleon/javafx-sdk-11.0.2/lib/javafx.swing.jar:/Users/florianleon/javafx-sdk-11.0.2/lib/javafx.web.jar:/Users/florianleon/Desktop/ProjetJava/POO/ChatSystem GUI/HTMLscrapper/jsoup-1.13.1.jar:/Users/florianleon/Desktop/ProjetJava/POO/ChatSystem GUI/Jar Files/tyrus-standalone-client-1.9.jar -XX:+ShowCodeDetailsInExceptionMessages 
java_command: chatSytem.Main
java_class_path (initial): /Users/florianleon/Desktop/ProjetJava/POO/ChatSystem GUI/bin:/Users/florianleon/.p2/pool/plugins/org.junit.jupiter.api_5.6.0.v20200203-2009.jar:/Users/florianleon/.p2/pool/plugins/org.junit.jupiter.engine_5.6.0.v20200203-2009.jar:/Users/florianleon/.p2/pool/plugins/org.junit.jupiter.migrationsupport_5.6.0.v20200203-2009.jar:/Users/florianleon/.p2/pool/plugins/org.junit.jupiter.params_5.6.0.v20200203-2009.jar:/Users/florianleon/.p2/pool/plugins/org.junit.platform.commons_1.6.0.v20200203-2009.jar:/Users/florianleon/.p2/pool/plugins/org.junit.platform.engine_1.6.0.v20200203-2009.jar:/Users/florianleon/.p2/pool/plugins/org.junit.platform.launcher_1.6.0.v20200203-2009.jar:/Users/florianleon/.p2/pool/plugins/org.junit.platform.runner_1.6.0.v20200203-2009.jar:/Users/florianleon/.p2/pool/plugins/org.junit.platform.suite.api_1.6.0.v20200203-2009.jar:/Users/florianleon/.p2/pool/plugins/org.junit.vintage.engine_5.6.0.v20200203-2009.jar:/Users/florianleon/.p2/pool/plugins/org.opentest4j_1.2.0.v20190826-0900.jar:/Users/florianleon/.p2/pool/plugins/org.apiguardian_1.1.0.v20190826-0900.jar:/Users/florianleon/.p2/pool/plugins/org.junit_4.13.0.v20200204-1500.jar:/Users/florianleon/.p2/pool/plugins/org.hamcrest.core_1.3.0.v20180420-1519.jar
Launcher Type: SUN_STANDARD

[Global flags]
     intx CICompilerCount                          = 4                                         {product} {ergonomic}
     uint ConcGCThreads                            = 2                                         {product} {ergonomic}
     uint G1ConcRefinementThreads                  = 8                                         {product} {ergonomic}
   size_t G1HeapRegionSize                         = 1048576                                   {product} {ergonomic}
    uintx GCDrainStackTargetSize                   = 64                                        {product} {ergonomic}
   size_t InitialHeapSize                          = 268435456                                 {product} {ergonomic}
   size_t MarkStackSize                            = 4194304                                   {product} {ergonomic}
   size_t MaxHeapSize                              = 4294967296                                {product} {ergonomic}
   size_t MaxNewSize                               = 2576351232                                {product} {ergonomic}
   size_t MinHeapDeltaBytes                        = 1048576                                   {product} {ergonomic}
   size_t MinHeapSize                              = 8388608                                   {product} {ergonomic}
    uintx NonNMethodCodeHeapSize                   = 5839372                                {pd product} {ergonomic}
    uintx NonProfiledCodeHeapSize                  = 122909434                              {pd product} {ergonomic}
    uintx ProfiledCodeHeapSize                     = 122909434                              {pd product} {ergonomic}
    uintx ReservedCodeCacheSize                    = 251658240                              {pd product} {ergonomic}
     bool SegmentedCodeCache                       = true                                      {product} {ergonomic}
     bool ShowCodeDetailsInExceptionMessages       = true                                   {manageable} {command line}
   size_t SoftMaxHeapSize                          = 4294967296                             {manageable} {ergonomic}
     bool UseCompressedClassPointers               = true                                 {lp64_product} {ergonomic}
     bool UseCompressedOops                        = true                                 {lp64_product} {ergonomic}
     bool UseG1GC                                  = true                                      {product} {ergonomic}

Logging:
Log output configuration:
 #0: stdout all=warning uptime,level,tags
 #1: stderr all=off uptime,level,tags

Environment Variables:
PATH=/usr/bin:/bin:/usr/sbin:/sbin
SHELL=/bin/zsh

Signal Handlers:
SIGSEGV: [libjvm.dylib+0x7415c8], sa_mask[0]=11111111111111111111111111111111, sa_flags=SA_ONSTACK|SA_RESTART|SA_SIGINFO
SIGBUS: [libjvm.dylib+0x7415c8], sa_mask[0]=11111111111111111111111111111111, sa_flags=SA_RESTART|SA_SIGINFO
SIGFPE: [libjvm.dylib+0x7415c8], sa_mask[0]=11111111111111111111111111111111, sa_flags=SA_RESTART|SA_SIGINFO
SIGPIPE: [libjvm.dylib+0x5eb4c1], sa_mask[0]=11111111111111111111111111111111, sa_flags=SA_RESTART|SA_SIGINFO
SIGXFSZ: [libjvm.dylib+0x5eb4c1], sa_mask[0]=11111111111111111111111111111111, sa_flags=SA_RESTART|SA_SIGINFO
SIGILL: [libjvm.dylib+0x7415c8], sa_mask[0]=11111111111111111111111111111111, sa_flags=SA_RESTART|SA_SIGINFO
SIGUSR2: [libjvm.dylib+0x5eba93], sa_mask[0]=00100000000000000000000000000000, sa_flags=SA_RESTART|SA_SIGINFO
SIGHUP: [libjvm.dylib+0x5eaaf5], sa_mask[0]=11111111111111111111111111111111, sa_flags=SA_RESTART|SA_SIGINFO
SIGINT: [libjvm.dylib+0x5eaaf5], sa_mask[0]=11111111111111111111111111111111, sa_flags=SA_RESTART|SA_SIGINFO
SIGTERM: [libjvm.dylib+0x5eaaf5], sa_mask[0]=11111111111111111111111111111111, sa_flags=SA_RESTART|SA_SIGINFO
SIGQUIT: [libjvm.dylib+0x5eaaf5], sa_mask[0]=11111111111111111111111111111111, sa_flags=SA_RESTART|SA_SIGINFO


---------------  S Y S T E M  ---------------

OS:uname:Darwin 20.2.0 Darwin Kernel Version 20.2.0: Wed Dec  2 20:40:21 PST 2020; root:xnu-7195.60.75~1/RELEASE_ARM64_T8101 x86_64
OS uptime: 16 days 12:41 hours
rlimit: STACK 8176k, CORE 0k, NPROC 2666, NOFILE 10240, AS infinity, DATA infinity, FSIZE infinity
load average:2.32 2.22 2.34

CPU:total 8 (initial active 8) (1 cores per cpu, 1 threads per core) family 6 model 44 stepping 0, cmov, cx8, fxsr, mmx, sse, sse2, sse3, ssse3, sse4.1, sse4.2, popcnt, aes, clmul, tsc, tscinvbit, tscinv

Memory: 4k page, physical 16777216k(19848k free), swap 5242880k(1228544k free)

vm_info: OpenJDK 64-Bit Server VM (14.0.2+12-46) for bsd-amd64 JRE (14.0.2+12-46), built on Jul  8 2020 23:34:30 by "mach5one" with clang 4.2.1 Compatible Apple LLVM 10.0.0 (clang-1000.11.45.5)

END.
