#
# A fatal error has been detected by the Java Runtime Environment:
#
#  SIGSEGV (0xb) at pc=0x00007fff2043cd9b, pid=41901, tid=515
#
# JRE version: OpenJDK Runtime Environment (14.0.2+12) (build 14.0.2+12-46)
# Java VM: OpenJDK 64-Bit Server VM (14.0.2+12-46, mixed mode, tiered, compressed oops, g1 gc, bsd-amd64)
# Problematic frame:
# C  [libsystem_pthread.dylib+0x1d9b]  pthread_mutex_lock+0x4
#
# No core dump will be written. Core dumps have been disabled. To enable core dumping, try "ulimit -c unlimited" before starting Java again
#
# If you would like to submit a bug report, please visit:
#   https://bugreport.java.com/bugreport/crash.jsp
# The crash happened outside the Java Virtual Machine in native code.
# See problematic frame for where to report the bug.
#

---------------  S U M M A R Y ------------

Command Line: --module-path=/Users/florianleon/javafx-sdk-11.0.2/lib --add-modules=javafx.controls,javafx.fxml -Dfile.encoding=UTF-8 --module-path=/Users/florianleon/Desktop/ProjetJava/POO/ChatSystem GUI/SQLiteDatabases/sqlite-jdbc-3.27.2.1.jar:/Users/florianleon/javafx-sdk-11.0.2/lib/javafx-swt.jar:/Users/florianleon/javafx-sdk-11.0.2/lib/javafx.base.jar:/Users/florianleon/javafx-sdk-11.0.2/lib/javafx.controls.jar:/Users/florianleon/javafx-sdk-11.0.2/lib/javafx.fxml.jar:/Users/florianleon/javafx-sdk-11.0.2/lib/javafx.graphics.jar:/Users/florianleon/javafx-sdk-11.0.2/lib/javafx.media.jar:/Users/florianleon/javafx-sdk-11.0.2/lib/javafx.swing.jar:/Users/florianleon/javafx-sdk-11.0.2/lib/javafx.web.jar:/Users/florianleon/Desktop/ProjetJava/POO/ChatSystem GUI/HTMLscrapper/jsoup-1.13.1.jar:/Users/florianleon/Desktop/ProjetJava/POO/ChatSystem GUI/Jar Files/tyrus-standalone-client-1.9.jar -XX:+ShowCodeDetailsInExceptionMessages chatSytem.Main

Host: MacBookPro17,1 x86_64 2400 MHz, 8 cores, 16G, Darwin 20.2.0
Time: Thu Dec 31 11:19:32 2020 CET elapsed time: 6 seconds (0d 0h 0m 6s)

---------------  T H R E A D  ---------------

Current thread (0x00007ff1af89d000):  JavaThread "JavaFX Application Thread" [_thread_in_native, id=515, stack(0x000000030d305000,0x000000030db05000)]

Stack: [0x000000030d305000,0x000000030db05000],  sp=0x000000030dafee50,  free space=8167k
Native frames: (J=compiled Java code, A=aot compiled Java code, j=interpreted, Vv=VM code, C=native code)
C  [libsystem_pthread.dylib+0x1d9b]  pthread_mutex_lock+0x4
C  [sqlite-3.27.2.1-6fbf5769-b770-42f4-8100-896bc8b6f734-libsqlitejdbc.jnilib+0xa82d]  Java_org_sqlite_core_NativeDB_clear_1progress_1handler+0x7013
j  org.sqlite.core.NativeDB.reset(J)I+0 sqlite.jdbc@3.27.2.1
j  org.sqlite.jdbc3.JDBC3PreparedStatement.executeUpdate()I+39 sqlite.jdbc@3.27.2.1
j  src.database.UserDB.changeStatus(Ljava/lang/String;Ljava/lang/String;)V+93
j  chatSytem.view.ConnexionController.connection()V+108
v  ~StubRoutines::call_stub
V  [libjvm.dylib+0x34b706]  JavaCalls::call_helper(JavaValue*, methodHandle const&, JavaCallArguments*, Thread*)+0x256
V  [libjvm.dylib+0x63e56f]  invoke(InstanceKlass*, methodHandle const&, Handle, bool, objArrayHandle, BasicType, objArrayHandle, bool, Thread*)+0x551
V  [libjvm.dylib+0x63dfc0]  Reflection::invoke_method(oopDesc*, Handle, objArrayHandle, Thread*)+0xe6
V  [libjvm.dylib+0x3d49b8]  JVM_InvokeMethod+0x222
j  jdk.internal.reflect.NativeMethodAccessorImpl.invoke0(Ljava/lang/reflect/Method;Ljava/lang/Object;[Ljava/lang/Object;)Ljava/lang/Object;+0 java.base@14.0.2
j  jdk.internal.reflect.NativeMethodAccessorImpl.invoke(Ljava/lang/Object;[Ljava/lang/Object;)Ljava/lang/Object;+100 java.base@14.0.2
J 1391 c1 jdk.internal.reflect.DelegatingMethodAccessorImpl.invoke(Ljava/lang/Object;[Ljava/lang/Object;)Ljava/lang/Object; java.base@14.0.2 (10 bytes) @ 0x000000011757552c [0x0000000117575420+0x000000000000010c]
J 1319 c1 java.lang.reflect.Method.invoke(Ljava/lang/Object;[Ljava/lang/Object;)Ljava/lang/Object; java.base@14.0.2 (65 bytes) @ 0x00000001175530c4 [0x0000000117552d80+0x0000000000000344]
j  com.sun.javafx.reflect.Trampoline.invoke(Ljava/lang/reflect/Method;Ljava/lang/Object;[Ljava/lang/Object;)Ljava/lang/Object;+7
j  jdk.internal.reflect.GeneratedMethodAccessor2.invoke(Ljava/lang/Object;[Ljava/lang/Object;)Ljava/lang/Object;+40
J 1391 c1 jdk.internal.reflect.DelegatingMethodAccessorImpl.invoke(Ljava/lang/Object;[Ljava/lang/Object;)Ljava/lang/Object; java.base@14.0.2 (10 bytes) @ 0x000000011757552c [0x0000000117575420+0x000000000000010c]
J 1319 c1 java.lang.reflect.Method.invoke(Ljava/lang/Object;[Ljava/lang/Object;)Ljava/lang/Object; java.base@14.0.2 (65 bytes) @ 0x00000001175530c4 [0x0000000117552d80+0x0000000000000344]
j  com.sun.javafx.reflect.MethodUtil.invoke(Ljava/lang/reflect/Method;Ljava/lang/Object;[Ljava/lang/Object;)Ljava/lang/Object;+20 javafx.base
j  com.sun.javafx.fxml.MethodHelper.invoke(Ljava/lang/reflect/Method;Ljava/lang/Object;[Ljava/lang/Object;)Ljava/lang/Object;+142 javafx.fxml
j  javafx.fxml.FXMLLoader$MethodHandler.invoke([Ljava/lang/Object;)V+38 javafx.fxml
j  javafx.fxml.FXMLLoader$ControllerMethodEventHandler.handle(Ljavafx/event/Event;)V+12 javafx.fxml
j  com.sun.javafx.event.CompositeEventHandler.dispatchBubblingEvent(Ljavafx/event/Event;)V+51 javafx.base
J 2624 c1 com.sun.javafx.event.EventHandlerManager.dispatchBubblingEvent(Ljavafx/event/Event;)Ljavafx/event/Event; javafx.base (23 bytes) @ 0x000000011778ce5c [0x000000011778c820+0x000000000000063c]
J 2623 c1 com.sun.javafx.event.CompositeEventDispatcher.dispatchBubblingEvent(Ljavafx/event/Event;)Ljavafx/event/Event; javafx.base (35 bytes) @ 0x000000011778d72c [0x000000011778d560+0x00000000000001cc]
J 2382 c1 com.sun.javafx.event.BasicEventDispatcher.dispatchEvent(Ljavafx/event/Event;Ljavafx/event/EventDispatchChain;)Ljavafx/event/Event; javafx.base (44 bytes) @ 0x000000011772e63c [0x000000011772e2e0+0x000000000000035c]
J 2243 c1 com.sun.javafx.event.EventDispatchChainImpl.dispatchEvent(Ljavafx/event/Event;)Ljavafx/event/Event; javafx.base (101 bytes) @ 0x00000001176fb0fc [0x00000001176faf40+0x00000000000001bc]
J 2382 c1 com.sun.javafx.event.BasicEventDispatcher.dispatchEvent(Ljavafx/event/Event;Ljavafx/event/EventDispatchChain;)Ljavafx/event/Event; javafx.base (44 bytes) @ 0x000000011772e54c [0x000000011772e2e0+0x000000000000026c]
J 2243 c1 com.sun.javafx.event.EventDispatchChainImpl.dispatchEvent(Ljavafx/event/Event;)Ljavafx/event/Event; javafx.base (101 bytes) @ 0x00000001176fb0fc [0x00000001176faf40+0x00000000000001bc]
J 2382 c1 com.sun.javafx.event.BasicEventDispatcher.dispatchEvent(Ljavafx/event/Event;Ljavafx/event/EventDispatchChain;)Ljavafx/event/Event; javafx.base (44 bytes) @ 0x000000011772e54c [0x000000011772e2e0+0x000000000000026c]
J 2243 c1 com.sun.javafx.event.EventDispatchChainImpl.dispatchEvent(Ljavafx/event/Event;)Ljavafx/event/Event; javafx.base (101 bytes) @ 0x00000001176fb0fc [0x00000001176faf40+0x00000000000001bc]
j  com.sun.javafx.event.EventUtil.fireEventImpl(Ljavafx/event/EventDispatchChain;Ljavafx/event/EventTarget;Ljavafx/event/Event;)Ljavafx/event/Event;+10 javafx.base
j  com.sun.javafx.event.EventUtil.fireEvent(Ljavafx/event/EventTarget;Ljavafx/event/Event;)Ljavafx/event/Event;+37 javafx.base
j  javafx.event.Event.fireEvent(Ljavafx/event/EventTarget;Ljavafx/event/Event;)V+30 javafx.base
j  javafx.scene.Node.fireEvent(Ljavafx/event/Event;)V+86 javafx.graphics
j  javafx.scene.control.Button.fire()V+15 javafx.controls
j  com.sun.javafx.scene.control.behavior.ButtonBehavior.mouseReleased(Ljavafx/scene/input/MouseEvent;)V+27 javafx.controls
j  com.sun.javafx.scene.control.behavior.ButtonBehavior$$Lambda$401.handle(Ljavafx/event/Event;)V+8 javafx.controls
j  com.sun.javafx.scene.control.inputmap.InputMap.handle(Ljavafx/event/Event;)V+61 javafx.controls
j  com.sun.javafx.scene.control.inputmap.InputMap$$Lambda$338.handle(Ljavafx/event/Event;)V+5 javafx.controls
j  com.sun.javafx.event.CompositeEventHandler$NormalEventHandlerRecord.handleBubblingEvent(Ljavafx/event/Event;)V+5 javafx.base
j  com.sun.javafx.event.CompositeEventHandler.dispatchBubblingEvent(Ljavafx/event/Event;)V+28 javafx.base
J 2624 c1 com.sun.javafx.event.EventHandlerManager.dispatchBubblingEvent(Ljavafx/event/Event;)Ljavafx/event/Event; javafx.base (23 bytes) @ 0x000000011778ce5c [0x000000011778c820+0x000000000000063c]
J 2623 c1 com.sun.javafx.event.CompositeEventDispatcher.dispatchBubblingEvent(Ljavafx/event/Event;)Ljavafx/event/Event; javafx.base (35 bytes) @ 0x000000011778d72c [0x000000011778d560+0x00000000000001cc]
J 2382 c1 com.sun.javafx.event.BasicEventDispatcher.dispatchEvent(Ljavafx/event/Event;Ljavafx/event/EventDispatchChain;)Ljavafx/event/Event; javafx.base (44 bytes) @ 0x000000011772e63c [0x000000011772e2e0+0x000000000000035c]
J 2243 c1 com.sun.javafx.event.EventDispatchChainImpl.dispatchEvent(Ljavafx/event/Event;)Ljavafx/event/Event; javafx.base (101 bytes) @ 0x00000001176fb0fc [0x00000001176faf40+0x00000000000001bc]
J 2382 c1 com.sun.javafx.event.BasicEventDispatcher.dispatchEvent(Ljavafx/event/Event;Ljavafx/event/EventDispatchChain;)Ljavafx/event/Event; javafx.base (44 bytes) @ 0x000000011772e54c [0x000000011772e2e0+0x000000000000026c]
J 2243 c1 com.sun.javafx.event.EventDispatchChainImpl.dispatchEvent(Ljavafx/event/Event;)Ljavafx/event/Event; javafx.base (101 bytes) @ 0x00000001176fb0fc [0x00000001176faf40+0x00000000000001bc]
J 2382 c1 com.sun.javafx.event.BasicEventDispatcher.dispatchEvent(Ljavafx/event/Event;Ljavafx/event/EventDispatchChain;)Ljavafx/event/Event; javafx.base (44 bytes) @ 0x000000011772e54c [0x000000011772e2e0+0x000000000000026c]
J 2243 c1 com.sun.javafx.event.EventDispatchChainImpl.dispatchEvent(Ljavafx/event/Event;)Ljavafx/event/Event; javafx.base (101 bytes) @ 0x00000001176fb0fc [0x00000001176faf40+0x00000000000001bc]
j  com.sun.javafx.event.EventUtil.fireEventImpl(Ljavafx/event/EventDispatchChain;Ljavafx/event/EventTarget;Ljavafx/event/Event;)Ljavafx/event/Event;+10 javafx.base
j  com.sun.javafx.event.EventUtil.fireEvent(Ljavafx/event/EventTarget;Ljavafx/event/Event;)Ljavafx/event/Event;+46 javafx.base
j  javafx.event.Event.fireEvent(Ljavafx/event/EventTarget;Ljavafx/event/Event;)V+30 javafx.base
j  javafx.scene.Scene$MouseHandler.process(Ljavafx/scene/input/MouseEvent;Z)V+491 javafx.graphics
j  javafx.scene.Scene$MouseHandler.access$1200(Ljavafx/scene/Scene$MouseHandler;Ljavafx/scene/input/MouseEvent;Z)V+3 javafx.graphics
j  javafx.scene.Scene.processMouseEvent(Ljavafx/scene/input/MouseEvent;)V+6 javafx.graphics
j  javafx.scene.Scene$ScenePeerListener.mouseEvent(Ljavafx/event/EventType;DDDDLjavafx/scene/input/MouseButton;ZZZZZZZZZ)V+46 javafx.graphics
j  com.sun.javafx.tk.quantum.GlassViewEventHandler$MouseEventNotification.run()Ljava/lang/Void;+582 javafx.graphics
j  com.sun.javafx.tk.quantum.GlassViewEventHandler$MouseEventNotification.run()Ljava/lang/Object;+1 javafx.graphics
J 2136 c1 java.security.AccessController.doPrivileged(Ljava/security/PrivilegedAction;Ljava/security/AccessControlContext;)Ljava/lang/Object; java.base@14.0.2 (17 bytes) @ 0x00000001176cd464 [0x00000001176cd280+0x00000000000001e4]
j  com.sun.javafx.tk.quantum.GlassViewEventHandler.lambda$handleMouseEvent$2()Ljava/lang/Void;+11 javafx.graphics
j  com.sun.javafx.tk.quantum.GlassViewEventHandler$$Lambda$540.get()Ljava/lang/Object;+4 javafx.graphics
J 2277 c1 com.sun.javafx.tk.quantum.QuantumToolkit.runWithoutRenderLock(Ljava/util/function/Supplier;)Ljava/lang/Object; javafx.graphics (49 bytes) @ 0x00000001177050cc [0x0000000117704bc0+0x000000000000050c]
j  com.sun.javafx.tk.quantum.GlassViewEventHandler.handleMouseEvent(Lcom/sun/glass/ui/View;JIIIIIIIZZ)V+103 javafx.graphics
j  com.sun.glass.ui.View.handleMouseEvent(JIIIIIIIZZ)V+30 javafx.graphics
j  com.sun.glass.ui.View.notifyMouse(IIIIIIIZZ)V+181 javafx.graphics
j  com.sun.glass.ui.mac.MacView.notifyMouse(IIIIIIIZZ)V+96 javafx.graphics
v  ~StubRoutines::call_stub
V  [libjvm.dylib+0x34b706]  JavaCalls::call_helper(JavaValue*, methodHandle const&, JavaCallArguments*, Thread*)+0x256
V  [libjvm.dylib+0x386dae]  jni_invoke_nonstatic(JNIEnv_*, JavaValue*, _jobject*, JNICallType, _jmethodID*, JNI_ArgumentPusher*, Thread*)+0x27b
V  [libjvm.dylib+0x38b6e8]  jni_CallVoidMethod+0x1bc
C  [libglass.dylib+0xe042]  -[GlassViewDelegate sendJavaMouseEvent:]+0x932
C  [AppKit+0x1c90a5]  -[NSWindow(NSEventRouting) _reallySendEvent:isDelayedEvent:]+0xa9f
C  [AppKit+0x1c83ea]  -[NSWindow(NSEventRouting) sendEvent:]+0x15b
C  [libglass.dylib+0x1b363]  -[GlassWindow_Normal sendEvent:]+0x73
C  [AppKit+0x1c67d4]  -[NSApplication(NSEvent) sendEvent:]+0x160
C  [AppKit+0x49f36e]  -[NSApplication _handleEvent:]+0x41
C  [AppKit+0x2fb2f]  -[NSApplication run]+0x26f
C  [libglass.dylib+0xa80c]  -[GlassApplication runLoop:]+0x78c
C  [Foundation+0x804d9]  __NSThreadPerformPerform+0xcc
C  [CoreFoundation+0x8131d]  __CFRUNLOOP_IS_CALLING_OUT_TO_A_SOURCE0_PERFORM_FUNCTION__+0x11
C  [CoreFoundation+0x81285]  __CFRunLoopDoSource0+0xb4
C  [CoreFoundation+0x81005]  __CFRunLoopDoSources0+0xf8
C  [CoreFoundation+0x7fa4d]  __CFRunLoopRun+0x37e
C  [CoreFoundation+0x7efe2]  CFRunLoopRunSpecific+0x237
C  [libjli.dylib+0x65c1]  CreateExecutionEnvironment+0x18f
C  [libjli.dylib+0x2752]  JLI_Launch+0x54a
C  [java+0xc9d]  main+0x177
C  [libdyld.dylib+0x15621]  start+0x1

Java frames: (J=compiled Java code, j=interpreted, Vv=VM code)
j  org.sqlite.core.NativeDB.reset(J)I+0 sqlite.jdbc@3.27.2.1
j  org.sqlite.jdbc3.JDBC3PreparedStatement.executeUpdate()I+39 sqlite.jdbc@3.27.2.1
j  src.database.UserDB.changeStatus(Ljava/lang/String;Ljava/lang/String;)V+93
j  chatSytem.view.ConnexionController.connection()V+108
v  ~StubRoutines::call_stub
j  jdk.internal.reflect.NativeMethodAccessorImpl.invoke0(Ljava/lang/reflect/Method;Ljava/lang/Object;[Ljava/lang/Object;)Ljava/lang/Object;+0 java.base@14.0.2
j  jdk.internal.reflect.NativeMethodAccessorImpl.invoke(Ljava/lang/Object;[Ljava/lang/Object;)Ljava/lang/Object;+100 java.base@14.0.2
J 1391 c1 jdk.internal.reflect.DelegatingMethodAccessorImpl.invoke(Ljava/lang/Object;[Ljava/lang/Object;)Ljava/lang/Object; java.base@14.0.2 (10 bytes) @ 0x000000011757552c [0x0000000117575420+0x000000000000010c]
J 1319 c1 java.lang.reflect.Method.invoke(Ljava/lang/Object;[Ljava/lang/Object;)Ljava/lang/Object; java.base@14.0.2 (65 bytes) @ 0x00000001175530c4 [0x0000000117552d80+0x0000000000000344]
j  com.sun.javafx.reflect.Trampoline.invoke(Ljava/lang/reflect/Method;Ljava/lang/Object;[Ljava/lang/Object;)Ljava/lang/Object;+7
j  jdk.internal.reflect.GeneratedMethodAccessor2.invoke(Ljava/lang/Object;[Ljava/lang/Object;)Ljava/lang/Object;+40
J 1391 c1 jdk.internal.reflect.DelegatingMethodAccessorImpl.invoke(Ljava/lang/Object;[Ljava/lang/Object;)Ljava/lang/Object; java.base@14.0.2 (10 bytes) @ 0x000000011757552c [0x0000000117575420+0x000000000000010c]
J 1319 c1 java.lang.reflect.Method.invoke(Ljava/lang/Object;[Ljava/lang/Object;)Ljava/lang/Object; java.base@14.0.2 (65 bytes) @ 0x00000001175530c4 [0x0000000117552d80+0x0000000000000344]
j  com.sun.javafx.reflect.MethodUtil.invoke(Ljava/lang/reflect/Method;Ljava/lang/Object;[Ljava/lang/Object;)Ljava/lang/Object;+20 javafx.base
j  com.sun.javafx.fxml.MethodHelper.invoke(Ljava/lang/reflect/Method;Ljava/lang/Object;[Ljava/lang/Object;)Ljava/lang/Object;+142 javafx.fxml
j  javafx.fxml.FXMLLoader$MethodHandler.invoke([Ljava/lang/Object;)V+38 javafx.fxml
j  javafx.fxml.FXMLLoader$ControllerMethodEventHandler.handle(Ljavafx/event/Event;)V+12 javafx.fxml
j  com.sun.javafx.event.CompositeEventHandler.dispatchBubblingEvent(Ljavafx/event/Event;)V+51 javafx.base
J 2624 c1 com.sun.javafx.event.EventHandlerManager.dispatchBubblingEvent(Ljavafx/event/Event;)Ljavafx/event/Event; javafx.base (23 bytes) @ 0x000000011778ce5c [0x000000011778c820+0x000000000000063c]
J 2623 c1 com.sun.javafx.event.CompositeEventDispatcher.dispatchBubblingEvent(Ljavafx/event/Event;)Ljavafx/event/Event; javafx.base (35 bytes) @ 0x000000011778d72c [0x000000011778d560+0x00000000000001cc]
J 2382 c1 com.sun.javafx.event.BasicEventDispatcher.dispatchEvent(Ljavafx/event/Event;Ljavafx/event/EventDispatchChain;)Ljavafx/event/Event; javafx.base (44 bytes) @ 0x000000011772e63c [0x000000011772e2e0+0x000000000000035c]
J 2243 c1 com.sun.javafx.event.EventDispatchChainImpl.dispatchEvent(Ljavafx/event/Event;)Ljavafx/event/Event; javafx.base (101 bytes) @ 0x00000001176fb0fc [0x00000001176faf40+0x00000000000001bc]
J 2382 c1 com.sun.javafx.event.BasicEventDispatcher.dispatchEvent(Ljavafx/event/Event;Ljavafx/event/EventDispatchChain;)Ljavafx/event/Event; javafx.base (44 bytes) @ 0x000000011772e54c [0x000000011772e2e0+0x000000000000026c]
J 2243 c1 com.sun.javafx.event.EventDispatchChainImpl.dispatchEvent(Ljavafx/event/Event;)Ljavafx/event/Event; javafx.base (101 bytes) @ 0x00000001176fb0fc [0x00000001176faf40+0x00000000000001bc]
J 2382 c1 com.sun.javafx.event.BasicEventDispatcher.dispatchEvent(Ljavafx/event/Event;Ljavafx/event/EventDispatchChain;)Ljavafx/event/Event; javafx.base (44 bytes) @ 0x000000011772e54c [0x000000011772e2e0+0x000000000000026c]
J 2243 c1 com.sun.javafx.event.EventDispatchChainImpl.dispatchEvent(Ljavafx/event/Event;)Ljavafx/event/Event; javafx.base (101 bytes) @ 0x00000001176fb0fc [0x00000001176faf40+0x00000000000001bc]
j  com.sun.javafx.event.EventUtil.fireEventImpl(Ljavafx/event/EventDispatchChain;Ljavafx/event/EventTarget;Ljavafx/event/Event;)Ljavafx/event/Event;+10 javafx.base
j  com.sun.javafx.event.EventUtil.fireEvent(Ljavafx/event/EventTarget;Ljavafx/event/Event;)Ljavafx/event/Event;+37 javafx.base
j  javafx.event.Event.fireEvent(Ljavafx/event/EventTarget;Ljavafx/event/Event;)V+30 javafx.base
j  javafx.scene.Node.fireEvent(Ljavafx/event/Event;)V+86 javafx.graphics
j  javafx.scene.control.Button.fire()V+15 javafx.controls
j  com.sun.javafx.scene.control.behavior.ButtonBehavior.mouseReleased(Ljavafx/scene/input/MouseEvent;)V+27 javafx.controls
j  com.sun.javafx.scene.control.behavior.ButtonBehavior$$Lambda$401.handle(Ljavafx/event/Event;)V+8 javafx.controls
j  com.sun.javafx.scene.control.inputmap.InputMap.handle(Ljavafx/event/Event;)V+61 javafx.controls
j  com.sun.javafx.scene.control.inputmap.InputMap$$Lambda$338.handle(Ljavafx/event/Event;)V+5 javafx.controls
j  com.sun.javafx.event.CompositeEventHandler$NormalEventHandlerRecord.handleBubblingEvent(Ljavafx/event/Event;)V+5 javafx.base
j  com.sun.javafx.event.CompositeEventHandler.dispatchBubblingEvent(Ljavafx/event/Event;)V+28 javafx.base
J 2624 c1 com.sun.javafx.event.EventHandlerManager.dispatchBubblingEvent(Ljavafx/event/Event;)Ljavafx/event/Event; javafx.base (23 bytes) @ 0x000000011778ce5c [0x000000011778c820+0x000000000000063c]
J 2623 c1 com.sun.javafx.event.CompositeEventDispatcher.dispatchBubblingEvent(Ljavafx/event/Event;)Ljavafx/event/Event; javafx.base (35 bytes) @ 0x000000011778d72c [0x000000011778d560+0x00000000000001cc]
J 2382 c1 com.sun.javafx.event.BasicEventDispatcher.dispatchEvent(Ljavafx/event/Event;Ljavafx/event/EventDispatchChain;)Ljavafx/event/Event; javafx.base (44 bytes) @ 0x000000011772e63c [0x000000011772e2e0+0x000000000000035c]
J 2243 c1 com.sun.javafx.event.EventDispatchChainImpl.dispatchEvent(Ljavafx/event/Event;)Ljavafx/event/Event; javafx.base (101 bytes) @ 0x00000001176fb0fc [0x00000001176faf40+0x00000000000001bc]
J 2382 c1 com.sun.javafx.event.BasicEventDispatcher.dispatchEvent(Ljavafx/event/Event;Ljavafx/event/EventDispatchChain;)Ljavafx/event/Event; javafx.base (44 bytes) @ 0x000000011772e54c [0x000000011772e2e0+0x000000000000026c]
J 2243 c1 com.sun.javafx.event.EventDispatchChainImpl.dispatchEvent(Ljavafx/event/Event;)Ljavafx/event/Event; javafx.base (101 bytes) @ 0x00000001176fb0fc [0x00000001176faf40+0x00000000000001bc]
J 2382 c1 com.sun.javafx.event.BasicEventDispatcher.dispatchEvent(Ljavafx/event/Event;Ljavafx/event/EventDispatchChain;)Ljavafx/event/Event; javafx.base (44 bytes) @ 0x000000011772e54c [0x000000011772e2e0+0x000000000000026c]
J 2243 c1 com.sun.javafx.event.EventDispatchChainImpl.dispatchEvent(Ljavafx/event/Event;)Ljavafx/event/Event; javafx.base (101 bytes) @ 0x00000001176fb0fc [0x00000001176faf40+0x00000000000001bc]
j  com.sun.javafx.event.EventUtil.fireEventImpl(Ljavafx/event/EventDispatchChain;Ljavafx/event/EventTarget;Ljavafx/event/Event;)Ljavafx/event/Event;+10 javafx.base
j  com.sun.javafx.event.EventUtil.fireEvent(Ljavafx/event/EventTarget;Ljavafx/event/Event;)Ljavafx/event/Event;+46 javafx.base
j  javafx.event.Event.fireEvent(Ljavafx/event/EventTarget;Ljavafx/event/Event;)V+30 javafx.base
j  javafx.scene.Scene$MouseHandler.process(Ljavafx/scene/input/MouseEvent;Z)V+491 javafx.graphics
j  javafx.scene.Scene$MouseHandler.access$1200(Ljavafx/scene/Scene$MouseHandler;Ljavafx/scene/input/MouseEvent;Z)V+3 javafx.graphics
j  javafx.scene.Scene.processMouseEvent(Ljavafx/scene/input/MouseEvent;)V+6 javafx.graphics
j  javafx.scene.Scene$ScenePeerListener.mouseEvent(Ljavafx/event/EventType;DDDDLjavafx/scene/input/MouseButton;ZZZZZZZZZ)V+46 javafx.graphics
j  com.sun.javafx.tk.quantum.GlassViewEventHandler$MouseEventNotification.run()Ljava/lang/Void;+582 javafx.graphics
j  com.sun.javafx.tk.quantum.GlassViewEventHandler$MouseEventNotification.run()Ljava/lang/Object;+1 javafx.graphics
J 2136 c1 java.security.AccessController.doPrivileged(Ljava/security/PrivilegedAction;Ljava/security/AccessControlContext;)Ljava/lang/Object; java.base@14.0.2 (17 bytes) @ 0x00000001176cd464 [0x00000001176cd280+0x00000000000001e4]
j  com.sun.javafx.tk.quantum.GlassViewEventHandler.lambda$handleMouseEvent$2()Ljava/lang/Void;+11 javafx.graphics
j  com.sun.javafx.tk.quantum.GlassViewEventHandler$$Lambda$540.get()Ljava/lang/Object;+4 javafx.graphics
J 2277 c1 com.sun.javafx.tk.quantum.QuantumToolkit.runWithoutRenderLock(Ljava/util/function/Supplier;)Ljava/lang/Object; javafx.graphics (49 bytes) @ 0x00000001177050cc [0x0000000117704bc0+0x000000000000050c]
j  com.sun.javafx.tk.quantum.GlassViewEventHandler.handleMouseEvent(Lcom/sun/glass/ui/View;JIIIIIIIZZ)V+103 javafx.graphics
j  com.sun.glass.ui.View.handleMouseEvent(JIIIIIIIZZ)V+30 javafx.graphics
j  com.sun.glass.ui.View.notifyMouse(IIIIIIIZZ)V+181 javafx.graphics
j  com.sun.glass.ui.mac.MacView.notifyMouse(IIIIIIIZZ)V+96 javafx.graphics
v  ~StubRoutines::call_stub

siginfo: si_signo: 11 (SIGSEGV), si_code: 2 (SEGV_ACCERR), si_addr: 0x203d207375746174

Register to memory mapping:

RAX=0x00000001434e0607: Java_org_sqlite_core_NativeDB_reset+0 in /private/var/folders/ng/ytwhvpfj1f7gn5vgqg8ngqsc0000gn/T/sqlite-3.27.2.1-6fbf5769-b770-42f4-8100-896bc8b6f734-libsqlitejdbc.jnilib at 0x00000001434de000
RBX=0x00007ff198dc3220 points into unknown readable memory: d0 36 dc 98 f1 7f 00 00
RCX=0x00007ff1adf84358 points into unknown readable memory: 00 00 00 00 00 00 00 00
RDX=0x00007ff198dc3220 points into unknown readable memory: d0 36 dc 98 f1 7f 00 00
RSP=0x000000030dafee50 is pointing into the stack for thread: 0x00007ff1af89d000
RBP=0x000000030dafee50 is pointing into the stack for thread: 0x00007ff1af89d000
RSI=0x000000030dafef30 is pointing into the stack for thread: 0x00007ff1af89d000
RDI=0x203d207375746174 is an unknown value
R8 =0x00000000003f1b45 is an unknown value
R9 =0xffffffff00000000 is an unknown value
R10=0x0000000116d90f1f is at code_begin+1311 in an Interpreter codelet
method entry point (kind = native_synchronized)  [0x0000000116d90a00, 0x0000000116d91500]  2816 bytes
R11=0x0000000000000121 is an unknown value
R12=0x0 is NULL
R13={method} {0x000000013fb0ef40} 'reset' '(J)I' in 'org/sqlite/core/NativeDB'
R14=0x00007ff198dc36d0 points into unknown readable memory: 60 1f dc 98 f1 7f 00 00
R15=0x0 is NULL


Registers:
RAX=0x00000001434e0607, RBX=0x00007ff198dc3220, RCX=0x00007ff1adf84358, RDX=0x00007ff198dc3220
RSP=0x000000030dafee50, RBP=0x000000030dafee50, RSI=0x000000030dafef30, RDI=0x203d207375746174
R8 =0x00000000003f1b45, R9 =0xffffffff00000000, R10=0x0000000116d90f1f, R11=0x0000000000000121
R12=0x0000000000000000, R13=0x000000013fb0ef40, R14=0x00007ff198dc36d0, R15=0x0000000000000000
RIP=0x00007fff2043cd9b, EFLAGS=0x0000000000000206, ERR=0x0000000000000004
  TRAPNO=0x000000000000000e

Top of Stack: (sp=0x000000030dafee50)
0x000000030dafee50:   000000030dafee80 00000001434e882d
0x000000030dafee60:   00000001434e0607 000000013fb0ef40
0x000000030dafee70:   000000030dafef30 00007ff1af89d000
0x000000030dafee80:   000000030dafef00 0000000116d90f4b
0x000000030dafee90:   000000030dafef00 0000000116d90cd9
0x000000030dafeea0:   0000000116d90c97 0000000000000003
0x000000030dafeeb0:   000000070dfb68e8 000000030dafeea8
0x000000030dafeec0:   000000013fb0ef40 000000030dafef30
0x000000030dafeed0:   000000014330a010 0000000000000000
0x000000030dafeee0:   000000070ff6be10 000000013fb0ef40
0x000000030dafeef0:   0000000000000000 000000030dafef20
0x000000030dafef00:   000000030dafef80 0000000116d8a900
0x000000030dafef10:   0000000000000000 0000000116d8d676
0x000000030dafef20:   00007ff198dc3220 0000000000000000
0x000000030dafef30:   000000070dfb68e8 000000030dafef38
0x000000030dafef40:   00000001433d2157 000000030dafef90
0x000000030dafef50:   00000001433d6b68 0000000000000000
0x000000030dafef60:   000000070de417e0 00000001433d2190
0x000000030dafef70:   000000030dafef20 000000030dafef90
0x000000030dafef80:   000000030dafefe8 0000000116d8a945
0x000000030dafef90:   000000070de10c18 0000000700b1bb30
0x000000030dafefa0:   000000030dafefa0 000000013a580d35
0x000000030dafefb0:   000000030daff018 000000013fa91210
0x000000030dafefc0:   0000000000000000 00000007006000c0
0x000000030dafefd0:   000000013a580dc8 000000030dafef90
0x000000030dafefe0:   000000030daff008 000000030daff068
0x000000030dafeff0:   0000000116d8aee7 0000000000000000
0x000000030daff000:   000000070de10bb8 0000000700669c08
0x000000030daff010:   0000000700b1bc18 0000000700b1bb30
0x000000030daff020:   000000030daff020 000000013a448d44
0x000000030daff030:   000000030daff098 000000013a448ec8
0x000000030daff040:   0000000000000000 00000007006001a0 

Instructions: (pc=0x00007fff2043cd9b)
0x00007fff2043cc9b:   80 38 31 0f 94 c0 eb 12 41 8b 46 2c 85 c0 74 08
0x00007fff2043ccab:   c1 e8 09 83 e0 01 eb 02 31 c0 38 05 0a 65 66 68
0x00007fff2043ccbb:   74 06 88 05 02 65 66 68 48 83 c4 08 5b 41 5e 41
0x00007fff2043cccb:   5f 5d c3 55 48 89 e5 41 56 53 89 fb 8d 4b f6 b8
0x00007fff2043ccdb:   16 00 00 00 81 f9 f5 00 00 00 77 47 49 89 f6 48
0x00007fff2043cceb:   8d 3d 03 9a 63 68 be 00 00 05 00 e8 dd 7e 00 00
0x00007fff2043ccfb:   89 d8 48 8d 0d fc 99 63 68 48 83 3c c1 00 75 07
0x00007fff2043cd0b:   49 f7 d6 4c 89 34 c1 39 1d 80 99 63 68 7d 06 89
0x00007fff2043cd1b:   1d 78 99 63 68 48 8d 3d cd 99 63 68 e8 b2 7e 00
0x00007fff2043cd2b:   00 31 c0 5b 41 5e 5d c3 55 48 89 e5 41 56 53 48
0x00007fff2043cd3b:   89 f3 49 89 fe 48 8d 3d ad 99 63 68 be 00 00 05
0x00007fff2043cd4b:   00 e8 87 7e 00 00 b8 00 01 00 00 48 8d 0d a3 99
0x00007fff2043cd5b:   63 68 48 83 3c c1 00 74 12 48 ff c0 48 3d 00 03
0x00007fff2043cd6b:   00 00 75 ee bb 23 00 00 00 eb 0c 48 f7 d3 48 89
0x00007fff2043cd7b:   1c c1 49 89 06 31 db 48 8d 3d 6b 99 63 68 e8 50
0x00007fff2043cd8b:   7e 00 00 89 d8 5b 41 5e 5d c3 90 90 55 48 89 e5
0x00007fff2043cd9b:   48 81 3f 5a 54 55 4d 75 78 8b 47 0c 89 c1 81 e1
0x00007fff2043cdab:   c0 01 00 00 83 f9 40 74 70 0f ba e0 0e 72 72 48
0x00007fff2043cdbb:   c7 c0 f8 ff ff ff 48 8d 57 27 48 21 c2 48 8b 0a
0x00007fff2043cdcb:   f6 c1 02 75 44 4c 8d 57 1f 49 21 c2 65 4c 8b 04
0x00007fff2043cddb:   25 f8 ff ff ff 49 b9 00 00 00 00 ff ff ff ff 48
0x00007fff2043cdeb:   89 ce f6 c1 02 75 22 4c 21 ce 89 c8 48 09 f0 83
0x00007fff2043cdfb:   c9 02 48 09 f1 f0 48 0f b1 0a 48 89 c1 48 89 c6
0x00007fff2043ce0b:   75 e0 4d 89 02 31 c0 5d c3 31 f6 5d e9 cd 02 00
0x00007fff2043ce1b:   00 31 f6 5d e9 28 00 00 00 31 f6 5d e9 00 71 00
0x00007fff2043ce2b:   00 65 8b 34 25 18 00 00 00 83 e6 fc 31 c0 f0 0f
0x00007fff2043ce3b:   b1 77 18 74 d0 89 c2 e8 d7 6e 00 00 eb c7 90 90
0x00007fff2043ce4b:   90 55 48 89 e5 41 56 53 41 89 f6 48 89 fb 8b 07
0x00007fff2043ce5b:   83 e0 fd 3d 58 54 55 4d 74 11 48 89 df e8 42 00
0x00007fff2043ce6b:   00 00 85 c0 74 05 5b 41 5e 5d c3 8b 43 0c 89 c1
0x00007fff2043ce7b:   81 e1 c0 01 00 00 41 0f b6 f6 48 89 df 83 f9 40
0x00007fff2043ce8b:   74 0f 0f ba e0 0e 72 12 5b 41 5e 5d e9 4d 02 00 


Stack slot to memory mapping:
stack at sp + 0 slots: 0x000000030dafee80 is pointing into the stack for thread: 0x00007ff1af89d000
stack at sp + 1 slots: 0x00000001434e882d: Java_org_sqlite_core_NativeDB_clear_1progress_1handler+0x7013 in /private/var/folders/ng/ytwhvpfj1f7gn5vgqg8ngqsc0000gn/T/sqlite-3.27.2.1-6fbf5769-b770-42f4-8100-896bc8b6f734-libsqlitejdbc.jnilib at 0x00000001434de000
stack at sp + 2 slots: 0x00000001434e0607: Java_org_sqlite_core_NativeDB_reset+0 in /private/var/folders/ng/ytwhvpfj1f7gn5vgqg8ngqsc0000gn/T/sqlite-3.27.2.1-6fbf5769-b770-42f4-8100-896bc8b6f734-libsqlitejdbc.jnilib at 0x00000001434de000
stack at sp + 3 slots: {method} {0x000000013fb0ef40} 'reset' '(J)I' in 'org/sqlite/core/NativeDB'
stack at sp + 4 slots: 0x000000030dafef30 is pointing into the stack for thread: 0x00007ff1af89d000
stack at sp + 5 slots: 0x00007ff1af89d000 is a thread
stack at sp + 6 slots: 0x000000030dafef00 is pointing into the stack for thread: 0x00007ff1af89d000
stack at sp + 7 slots: 0x0000000116d90f4b is at code_begin+1355 in an Interpreter codelet
method entry point (kind = native_synchronized)  [0x0000000116d90a00, 0x0000000116d91500]  2816 bytes


---------------  P R O C E S S  ---------------

Threads class SMR info:
_java_thread_list=0x00007ff16fb0cf30, length=18, elements={
0x00007ff1af81b000, 0x00007ff1ae048000, 0x00007ff1ae8e2800, 0x00007ff1af80f000,
0x00007ff1af825000, 0x00007ff1ae8e4000, 0x00007ff1ae8e5000, 0x00007ff1ae8d0800,
0x00007ff1af009800, 0x00007ff1ae081800, 0x00007ff1af86a800, 0x00007ff1af116000,
0x00007ff1af89d000, 0x00007ff1af91c000, 0x00007ff1ae0f9000, 0x00007ff1af98d000,
0x00007ff16eadb800, 0x00007ff16e679800
}

Java Threads: ( => current thread )
  0x00007ff1af81b000 JavaThread "main" [_thread_blocked, id=6915, stack(0x000000030db88000,0x000000030dc88000)]
  0x00007ff1ae048000 JavaThread "Reference Handler" daemon [_thread_blocked, id=17667, stack(0x000000030e29d000,0x000000030e39d000)]
  0x00007ff1ae8e2800 JavaThread "Finalizer" daemon [_thread_blocked, id=21763, stack(0x000000030e3a0000,0x000000030e4a0000)]
  0x00007ff1af80f000 JavaThread "Signal Dispatcher" daemon [_thread_blocked, id=41219, stack(0x000000030e5b3000,0x000000030e6b3000)]
  0x00007ff1af825000 JavaThread "Service Thread" daemon [_thread_blocked, id=40451, stack(0x000000030e6b6000,0x000000030e7b6000)]
  0x00007ff1ae8e4000 JavaThread "C2 CompilerThread0" daemon [_thread_blocked, id=39939, stack(0x000000030e7b9000,0x000000030e8b9000)]
  0x00007ff1ae8e5000 JavaThread "C1 CompilerThread0" daemon [_thread_blocked, id=39171, stack(0x000000030e8bc000,0x000000030e9bc000)]
  0x00007ff1ae8d0800 JavaThread "Sweeper thread" daemon [_thread_blocked, id=24835, stack(0x000000030e9bf000,0x000000030eabf000)]
  0x00007ff1af009800 JavaThread "Common-Cleaner" daemon [_thread_blocked, id=25347, stack(0x000000030eac2000,0x000000030ebc2000)]
  0x00007ff1ae081800 JavaThread "Notification Thread" daemon [_thread_blocked, id=26371, stack(0x000000030ebc5000,0x000000030ecc5000)]
  0x00007ff1af86a800 JavaThread "QuantumRenderer-0" daemon [_thread_blocked, id=27395, stack(0x000000030edcb000,0x000000030eecb000)]
  0x00007ff1af116000 JavaThread "InvokeLaterDispatcher" daemon [_thread_blocked, id=45315, stack(0x000000030f0ef000,0x000000030f1ef000)]
=>0x00007ff1af89d000 JavaThread "JavaFX Application Thread" [_thread_in_native, id=515, stack(0x000000030d305000,0x000000030db05000)]
  0x00007ff1af91c000 JavaThread "Thread-2" daemon [_thread_in_native, id=79619, stack(0x000000030f1f2000,0x000000030f272000)]
  0x00007ff1ae0f9000 JavaThread "JavaFX-Launcher" [_thread_blocked, id=64003, stack(0x000000030f2f8000,0x000000030f3f8000)]
  0x00007ff1af98d000 JavaThread "Prism Font Disposer" daemon [_thread_blocked, id=89447, stack(0x000000030f90a000,0x000000030fa0a000)]
  0x00007ff16eadb800 JavaThread "Cleaner-0" daemon [_thread_blocked, id=166715, stack(0x000000030fb10000,0x000000030fc10000)]
  0x00007ff16e679800 JavaThread "Thread-4" [_thread_blocked, id=166527, stack(0x000000030fc13000,0x000000030fd13000)]

Other Threads:
  0x00007ff1ae8e2000 VMThread "VM Thread" [stack: 0x000000030e19a000,0x000000030e29a000] [id=16131]
  0x00007ff1ae04c000 WatcherThread [stack: 0x000000030ecc8000,0x000000030edc8000] [id=26899]
  0x00007ff1ae036800 GCTaskThread "GC Thread#0" [stack: 0x000000030dc8b000,0x000000030dd8b000] [id=19203]
  0x00007ff1af14c000 GCTaskThread "GC Thread#1" [stack: 0x000000030f3fb000,0x000000030f4fb000] [id=65635]
  0x00007ff1af1d0800 GCTaskThread "GC Thread#2" [stack: 0x000000030f4fe000,0x000000030f5fe000] [id=65799]
  0x00007ff1af1d1800 GCTaskThread "GC Thread#3" [stack: 0x000000030f601000,0x000000030f701000] [id=69635]
  0x00007ff1af211000 GCTaskThread "GC Thread#4" [stack: 0x000000030f704000,0x000000030f804000] [id=69379]
  0x00007ff1af211800 GCTaskThread "GC Thread#5" [stack: 0x000000030f807000,0x000000030f907000] [id=68867]
  0x00007ff1ae047800 ConcurrentGCThread "G1 Main Marker" [stack: 0x000000030dd8e000,0x000000030de8e000] [id=14595]
  0x00007ff1ae80b000 ConcurrentGCThread "G1 Conc#0" [stack: 0x000000030de91000,0x000000030df91000] [id=15107]
  0x00007ff16e5e3000 ConcurrentGCThread "G1 Conc#1" [stack: 0x000000030fa0d000,0x000000030fb0d000] [id=169767]
  0x00007ff1ae8ab800 ConcurrentGCThread "G1 Refine#0" [stack: 0x000000030df94000,0x000000030e094000] [id=15619]
  0x00007ff1ae8ac800 ConcurrentGCThread "G1 Young RemSet Sampling" [stack: 0x000000030e097000,0x000000030e197000] [id=18435]

Threads with active compile tasks:

VM state:not at safepoint (normal execution)

VM Mutex/Monitor currently owned by a thread: None

Heap address: 0x0000000700000000, size: 4096 MB, Compressed Oops mode: Zero based, Oop shift amount: 3
Narrow klass base: 0x0000000800000000, Narrow klass shift: 0
Compressed class space size: 1073741824 Address: 0x0000000800000000

Heap:
 garbage-first heap   total 30720K, used 13421K [0x0000000700000000, 0x0000000800000000)
  region size 1024K, 6 young (6144K), 2 survivors (2048K)
 Metaspace       used 26301K, capacity 27128K, committed 27568K, reserved 1073152K
  class space    used 3343K, capacity 3722K, committed 3840K, reserved 1048576K
Heap Regions: E=young(eden), S=young(survivor), O=old, HS=humongous(starts), HC=humongous(continues), CS=collection set, F=free, OA=open archive, CA=closed archive, TAMS=top-at-mark-start (previous, next)
|   0|0x0000000700000000, 0x0000000700100000, 0x0000000700100000|100%| O|  |TAMS 0x0000000700009a00, 0x0000000700000000| Untracked 
|   1|0x0000000700100000, 0x0000000700200000, 0x0000000700200000|100%| O|  |TAMS 0x0000000700100000, 0x0000000700100000| Untracked 
|   2|0x0000000700200000, 0x0000000700300000, 0x0000000700300000|100%| O|  |TAMS 0x0000000700200000, 0x0000000700200000| Untracked 
|   3|0x0000000700300000, 0x0000000700342600, 0x0000000700400000| 25%| O|  |TAMS 0x0000000700300000, 0x0000000700300000| Untracked 
|   4|0x0000000700400000, 0x0000000700500000, 0x0000000700500000|100%|HS|  |TAMS 0x0000000700400000, 0x0000000700400000| Complete 
|   5|0x0000000700500000, 0x0000000700600000, 0x0000000700600000|100%|HC|  |TAMS 0x0000000700500000, 0x0000000700500000| Complete 
|   6|0x0000000700600000, 0x0000000700700000, 0x0000000700700000|100%| O|  |TAMS 0x0000000700600000, 0x0000000700600000| Untracked 
|   7|0x0000000700700000, 0x0000000700800000, 0x0000000700800000|100%| O|  |TAMS 0x0000000700700000, 0x0000000700700000| Untracked 
|   8|0x0000000700800000, 0x0000000700900000, 0x0000000700900000|100%| O|  |TAMS 0x0000000700800000, 0x0000000700800000| Untracked 
|   9|0x0000000700900000, 0x0000000700945000, 0x0000000700a00000| 26%| O|  |TAMS 0x0000000700900000, 0x0000000700900000| Untracked 
|  10|0x0000000700a00000, 0x0000000700a941e0, 0x0000000700b00000| 57%| S|CS|TAMS 0x0000000700a00000, 0x0000000700a00000| Complete 
|  11|0x0000000700b00000, 0x0000000700c00000, 0x0000000700c00000|100%| S|CS|TAMS 0x0000000700b00000, 0x0000000700b00000| Complete 
|  12|0x0000000700c00000, 0x0000000700c00000, 0x0000000700d00000|  0%| F|  |TAMS 0x0000000700c00000, 0x0000000700c00000| Untracked 
|  13|0x0000000700d00000, 0x0000000700d00000, 0x0000000700e00000|  0%| F|  |TAMS 0x0000000700d00000, 0x0000000700d00000| Untracked 
|  14|0x0000000700e00000, 0x0000000700e00000, 0x0000000700f00000|  0%| F|  |TAMS 0x0000000700e00000, 0x0000000700e00000| Untracked 
|  15|0x0000000700f00000, 0x0000000700f00000, 0x0000000701000000|  0%| F|  |TAMS 0x0000000700f00000, 0x0000000700f00000| Untracked 
|  16|0x0000000701000000, 0x0000000701000000, 0x0000000701100000|  0%| F|  |TAMS 0x0000000701000000, 0x0000000701000000| Untracked 
|  17|0x0000000701100000, 0x0000000701100000, 0x0000000701200000|  0%| F|  |TAMS 0x0000000701100000, 0x0000000701100000| Untracked 
|  18|0x0000000701200000, 0x0000000701200000, 0x0000000701300000|  0%| F|  |TAMS 0x0000000701200000, 0x0000000701200000| Untracked 
|  19|0x0000000701300000, 0x0000000701300000, 0x0000000701400000|  0%| F|  |TAMS 0x0000000701300000, 0x0000000701300000| Untracked 
|  20|0x0000000701400000, 0x0000000701400000, 0x0000000701500000|  0%| F|  |TAMS 0x0000000701400000, 0x0000000701400000| Untracked 
|  21|0x0000000701500000, 0x0000000701500000, 0x0000000701600000|  0%| F|  |TAMS 0x0000000701500000, 0x0000000701500000| Untracked 
|  22|0x0000000701600000, 0x0000000701600000, 0x0000000701700000|  0%| F|  |TAMS 0x0000000701600000, 0x0000000701600000| Untracked 
|  23|0x0000000701700000, 0x0000000701700000, 0x0000000701800000|  0%| F|  |TAMS 0x0000000701700000, 0x0000000701700000| Untracked 
|  24|0x0000000701800000, 0x0000000701800000, 0x0000000701900000|  0%| F|  |TAMS 0x0000000701800000, 0x0000000701800000| Untracked 
| 221|0x000000070dd00000, 0x000000070dd00000, 0x000000070de00000|  0%| F|  |TAMS 0x000000070dd00000, 0x000000070dd00000| Untracked 
| 222|0x000000070de00000, 0x000000070de5b548, 0x000000070df00000| 35%| E|  |TAMS 0x000000070de00000, 0x000000070de00000| Complete 
| 223|0x000000070df00000, 0x000000070e000000, 0x000000070e000000|100%| E|CS|TAMS 0x000000070df00000, 0x000000070df00000| Complete 
| 224|0x000000070e000000, 0x000000070e100000, 0x000000070e100000|100%| E|CS|TAMS 0x000000070e000000, 0x000000070e000000| Complete 
| 255|0x000000070ff00000, 0x0000000710000000, 0x0000000710000000|100%| E|CS|TAMS 0x000000070ff00000, 0x000000070ff00000| Complete 

Card table byte_map: [0x0000000126757000,0x0000000126f57000] _byte_map_base: 0x0000000122f57000

Marking Bits (Prev, Next): (CMBitMap*) 0x00007ff1ae036e58, (CMBitMap*) 0x00007ff1ae036e18
 Prev Bits: [0x000000012b757000, 0x000000012f757000)
 Next Bits: [0x0000000127757000, 0x000000012b757000)

Polling page: 0x0000000104b6e000

Metaspace:

Usage:
  Non-class:     22.86 MB capacity,    22.42 MB ( 98%) used,   354.36 KB (  2%) free+waste,    93.56 KB ( <1%) overhead. 
      Class:      3.63 MB capacity,     3.27 MB ( 90%) used,   329.41 KB (  9%) free+waste,    49.00 KB (  1%) overhead. 
       Both:     26.49 MB capacity,    25.69 MB ( 97%) used,   683.77 KB (  3%) free+waste,   142.56 KB ( <1%) overhead. 

Virtual space:
  Non-class space:       24.00 MB reserved,      23.17 MB ( 97%) committed 
      Class space:        1.00 GB reserved,       3.75 MB ( <1%) committed 
             Both:        1.02 GB reserved,      26.92 MB (  3%) committed 

Chunk freelists:
   Non-Class:  74.00 KB
       Class:  22.00 KB
        Both:  96.00 KB

MaxMetaspaceSize: unlimited
CompressedClassSpaceSize: 1.00 GB

CodeHeap 'non-profiled nmethods': size=120028Kb used=1218Kb max_used=1218Kb free=118809Kb
 bounds [0x000000011e84a000, 0x000000011eaba000, 0x0000000125d81000]
CodeHeap 'profiled nmethods': size=120028Kb used=5231Kb max_used=5231Kb free=114796Kb
 bounds [0x0000000117313000, 0x0000000117833000, 0x000000011e84a000]
CodeHeap 'non-nmethods': size=5704Kb used=1434Kb max_used=1461Kb free=4269Kb
 bounds [0x0000000116d81000, 0x0000000116ff1000, 0x0000000117313000]
 total_blobs=3659 nmethods=2894 adapters=679
 compilation: enabled
              stopped_count=0, restarted_count=0
 full_count=0

Compilation events (20 events):
Event: 6.410 Thread 0x00007ff1ae8e4000 2887  s    4       java.io.BufferedInputStream::read (49 bytes)
Event: 6.412 Thread 0x00007ff1ae8e4000 nmethod 2887 0x000000011e978a10 code [0x000000011e978bc0, 0x000000011e979008]
Event: 6.412 Thread 0x00007ff1ae8e4000 2888       4       java.io.BufferedInputStream::getBufIfOpen (21 bytes)
Event: 6.412 Thread 0x00007ff1ae8e4000 nmethod 2888 0x000000011e979110 code [0x000000011e979280, 0x000000011e979318]
Event: 6.413 Thread 0x00007ff1ae8e5000 2889       3       com.sun.javafx.tk.quantum.QuantumToolkit::setPulseRunning (9 bytes)
Event: 6.413 Thread 0x00007ff1ae8e5000 nmethod 2889 0x000000011782aa10 code [0x000000011782ac40, 0x000000011782b3a0]
Event: 6.413 Thread 0x00007ff1ae8e5000 2890 %     3       org.sqlite.SQLiteJDBCLoader::contentsEquals @ 37 (78 bytes)
Event: 6.414 Thread 0x00007ff1ae8e5000 nmethod 2890% 0x000000011782b610 code [0x000000011782b840, 0x000000011782c310]
Event: 6.414 Thread 0x00007ff1ae8e5000 2891       3       org.sqlite.SQLiteJDBCLoader::contentsEquals (78 bytes)
Event: 6.414 Thread 0x00007ff1ae8e5000 nmethod 2891 0x000000011782c610 code [0x000000011782c840, 0x000000011782d290]
Event: 6.415 Thread 0x00007ff1ae8e4000 2892 %     4       org.sqlite.SQLiteJDBCLoader::contentsEquals @ 37 (78 bytes)
Event: 6.420 Thread 0x00007ff1ae8e4000 nmethod 2892% 0x000000011e979410 code [0x000000011e979620, 0x000000011e97a158]
Event: 6.425 Thread 0x00007ff1ae8e5000 2893       3       java.io.BufferedInputStream::getInIfOpen (21 bytes)
Event: 6.425 Thread 0x00007ff1ae8e5000 nmethod 2893 0x000000011782d510 code [0x000000011782d6c0, 0x000000011782d8c0]
Event: 6.425 Thread 0x00007ff1ae8e5000 2894       3       java.io.BufferedInputStream::fill (203 bytes)
Event: 6.426 Thread 0x00007ff1ae8e5000 nmethod 2894 0x000000011782d990 code [0x000000011782dc00, 0x000000011782e9a0]
Event: 6.585 Thread 0x00007ff1ae8e5000 2895       1       java.nio.Buffer::capacity (5 bytes)
Event: 6.585 Thread 0x00007ff1ae8e5000 nmethod 2895 0x000000011e97a490 code [0x000000011e97a620, 0x000000011e97a6d0]
Event: 6.599 Thread 0x00007ff1ae8e4000 2896       4       java.nio.Buffer::position (55 bytes)
Event: 6.600 Thread 0x00007ff1ae8e4000 nmethod 2896 0x000000011e97a790 code [0x000000011e97a920, 0x000000011e97a9f8]

GC Heap History (6 events):
Event: 0.821 GC heap before
{Heap before GC invocations=0 (full 0):
 garbage-first heap   total 262144K, used 23552K [0x0000000700000000, 0x0000000800000000)
  region size 1024K, 23 young (23552K), 0 survivors (0K)
 Metaspace       used 12352K, capacity 12644K, committed 12928K, reserved 1060864K
  class space    used 1279K, capacity 1367K, committed 1408K, reserved 1048576K
}
Event: 0.828 GC heap after
{Heap after GC invocations=1 (full 0):
 garbage-first heap   total 262144K, used 3110K [0x0000000700000000, 0x0000000800000000)
  region size 1024K, 3 young (3072K), 3 survivors (3072K)
 Metaspace       used 12352K, capacity 12644K, committed 12928K, reserved 1060864K
  class space    used 1279K, capacity 1367K, committed 1408K, reserved 1048576K
}
Event: 1.761 GC heap before
{Heap before GC invocations=1 (full 0):
 garbage-first heap   total 262144K, used 30758K [0x0000000700000000, 0x0000000800000000)
  region size 1024K, 31 young (31744K), 3 survivors (3072K)
 Metaspace       used 20605K, capacity 21178K, committed 21296K, reserved 1067008K
  class space    used 2667K, capacity 2881K, committed 2944K, reserved 1048576K
}
Event: 1.769 GC heap after
{Heap after GC invocations=2 (full 0):
 garbage-first heap   total 262144K, used 6782K [0x0000000700000000, 0x0000000800000000)
  region size 1024K, 4 young (4096K), 4 survivors (4096K)
 Metaspace       used 20605K, capacity 21178K, committed 21296K, reserved 1067008K
  class space    used 2667K, capacity 2881K, committed 2944K, reserved 1048576K
}
Event: 6.288 GC heap before
{Heap before GC invocations=3 (full 0):
 garbage-first heap   total 30720K, used 23166K [0x0000000700000000, 0x0000000800000000)
  region size 1024K, 18 young (18432K), 4 survivors (4096K)
 Metaspace       used 24414K, capacity 25239K, committed 25520K, reserved 1071104K
  class space    used 3152K, capacity 3515K, committed 3584K, reserved 1048576K
}
Event: 6.295 GC heap after
{Heap after GC invocations=4 (full 0):
 garbage-first heap   total 30720K, used 10349K [0x0000000700000000, 0x0000000800000000)
  region size 1024K, 2 young (2048K), 2 survivors (2048K)
 Metaspace       used 24414K, capacity 25239K, committed 25520K, reserved 1071104K
  class space    used 3152K, capacity 3515K, committed 3584K, reserved 1048576K
}

Deoptimization events (20 events):
Event: 6.419 Thread 0x00007ff1af89d000 DEOPT PACKING pc=0x000000011782c22b sp=0x000000030dafe7a0
Event: 6.419 Thread 0x00007ff1af89d000 DEOPT UNPACKING pc=0x0000000116dca62b sp=0x000000030dafdcc8 mode 0
Event: 6.419 Thread 0x00007ff1af89d000 DEOPT PACKING pc=0x000000011782c22b sp=0x000000030dafe7a0
Event: 6.419 Thread 0x00007ff1af89d000 DEOPT UNPACKING pc=0x0000000116dca62b sp=0x000000030dafdcc8 mode 0
Event: 6.419 Thread 0x00007ff1af89d000 DEOPT PACKING pc=0x000000011782c22b sp=0x000000030dafe7a0
Event: 6.419 Thread 0x00007ff1af89d000 DEOPT UNPACKING pc=0x0000000116dca62b sp=0x000000030dafdcc8 mode 0
Event: 6.419 Thread 0x00007ff1af89d000 DEOPT PACKING pc=0x000000011782c22b sp=0x000000030dafe7a0
Event: 6.419 Thread 0x00007ff1af89d000 DEOPT UNPACKING pc=0x0000000116dca62b sp=0x000000030dafdcc8 mode 0
Event: 6.419 Thread 0x00007ff1af89d000 DEOPT PACKING pc=0x000000011782c22b sp=0x000000030dafe7a0
Event: 6.419 Thread 0x00007ff1af89d000 DEOPT UNPACKING pc=0x0000000116dca62b sp=0x000000030dafdcc8 mode 0
Event: 6.419 Thread 0x00007ff1af89d000 DEOPT PACKING pc=0x000000011782c22b sp=0x000000030dafe7a0
Event: 6.419 Thread 0x00007ff1af89d000 DEOPT UNPACKING pc=0x0000000116dca62b sp=0x000000030dafdcc8 mode 0
Event: 6.420 Thread 0x00007ff1af89d000 DEOPT PACKING pc=0x000000011782c22b sp=0x000000030dafe7a0
Event: 6.420 Thread 0x00007ff1af89d000 DEOPT UNPACKING pc=0x0000000116dca62b sp=0x000000030dafdcc8 mode 0
Event: 6.420 Thread 0x00007ff1af89d000 DEOPT PACKING pc=0x000000011782c22b sp=0x000000030dafe7a0
Event: 6.420 Thread 0x00007ff1af89d000 DEOPT UNPACKING pc=0x0000000116dca62b sp=0x000000030dafdcc8 mode 0
Event: 6.427 Thread 0x00007ff1af89d000 Uncommon trap: trap_request=0xffffff45 fr.pc=0x000000011e979dc0 relative=0x00000000000007a0
Event: 6.427 Thread 0x00007ff1af89d000 Uncommon trap: reason=unstable_if action=reinterpret pc=0x000000011e979dc0 method=org.sqlite.SQLiteJDBCLoader.contentsEquals(Ljava/io/InputStream;Ljava/io/InputStream;)Z @ 39 c2
Event: 6.427 Thread 0x00007ff1af89d000 DEOPT PACKING pc=0x000000011e979dc0 sp=0x000000030dafe7f0
Event: 6.427 Thread 0x00007ff1af89d000 DEOPT UNPACKING pc=0x0000000116dca11f sp=0x000000030dafe7c8 mode 2

Classes unloaded (0 events):
No events

Classes redefined (0 events):
No events

Internal exceptions (20 events):
Event: 1.681 Thread 0x00007ff1af89d000 Exception <a 'java/lang/ClassNotFoundException'{0x000000070e5960c8}: com/sun/javafx/scene/control/skin/resources/controls> (0x000000070e5960c8) 
thrown [./open/src/hotspot/share/prims/jni.cpp, line 620]
Event: 1.683 Thread 0x00007ff1af89d000 Exception <a 'java/lang/ClassNotFoundException'{0x000000070e5a3ba8}: com/sun/javafx/scene/control/skin/resources/controls_fr> (0x000000070e5a3ba8) 
thrown [./open/src/hotspot/share/prims/jni.cpp, line 620]
Event: 1.687 Thread 0x00007ff1af89d000 Exception <a 'java/lang/ClassNotFoundException'{0x000000070e5b1418}: com/sun/javafx/scene/control/skin/resources/controls_fr_FR> (0x000000070e5b1418) 
thrown [./open/src/hotspot/share/prims/jni.cpp, line 620]
Event: 1.723 Thread 0x00007ff1af89d000 Implicit null exception at 0x000000011e86c458 to 0x000000011e86c4e6
Event: 1.733 Thread 0x00007ff1af89d000 Implicit null exception at 0x000000011e86baaf to 0x000000011e86bb29
Event: 1.995 Thread 0x00007ff1af86a800 Exception <a 'java/lang/NoSuchMethodError'{0x0000000701563898}: 'int java.lang.invoke.DirectMethodHandle$Holder.invokeStaticInit(java.lang.Object, java.lang.Object)'> (0x0000000701563898) 
thrown [./open/src/hotspot/share/interpreter/linkResolver.cpp, line 766]
Event: 2.035 Thread 0x00007ff1af89d000 Exception <a 'java/lang/NoSuchMethodError'{0x00000007013cf970}: 'long java.lang.invoke.DirectMethodHandle$Holder.invokeStatic(java.lang.Object, java.lang.Object, java.lang.Object)'> (0x00000007013cf970) 
thrown [./open/src/hotspot/share/interpreter/linkResolver.cpp, line 766]
Event: 2.035 Thread 0x00007ff1af89d000 Exception <a 'java/lang/NoSuchMethodError'{0x00000007013d2618}: 'long java.lang.invoke.DirectMethodHandle$Holder.invokeStaticInit(java.lang.Object, java.lang.Object, java.lang.Object)'> (0x00000007013d2618) 
thrown [./open/src/hotspot/share/interpreter/linkResolver.cpp, line 766]
Event: 2.047 Thread 0x00007ff1af89d000 Exception <a 'java/lang/NoSuchMethodError'{0x00000007013e68e8}: 'java.lang.Object java.lang.invoke.Invokers$Holder.linkToTargetMethod(java.lang.Object, long, java.lang.Object)'> (0x00000007013e68e8) 
thrown [./open/src/hotspot/share/interpreter/linkResolver.cpp, line 766]
Event: 3.611 Thread 0x00007ff1af89d000 Exception <a 'java/lang/NoSuchMethodError'{0x00000007010fcf70}: 'java.lang.Object java.lang.invoke.DirectMethodHandle$Holder.invokeStatic(java.lang.Object, java.lang.Object, long, int, int, int)'> (0x00000007010fcf70) 
thrown [./open/src/hotspot/share/interpreter/linkResolver.cpp, line 766]
Event: 3.613 Thread 0x00007ff1af89d000 Exception <a 'java/lang/NoSuchMethodError'{0x0000000700f8fde8}: 'java.lang.Object java.lang.invoke.DirectMethodHandle$Holder.invokeStatic(java.lang.Object, java.lang.Object, int, java.lang.Object, long, int, int, int, int)'> (0x0000000700f8fde8) 
thrown [./open/src/hotspot/share/interpreter/linkResolver.cpp, line 766]
Event: 5.041 Thread 0x00007ff1af89d000 Exception <a 'java/lang/NoSuchMethodError'{0x0000000700e5c8e0}: 'long java.lang.invoke.DirectMethodHandle$Holder.invokeStatic(java.lang.Object, java.lang.Object)'> (0x0000000700e5c8e0) 
thrown [./open/src/hotspot/share/interpreter/linkResolver.cpp, line 766]
Event: 5.111 Thread 0x00007ff1af86a800 Exception <a 'java/lang/NoSuchMethodError'{0x0000000701039048}: 'java.lang.Object java.lang.invoke.DirectMethodHandle$Holder.invokeStaticInit(java.lang.Object, int)'> (0x0000000701039048) 
thrown [./open/src/hotspot/share/interpreter/linkResolver.cpp, line 766]
Event: 5.698 Thread 0x00007ff1af89d000 Exception <a 'java/lang/NoSuchMethodError'{0x0000000700d6be18}: 'java.lang.Object java.lang.invoke.DirectMethodHandle$Holder.invokeStatic(java.lang.Object, java.lang.Object, int, int, int, int, int, java.lang.Object)'> (0x0000000700d6be18) 
thrown [./open/src/hotspot/share/interpreter/linkResolver.cpp, line 766]
Event: 5.699 Thread 0x00007ff1af89d000 Exception <a 'java/lang/NoSuchMethodError'{0x0000000700d7b328}: 'java.lang.Object java.lang.invoke.DirectMethodHandle$Holder.invokeStatic(java.lang.Object, java.lang.Object, java.lang.Object, int, int, int, int, int)'> (0x0000000700d7b328) 
thrown [./open/src/hotspot/share/interpreter/linkResolver.cpp, line 766]
Event: 5.700 Thread 0x00007ff1af89d000 Exception <a 'java/lang/NoSuchMethodError'{0x0000000700c00258}: 'java.lang.Object java.lang.invoke.Invokers$Holder.linkToTargetMethod(java.lang.Object, java.lang.Object, int, int, int, int, int, java.lang.Object)'> (0x0000000700c00258) 
thrown [./open/src/hotspot/share/interpreter/linkResolver.cpp, line 766]
Event: 5.793 Thread 0x00007ff1af89d000 Implicit null exception at 0x000000011e9335fa to 0x000000011e9341a8
Event: 5.794 Thread 0x00007ff1af89d000 Implicit null exception at 0x000000011e9335fa to 0x000000011e9341a8
Event: 5.794 Thread 0x00007ff1af89d000 Implicit null exception at 0x000000011e9335fa to 0x000000011e9341a8
Event: 5.794 Thread 0x00007ff1af89d000 Implicit null exception at 0x000000011e9335fa to 0x000000011e9341a8

Events (20 events):
Event: 6.599 Executing VM operation: HandshakeOneThread
Event: 6.599 Executing VM operation: HandshakeOneThread done
Event: 6.599 Executing VM operation: HandshakeOneThread
Event: 6.599 Executing VM operation: HandshakeOneThread done
Event: 6.599 Executing VM operation: HandshakeOneThread
Event: 6.599 Executing VM operation: HandshakeOneThread done
Event: 6.599 Executing VM operation: HandshakeOneThread
Event: 6.599 Executing VM operation: HandshakeOneThread done
Event: 6.599 Executing VM operation: HandshakeOneThread
Event: 6.599 Executing VM operation: HandshakeOneThread done
Event: 6.599 Executing VM operation: HandshakeOneThread
Event: 6.599 Executing VM operation: HandshakeOneThread done
Event: 6.599 Executing VM operation: HandshakeOneThread
Event: 6.599 Executing VM operation: HandshakeOneThread done
Event: 6.599 Executing VM operation: HandshakeOneThread
Event: 6.599 Executing VM operation: HandshakeOneThread done
Event: 6.602 Executing VM operation: HandshakeOneThread
Event: 6.602 Executing VM operation: HandshakeOneThread done
Event: 6.602 Executing VM operation: HandshakeOneThread
Event: 6.602 Executing VM operation: HandshakeOneThread done


Dynamic libraries:
0x00007ffdffe44000 	/Library/Apple/usr/libexec/oah/runtime
0x00007fff2a6c8000 	/usr/lib/libz.1.dylib
0x000000010ce12000 	/Users/florianleon/.p2/pool/plugins/org.eclipse.justj.openjdk.hotspot.jre.full.macosx.x86_64_14.0.2.v20200815-0932/jre/lib/libjli.dylib
0x00007fff35366000 	/System/Library/Frameworks/Cocoa.framework/Versions/A/Cocoa
0x00007fff22225000 	/System/Library/Frameworks/Security.framework/Versions/A/Security
0x00007fff33565000 	/System/Library/Frameworks/ApplicationServices.framework/Versions/A/ApplicationServices
0x00007fff2a794000 	/usr/lib/libSystem.B.dylib
0x00007fff2a78e000 	/usr/lib/system/libcache.dylib
0x00007fff2a74a000 	/usr/lib/system/libcommonCrypto.dylib
0x00007fff2a774000 	/usr/lib/system/libcompiler_rt.dylib
0x00007fff2a769000 	/usr/lib/system/libcopyfile.dylib
0x00007fff201c6000 	/usr/lib/system/libcorecrypto.dylib
0x00007fff20292000 	/usr/lib/system/libdispatch.dylib
0x00007fff20447000 	/usr/lib/system/libdyld.dylib
0x00007fff2a785000 	/usr/lib/system/libkeymgr.dylib
0x00007fff2dd23000 	/usr/lib/system/liblaunch.dylib
0x00007fff2a728000 	/usr/lib/system/libmacho.dylib
0x00007fff29f3e000 	/usr/lib/system/libquarantine.dylib
0x00007fff2a782000 	/usr/lib/system/libremovefile.dylib
0x00007fff24bba000 	/usr/lib/system/libsystem_asl.dylib
0x00007fff20176000 	/usr/lib/system/libsystem_blocks.dylib
0x00007fff20314000 	/usr/lib/system/libsystem_c.dylib
0x00007fff2a77c000 	/usr/lib/system/libsystem_collections.dylib
0x00007fff2932b000 	/usr/lib/system/libsystem_configuration.dylib
0x00007fff2861b000 	/usr/lib/system/libsystem_containermanager.dylib
0x00007fff2a4c0000 	/usr/lib/system/libsystem_coreservices.dylib
0x00007fff227d9000 	/usr/lib/system/libsystem_darwin.dylib
0x00007fff2a786000 	/usr/lib/system/libsystem_dnssd.dylib
0x00007fff20311000 	/usr/lib/system/libsystem_featureflags.dylib
0x00007fff2048c000 	/usr/lib/system/libsystem_info.dylib
0x00007fff2a6db000 	/usr/lib/system/libsystem_m.dylib
0x00007fff20265000 	/usr/lib/system/libsystem_malloc.dylib
0x00007fff24b4e000 	/usr/lib/system/libsystem_networkextension.dylib
0x00007fff22bf3000 	/usr/lib/system/libsystem_notify.dylib
0x00007fff301d0000 	/usr/lib/system/libsystem_product_info_filter.dylib
0x00007fff2932f000 	/usr/lib/system/libsystem_sandbox.dylib
0x00007fff2a77f000 	/usr/lib/system/libsystem_secinit.dylib
0x00007fff2040c000 	/usr/lib/system/libsystem_kernel.dylib
0x00007fff20482000 	/usr/lib/system/libsystem_platform.dylib
0x00007fff2043b000 	/usr/lib/system/libsystem_pthread.dylib
0x00007fff262e7000 	/usr/lib/system/libsystem_symptoms.dylib
0x00007fff201ae000 	/usr/lib/system/libsystem_trace.dylib
0x00007fff2a756000 	/usr/lib/system/libunwind.dylib
0x00007fff20178000 	/usr/lib/system/libxpc.dylib
0x00007fff203f3000 	/usr/lib/libc++abi.dylib
0x00007fff202d7000 	/usr/lib/libobjc.A.dylib
0x00007fff2a761000 	/usr/lib/liboah.dylib
0x00007fff2039d000 	/usr/lib/libc++.1.dylib
0x00007fff204b8000 	/System/Library/Frameworks/CoreFoundation.framework/Versions/A/CoreFoundation
0x00007fff2119a000 	/System/Library/Frameworks/Foundation.framework/Versions/C/Foundation
0x00007fff22c4b000 	/System/Library/Frameworks/AppKit.framework/Versions/C/AppKit
0x00007fff25b07000 	/System/Library/Frameworks/CoreData.framework/Versions/A/CoreData
0x00007fff239ae000 	/System/Library/PrivateFrameworks/UIFoundation.framework/Versions/A/UIFoundation
0x00007fff2ff49000 	/System/Library/PrivateFrameworks/RemoteViewServices.framework/Versions/A/RemoteViewServices
0x00007fff28ce5000 	/System/Library/PrivateFrameworks/XCTTargetBootstrap.framework/Versions/A/XCTTargetBootstrap
0x00007fff2ba31000 	/usr/lib/libspindump.dylib
0x00007fff23c02000 	/System/Library/Frameworks/UniformTypeIdentifiers.framework/Versions/A/UniformTypeIdentifiers
0x00007fff274bc000 	/usr/lib/libapp_launch_measurement.dylib
0x00007fff274bf000 	/System/Library/PrivateFrameworks/CoreAutoLayout.framework/Versions/A/CoreAutoLayout
0x00007fff28647000 	/System/Library/Frameworks/Metal.framework/Versions/A/Metal
0x00007fff2933a000 	/usr/lib/liblangid.dylib
0x00007fff28ce9000 	/System/Library/PrivateFrameworks/CoreSVG.framework/Versions/A/CoreSVG
0x00007fff24be9000 	/System/Library/PrivateFrameworks/SkyLight.framework/Versions/A/SkyLight
0x00007fff24f4f000 	/System/Library/Frameworks/CoreGraphics.framework/Versions/A/CoreGraphics
0x00007fff305a0000 	/System/Library/Frameworks/Accelerate.framework/Versions/A/Accelerate
0x00007fff2b46c000 	/System/Library/PrivateFrameworks/IconServices.framework/Versions/A/IconServices
0x00007fff2862c000 	/System/Library/Frameworks/IOSurface.framework/Versions/A/IOSurface
0x00007fff26499000 	/usr/lib/libDiagnosticMessagesClient.dylib
0x00007fff28cd1000 	/System/Library/PrivateFrameworks/DFRFoundation.framework/Versions/A/DFRFoundation
0x00007fff22577000 	/usr/lib/libicucore.A.dylib
0x00007fff2cf71000 	/System/Library/Frameworks/AudioToolbox.framework/Versions/A/AudioToolbox
0x00007fff2c217000 	/System/Library/PrivateFrameworks/DataDetectorsCore.framework/Versions/A/DataDetectorsCore
0x00007fff289d1000 	/System/Library/Frameworks/Carbon.framework/Versions/A/Frameworks/HIToolbox.framework/Versions/A/HIToolbox
0x00007fff26f14000 	/System/Library/Frameworks/QuartzCore.framework/Versions/A/QuartzCore
0x00007fff2ff85000 	/System/Library/Frameworks/Carbon.framework/Versions/A/Frameworks/SpeechRecognition.framework/Versions/A/SpeechRecognition
0x00007fff27224000 	/System/Library/PrivateFrameworks/CoreUI.framework/Versions/A/CoreUI
0x00007fff21b81000 	/System/Library/Frameworks/CoreAudio.framework/Versions/A/CoreAudio
0x00007fff26584000 	/System/Library/Frameworks/DiskArbitration.framework/Versions/A/DiskArbitration
0x00007fff2be2b000 	/System/Library/PrivateFrameworks/MultitouchSupport.framework/Versions/A/MultitouchSupport
0x00007fff2c20e000 	/System/Library/PrivateFrameworks/InternationalSupport.framework/Versions/A/InternationalSupport
0x00007fff24b5d000 	/usr/lib/libenergytrace.dylib
0x00007fff22b45000 	/System/Library/Frameworks/IOKit.framework/Versions/A/IOKit
0x00007fff302d2000 	/System/Library/Frameworks/CoreServices.framework/Versions/A/CoreServices
0x00007fff27452000 	/System/Library/PrivateFrameworks/PerformanceAnalysis.framework/Versions/A/PerformanceAnalysis
0x00007fff6cbdb000 	/System/Library/Frameworks/OpenGL.framework/Versions/A/OpenGL
0x00007fff2c293000 	/System/Library/PrivateFrameworks/UserActivity.framework/Versions/A/UserActivity
0x00007fff25609000 	/System/Library/Frameworks/ColorSync.framework/Versions/A/ColorSync
0x00007fff28f51000 	/System/Library/Frameworks/CoreImage.framework/Versions/A/CoreImage
0x00007fff21998000 	/System/Library/Frameworks/CoreText.framework/Versions/A/CoreText
0x00007fff28d13000 	/System/Library/Frameworks/ImageIO.framework/Versions/A/ImageIO
0x00007fff2a79a000 	/System/Library/PrivateFrameworks/SoftLinking.framework/Versions/A/SoftLinking
0x00007fff27508000 	/usr/lib/libxml2.2.dylib
0x00007fff2aa0c000 	/usr/lib/libcompression.dylib
0x00007fff24b5e000 	/usr/lib/libMobileGestalt.dylib
0x00007fff2c141000 	/System/Library/PrivateFrameworks/TextureIO.framework/Versions/A/TextureIO
0x00007fff2b0f9000 	/usr/lib/libate.dylib
0x00007fff2ae25000 	/usr/lib/liblzma.5.dylib
0x00007fff20eae000 	/System/Library/Frameworks/SystemConfiguration.framework/Versions/A/SystemConfiguration
0x00007fff2a796000 	/usr/lib/libfakelink.dylib
0x00007fff246b0000 	/System/Library/Frameworks/CFNetwork.framework/Versions/A/CFNetwork
0x00007fff2a8d6000 	/usr/lib/libarchive.2.dylib
0x00007fff20f2c000 	/usr/lib/libCRFSuite.dylib
0x00007fff29f65000 	/usr/lib/libbsm.0.dylib
0x00007fff2406c000 	/usr/lib/libnetwork.dylib
0x00007fff2a79b000 	/usr/lib/libpcap.A.dylib
0x00007fff262e0000 	/usr/lib/libdns_services.dylib
0x00007fff2ae3e000 	/usr/lib/libcoretls_cfhelpers.dylib
0x00007fff2a9da000 	/usr/lib/libapple_nghttp2.dylib
0x00007fff2a72e000 	/usr/lib/system/libkxld.dylib
0x00007fff25f4e000 	/usr/lib/libsqlite3.dylib
0x00007fff2a4a2000 	/System/Library/PrivateFrameworks/AppleFSCompression.framework/Versions/A/AppleFSCompression
0x00007fff29f4d000 	/usr/lib/libcoretls.dylib
0x00007fff2aa07000 	/usr/lib/libpam.2.dylib
0x00007fff2af3a000 	/usr/lib/libxar.1.dylib
0x00007fff29336000 	/System/Library/PrivateFrameworks/AppleSystemInfo.framework/Versions/A/AppleSystemInfo
0x00007fff29b90000 	/System/Library/PrivateFrameworks/IOMobileFramebuffer.framework/Versions/A/IOMobileFramebuffer
0x00007fff2a4b2000 	/usr/lib/libbz2.1.0.dylib
0x00007fff2a7d3000 	/usr/lib/libiconv.2.dylib
0x00007fff2a727000 	/usr/lib/libcharset.1.dylib
0x00007fff2748e000 	/System/Library/Frameworks/CoreServices.framework/Versions/A/Frameworks/FSEvents.framework/Versions/A/FSEvents
0x00007fff227e3000 	/System/Library/Frameworks/CoreServices.framework/Versions/A/Frameworks/CarbonCore.framework/Versions/A/CarbonCore
0x00007fff264e9000 	/System/Library/Frameworks/CoreServices.framework/Versions/A/Frameworks/Metadata.framework/Versions/A/Metadata
0x00007fff2a4c5000 	/System/Library/Frameworks/CoreServices.framework/Versions/A/Frameworks/OSServices.framework/Versions/A/OSServices
0x00007fff2a948000 	/System/Library/Frameworks/CoreServices.framework/Versions/A/Frameworks/SearchKit.framework/Versions/A/SearchKit
0x00007fff2626a000 	/System/Library/Frameworks/CoreServices.framework/Versions/A/Frameworks/AE.framework/Versions/A/AE
0x00007fff20954000 	/System/Library/Frameworks/CoreServices.framework/Versions/A/Frameworks/LaunchServices.framework/Versions/A/LaunchServices
0x00007fff2add6000 	/System/Library/Frameworks/CoreServices.framework/Versions/A/Frameworks/DictionaryServices.framework/Versions/A/DictionaryServices
0x00007fff27497000 	/System/Library/Frameworks/CoreServices.framework/Versions/A/Frameworks/SharedFileList.framework/Versions/A/SharedFileList
0x00007fff29f41000 	/usr/lib/libCheckFix.dylib
0x00007fff24bd1000 	/System/Library/PrivateFrameworks/TCC.framework/Versions/A/TCC
0x00007fff2933c000 	/System/Library/PrivateFrameworks/CoreNLP.framework/Versions/A/CoreNLP
0x00007fff2649c000 	/System/Library/PrivateFrameworks/MetadataUtilities.framework/Versions/A/MetadataUtilities
0x00007fff20f62000 	/usr/lib/libmecabra.dylib
0x00007fff2a255000 	/System/Library/Frameworks/MLCompute.framework/Versions/A/MLCompute
0x00007fff29f76000 	/usr/lib/libmecab.dylib
0x00007fff29fc0000 	/usr/lib/libgermantok.dylib
0x00007fff2a9b0000 	/usr/lib/libThaiTokenizer.dylib
0x00007fff2af75000 	/usr/lib/libChineseTokenizer.dylib
0x00007fff2aa05000 	/System/Library/Frameworks/MetalPerformanceShaders.framework/Versions/A/MetalPerformanceShaders
0x00007fff2658b000 	/System/Library/Frameworks/Accelerate.framework/Versions/A/Frameworks/vImage.framework/Versions/A/vImage
0x00007fff302ab000 	/System/Library/Frameworks/Accelerate.framework/Versions/A/Frameworks/vecLib.framework/Versions/A/vecLib
0x00007fff2af80000 	/System/Library/Frameworks/Accelerate.framework/Versions/A/Frameworks/vecLib.framework/Versions/A/libvMisc.dylib
0x00007fff299ec000 	/System/Library/Frameworks/Accelerate.framework/Versions/A/Frameworks/vecLib.framework/Versions/A/libvDSP.dylib
0x00007fff20c58000 	/System/Library/Frameworks/Accelerate.framework/Versions/A/Frameworks/vecLib.framework/Versions/A/libBLAS.dylib
0x00007fff2aa2b000 	/System/Library/Frameworks/Accelerate.framework/Versions/A/Frameworks/vecLib.framework/Versions/A/libLAPACK.dylib
0x00007fff29fc6000 	/System/Library/Frameworks/Accelerate.framework/Versions/A/Frameworks/vecLib.framework/Versions/A/libLinearAlgebra.dylib
0x00007fff2a9f2000 	/System/Library/Frameworks/Accelerate.framework/Versions/A/Frameworks/vecLib.framework/Versions/A/libSparseBLAS.dylib
0x00007fff2aa25000 	/System/Library/Frameworks/Accelerate.framework/Versions/A/Frameworks/vecLib.framework/Versions/A/libQuadrature.dylib
0x00007fff293e4000 	/System/Library/Frameworks/Accelerate.framework/Versions/A/Frameworks/vecLib.framework/Versions/A/libBNNS.dylib
0x00007fff20e3f000 	/System/Library/Frameworks/Accelerate.framework/Versions/A/Frameworks/vecLib.framework/Versions/A/libSparse.dylib
0x00007fff292cf000 	/System/Library/Frameworks/MetalPerformanceShaders.framework/Versions/A/Frameworks/MPSCore.framework/Versions/A/MPSCore
0x00007fff2a411000 	/System/Library/Frameworks/MetalPerformanceShaders.framework/Versions/A/Frameworks/MPSImage.framework/Versions/A/MPSImage
0x00007fff29fdd000 	/System/Library/Frameworks/MetalPerformanceShaders.framework/Versions/A/Frameworks/MPSNeuralNetwork.framework/Versions/A/MPSNeuralNetwork
0x00007fff2a39c000 	/System/Library/Frameworks/MetalPerformanceShaders.framework/Versions/A/Frameworks/MPSMatrix.framework/Versions/A/MPSMatrix
0x00007fff2a205000 	/System/Library/Frameworks/MetalPerformanceShaders.framework/Versions/A/Frameworks/MPSRayIntersector.framework/Versions/A/MPSRayIntersector
0x00007fff2a3d3000 	/System/Library/Frameworks/MetalPerformanceShaders.framework/Versions/A/Frameworks/MPSNDArray.framework/Versions/A/MPSNDArray
0x00007fff20b84000 	/System/Library/PrivateFrameworks/MetalTools.framework/Versions/A/MetalTools
0x00007fff29334000 	/System/Library/PrivateFrameworks/AggregateDictionary.framework/Versions/A/AggregateDictionary
0x00007fff26474000 	/System/Library/PrivateFrameworks/CoreAnalytics.framework/Versions/A/CoreAnalytics
0x00007fff2a9b2000 	/System/Library/PrivateFrameworks/AppleSauce.framework/Versions/A/AppleSauce
0x00007fff2863e000 	/System/Library/PrivateFrameworks/IOAccelerator.framework/Versions/A/IOAccelerator
0x00007fff6cbcf000 	/System/Library/Frameworks/OpenGL.framework/Versions/A/Libraries/libCoreFSCache.dylib
0x00007fff214fe000 	/System/Library/PrivateFrameworks/LanguageModeling.framework/Versions/A/LanguageModeling
0x00007fff29b7d000 	/System/Library/PrivateFrameworks/CoreEmoji.framework/Versions/A/CoreEmoji
0x00007fff293dd000 	/System/Library/PrivateFrameworks/LinguisticData.framework/Versions/A/LinguisticData
0x00007fff20df1000 	/System/Library/PrivateFrameworks/Lexicon.framework/Versions/A/Lexicon
0x00007fff2a8c4000 	/usr/lib/libcmph.dylib
0x00007fff2746e000 	/System/Library/Frameworks/OpenDirectory.framework/Versions/A/Frameworks/CFOpenDirectory.framework/Versions/A/CFOpenDirectory
0x00007fff2745e000 	/System/Library/Frameworks/OpenDirectory.framework/Versions/A/OpenDirectory
0x00007fff2ae40000 	/System/Library/PrivateFrameworks/APFS.framework/Versions/A/APFS
0x00007fff29ea2000 	/System/Library/Frameworks/SecurityFoundation.framework/Versions/A/SecurityFoundation
0x00007fff2af48000 	/usr/lib/libutil.dylib
0x00007fff22b0a000 	/System/Library/PrivateFrameworks/CoreServicesStore.framework/Versions/A/CoreServicesStore
0x00007fff29f39000 	/System/Library/Frameworks/ServiceManagement.framework/Versions/A/ServiceManagement
0x00007fff2af4c000 	/usr/lib/libxslt.1.dylib
0x00007fff29f2f000 	/System/Library/PrivateFrameworks/BackgroundTaskManagement.framework/Versions/A/BackgroundTaskManagement
0x00007fff2c08c000 	/System/Library/Frameworks/ImageIO.framework/Versions/A/Resources/libRadiance.dylib
0x00007fff2c095000 	/System/Library/Frameworks/ImageIO.framework/Versions/A/Resources/libJPEG.dylib
0x00007fff2bfe5000 	/System/Library/Frameworks/ImageIO.framework/Versions/A/Resources/libPng.dylib
0x00007fff2c00c000 	/System/Library/Frameworks/ImageIO.framework/Versions/A/Resources/libTIFF.dylib
0x00007fff2c0ea000 	/System/Library/Frameworks/ImageIO.framework/Versions/A/Resources/libGIF.dylib
0x00007fff2bd49000 	/System/Library/Frameworks/ImageIO.framework/Versions/A/Resources/libJP2.dylib
0x00007fff2b433000 	/usr/lib/libexpat.1.dylib
0x00007fff2bcfe000 	/System/Library/PrivateFrameworks/AppleJPEG.framework/Versions/A/AppleJPEG
0x00007fff28874000 	/System/Library/PrivateFrameworks/FontServices.framework/libFontParser.dylib
0x00007fff2621e000 	/System/Library/PrivateFrameworks/RunningBoardServices.framework/Versions/A/RunningBoardServices
0x00007fff2be27000 	/System/Library/PrivateFrameworks/WatchdogClient.framework/Versions/A/WatchdogClient
0x00007fff215eb000 	/System/Library/Frameworks/CoreDisplay.framework/Versions/A/CoreDisplay
0x00007fff2878a000 	/System/Library/Frameworks/CoreMedia.framework/Versions/A/CoreMedia
0x00007fff275eb000 	/System/Library/Frameworks/CoreVideo.framework/Versions/A/CoreVideo
0x00007fff2be5f000 	/System/Library/Frameworks/VideoToolbox.framework/Versions/A/VideoToolbox
0x00007fff2619c000 	/System/Library/PrivateFrameworks/BaseBoard.framework/Versions/A/BaseBoard
0x00007fff2b578000 	/System/Library/PrivateFrameworks/PersistentConnection.framework/Versions/A/PersistentConnection
0x00007fff25f37000 	/System/Library/PrivateFrameworks/ProtocolBuffer.framework/Versions/A/ProtocolBuffer
0x00007fff26183000 	/System/Library/PrivateFrameworks/CommonUtilities.framework/Versions/A/CommonUtilities
0x00007fff2bc93000 	/System/Library/PrivateFrameworks/Bom.framework/Versions/A/Bom
0x00007fff2c085000 	/System/Library/PrivateFrameworks/GPUWrangler.framework/Versions/A/GPUWrangler
0x00007fff2c06a000 	/System/Library/PrivateFrameworks/IOPresentment.framework/Versions/A/IOPresentment
0x00007fff2c08f000 	/System/Library/PrivateFrameworks/DSExternalDisplay.framework/Versions/A/DSExternalDisplay
0x00007fff2c0ef000 	/System/Library/PrivateFrameworks/CMCaptureCore.framework/Versions/A/CMCaptureCore
0x00007fff2ba18000 	/System/Library/PrivateFrameworks/AppServerSupport.framework/Versions/A/AppServerSupport
0x00007fff2dac2000 	/System/Library/PrivateFrameworks/perfdata.framework/Versions/A/perfdata
0x00007fff29e91000 	/System/Library/PrivateFrameworks/AssertionServices.framework/Versions/A/AssertionServices
0x00007fff21722000 	/System/Library/PrivateFrameworks/AudioToolboxCore.framework/Versions/A/AudioToolboxCore
0x00007fff2876d000 	/System/Library/PrivateFrameworks/caulk.framework/Versions/A/caulk
0x00007fff3d74f000 	/System/Library/PrivateFrameworks/SystemPolicy.framework/Versions/A/SystemPolicy
0x00007fff2b228000 	/usr/lib/libIOReport.dylib
0x00007fff2d2e4000 	/usr/lib/libSMC.dylib
0x00007fff2bfb2000 	/usr/lib/libAudioToolboxUtility.dylib
0x00007fff3e0b9000 	/usr/lib/libmis.dylib
0x00007fff6cc2b000 	/System/Library/Frameworks/OpenGL.framework/Versions/A/Libraries/libGLU.dylib
0x00007fff6cbee000 	/System/Library/Frameworks/OpenGL.framework/Versions/A/Libraries/libGFXShared.dylib
0x00007fff6cdfd000 	/System/Library/Frameworks/OpenGL.framework/Versions/A/Libraries/libGL.dylib
0x00007fff6cbf7000 	/System/Library/Frameworks/OpenGL.framework/Versions/A/Libraries/libGLImage.dylib
0x00007fff6cbeb000 	/System/Library/Frameworks/OpenGL.framework/Versions/A/Libraries/libCVMSPluginSupport.dylib
0x00007fff6cbd6000 	/System/Library/Frameworks/OpenGL.framework/Versions/A/Libraries/libCoreVMClient.dylib
0x00007fff6e23e000 	/System/Library/Frameworks/OpenCL.framework/Versions/A/OpenCL
0x00007fff2b5a2000 	/System/Library/PrivateFrameworks/GraphVisualizer.framework/Versions/A/GraphVisualizer
0x00007fff2b5b1000 	/System/Library/PrivateFrameworks/FaceCore.framework/Versions/A/FaceCore
0x00007fff2b9cd000 	/System/Library/PrivateFrameworks/OTSVG.framework/Versions/A/OTSVG
0x00007fff271e2000 	/System/Library/Frameworks/ApplicationServices.framework/Versions/A/Frameworks/ATS.framework/Versions/A/Resources/libFontRegistry.dylib
0x00007fff2ba1f000 	/System/Library/PrivateFrameworks/FontServices.framework/libhvf.dylib
0x00007fff2b3df000 	/System/Library/PrivateFrameworks/AppleVA.framework/Versions/A/AppleVA
0x00007fff2d12d000 	/System/Library/Frameworks/ApplicationServices.framework/Versions/A/Frameworks/ATS.framework/Versions/A/ATS
0x00007fff2d43f000 	/System/Library/Frameworks/ApplicationServices.framework/Versions/A/Frameworks/ColorSyncLegacy.framework/Versions/A/ColorSyncLegacy
0x00007fff25700000 	/System/Library/Frameworks/ApplicationServices.framework/Versions/A/Frameworks/HIServices.framework/Versions/A/HIServices
0x00007fff2d424000 	/System/Library/Frameworks/ApplicationServices.framework/Versions/A/Frameworks/LangAnalysis.framework/Versions/A/LangAnalysis
0x00007fff2c0f9000 	/System/Library/Frameworks/ApplicationServices.framework/Versions/A/Frameworks/PrintCore.framework/Versions/A/PrintCore
0x00007fff2d447000 	/System/Library/Frameworks/ApplicationServices.framework/Versions/A/Frameworks/QD.framework/Versions/A/QD
0x00007fff2d11d000 	/System/Library/Frameworks/ApplicationServices.framework/Versions/A/Frameworks/SpeechSynthesis.framework/Versions/A/SpeechSynthesis
0x00007fff2c0ba000 	/System/Library/Frameworks/ApplicationServices.framework/Versions/A/Frameworks/ATSUI.framework/Versions/A/ATSUI
0x00007fff2d3c4000 	/usr/lib/libcups.2.dylib
0x00007fff2d434000 	/System/Library/PrivateFrameworks/NetAuth.framework/Versions/A/NetAuth
0x00007fff2dade000 	/System/Library/Frameworks/Kerberos.framework/Versions/A/Kerberos
0x00007fff2daee000 	/System/Library/Frameworks/GSS.framework/Versions/A/GSS
0x00007fff2d199000 	/usr/lib/libresolv.9.dylib
0x00007fff2ba34000 	/System/Library/PrivateFrameworks/Heimdal.framework/Versions/A/Heimdal
0x00007fff33865000 	/System/Library/Frameworks/Kerberos.framework/Versions/A/Libraries/libHeimdalProxy.dylib
0x00007fff262ef000 	/System/Library/Frameworks/Network.framework/Versions/A/Network
0x00007fff2b44d000 	/usr/lib/libheimdal-asn1.dylib
0x00007fff2db3e000 	/System/Library/PrivateFrameworks/CommonAuth.framework/Versions/A/CommonAuth
0x00007fff27638000 	/System/Library/PrivateFrameworks/login.framework/Versions/A/Frameworks/loginsupport.framework/Versions/A/loginsupport
0x00007fff2d0a2000 	/System/Library/PrivateFrameworks/AudioSession.framework/Versions/A/AudioSession
0x00007fff2d10a000 	/usr/lib/libAudioStatistics.dylib
0x00007fff2b4da000 	/System/Library/PrivateFrameworks/MediaExperience.framework/Versions/A/MediaExperience
0x00007fff2cf3f000 	/System/Library/PrivateFrameworks/AudioSession.framework/libSessionUtility.dylib
0x00007fff2dacf000 	/usr/lib/libperfcheck.dylib
0x00007fff2d453000 	/System/Library/PrivateFrameworks/AudioResourceArbitration.framework/Versions/A/AudioResourceArbitration
0x00007fff2b457000 	/System/Library/PrivateFrameworks/IconFoundation.framework/Versions/A/IconFoundation
0x00007fff2ff75000 	/System/Library/PrivateFrameworks/SpeechRecognitionCore.framework/Versions/A/SpeechRecognitionCore
0x0000000111000000 	/Users/florianleon/.p2/pool/plugins/org.eclipse.justj.openjdk.hotspot.jre.full.macosx.x86_64_14.0.2.v20200815-0932/jre/lib/server/libjvm.dylib
0x000000010ce9c000 	/Users/florianleon/.p2/pool/plugins/org.eclipse.justj.openjdk.hotspot.jre.full.macosx.x86_64_14.0.2.v20200815-0932/jre/lib/libjimage.dylib
0x000000010cefc000 	/Users/florianleon/.p2/pool/plugins/org.eclipse.justj.openjdk.hotspot.jre.full.macosx.x86_64_14.0.2.v20200815-0932/jre/lib/libjava.dylib
0x000000010cf58000 	/Users/florianleon/.p2/pool/plugins/org.eclipse.justj.openjdk.hotspot.jre.full.macosx.x86_64_14.0.2.v20200815-0932/jre/lib/libzip.dylib
0x0000000133dc5000 	/Users/florianleon/.p2/pool/plugins/org.eclipse.justj.openjdk.hotspot.jre.full.macosx.x86_64_14.0.2.v20200815-0932/jre/lib/libnio.dylib
0x0000000133df2000 	/Users/florianleon/.p2/pool/plugins/org.eclipse.justj.openjdk.hotspot.jre.full.macosx.x86_64_14.0.2.v20200815-0932/jre/lib/libnet.dylib
0x0000000134069000 	/Users/florianleon/javafx-sdk-11.0.2/lib/libprism_es2.dylib
0x00007fff22acb000 	/System/Library/PrivateFrameworks/CoreServicesInternal.framework/Versions/A/CoreServicesInternal
0x00007fff6ce08000 	/System/Library/Frameworks/OpenGL.framework/Versions/A/Resources/GLEngine.bundle/GLEngine
0x00007fff6cc68000 	/System/Library/Frameworks/OpenGL.framework/Versions/A/Libraries/libGLProgrammability.dylib
0x0000000134158000 	/System/Library/Extensions/AppleMetalOpenGLRenderer.bundle/Contents/MacOS/AppleMetalOpenGLRenderer
0x00007fff6cf84000 	/System/Library/Frameworks/OpenGL.framework/Versions/A/Resources/GLRendererFloat.bundle/GLRendererFloat
0x00000001342ae000 	/System/Library/Extensions/AGXMetal13_3.bundle/Contents/MacOS/AGXMetal13_3
0x00007fff38b23000 	/System/Library/PrivateFrameworks/IOGPU.framework/Versions/A/IOGPU
0x00007fff6a761000 	/System/Library/PrivateFrameworks/GPUCompiler.framework/Versions/31001/Libraries/libmetal_timestamp.dylib
0x0000000135894000 	/Users/florianleon/javafx-sdk-11.0.2/lib/libglass.dylib
0x00007fff3145b000 	/System/Library/Frameworks/FileProvider.framework/Versions/A/FileProvider
0x00007fff26106000 	/System/Library/Frameworks/Accounts.framework/Versions/A/Accounts
0x00007fff3157c000 	/System/Library/PrivateFrameworks/GenerationalStorage.framework/Versions/A/GenerationalStorage
0x00007fff31f3b000 	/System/Library/PrivateFrameworks/CoreSymbolication.framework/Versions/A/CoreSymbolication
0x00007fff30e7a000 	/System/Library/PrivateFrameworks/SymptomDiagnosticReporter.framework/Versions/A/SymptomDiagnosticReporter
0x00007fff2e787000 	/System/Library/PrivateFrameworks/AppContainer.framework/Versions/A/AppContainer
0x00007fff23c15000 	/System/Library/PrivateFrameworks/DesktopServicesPriv.framework/Versions/A/DesktopServicesPriv
0x00007fff22bff000 	/usr/lib/libsandbox.1.dylib
0x00007fff27664000 	/System/Library/PrivateFrameworks/UserManagement.framework/Versions/A/UserManagement
0x00007fff29e6e000 	/System/Library/PrivateFrameworks/MobileKeyBag.framework/Versions/A/MobileKeyBag
0x00007fff348ce000 	/System/Library/PrivateFrameworks/ChunkingLibrary.framework/Versions/A/ChunkingLibrary
0x00007fff31efe000 	/System/Library/PrivateFrameworks/DebugSymbols.framework/Versions/A/DebugSymbols
0x00007fff2e79c000 	/System/Library/PrivateFrameworks/SecCodeWrapper.framework/Versions/A/SecCodeWrapper
0x00007fff2b230000 	/System/Library/PrivateFrameworks/CrashReporterSupport.framework/Versions/A/CrashReporterSupport
0x00007fff48630000 	/System/Library/PrivateFrameworks/OSAnalytics.framework/Versions/A/OSAnalytics
0x00007fff783cf000 	/usr/lib/libRosetta.dylib
0x00007fff332b1000 	/System/Library/PrivateFrameworks/RemoteServiceDiscovery.framework/Versions/A/RemoteServiceDiscovery
0x00007fff525ee000 	/System/Library/PrivateFrameworks/Symbolication.framework/Versions/A/Symbolication
0x00007fff332c1000 	/System/Library/PrivateFrameworks/RemoteXPC.framework/Versions/A/RemoteXPC
0x00007fff397be000 	/System/Library/PrivateFrameworks/OSAServicesClient.framework/Versions/A/OSAServicesClient
0x00007fff3e098000 	/System/Library/PrivateFrameworks/MallocStackLogging.framework/Versions/A/MallocStackLogging
0x00007fff2e51e000 	/System/Library/PrivateFrameworks/Sharing.framework/Versions/A/Sharing
0x00007fff32e8e000 	/System/Library/PrivateFrameworks/Apple80211.framework/Versions/A/Apple80211
0x00007fff2a4f3000 	/System/Library/PrivateFrameworks/AuthKit.framework/Versions/A/AuthKit
0x00007fff29c6e000 	/System/Library/PrivateFrameworks/CoreUtils.framework/Versions/A/CoreUtils
0x00007fff29b9b000 	/System/Library/Frameworks/CoreWLAN.framework/Versions/A/CoreWLAN
0x00007fff2e666000 	/System/Library/Frameworks/IOBluetooth.framework/Versions/A/IOBluetooth
0x00007fff32ef2000 	/System/Library/PrivateFrameworks/CoreWiFi.framework/Versions/A/CoreWiFi
0x00007fff2dbc6000 	/System/Library/PrivateFrameworks/CorePhoneNumbers.framework/Versions/A/CorePhoneNumbers
0x00007fff30f82000 	/System/Library/PrivateFrameworks/DiskManagement.framework/Versions/A/DiskManagement
0x00007fff30e98000 	/System/Library/PrivateFrameworks/AppleIDAuthSupport.framework/Versions/A/AppleIDAuthSupport
0x00007fff2dba3000 	/System/Library/PrivateFrameworks/KeychainCircle.framework/Versions/A/KeychainCircle
0x00007fff30f4e000 	/System/Library/PrivateFrameworks/MediaKit.framework/Versions/A/MediaKit
0x00007fff30ea5000 	/System/Library/Frameworks/DiscRecording.framework/Versions/A/DiscRecording
0x00007fff2b353000 	/usr/lib/libCoreStorage.dylib
0x00007fff3332c000 	/usr/lib/libcsfde.dylib
0x00007fff2e7a0000 	/System/Library/PrivateFrameworks/ProtectedCloudStorage.framework/Versions/A/ProtectedCloudStorage
0x00007fff33324000 	/System/Library/PrivateFrameworks/EFILogin.framework/Versions/A/EFILogin
0x00007fff33918000 	/System/Library/Frameworks/AudioUnit.framework/Versions/A/AudioUnit
0x00007fff30e17000 	/System/Library/Frameworks/CoreBluetooth.framework/Versions/A/CoreBluetooth
0x00007fff2b34b000 	/usr/lib/libMatch.1.dylib
0x0000000136ea8000 	/usr/lib/libobjc-trampolines.dylib
0x00007fff41cbf000 	/System/Library/Frameworks/Accelerate.framework/Versions/A/Frameworks/vImage.framework/Versions/A/Libraries/libCGInterfaces.dylib
0x00007fff27366000 	/System/Library/PrivateFrameworks/ViewBridge.framework/Versions/A/ViewBridge
0x00007fff2baf5000 	/System/Library/PrivateFrameworks/login.framework/Versions/A/login
0x000000013a34a000 	/Users/florianleon/javafx-sdk-11.0.2/lib/libjavafx_font.dylib
0x00007fff7049e000 	/System/Library/PrivateFrameworks/AccessibilityBundles.framework/Versions/A/AccessibilityBundles
0x00007fff3061e000 	/System/Library/PrivateFrameworks/SystemAdministration.framework/Versions/A/SystemAdministration
0x00007fff2c2f2000 	/System/Library/Frameworks/MediaToolbox.framework/Versions/A/MediaToolbox
0x00007fff2ff3d000 	/System/Library/Frameworks/DirectoryService.framework/Versions/A/DirectoryService
0x00007fff331ca000 	/System/Library/PrivateFrameworks/DiskImages.framework/Versions/A/DiskImages
0x00007fff3339e000 	/System/Library/PrivateFrameworks/LoginUIKit.framework/Versions/A/Frameworks/LoginUICore.framework/Versions/A/LoginUICore
0x00007fff2bc8f000 	/usr/lib/libodfde.dylib
0x00007fff3142d000 	/System/Library/PrivateFrameworks/CoreAVCHD.framework/Versions/A/CoreAVCHD
0x00007fff305e1000 	/System/Library/Frameworks/MediaAccessibility.framework/Versions/A/MediaAccessibility
0x00007fff31429000 	/System/Library/PrivateFrameworks/Mangrove.framework/Versions/A/Mangrove
0x00007fff305ed000 	/System/Library/PrivateFrameworks/AlgosScoreFramework.framework/Versions/A/AlgosScoreFramework
0x00007fff31dee000 	/System/Library/PrivateFrameworks/AppleVPA.framework/Versions/A/AppleVPA
0x00007fff3106e000 	/System/Library/PrivateFrameworks/CoreAUC.framework/Versions/A/CoreAUC
0x00007fff33338000 	/usr/lib/libcurl.4.dylib
0x00007fff33098000 	/usr/lib/libcrypto.44.dylib
0x00007fff3319c000 	/usr/lib/libssl.46.dylib
0x00007fff3305e000 	/System/Library/Frameworks/LDAP.framework/Versions/A/LDAP
0x00007fff33096000 	/System/Library/PrivateFrameworks/TrustEvaluationAgent.framework/Versions/A/TrustEvaluationAgent
0x00007fff2d1b2000 	/usr/lib/libsasl2.2.dylib
0x00007fff30612000 	/System/Library/PrivateFrameworks/CoreDaemon.framework/Versions/B/CoreDaemon
0x00007fff3060d000 	/System/Library/PrivateFrameworks/AppleSRP.framework/Versions/A/AppleSRP
0x00000001434de000 	/private/var/folders/ng/ytwhvpfj1f7gn5vgqg8ngqsc0000gn/T/sqlite-3.27.2.1-6fbf5769-b770-42f4-8100-896bc8b6f734-libsqlitejdbc.jnilib
0x0000000142e83000 	/Users/florianleon/.p2/pool/plugins/org.eclipse.justj.openjdk.hotspot.jre.full.macosx.x86_64_14.0.2.v20200815-0932/jre/lib/libextnet.dylib


VM Arguments:
jvm_args: --module-path=/Users/florianleon/javafx-sdk-11.0.2/lib --add-modules=javafx.controls,javafx.fxml -Dfile.encoding=UTF-8 --module-path=/Users/florianleon/Desktop/ProjetJava/POO/ChatSystem GUI/SQLiteDatabases/sqlite-jdbc-3.27.2.1.jar:/Users/florianleon/javafx-sdk-11.0.2/lib/javafx-swt.jar:/Users/florianleon/javafx-sdk-11.0.2/lib/javafx.base.jar:/Users/florianleon/javafx-sdk-11.0.2/lib/javafx.controls.jar:/Users/florianleon/javafx-sdk-11.0.2/lib/javafx.fxml.jar:/Users/florianleon/javafx-sdk-11.0.2/lib/javafx.graphics.jar:/Users/florianleon/javafx-sdk-11.0.2/lib/javafx.media.jar:/Users/florianleon/javafx-sdk-11.0.2/lib/javafx.swing.jar:/Users/florianleon/javafx-sdk-11.0.2/lib/javafx.web.jar:/Users/florianleon/Desktop/ProjetJava/POO/ChatSystem GUI/HTMLscrapper/jsoup-1.13.1.jar:/Users/florianleon/Desktop/ProjetJava/POO/ChatSystem GUI/Jar Files/tyrus-standalone-client-1.9.jar -XX:+ShowCodeDetailsInExceptionMessages 
java_command: chatSytem.Main
java_class_path (initial): /Users/florianleon/Desktop/ProjetJava/POO/ChatSystem GUI/bin:/Users/florianleon/.p2/pool/plugins/org.junit.jupiter.api_5.6.0.v20200203-2009.jar:/Users/florianleon/.p2/pool/plugins/org.junit.jupiter.engine_5.6.0.v20200203-2009.jar:/Users/florianleon/.p2/pool/plugins/org.junit.jupiter.migrationsupport_5.6.0.v20200203-2009.jar:/Users/florianleon/.p2/pool/plugins/org.junit.jupiter.params_5.6.0.v20200203-2009.jar:/Users/florianleon/.p2/pool/plugins/org.junit.platform.commons_1.6.0.v20200203-2009.jar:/Users/florianleon/.p2/pool/plugins/org.junit.platform.engine_1.6.0.v20200203-2009.jar:/Users/florianleon/.p2/pool/plugins/org.junit.platform.launcher_1.6.0.v20200203-2009.jar:/Users/florianleon/.p2/pool/plugins/org.junit.platform.runner_1.6.0.v20200203-2009.jar:/Users/florianleon/.p2/pool/plugins/org.junit.platform.suite.api_1.6.0.v20200203-2009.jar:/Users/florianleon/.p2/pool/plugins/org.junit.vintage.engine_5.6.0.v20200203-2009.jar:/Users/florianleon/.p2/pool/plugins/org.opentest4j_1.2.0.v20190826-0900.jar:/Users/florianleon/.p2/pool/plugins/org.apiguardian_1.1.0.v20190826-0900.jar:/Users/florianleon/.p2/pool/plugins/org.junit_4.13.0.v20200204-1500.jar:/Users/florianleon/.p2/pool/plugins/org.hamcrest.core_1.3.0.v20180420-1519.jar
Launcher Type: SUN_STANDARD

[Global flags]
     intx CICompilerCount                          = 4                                         {product} {ergonomic}
     uint ConcGCThreads                            = 2                                         {product} {ergonomic}
     uint G1ConcRefinementThreads                  = 8                                         {product} {ergonomic}
   size_t G1HeapRegionSize                         = 1048576                                   {product} {ergonomic}
    uintx GCDrainStackTargetSize                   = 64                                        {product} {ergonomic}
   size_t InitialHeapSize                          = 268435456                                 {product} {ergonomic}
   size_t MarkStackSize                            = 4194304                                   {product} {ergonomic}
   size_t MaxHeapSize                              = 4294967296                                {product} {ergonomic}
   size_t MaxNewSize                               = 2576351232                                {product} {ergonomic}
   size_t MinHeapDeltaBytes                        = 1048576                                   {product} {ergonomic}
   size_t MinHeapSize                              = 8388608                                   {product} {ergonomic}
    uintx NonNMethodCodeHeapSize                   = 5839372                                {pd product} {ergonomic}
    uintx NonProfiledCodeHeapSize                  = 122909434                              {pd product} {ergonomic}
    uintx ProfiledCodeHeapSize                     = 122909434                              {pd product} {ergonomic}
    uintx ReservedCodeCacheSize                    = 251658240                              {pd product} {ergonomic}
     bool SegmentedCodeCache                       = true                                      {product} {ergonomic}
     bool ShowCodeDetailsInExceptionMessages       = true                                   {manageable} {command line}
   size_t SoftMaxHeapSize                          = 4294967296                             {manageable} {ergonomic}
     bool UseCompressedClassPointers               = true                                 {lp64_product} {ergonomic}
     bool UseCompressedOops                        = true                                 {lp64_product} {ergonomic}
     bool UseG1GC                                  = true                                      {product} {ergonomic}

Logging:
Log output configuration:
 #0: stdout all=warning uptime,level,tags
 #1: stderr all=off uptime,level,tags

Environment Variables:
PATH=/usr/bin:/bin:/usr/sbin:/sbin
SHELL=/bin/zsh

Signal Handlers:
SIGSEGV: [libjvm.dylib+0x7415c8], sa_mask[0]=11111111111111111111111111111111, sa_flags=SA_ONSTACK|SA_RESTART|SA_SIGINFO
SIGBUS: [libjvm.dylib+0x7415c8], sa_mask[0]=11111111111111111111111111111111, sa_flags=SA_RESTART|SA_SIGINFO
SIGFPE: [libjvm.dylib+0x7415c8], sa_mask[0]=11111111111111111111111111111111, sa_flags=SA_RESTART|SA_SIGINFO
SIGPIPE: [libjvm.dylib+0x5eb4c1], sa_mask[0]=11111111111111111111111111111111, sa_flags=SA_RESTART|SA_SIGINFO
SIGXFSZ: [libjvm.dylib+0x5eb4c1], sa_mask[0]=11111111111111111111111111111111, sa_flags=SA_RESTART|SA_SIGINFO
SIGILL: [libjvm.dylib+0x7415c8], sa_mask[0]=11111111111111111111111111111111, sa_flags=SA_RESTART|SA_SIGINFO
SIGUSR2: [libjvm.dylib+0x5eba93], sa_mask[0]=00100000000000000000000000000000, sa_flags=SA_RESTART|SA_SIGINFO
SIGHUP: [libjvm.dylib+0x5eaaf5], sa_mask[0]=11111111111111111111111111111111, sa_flags=SA_RESTART|SA_SIGINFO
SIGINT: [libjvm.dylib+0x5eaaf5], sa_mask[0]=11111111111111111111111111111111, sa_flags=SA_RESTART|SA_SIGINFO
SIGTERM: [libjvm.dylib+0x5eaaf5], sa_mask[0]=11111111111111111111111111111111, sa_flags=SA_RESTART|SA_SIGINFO
SIGQUIT: [libjvm.dylib+0x5eaaf5], sa_mask[0]=11111111111111111111111111111111, sa_flags=SA_RESTART|SA_SIGINFO


---------------  S Y S T E M  ---------------

OS:uname:Darwin 20.2.0 Darwin Kernel Version 20.2.0: Wed Dec  2 20:40:21 PST 2020; root:xnu-7195.60.75~1/RELEASE_ARM64_T8101 x86_64
OS uptime: 16 days 11:40 hours
rlimit: STACK 8176k, CORE 0k, NPROC 2666, NOFILE 10240, AS infinity, DATA infinity, FSIZE infinity
load average:3.01 2.81 2.94

CPU:total 8 (initial active 8) (1 cores per cpu, 1 threads per core) family 6 model 44 stepping 0, cmov, cx8, fxsr, mmx, sse, sse2, sse3, ssse3, sse4.1, sse4.2, popcnt, aes, clmul, tsc, tscinvbit, tscinv

Memory: 4k page, physical 16777216k(61308k free), swap 6291456k(919552k free)

vm_info: OpenJDK 64-Bit Server VM (14.0.2+12-46) for bsd-amd64 JRE (14.0.2+12-46), built on Jul  8 2020 23:34:30 by "mach5one" with clang 4.2.1 Compatible Apple LLVM 10.0.0 (clang-1000.11.45.5)

END.
