#
# A fatal error has been detected by the Java Runtime Environment:
#
#  SIGSEGV (0xb) at pc=0x00007fff2043cd9b, pid=41704, tid=97539
#
# JRE version: OpenJDK Runtime Environment (14.0.2+12) (build 14.0.2+12-46)
# Java VM: OpenJDK 64-Bit Server VM (14.0.2+12-46, mixed mode, tiered, compressed oops, g1 gc, bsd-amd64)
# Problematic frame:
# C  [libsystem_pthread.dylib+0x1d9b]  pthread_mutex_lock+0x4
#
# No core dump will be written. Core dumps have been disabled. To enable core dumping, try "ulimit -c unlimited" before starting Java again
#
# If you would like to submit a bug report, please visit:
#   https://bugreport.java.com/bugreport/crash.jsp
# The crash happened outside the Java Virtual Machine in native code.
# See problematic frame for where to report the bug.
#

---------------  S U M M A R Y ------------

Command Line: --module-path=/Users/florianleon/javafx-sdk-11.0.2/lib --add-modules=javafx.controls,javafx.fxml -Dfile.encoding=UTF-8 --module-path=/Users/florianleon/Desktop/ProjetJava/POO/ChatSystem GUI/SQLiteDatabases/sqlite-jdbc-3.27.2.1.jar:/Users/florianleon/javafx-sdk-11.0.2/lib/javafx-swt.jar:/Users/florianleon/javafx-sdk-11.0.2/lib/javafx.base.jar:/Users/florianleon/javafx-sdk-11.0.2/lib/javafx.controls.jar:/Users/florianleon/javafx-sdk-11.0.2/lib/javafx.fxml.jar:/Users/florianleon/javafx-sdk-11.0.2/lib/javafx.graphics.jar:/Users/florianleon/javafx-sdk-11.0.2/lib/javafx.media.jar:/Users/florianleon/javafx-sdk-11.0.2/lib/javafx.swing.jar:/Users/florianleon/javafx-sdk-11.0.2/lib/javafx.web.jar:/Users/florianleon/Desktop/ProjetJava/POO/ChatSystem GUI/HTMLscrapper/jsoup-1.13.1.jar:/Users/florianleon/Desktop/ProjetJava/POO/ChatSystem GUI/Jar Files/tyrus-standalone-client-1.9.jar -XX:+ShowCodeDetailsInExceptionMessages chatSytem.Main

Host: MacBookPro17,1 x86_64 2400 MHz, 8 cores, 16G, Darwin 20.2.0
Time: Thu Dec 31 10:49:54 2020 CET elapsed time: 24 seconds (0d 0h 0m 24s)

---------------  T H R E A D  ---------------

Current thread (0x00007fc10f0a4000):  JavaThread "Thread-8" [_thread_in_native, id=97539, stack(0x000000030b70e000,0x000000030b80e000)]

Stack: [0x000000030b70e000,0x000000030b80e000],  sp=0x000000030b80d910,  free space=1022k
Native frames: (J=compiled Java code, A=aot compiled Java code, j=interpreted, Vv=VM code, C=native code)
C  [libsystem_pthread.dylib+0x1d9b]  pthread_mutex_lock+0x4
C  [sqlite-3.27.2.1-0031cb92-b0dc-4bb2-bfae-f57cac2e2430-libsqlitejdbc.jnilib+0xa82d]  Java_org_sqlite_core_NativeDB_clear_1progress_1handler+0x7013
j  org.sqlite.core.NativeDB.reset(J)I+0 sqlite.jdbc@3.27.2.1
j  org.sqlite.jdbc3.JDBC3PreparedStatement.executeUpdate()I+39 sqlite.jdbc@3.27.2.1
j  src.database.MessagesDB.addMessage(Ljava/lang/String;ZLjava/lang/String;)V+79
j  src.agent.ConversationOutput.run()V+39
v  ~StubRoutines::call_stub
V  [libjvm.dylib+0x34b706]  _ZN9JavaCalls11call_helperEP9JavaValueRK12methodHandleP17JavaCallArgumentsP6Thread+0x256
V  [libjvm.dylib+0x34ab20]  _ZN9JavaCalls12call_virtualEP9JavaValueP5KlassP6SymbolS5_P17JavaCallArgumentsP6Thread+0xfe
V  [libjvm.dylib+0x34abdc]  _ZN9JavaCalls12call_virtualEP9JavaValue6HandleP5KlassP6SymbolS6_P6Thread+0x62
V  [libjvm.dylib+0x3d110c]  _ZL12thread_entryP10JavaThreadP6Thread+0x78
V  [libjvm.dylib+0x6ed19a]  _ZN10JavaThread17thread_main_innerEv+0x86
V  [libjvm.dylib+0x6ecfd8]  _ZN10JavaThread3runEv+0x118
V  [libjvm.dylib+0x6eae17]  _ZN6Thread8call_runEv+0x71
V  [libjvm.dylib+0x5e98ce]  _ZL19thread_native_entryP6Thread+0x129
C  [libsystem_pthread.dylib+0x6950]  _pthread_start+0xe0
C  [libsystem_pthread.dylib+0x247b]  thread_start+0xf

Java frames: (J=compiled Java code, j=interpreted, Vv=VM code)
j  org.sqlite.core.NativeDB.reset(J)I+0 sqlite.jdbc@3.27.2.1
j  org.sqlite.jdbc3.JDBC3PreparedStatement.executeUpdate()I+39 sqlite.jdbc@3.27.2.1
j  src.database.MessagesDB.addMessage(Ljava/lang/String;ZLjava/lang/String;)V+79
j  src.agent.ConversationOutput.run()V+39
v  ~StubRoutines::call_stub

siginfo: si_signo: 11 (SIGSEGV), si_code: 2 (SEGV_ACCERR), si_addr: 0x65537369202c7265

Register to memory mapping:

RAX=0x0000000141402607: Java_org_sqlite_core_NativeDB_reset+0 in /private/var/folders/ng/ytwhvpfj1f7gn5vgqg8ngqsc0000gn/T/sqlite-3.27.2.1-0031cb92-b0dc-4bb2-bfae-f57cac2e2430-libsqlitejdbc.jnilib at 0x0000000141400000
RBX=0x00007fc16098a2a0 points into unknown readable memory: 40 99 98 60 c1 7f 00 00
RCX=0x00007fc118b76518 points into unknown readable memory: 00 00 00 00 00 00 00 00
RDX=0x00007fc16098a2a0 points into unknown readable memory: 40 99 98 60 c1 7f 00 00
RSP=0x000000030b80d910 is pointing into the stack for thread: 0x00007fc10f0a4000
RBP=0x000000030b80d910 is pointing into the stack for thread: 0x00007fc10f0a4000
RSI=0x000000030b80d9f0 is pointing into the stack for thread: 0x00007fc10f0a4000
RDI=0x65537369202c7265 is an unknown value
R8 =0x00000000003ec356 is an unknown value
R9 =0xffffffff00000000 is an unknown value
R10=0x0000000114d90f1f is at code_begin+1311 in an Interpreter codelet
method entry point (kind = native_synchronized)  [0x0000000114d90a00, 0x0000000114d91500]  2816 bytes
R11=0x0000000000000121 is an unknown value
R12=0x0 is NULL
R13={method} {0x000000013f4da520} 'reset' '(J)I' in 'org/sqlite/core/NativeDB'
R14=0x00007fc160989940 points into unknown readable memory: d0 36 98 60 c1 7f 00 00
R15=0x0 is NULL


Registers:
RAX=0x0000000141402607, RBX=0x00007fc16098a2a0, RCX=0x00007fc118b76518, RDX=0x00007fc16098a2a0
RSP=0x000000030b80d910, RBP=0x000000030b80d910, RSI=0x000000030b80d9f0, RDI=0x65537369202c7265
R8 =0x00000000003ec356, R9 =0xffffffff00000000, R10=0x0000000114d90f1f, R11=0x0000000000000121
R12=0x0000000000000000, R13=0x000000013f4da520, R14=0x00007fc160989940, R15=0x0000000000000000
RIP=0x00007fff2043cd9b, EFLAGS=0x0000000000000206, ERR=0x0000000000000004
  TRAPNO=0x000000000000000e

Top of Stack: (sp=0x000000030b80d910)
0x000000030b80d910:   000000030b80d940 000000014140a82d
0x000000030b80d920:   0000000141402607 000000013f4da520
0x000000030b80d930:   000000030b80d9f0 00007fc10f0a4000
0x000000030b80d940:   000000030b80d9c0 0000000114d90f4b
0x000000030b80d950:   000000030b80d9c0 0000000114d90cd9
0x000000030b80d960:   0000000114d90c97 0000000000000003
0x000000030b80d970:   0000000700ba04e0 000000030b80d968
0x000000030b80d980:   000000013f4da520 000000030b80d9f0
0x000000030b80d990:   0000000141235550 0000000000000000
0x000000030b80d9a0:   0000000700a7fd78 000000013f4da520
0x000000030b80d9b0:   0000000000000000 000000030b80d9e0
0x000000030b80d9c0:   000000030b80da40 0000000114d8a900
0x000000030b80d9d0:   0000000000000000 0000000114d8d676
0x000000030b80d9e0:   00007fc16098a2a0 0000000000000000
0x000000030b80d9f0:   0000000700ba04e0 000000030b80d9f8
0x000000030b80da00:   00000001412ed547 000000030b80da50
0x000000030b80da10:   0000000141311ea8 0000000000000000
0x000000030b80da20:   0000000700a38128 00000001412ed580
0x000000030b80da30:   000000030b80d9e0 000000030b80da50
0x000000030b80da40:   000000030b80daa8 0000000114d8a945
0x000000030b80da50:   000000070ffd9d08 0000000700ba04a0
0x000000030b80da60:   000000030b80da60 00000001412e6c87
0x000000030b80da70:   000000030b80dae0 00000001412e7180
0x000000030b80da80:   0000000000000000 0000000700a2a118
0x000000030b80da90:   00000001412e6d08 000000030b80da50
0x000000030b80daa0:   000000030b80dac8 000000030b80db30
0x000000030b80dab0:   0000000114d8aee7 0000000000000000
0x000000030b80dac0:   000000070ffc6940 000000070ffc5640
0x000000030b80dad0:   0000000000000001 000000070df3f040
0x000000030b80dae0:   0000000700ba04a0 000000030b80dae8
0x000000030b80daf0:   000000014190f82f 000000030b80db48
0x000000030b80db00:   000000014190f8e0 0000000000000000 

Instructions: (pc=0x00007fff2043cd9b)
0x00007fff2043cc9b:   80 38 31 0f 94 c0 eb 12 41 8b 46 2c 85 c0 74 08
0x00007fff2043ccab:   c1 e8 09 83 e0 01 eb 02 31 c0 38 05 0a 65 66 68
0x00007fff2043ccbb:   74 06 88 05 02 65 66 68 48 83 c4 08 5b 41 5e 41
0x00007fff2043cccb:   5f 5d c3 55 48 89 e5 41 56 53 89 fb 8d 4b f6 b8
0x00007fff2043ccdb:   16 00 00 00 81 f9 f5 00 00 00 77 47 49 89 f6 48
0x00007fff2043cceb:   8d 3d 03 9a 63 68 be 00 00 05 00 e8 dd 7e 00 00
0x00007fff2043ccfb:   89 d8 48 8d 0d fc 99 63 68 48 83 3c c1 00 75 07
0x00007fff2043cd0b:   49 f7 d6 4c 89 34 c1 39 1d 80 99 63 68 7d 06 89
0x00007fff2043cd1b:   1d 78 99 63 68 48 8d 3d cd 99 63 68 e8 b2 7e 00
0x00007fff2043cd2b:   00 31 c0 5b 41 5e 5d c3 55 48 89 e5 41 56 53 48
0x00007fff2043cd3b:   89 f3 49 89 fe 48 8d 3d ad 99 63 68 be 00 00 05
0x00007fff2043cd4b:   00 e8 87 7e 00 00 b8 00 01 00 00 48 8d 0d a3 99
0x00007fff2043cd5b:   63 68 48 83 3c c1 00 74 12 48 ff c0 48 3d 00 03
0x00007fff2043cd6b:   00 00 75 ee bb 23 00 00 00 eb 0c 48 f7 d3 48 89
0x00007fff2043cd7b:   1c c1 49 89 06 31 db 48 8d 3d 6b 99 63 68 e8 50
0x00007fff2043cd8b:   7e 00 00 89 d8 5b 41 5e 5d c3 90 90 55 48 89 e5
0x00007fff2043cd9b:   48 81 3f 5a 54 55 4d 75 78 8b 47 0c 89 c1 81 e1
0x00007fff2043cdab:   c0 01 00 00 83 f9 40 74 70 0f ba e0 0e 72 72 48
0x00007fff2043cdbb:   c7 c0 f8 ff ff ff 48 8d 57 27 48 21 c2 48 8b 0a
0x00007fff2043cdcb:   f6 c1 02 75 44 4c 8d 57 1f 49 21 c2 65 4c 8b 04
0x00007fff2043cddb:   25 f8 ff ff ff 49 b9 00 00 00 00 ff ff ff ff 48
0x00007fff2043cdeb:   89 ce f6 c1 02 75 22 4c 21 ce 89 c8 48 09 f0 83
0x00007fff2043cdfb:   c9 02 48 09 f1 f0 48 0f b1 0a 48 89 c1 48 89 c6
0x00007fff2043ce0b:   75 e0 4d 89 02 31 c0 5d c3 31 f6 5d e9 cd 02 00
0x00007fff2043ce1b:   00 31 f6 5d e9 28 00 00 00 31 f6 5d e9 00 71 00
0x00007fff2043ce2b:   00 65 8b 34 25 18 00 00 00 83 e6 fc 31 c0 f0 0f
0x00007fff2043ce3b:   b1 77 18 74 d0 89 c2 e8 d7 6e 00 00 eb c7 90 90
0x00007fff2043ce4b:   90 55 48 89 e5 41 56 53 41 89 f6 48 89 fb 8b 07
0x00007fff2043ce5b:   83 e0 fd 3d 58 54 55 4d 74 11 48 89 df e8 42 00
0x00007fff2043ce6b:   00 00 85 c0 74 05 5b 41 5e 5d c3 8b 43 0c 89 c1
0x00007fff2043ce7b:   81 e1 c0 01 00 00 41 0f b6 f6 48 89 df 83 f9 40
0x00007fff2043ce8b:   74 0f 0f ba e0 0e 72 12 5b 41 5e 5d e9 4d 02 00 


Stack slot to memory mapping:
stack at sp + 0 slots: 0x000000030b80d940 is pointing into the stack for thread: 0x00007fc10f0a4000
stack at sp + 1 slots: 0x000000014140a82d: Java_org_sqlite_core_NativeDB_clear_1progress_1handler+0x7013 in /private/var/folders/ng/ytwhvpfj1f7gn5vgqg8ngqsc0000gn/T/sqlite-3.27.2.1-0031cb92-b0dc-4bb2-bfae-f57cac2e2430-libsqlitejdbc.jnilib at 0x0000000141400000
stack at sp + 2 slots: 0x0000000141402607: Java_org_sqlite_core_NativeDB_reset+0 in /private/var/folders/ng/ytwhvpfj1f7gn5vgqg8ngqsc0000gn/T/sqlite-3.27.2.1-0031cb92-b0dc-4bb2-bfae-f57cac2e2430-libsqlitejdbc.jnilib at 0x0000000141400000
stack at sp + 3 slots: {method} {0x000000013f4da520} 'reset' '(J)I' in 'org/sqlite/core/NativeDB'
stack at sp + 4 slots: 0x000000030b80d9f0 is pointing into the stack for thread: 0x00007fc10f0a4000
stack at sp + 5 slots: 0x00007fc10f0a4000 is a thread
stack at sp + 6 slots: 0x000000030b80d9c0 is pointing into the stack for thread: 0x00007fc10f0a4000
stack at sp + 7 slots: 0x0000000114d90f4b is at code_begin+1355 in an Interpreter codelet
method entry point (kind = native_synchronized)  [0x0000000114d90a00, 0x0000000114d91500]  2816 bytes


---------------  P R O C E S S  ---------------

Threads class SMR info:
_java_thread_list=0x00007fc118aa1400, length=22, elements={
0x00007fc16e80b800, 0x00007fc178049000, 0x00007fc17804a000, 0x00007fc16f83d800,
0x00007fc17803c000, 0x00007fc17804e800, 0x00007fc14f808800, 0x00007fc14f80b800,
0x00007fc16e814800, 0x00007fc16e818000, 0x00007fc16f83e800, 0x00007fc16f161000,
0x00007fc16f8a3800, 0x00007fc16e8be000, 0x00007fc16e8c7000, 0x00007fc16fa56000,
0x00007fc1780b7800, 0x00007fc118582800, 0x00007fc11857f000, 0x00007fc10f19f800,
0x00007fc10f0a4000, 0x00007fc11859d000
}

Java Threads: ( => current thread )
  0x00007fc16e80b800 JavaThread "main" [_thread_blocked, id=9219, stack(0x0000000309173000,0x0000000309273000)]
  0x00007fc178049000 JavaThread "Reference Handler" daemon [_thread_blocked, id=15363, stack(0x0000000309888000,0x0000000309988000)]
  0x00007fc17804a000 JavaThread "Finalizer" daemon [_thread_blocked, id=21763, stack(0x000000030998b000,0x0000000309a8b000)]
  0x00007fc16f83d800 JavaThread "Signal Dispatcher" daemon [_thread_blocked, id=24067, stack(0x0000000309b9f000,0x0000000309c9f000)]
  0x00007fc17803c000 JavaThread "Service Thread" daemon [_thread_blocked, id=40963, stack(0x0000000309ca2000,0x0000000309da2000)]
  0x00007fc17804e800 JavaThread "C2 CompilerThread0" daemon [_thread_blocked, id=40451, stack(0x0000000309da5000,0x0000000309ea5000)]
  0x00007fc14f808800 JavaThread "C1 CompilerThread0" daemon [_thread_blocked, id=39939, stack(0x0000000309ea8000,0x0000000309fa8000)]
  0x00007fc14f80b800 JavaThread "Sweeper thread" daemon [_thread_blocked, id=25603, stack(0x0000000309fab000,0x000000030a0ab000)]
  0x00007fc16e814800 JavaThread "Common-Cleaner" daemon [_thread_blocked, id=38147, stack(0x000000030a0ae000,0x000000030a1ae000)]
  0x00007fc16e818000 JavaThread "Notification Thread" daemon [_thread_blocked, id=37123, stack(0x000000030a1b1000,0x000000030a2b1000)]
  0x00007fc16f83e800 JavaThread "QuantumRenderer-0" daemon [_thread_blocked, id=36355, stack(0x000000030a3b7000,0x000000030a4b7000)]
  0x00007fc16f161000 JavaThread "InvokeLaterDispatcher" daemon [_thread_blocked, id=86531, stack(0x000000030a6db000,0x000000030a7db000)]
  0x00007fc16f8a3800 JavaThread "JavaFX Application Thread" [_thread_in_Java, id=515, stack(0x00000003088f0000,0x00000003090f0000)]
  0x00007fc16e8be000 JavaThread "Thread-2" daemon [_thread_in_native, id=78339, stack(0x000000030a7de000,0x000000030a85e000)]
  0x00007fc16e8c7000 JavaThread "JavaFX-Launcher" [_thread_blocked, id=59907, stack(0x000000030a8e4000,0x000000030a9e4000)]
  0x00007fc16fa56000 JavaThread "Prism Font Disposer" daemon [_thread_blocked, id=91399, stack(0x000000030aef6000,0x000000030aff6000)]
  0x00007fc1780b7800 JavaThread "Cleaner-0" daemon [_thread_blocked, id=168483, stack(0x000000030b0fc000,0x000000030b1fc000)]
  0x00007fc118582800 JavaThread "Thread-4" [_thread_in_native, id=30547, stack(0x000000030b1ff000,0x000000030b2ff000)]
  0x00007fc11857f000 JavaThread "Thread-5" [_thread_in_native, id=95491, stack(0x000000030b508000,0x000000030b608000)]
  0x00007fc10f19f800 JavaThread "Thread-7" [_thread_in_native, id=96659, stack(0x000000030b60b000,0x000000030b70b000)]
=>0x00007fc10f0a4000 JavaThread "Thread-8" [_thread_in_native, id=97539, stack(0x000000030b70e000,0x000000030b80e000)]
  0x00007fc11859d000 JavaThread "Thread-9" [_thread_in_native, id=165379, stack(0x000000030b811000,0x000000030b911000)]

Other Threads:
  0x00007fc178048800 VMThread "VM Thread" [stack: 0x0000000309785000,0x0000000309885000] [id=17155]
  0x00007fc16e815800 WatcherThread [stack: 0x000000030a2b4000,0x000000030a3b4000] [id=26383]
  0x00007fc16f837800 GCTaskThread "GC Thread#0" [stack: 0x0000000309276000,0x0000000309376000] [id=18691]
  0x00007fc16e8d7800 GCTaskThread "GC Thread#1" [stack: 0x000000030a9e7000,0x000000030aae7000] [id=61879]
  0x00007fc16f1d0800 GCTaskThread "GC Thread#2" [stack: 0x000000030aaea000,0x000000030abea000] [id=61955]
  0x00007fc16e91a800 GCTaskThread "GC Thread#3" [stack: 0x000000030abed000,0x000000030aced000] [id=62211]
  0x00007fc16e91b800 GCTaskThread "GC Thread#4" [stack: 0x000000030acf0000,0x000000030adf0000] [id=62723]
  0x00007fc16e91c000 GCTaskThread "GC Thread#5" [stack: 0x000000030adf3000,0x000000030aef3000] [id=65027]
  0x00007fc10fa9c800 GCTaskThread "GC Thread#6" [stack: 0x000000030b302000,0x000000030b402000] [id=57683]
  0x00007fc178379800 GCTaskThread "GC Thread#7" [stack: 0x000000030b405000,0x000000030b505000] [id=94739]
  0x00007fc16f01e000 ConcurrentGCThread "G1 Main Marker" [stack: 0x0000000309379000,0x0000000309479000] [id=18179]
  0x00007fc16f01f000 ConcurrentGCThread "G1 Conc#0" [stack: 0x000000030947c000,0x000000030957c000] [id=14339]
  0x00007fc16faaf000 ConcurrentGCThread "G1 Conc#1" [stack: 0x000000030aff9000,0x000000030b0f9000] [id=91971]
  0x00007fc16f0bf800 ConcurrentGCThread "G1 Refine#0" [stack: 0x000000030957f000,0x000000030967f000] [id=17667]
  0x00007fc16f0c0800 ConcurrentGCThread "G1 Young RemSet Sampling" [stack: 0x0000000309682000,0x0000000309782000] [id=14851]

Threads with active compile tasks:

VM state:not at safepoint (normal execution)

VM Mutex/Monitor currently owned by a thread: None

Heap address: 0x0000000700000000, size: 4096 MB, Compressed Oops mode: Zero based, Oop shift amount: 3
Narrow klass base: 0x0000000800000000, Narrow klass shift: 0
Compressed class space size: 1073741824 Address: 0x0000000800000000

Heap:
 garbage-first heap   total 43008K, used 18488K [0x0000000700000000, 0x0000000800000000)
  region size 1024K, 2 young (2048K), 1 survivors (1024K)
 Metaspace       used 31913K, capacity 33137K, committed 33328K, reserved 1077248K
  class space    used 4089K, capacity 4615K, committed 4736K, reserved 1048576K
Heap Regions: E=young(eden), S=young(survivor), O=old, HS=humongous(starts), HC=humongous(continues), CS=collection set, F=free, OA=open archive, CA=closed archive, TAMS=top-at-mark-start (previous, next)
|   0|0x0000000700000000, 0x0000000700100000, 0x0000000700100000|100%| O|  |TAMS 0x0000000700100000, 0x0000000700000000| Untracked 
|   1|0x0000000700100000, 0x0000000700200000, 0x0000000700200000|100%| O|  |TAMS 0x0000000700200000, 0x0000000700100000| Untracked 
|   2|0x0000000700200000, 0x0000000700300000, 0x0000000700300000|100%| O|  |TAMS 0x0000000700300000, 0x0000000700200000| Untracked 
|   3|0x0000000700300000, 0x000000070034ba00, 0x0000000700400000| 29%| O|  |TAMS 0x000000070034ba00, 0x0000000700300000| Untracked 
|   4|0x0000000700400000, 0x0000000700500000, 0x0000000700500000|100%| O|  |TAMS 0x0000000700500000, 0x0000000700400000| Untracked 
|   5|0x0000000700500000, 0x0000000700527200, 0x0000000700600000| 15%| O|  |TAMS 0x0000000700527200, 0x0000000700500000| Untracked 
|   6|0x0000000700600000, 0x0000000700700000, 0x0000000700700000|100%| O|  |TAMS 0x0000000700700000, 0x0000000700600000| Untracked 
|   7|0x0000000700700000, 0x0000000700800000, 0x0000000700800000|100%| O|  |TAMS 0x0000000700800000, 0x0000000700700000| Untracked 
|   8|0x0000000700800000, 0x0000000700900000, 0x0000000700900000|100%| O|  |TAMS 0x0000000700900000, 0x0000000700800000| Untracked 
|   9|0x0000000700900000, 0x0000000700a00000, 0x0000000700a00000|100%| O|  |TAMS 0x0000000700a00000, 0x0000000700900000| Untracked 
|  10|0x0000000700a00000, 0x0000000700b00000, 0x0000000700b00000|100%| O|  |TAMS 0x0000000700b00000, 0x0000000700a00000| Untracked 
|  11|0x0000000700b00000, 0x0000000700c00000, 0x0000000700c00000|100%| O|  |TAMS 0x0000000700c00000, 0x0000000700b00000| Untracked 
|  12|0x0000000700c00000, 0x0000000700d00000, 0x0000000700d00000|100%|HS|  |TAMS 0x0000000700d00000, 0x0000000700c00000| Complete 
|  13|0x0000000700d00000, 0x0000000700e00000, 0x0000000700e00000|100%| O|  |TAMS 0x0000000700e00000, 0x0000000700d00000| Untracked 
|  14|0x0000000700e00000, 0x0000000700f00000, 0x0000000700f00000|100%| O|  |TAMS 0x0000000700f00000, 0x0000000700e00000| Untracked 
|  15|0x0000000700f00000, 0x0000000701000000, 0x0000000701000000|100%|HS|  |TAMS 0x0000000700f00000, 0x0000000700f00000| Complete 
|  16|0x0000000701000000, 0x0000000701100000, 0x0000000701100000|100%|HC|  |TAMS 0x0000000701000000, 0x0000000701000000| Complete 
|  17|0x0000000701100000, 0x0000000701200000, 0x0000000701200000|100%|HC|  |TAMS 0x0000000701100000, 0x0000000701100000| Complete 
|  18|0x0000000701200000, 0x0000000701200000, 0x0000000701300000|  0%| F|  |TAMS 0x0000000701200000, 0x0000000701200000| Untracked 
|  19|0x0000000701300000, 0x0000000701300000, 0x0000000701400000|  0%| F|  |TAMS 0x0000000701300000, 0x0000000701300000| Untracked 
|  20|0x0000000701400000, 0x0000000701400000, 0x0000000701500000|  0%| F|  |TAMS 0x0000000701400000, 0x0000000701400000| Untracked 
|  21|0x0000000701500000, 0x0000000701600000, 0x0000000701600000|100%|HS|  |TAMS 0x0000000701600000, 0x0000000701500000| Complete 
|  22|0x0000000701600000, 0x0000000701600000, 0x0000000701700000|  0%| F|  |TAMS 0x0000000701600000, 0x0000000701600000| Untracked 
|  23|0x0000000701700000, 0x0000000701700000, 0x0000000701800000|  0%| F|  |TAMS 0x0000000701700000, 0x0000000701700000| Untracked 
|  24|0x0000000701800000, 0x0000000701800000, 0x0000000701900000|  0%| F|  |TAMS 0x0000000701800000, 0x0000000701800000| Untracked 
|  25|0x0000000701900000, 0x0000000701900000, 0x0000000701a00000|  0%| F|  |TAMS 0x0000000701900000, 0x0000000701900000| Untracked 
|  26|0x0000000701a00000, 0x0000000701a00000, 0x0000000701b00000|  0%| F|  |TAMS 0x0000000701a00000, 0x0000000701a00000| Untracked 
|  27|0x0000000701b00000, 0x0000000701b00000, 0x0000000701c00000|  0%| F|  |TAMS 0x0000000701b00000, 0x0000000701b00000| Untracked 
|  28|0x0000000701c00000, 0x0000000701c00000, 0x0000000701d00000|  0%| F|  |TAMS 0x0000000701c00000, 0x0000000701c00000| Untracked 
|  29|0x0000000701d00000, 0x0000000701d00000, 0x0000000701e00000|  0%| F|  |TAMS 0x0000000701d00000, 0x0000000701d00000| Untracked 
|  30|0x0000000701e00000, 0x0000000701e00000, 0x0000000701f00000|  0%| F|  |TAMS 0x0000000701e00000, 0x0000000701e00000| Untracked 
|  31|0x0000000701f00000, 0x0000000701f00000, 0x0000000702000000|  0%| F|  |TAMS 0x0000000701f00000, 0x0000000701f00000| Untracked 
|  32|0x0000000702000000, 0x0000000702000000, 0x0000000702100000|  0%| F|  |TAMS 0x0000000702000000, 0x0000000702000000| Untracked 
|  33|0x0000000702100000, 0x0000000702100000, 0x0000000702200000|  0%| F|  |TAMS 0x0000000702100000, 0x0000000702100000| Untracked 
|  34|0x0000000702200000, 0x0000000702200000, 0x0000000702300000|  0%| F|  |TAMS 0x0000000702200000, 0x0000000702200000| Untracked 
|  35|0x0000000702300000, 0x0000000702300000, 0x0000000702400000|  0%| F|  |TAMS 0x0000000702300000, 0x0000000702300000| Untracked 
|  36|0x0000000702400000, 0x0000000702400000, 0x0000000702500000|  0%| F|  |TAMS 0x0000000702400000, 0x0000000702400000| Untracked 
| 221|0x000000070dd00000, 0x000000070dd00000, 0x000000070de00000|  0%| F|  |TAMS 0x000000070dd00000, 0x000000070dd00000| Untracked 
| 222|0x000000070de00000, 0x000000070de00000, 0x000000070df00000|  0%| F|  |TAMS 0x000000070de00000, 0x000000070de00000| Untracked 
| 223|0x000000070df00000, 0x000000070df9b590, 0x000000070e000000| 60%| S|CS|TAMS 0x000000070df00000, 0x000000070df00000| Complete 
| 224|0x000000070e000000, 0x000000070e000000, 0x000000070e100000|  0%| F|  |TAMS 0x000000070e000000, 0x000000070e000000| Untracked 
| 255|0x000000070ff00000, 0x000000070ffee390, 0x0000000710000000| 93%| E|  |TAMS 0x000000070ff00000, 0x000000070ff00000| Complete 

Card table byte_map: [0x0000000124581000,0x0000000124d81000] _byte_map_base: 0x0000000120d81000

Marking Bits (Prev, Next): (CMBitMap*) 0x00007fc16f00da18, (CMBitMap*) 0x00007fc16f00da58
 Prev Bits: [0x0000000125581000, 0x0000000129581000)
 Next Bits: [0x0000000129581000, 0x000000012d581000)

Polling page: 0x000000010273d000

Metaspace:

Usage:
  Non-class:     27.85 MB capacity,    27.17 MB ( 98%) used,   549.09 KB (  2%) free+waste,   148.75 KB ( <1%) overhead. 
      Class:      4.51 MB capacity,     3.99 MB ( 89%) used,   449.55 KB ( 10%) free+waste,    75.75 KB (  2%) overhead. 
       Both:     32.36 MB capacity,    31.17 MB ( 96%) used,   998.64 KB (  3%) free+waste,   224.50 KB ( <1%) overhead. 

Virtual space:
  Non-class space:       28.00 MB reserved,      27.92 MB (>99%) committed 
      Class space:        1.00 GB reserved,       4.62 MB ( <1%) committed 
             Both:        1.03 GB reserved,      32.55 MB (  3%) committed 

Chunk freelists:
   Non-Class:  22.00 KB
       Class:  25.00 KB
        Both:  47.00 KB

MaxMetaspaceSize: unlimited
CompressedClassSpaceSize: 1.00 GB

CodeHeap 'non-profiled nmethods': size=120028Kb used=1939Kb max_used=1939Kb free=118088Kb
 bounds [0x000000011c84a000, 0x000000011caba000, 0x0000000123d81000]
CodeHeap 'profiled nmethods': size=120028Kb used=9224Kb max_used=9224Kb free=110803Kb
 bounds [0x0000000115313000, 0x0000000115c23000, 0x000000011c84a000]
CodeHeap 'non-nmethods': size=5704Kb used=1467Kb max_used=1497Kb free=4236Kb
 bounds [0x0000000114d81000, 0x0000000114ff1000, 0x0000000115313000]
 total_blobs=5255 nmethods=4445 adapters=724
 compilation: enabled
              stopped_count=0, restarted_count=0
 full_count=0

Compilation events (20 events):
Event: 19.818 Thread 0x00007fc14f808800 nmethod 4435 0x0000000115c09d90 code [0x0000000115c09f40, 0x0000000115c0a1d0]
Event: 19.819 Thread 0x00007fc14f808800 4436       3       java.util.ArrayDeque::removeFirst (19 bytes)
Event: 19.819 Thread 0x00007fc14f808800 nmethod 4436 0x0000000115c0a290 code [0x0000000115c0a440, 0x0000000115c0a690]
Event: 19.819 Thread 0x00007fc17804e800 nmethod 4432 0x000000011ca2da90 code [0x000000011ca2dc60, 0x000000011ca2ddf8]
Event: 19.820 Thread 0x00007fc14f808800 4437       3       com.sun.scenario.effect.ImageData::unref (103 bytes)
Event: 19.821 Thread 0x00007fc14f808800 nmethod 4437 0x0000000115c0a790 code [0x0000000115c0a9e0, 0x0000000115c0b550]
Event: 19.822 Thread 0x00007fc17804e800 4438       4       com.sun.javafx.geom.Path2D$Iterator::next (35 bytes)
Event: 19.823 Thread 0x00007fc17804e800 nmethod 4438 0x000000011ca2df10 code [0x000000011ca2e0c0, 0x000000011ca2e1f8]
Event: 19.824 Thread 0x00007fc17804e800 4439       4       com.sun.marlin.IntArrayCache$Reference::putArray (55 bytes)
Event: 19.827 Thread 0x00007fc17804e800 nmethod 4439 0x000000011ca2e310 code [0x000000011ca2e4e0, 0x000000011ca2e818]
Event: 21.155 Thread 0x00007fc17804e800 4440       4       java.util.concurrent.locks.ReentrantLock$Sync::isHeldExclusively (16 bytes)
Event: 21.155 Thread 0x00007fc17804e800 nmethod 4440 0x000000011ca2ea90 code [0x000000011ca2ec00, 0x000000011ca2ec78]
Event: 21.157 Thread 0x00007fc14f808800 4441       3       javafx.scene.layout.Region::computeChildMinAreaHeight (237 bytes)
Event: 21.160 Thread 0x00007fc14f808800 nmethod 4441 0x0000000115c0b890 code [0x0000000115c0c0e0, 0x0000000115c10950]
Event: 21.164 Thread 0x00007fc14f808800 4442       3       java.util.BitSet::set (58 bytes)
Event: 21.165 Thread 0x00007fc14f808800 nmethod 4442 0x0000000115c11f90 code [0x0000000115c12200, 0x0000000115c12c70]
Event: 21.165 Thread 0x00007fc14f808800 4443       3       javafx.scene.control.SkinBase::snapPositionX (9 bytes)
Event: 21.165 Thread 0x00007fc14f808800 nmethod 4443 0x0000000115c13090 code [0x0000000115c132e0, 0x0000000115c13b30]
Event: 21.165 Thread 0x00007fc14f808800 4444       3       javafx.scene.control.SkinBase::snapPositionY (9 bytes)
Event: 21.166 Thread 0x00007fc14f808800 nmethod 4444 0x0000000115c13e10 code [0x0000000115c14060, 0x0000000115c148b0]

GC Heap History (20 events):
Event: 0.880 GC heap before
{Heap before GC invocations=0 (full 0):
 garbage-first heap   total 262144K, used 23552K [0x0000000700000000, 0x0000000800000000)
  region size 1024K, 23 young (23552K), 0 survivors (0K)
 Metaspace       used 12355K, capacity 12644K, committed 12928K, reserved 1060864K
  class space    used 1279K, capacity 1367K, committed 1408K, reserved 1048576K
}
Event: 0.888 GC heap after
{Heap after GC invocations=1 (full 0):
 garbage-first heap   total 262144K, used 3135K [0x0000000700000000, 0x0000000800000000)
  region size 1024K, 3 young (3072K), 3 survivors (3072K)
 Metaspace       used 12355K, capacity 12644K, committed 12928K, reserved 1060864K
  class space    used 1279K, capacity 1367K, committed 1408K, reserved 1048576K
}
Event: 1.870 GC heap before
{Heap before GC invocations=1 (full 0):
 garbage-first heap   total 262144K, used 30783K [0x0000000700000000, 0x0000000800000000)
  region size 1024K, 31 young (31744K), 3 survivors (3072K)
 Metaspace       used 20609K, capacity 21210K, committed 21296K, reserved 1067008K
  class space    used 2669K, capacity 2913K, committed 2944K, reserved 1048576K
}
Event: 1.879 GC heap after
{Heap after GC invocations=2 (full 0):
 garbage-first heap   total 262144K, used 6855K [0x0000000700000000, 0x0000000800000000)
  region size 1024K, 4 young (4096K), 4 survivors (4096K)
 Metaspace       used 20609K, capacity 21210K, committed 21296K, reserved 1067008K
  class space    used 2669K, capacity 2913K, committed 2944K, reserved 1048576K
}
Event: 8.665 GC heap before
{Heap before GC invocations=3 (full 0):
 garbage-first heap   total 30720K, used 23239K [0x0000000700000000, 0x0000000800000000)
  region size 1024K, 18 young (18432K), 4 survivors (4096K)
 Metaspace       used 24670K, capacity 25598K, committed 25776K, reserved 1071104K
  class space    used 3164K, capacity 3551K, committed 3584K, reserved 1048576K
}
Event: 8.671 GC heap after
{Heap after GC invocations=4 (full 0):
 garbage-first heap   total 30720K, used 10450K [0x0000000700000000, 0x0000000800000000)
  region size 1024K, 2 young (2048K), 2 survivors (2048K)
 Metaspace       used 24670K, capacity 25598K, committed 25776K, reserved 1071104K
  class space    used 3164K, capacity 3551K, committed 3584K, reserved 1048576K
}
Event: 9.408 GC heap before
{Heap before GC invocations=4 (full 0):
 garbage-first heap   total 30720K, used 21714K [0x0000000700000000, 0x0000000800000000)
  region size 1024K, 12 young (12288K), 2 survivors (2048K)
 Metaspace       used 27654K, capacity 28501K, committed 28720K, reserved 1075200K
  class space    used 3538K, capacity 3919K, committed 3968K, reserved 1048576K
}
Event: 9.412 GC heap after
{Heap after GC invocations=5 (full 0):
 garbage-first heap   total 30720K, used 12788K [0x0000000700000000, 0x0000000800000000)
  region size 1024K, 2 young (2048K), 2 survivors (2048K)
 Metaspace       used 27654K, capacity 28501K, committed 28720K, reserved 1075200K
  class space    used 3538K, capacity 3919K, committed 3968K, reserved 1048576K
}
Event: 9.764 GC heap before
{Heap before GC invocations=5 (full 0):
 garbage-first heap   total 30720K, used 20980K [0x0000000700000000, 0x0000000800000000)
  region size 1024K, 11 young (11264K), 2 survivors (2048K)
 Metaspace       used 29560K, capacity 30683K, committed 31024K, reserved 1075200K
  class space    used 3893K, capacity 4377K, committed 4480K, reserved 1048576K
}
Event: 9.766 GC heap after
{Heap after GC invocations=6 (full 0):
 garbage-first heap   total 30720K, used 13947K [0x0000000700000000, 0x0000000800000000)
  region size 1024K, 2 young (2048K), 2 survivors (2048K)
 Metaspace       used 29560K, capacity 30683K, committed 31024K, reserved 1075200K
  class space    used 3893K, capacity 4377K, committed 4480K, reserved 1048576K
}
Event: 10.156 GC heap before
{Heap before GC invocations=6 (full 0):
 garbage-first heap   total 30720K, used 20091K [0x0000000700000000, 0x0000000800000000)
  region size 1024K, 9 young (9216K), 2 survivors (2048K)
 Metaspace       used 30455K, capacity 31672K, committed 31920K, reserved 1077248K
  class space    used 3992K, capacity 4535K, committed 4608K, reserved 1048576K
}
Event: 10.158 GC heap after
{Heap after GC invocations=7 (full 0):
 garbage-first heap   total 30720K, used 15789K [0x0000000700000000, 0x0000000800000000)
  region size 1024K, 2 young (2048K), 2 survivors (2048K)
 Metaspace       used 30455K, capacity 31672K, committed 31920K, reserved 1077248K
  class space    used 3992K, capacity 4535K, committed 4608K, reserved 1048576K
}
Event: 10.207 GC heap before
{Heap before GC invocations=8 (full 0):
 garbage-first heap   total 30720K, used 15789K [0x0000000700000000, 0x0000000800000000)
  region size 1024K, 3 young (3072K), 2 survivors (2048K)
 Metaspace       used 30459K, capacity 31677K, committed 31920K, reserved 1077248K
  class space    used 3992K, capacity 4535K, committed 4608K, reserved 1048576K
}
Event: 10.208 GC heap after
{Heap after GC invocations=9 (full 0):
 garbage-first heap   total 30720K, used 16024K [0x0000000700000000, 0x0000000800000000)
  region size 1024K, 1 young (1024K), 1 survivors (1024K)
 Metaspace       used 30459K, capacity 31677K, committed 31920K, reserved 1077248K
  class space    used 3992K, capacity 4535K, committed 4608K, reserved 1048576K
}
Event: 10.258 GC heap before
{Heap before GC invocations=10 (full 0):
 garbage-first heap   total 39936K, used 20120K [0x0000000700000000, 0x0000000800000000)
  region size 1024K, 2 young (2048K), 1 survivors (1024K)
 Metaspace       used 30479K, capacity 31741K, committed 31920K, reserved 1077248K
  class space    used 3992K, capacity 4535K, committed 4608K, reserved 1048576K
}
Event: 10.259 GC heap after
{Heap after GC invocations=11 (full 0):
 garbage-first heap   total 39936K, used 19956K [0x0000000700000000, 0x0000000800000000)
  region size 1024K, 1 young (1024K), 1 survivors (1024K)
 Metaspace       used 30479K, capacity 31741K, committed 31920K, reserved 1077248K
  class space    used 3992K, capacity 4535K, committed 4608K, reserved 1048576K
}
Event: 14.040 GC heap before
{Heap before GC invocations=12 (full 0):
 garbage-first heap   total 43008K, used 24052K [0x0000000700000000, 0x0000000800000000)
  region size 1024K, 4 young (4096K), 1 survivors (1024K)
 Metaspace       used 31779K, capacity 33008K, committed 33328K, reserved 1077248K
  class space    used 4085K, capacity 4615K, committed 4736K, reserved 1048576K
}
Event: 14.041 GC heap after
{Heap after GC invocations=13 (full 0):
 garbage-first heap   total 43008K, used 15363K [0x0000000700000000, 0x0000000800000000)
  region size 1024K, 1 young (1024K), 1 survivors (1024K)
 Metaspace       used 31779K, capacity 33008K, committed 33328K, reserved 1077248K
  class space    used 4085K, capacity 4615K, committed 4736K, reserved 1048576K
}
Event: 17.321 GC heap before
{Heap before GC invocations=14 (full 0):
 garbage-first heap   total 43008K, used 22531K [0x0000000700000000, 0x0000000800000000)
  region size 1024K, 3 young (3072K), 1 survivors (1024K)
 Metaspace       used 31875K, capacity 33137K, committed 33328K, reserved 1077248K
  class space    used 4088K, capacity 4615K, committed 4736K, reserved 1048576K
}
Event: 17.323 GC heap after
{Heap after GC invocations=15 (full 0):
 garbage-first heap   total 43008K, used 15416K [0x0000000700000000, 0x0000000800000000)
  region size 1024K, 1 young (1024K), 1 survivors (1024K)
 Metaspace       used 31875K, capacity 33137K, committed 33328K, reserved 1077248K
  class space    used 4088K, capacity 4615K, committed 4736K, reserved 1048576K
}

Deoptimization events (20 events):
Event: 14.032 Thread 0x00007fc16f83e800 Uncommon trap: trap_request=0xffffffe4 fr.pc=0x000000011c8e1458 relative=0x0000000000000038
Event: 14.032 Thread 0x00007fc16f83e800 Uncommon trap: reason=range_check action=make_not_entrant pc=0x000000011c8e1458 method=java.util.Objects.checkIndex(II)I @ 3 c2
Event: 14.032 Thread 0x00007fc16f83e800 DEOPT PACKING pc=0x000000011c8e1458 sp=0x000000030a4b3ab0
Event: 14.032 Thread 0x00007fc16f83e800 DEOPT UNPACKING pc=0x0000000114dca11f sp=0x000000030a4b3a60 mode 2
Event: 24.066 Thread 0x00007fc10f0a4000 Uncommon trap: trap_request=0xffffffde fr.pc=0x000000011c85959c relative=0x000000000000005c
Event: 24.066 Thread 0x00007fc10f0a4000 Uncommon trap: reason=class_check action=maybe_recompile pc=0x000000011c85959c method=java.lang.Character.codePointAt(Ljava/lang/CharSequence;I)I @ 2 c2
Event: 24.066 Thread 0x00007fc10f0a4000 DEOPT PACKING pc=0x000000011c85959c sp=0x000000030b80d6b0
Event: 24.066 Thread 0x00007fc10f0a4000 DEOPT UNPACKING pc=0x0000000114dca11f sp=0x000000030b80d668 mode 2
Event: 24.066 Thread 0x00007fc10f0a4000 Uncommon trap: trap_request=0xffffffde fr.pc=0x000000011c85959c relative=0x000000000000005c
Event: 24.066 Thread 0x00007fc10f0a4000 Uncommon trap: reason=class_check action=maybe_recompile pc=0x000000011c85959c method=java.lang.Character.codePointAt(Ljava/lang/CharSequence;I)I @ 2 c2
Event: 24.066 Thread 0x00007fc10f0a4000 DEOPT PACKING pc=0x000000011c85959c sp=0x000000030b80d6b0
Event: 24.066 Thread 0x00007fc10f0a4000 DEOPT UNPACKING pc=0x0000000114dca11f sp=0x000000030b80d668 mode 2
Event: 24.066 Thread 0x00007fc10f0a4000 Uncommon trap: trap_request=0xffffffde fr.pc=0x000000011c85959c relative=0x000000000000005c
Event: 24.066 Thread 0x00007fc10f0a4000 Uncommon trap: reason=class_check action=maybe_recompile pc=0x000000011c85959c method=java.lang.Character.codePointAt(Ljava/lang/CharSequence;I)I @ 2 c2
Event: 24.066 Thread 0x00007fc10f0a4000 DEOPT PACKING pc=0x000000011c85959c sp=0x000000030b80d6b0
Event: 24.066 Thread 0x00007fc10f0a4000 DEOPT UNPACKING pc=0x0000000114dca11f sp=0x000000030b80d668 mode 2
Event: 24.066 Thread 0x00007fc10f0a4000 Uncommon trap: trap_request=0xffffffde fr.pc=0x000000011c85959c relative=0x000000000000005c
Event: 24.066 Thread 0x00007fc10f0a4000 Uncommon trap: reason=class_check action=maybe_recompile pc=0x000000011c85959c method=java.lang.Character.codePointAt(Ljava/lang/CharSequence;I)I @ 2 c2
Event: 24.066 Thread 0x00007fc10f0a4000 DEOPT PACKING pc=0x000000011c85959c sp=0x000000030b80d6b0
Event: 24.066 Thread 0x00007fc10f0a4000 DEOPT UNPACKING pc=0x0000000114dca11f sp=0x000000030b80d668 mode 2

Classes unloaded (0 events):
No events

Classes redefined (0 events):
No events

Internal exceptions (20 events):
Event: 2.169 Thread 0x00007fc16f8a3800 Exception <a 'java/lang/NoSuchMethodError'{0x000000070126df58}: 'long java.lang.invoke.DirectMethodHandle$Holder.invokeStatic(java.lang.Object, java.lang.Object, java.lang.Object)'> (0x000000070126df58) 
thrown [./open/src/hotspot/share/interpreter/linkResolver.cpp, line 766]
Event: 2.170 Thread 0x00007fc16f8a3800 Exception <a 'java/lang/NoSuchMethodError'{0x0000000701270c00}: 'long java.lang.invoke.DirectMethodHandle$Holder.invokeStaticInit(java.lang.Object, java.lang.Object, java.lang.Object)'> (0x0000000701270c00) 
thrown [./open/src/hotspot/share/interpreter/linkResolver.cpp, line 766]
Event: 2.179 Thread 0x00007fc16f8a3800 Exception <a 'java/lang/NoSuchMethodError'{0x00000007012851f8}: 'java.lang.Object java.lang.invoke.Invokers$Holder.linkToTargetMethod(java.lang.Object, long, java.lang.Object)'> (0x00000007012851f8) 
thrown [./open/src/hotspot/share/interpreter/linkResolver.cpp, line 766]
Event: 5.794 Thread 0x00007fc16f8a3800 Exception <a 'java/lang/NoSuchMethodError'{0x0000000700fafaa0}: 'java.lang.Object java.lang.invoke.DirectMethodHandle$Holder.invokeStatic(java.lang.Object, java.lang.Object, long, int, int, int)'> (0x0000000700fafaa0) 
thrown [./open/src/hotspot/share/interpreter/linkResolver.cpp, line 766]
Event: 5.797 Thread 0x00007fc16f8a3800 Exception <a 'java/lang/NoSuchMethodError'{0x0000000700fc1ed8}: 'java.lang.Object java.lang.invoke.DirectMethodHandle$Holder.invokeStatic(java.lang.Object, java.lang.Object, int, java.lang.Object, long, int, int, int, int)'> (0x0000000700fc1ed8) 
thrown [./open/src/hotspot/share/interpreter/linkResolver.cpp, line 766]
Event: 7.381 Thread 0x00007fc16f8a3800 Exception <a 'java/lang/NoSuchMethodError'{0x0000000700ea2e38}: 'long java.lang.invoke.DirectMethodHandle$Holder.invokeStatic(java.lang.Object, java.lang.Object)'> (0x0000000700ea2e38) 
thrown [./open/src/hotspot/share/interpreter/linkResolver.cpp, line 766]
Event: 7.453 Thread 0x00007fc16f83e800 Exception <a 'java/lang/NoSuchMethodError'{0x0000000700f40cb0}: 'java.lang.Object java.lang.invoke.DirectMethodHandle$Holder.invokeStaticInit(java.lang.Object, int)'> (0x0000000700f40cb0) 
thrown [./open/src/hotspot/share/interpreter/linkResolver.cpp, line 766]
Event: 7.928 Thread 0x00007fc16f8a3800 Exception <a 'java/lang/NoSuchMethodError'{0x0000000700c2d4a8}: 'java.lang.Object java.lang.invoke.DirectMethodHandle$Holder.invokeStatic(java.lang.Object, java.lang.Object, int, int, int, int, int, java.lang.Object)'> (0x0000000700c2d4a8) 
thrown [./open/src/hotspot/share/interpreter/linkResolver.cpp, line 766]
Event: 7.930 Thread 0x00007fc16f8a3800 Exception <a 'java/lang/NoSuchMethodError'{0x0000000700c3c9b8}: 'java.lang.Object java.lang.invoke.DirectMethodHandle$Holder.invokeStatic(java.lang.Object, java.lang.Object, java.lang.Object, int, int, int, int, int)'> (0x0000000700c3c9b8) 
thrown [./open/src/hotspot/share/interpreter/linkResolver.cpp, line 766]
Event: 7.930 Thread 0x00007fc16f8a3800 Exception <a 'java/lang/NoSuchMethodError'{0x0000000700c42830}: 'java.lang.Object java.lang.invoke.Invokers$Holder.linkToTargetMethod(java.lang.Object, java.lang.Object, int, int, int, int, int, java.lang.Object)'> (0x0000000700c42830) 
thrown [./open/src/hotspot/share/interpreter/linkResolver.cpp, line 766]
Event: 8.037 Thread 0x00007fc16f8a3800 Implicit null exception at 0x000000011c939bf9 to 0x000000011c93a72c
Event: 8.037 Thread 0x00007fc16f8a3800 Implicit null exception at 0x000000011c939bf9 to 0x000000011c93a72c
Event: 8.037 Thread 0x00007fc16f8a3800 Implicit null exception at 0x000000011c939bf9 to 0x000000011c93a72c
Event: 8.037 Thread 0x00007fc16f8a3800 Implicit null exception at 0x000000011c939bf9 to 0x000000011c93a72c
Event: 9.373 Thread 0x00007fc16f8a3800 Exception <a 'java/io/FileNotFoundException'{0x00000007015ff038}> (0x00000007015ff038) 
thrown [./open/src/hotspot/share/prims/jni.cpp, line 599]
Event: 9.454 Thread 0x00007fc16f8a3800 Exception <a 'java/io/FileNotFoundException'{0x000000070ffd1a88}> (0x000000070ffd1a88) 
thrown [./open/src/hotspot/share/prims/jni.cpp, line 599]
Event: 9.722 Thread 0x00007fc16f8a3800 Implicit null exception at 0x000000011c9642da to 0x000000011c965160
Event: 10.048 Thread 0x00007fc16f8a3800 Exception <a 'java/lang/NoSuchMethodError'{0x0000000701889648}: 'java.lang.Object java.lang.invoke.DirectMethodHandle$Holder.invokeStatic(java.lang.Object, java.lang.Object, int, int)'> (0x0000000701889648) 
thrown [./open/src/hotspot/share/interpreter/linkResolver.cpp, line 766]
Event: 10.053 Thread 0x00007fc16f8a3800 Exception <a 'java/lang/NoSuchMethodError'{0x000000070188f640}: 'java.lang.Object java.lang.invoke.Invokers$Holder.linkToTargetMethod(java.lang.Object, int, int, java.lang.Object)'> (0x000000070188f640) 
thrown [./open/src/hotspot/share/interpreter/linkResolver.cpp, line 766]
Event: 12.145 Thread 0x00007fc16f8a3800 Exception <a 'java/lang/NoSuchMethodError'{0x000000070e0caaf8}: 'java.lang.Object java.lang.invoke.DirectMethodHandle$Holder.invokeStatic(java.lang.Object, int, java.lang.Object)'> (0x000000070e0caaf8) 
thrown [./open/src/hotspot/share/interpreter/linkResolver.cpp, line 766]

Events (20 events):
Event: 16.110 Loaded shared library /Users/florianleon/.p2/pool/plugins/org.eclipse.justj.openjdk.hotspot.jre.full.macosx.x86_64_14.0.2.v20200815-0932/jre/lib/libjava.dylib
Event: 16.112 Loaded shared library /Users/florianleon/javafx-sdk-11.0.2/lib/libprism_es2.dylib
Event: 17.268 loading class sun/nio/ch/FileDispatcherImpl
Event: 17.268 loading class sun/nio/ch/FileDispatcher
Event: 17.268 loading class sun/nio/ch/FileDispatcher done
Event: 17.268 loading class sun/nio/ch/FileDispatcherImpl done
Event: 17.274 Executing VM operation: HandshakeOneThread
Event: 17.274 Executing VM operation: HandshakeOneThread done
Event: 17.282 Executing VM operation: HandshakeOneThread
Event: 17.282 Executing VM operation: HandshakeOneThread done
Event: 17.321 Executing VM operation: G1TryInitiateConcMark
Event: 17.323 Executing VM operation: G1TryInitiateConcMark done
Event: 17.332 Executing VM operation: G1Concurrent
Event: 17.344 Executing VM operation: G1Concurrent done
Event: 17.350 Executing VM operation: G1Concurrent
Event: 17.350 Executing VM operation: G1Concurrent done
Event: 24.066 loading class java/util/regex/Matcher$ImmutableMatchResult
Event: 24.067 loading class java/util/regex/Matcher$ImmutableMatchResult done
Event: 24.070 Executing VM operation: HandshakeOneThread
Event: 24.070 Executing VM operation: HandshakeOneThread done


Dynamic libraries:
0x00007ffdffca2000 	/Library/Apple/usr/libexec/oah/runtime
0x00007fff2a6c8000 	/usr/lib/libz.1.dylib
0x000000010a9e1000 	/Users/florianleon/.p2/pool/plugins/org.eclipse.justj.openjdk.hotspot.jre.full.macosx.x86_64_14.0.2.v20200815-0932/jre/lib/libjli.dylib
0x00007fff35366000 	/System/Library/Frameworks/Cocoa.framework/Versions/A/Cocoa
0x00007fff22225000 	/System/Library/Frameworks/Security.framework/Versions/A/Security
0x00007fff33565000 	/System/Library/Frameworks/ApplicationServices.framework/Versions/A/ApplicationServices
0x00007fff2a794000 	/usr/lib/libSystem.B.dylib
0x00007fff2a78e000 	/usr/lib/system/libcache.dylib
0x00007fff2a74a000 	/usr/lib/system/libcommonCrypto.dylib
0x00007fff2a774000 	/usr/lib/system/libcompiler_rt.dylib
0x00007fff2a769000 	/usr/lib/system/libcopyfile.dylib
0x00007fff201c6000 	/usr/lib/system/libcorecrypto.dylib
0x00007fff20292000 	/usr/lib/system/libdispatch.dylib
0x00007fff20447000 	/usr/lib/system/libdyld.dylib
0x00007fff2a785000 	/usr/lib/system/libkeymgr.dylib
0x00007fff2dd23000 	/usr/lib/system/liblaunch.dylib
0x00007fff2a728000 	/usr/lib/system/libmacho.dylib
0x00007fff29f3e000 	/usr/lib/system/libquarantine.dylib
0x00007fff2a782000 	/usr/lib/system/libremovefile.dylib
0x00007fff24bba000 	/usr/lib/system/libsystem_asl.dylib
0x00007fff20176000 	/usr/lib/system/libsystem_blocks.dylib
0x00007fff20314000 	/usr/lib/system/libsystem_c.dylib
0x00007fff2a77c000 	/usr/lib/system/libsystem_collections.dylib
0x00007fff2932b000 	/usr/lib/system/libsystem_configuration.dylib
0x00007fff2861b000 	/usr/lib/system/libsystem_containermanager.dylib
0x00007fff2a4c0000 	/usr/lib/system/libsystem_coreservices.dylib
0x00007fff227d9000 	/usr/lib/system/libsystem_darwin.dylib
0x00007fff2a786000 	/usr/lib/system/libsystem_dnssd.dylib
0x00007fff20311000 	/usr/lib/system/libsystem_featureflags.dylib
0x00007fff2048c000 	/usr/lib/system/libsystem_info.dylib
0x00007fff2a6db000 	/usr/lib/system/libsystem_m.dylib
0x00007fff20265000 	/usr/lib/system/libsystem_malloc.dylib
0x00007fff24b4e000 	/usr/lib/system/libsystem_networkextension.dylib
0x00007fff22bf3000 	/usr/lib/system/libsystem_notify.dylib
0x00007fff301d0000 	/usr/lib/system/libsystem_product_info_filter.dylib
0x00007fff2932f000 	/usr/lib/system/libsystem_sandbox.dylib
0x00007fff2a77f000 	/usr/lib/system/libsystem_secinit.dylib
0x00007fff2040c000 	/usr/lib/system/libsystem_kernel.dylib
0x00007fff20482000 	/usr/lib/system/libsystem_platform.dylib
0x00007fff2043b000 	/usr/lib/system/libsystem_pthread.dylib
0x00007fff262e7000 	/usr/lib/system/libsystem_symptoms.dylib
0x00007fff201ae000 	/usr/lib/system/libsystem_trace.dylib
0x00007fff2a756000 	/usr/lib/system/libunwind.dylib
0x00007fff20178000 	/usr/lib/system/libxpc.dylib
0x00007fff203f3000 	/usr/lib/libc++abi.dylib
0x00007fff202d7000 	/usr/lib/libobjc.A.dylib
0x00007fff2a761000 	/usr/lib/liboah.dylib
0x00007fff2039d000 	/usr/lib/libc++.1.dylib
0x00007fff204b8000 	/System/Library/Frameworks/CoreFoundation.framework/Versions/A/CoreFoundation
0x00007fff2119a000 	/System/Library/Frameworks/Foundation.framework/Versions/C/Foundation
0x00007fff22c4b000 	/System/Library/Frameworks/AppKit.framework/Versions/C/AppKit
0x00007fff25b07000 	/System/Library/Frameworks/CoreData.framework/Versions/A/CoreData
0x00007fff239ae000 	/System/Library/PrivateFrameworks/UIFoundation.framework/Versions/A/UIFoundation
0x00007fff2ff49000 	/System/Library/PrivateFrameworks/RemoteViewServices.framework/Versions/A/RemoteViewServices
0x00007fff28ce5000 	/System/Library/PrivateFrameworks/XCTTargetBootstrap.framework/Versions/A/XCTTargetBootstrap
0x00007fff2ba31000 	/usr/lib/libspindump.dylib
0x00007fff23c02000 	/System/Library/Frameworks/UniformTypeIdentifiers.framework/Versions/A/UniformTypeIdentifiers
0x00007fff274bc000 	/usr/lib/libapp_launch_measurement.dylib
0x00007fff274bf000 	/System/Library/PrivateFrameworks/CoreAutoLayout.framework/Versions/A/CoreAutoLayout
0x00007fff28647000 	/System/Library/Frameworks/Metal.framework/Versions/A/Metal
0x00007fff2933a000 	/usr/lib/liblangid.dylib
0x00007fff28ce9000 	/System/Library/PrivateFrameworks/CoreSVG.framework/Versions/A/CoreSVG
0x00007fff24be9000 	/System/Library/PrivateFrameworks/SkyLight.framework/Versions/A/SkyLight
0x00007fff24f4f000 	/System/Library/Frameworks/CoreGraphics.framework/Versions/A/CoreGraphics
0x00007fff305a0000 	/System/Library/Frameworks/Accelerate.framework/Versions/A/Accelerate
0x00007fff2b46c000 	/System/Library/PrivateFrameworks/IconServices.framework/Versions/A/IconServices
0x00007fff2862c000 	/System/Library/Frameworks/IOSurface.framework/Versions/A/IOSurface
0x00007fff26499000 	/usr/lib/libDiagnosticMessagesClient.dylib
0x00007fff28cd1000 	/System/Library/PrivateFrameworks/DFRFoundation.framework/Versions/A/DFRFoundation
0x00007fff22577000 	/usr/lib/libicucore.A.dylib
0x00007fff2cf71000 	/System/Library/Frameworks/AudioToolbox.framework/Versions/A/AudioToolbox
0x00007fff2c217000 	/System/Library/PrivateFrameworks/DataDetectorsCore.framework/Versions/A/DataDetectorsCore
0x00007fff289d1000 	/System/Library/Frameworks/Carbon.framework/Versions/A/Frameworks/HIToolbox.framework/Versions/A/HIToolbox
0x00007fff26f14000 	/System/Library/Frameworks/QuartzCore.framework/Versions/A/QuartzCore
0x00007fff2ff85000 	/System/Library/Frameworks/Carbon.framework/Versions/A/Frameworks/SpeechRecognition.framework/Versions/A/SpeechRecognition
0x00007fff27224000 	/System/Library/PrivateFrameworks/CoreUI.framework/Versions/A/CoreUI
0x00007fff21b81000 	/System/Library/Frameworks/CoreAudio.framework/Versions/A/CoreAudio
0x00007fff26584000 	/System/Library/Frameworks/DiskArbitration.framework/Versions/A/DiskArbitration
0x00007fff2be2b000 	/System/Library/PrivateFrameworks/MultitouchSupport.framework/Versions/A/MultitouchSupport
0x00007fff2c20e000 	/System/Library/PrivateFrameworks/InternationalSupport.framework/Versions/A/InternationalSupport
0x00007fff24b5d000 	/usr/lib/libenergytrace.dylib
0x00007fff22b45000 	/System/Library/Frameworks/IOKit.framework/Versions/A/IOKit
0x00007fff302d2000 	/System/Library/Frameworks/CoreServices.framework/Versions/A/CoreServices
0x00007fff27452000 	/System/Library/PrivateFrameworks/PerformanceAnalysis.framework/Versions/A/PerformanceAnalysis
0x00007fff6cbdb000 	/System/Library/Frameworks/OpenGL.framework/Versions/A/OpenGL
0x00007fff2c293000 	/System/Library/PrivateFrameworks/UserActivity.framework/Versions/A/UserActivity
0x00007fff25609000 	/System/Library/Frameworks/ColorSync.framework/Versions/A/ColorSync
0x00007fff28f51000 	/System/Library/Frameworks/CoreImage.framework/Versions/A/CoreImage
0x00007fff21998000 	/System/Library/Frameworks/CoreText.framework/Versions/A/CoreText
0x00007fff28d13000 	/System/Library/Frameworks/ImageIO.framework/Versions/A/ImageIO
0x00007fff2a79a000 	/System/Library/PrivateFrameworks/SoftLinking.framework/Versions/A/SoftLinking
0x00007fff27508000 	/usr/lib/libxml2.2.dylib
0x00007fff2aa0c000 	/usr/lib/libcompression.dylib
0x00007fff24b5e000 	/usr/lib/libMobileGestalt.dylib
0x00007fff2c141000 	/System/Library/PrivateFrameworks/TextureIO.framework/Versions/A/TextureIO
0x00007fff2b0f9000 	/usr/lib/libate.dylib
0x00007fff2ae25000 	/usr/lib/liblzma.5.dylib
0x00007fff20eae000 	/System/Library/Frameworks/SystemConfiguration.framework/Versions/A/SystemConfiguration
0x00007fff2a796000 	/usr/lib/libfakelink.dylib
0x00007fff246b0000 	/System/Library/Frameworks/CFNetwork.framework/Versions/A/CFNetwork
0x00007fff2a8d6000 	/usr/lib/libarchive.2.dylib
0x00007fff20f2c000 	/usr/lib/libCRFSuite.dylib
0x00007fff29f65000 	/usr/lib/libbsm.0.dylib
0x00007fff2406c000 	/usr/lib/libnetwork.dylib
0x00007fff2a79b000 	/usr/lib/libpcap.A.dylib
0x00007fff262e0000 	/usr/lib/libdns_services.dylib
0x00007fff2ae3e000 	/usr/lib/libcoretls_cfhelpers.dylib
0x00007fff2a9da000 	/usr/lib/libapple_nghttp2.dylib
0x00007fff2a72e000 	/usr/lib/system/libkxld.dylib
0x00007fff25f4e000 	/usr/lib/libsqlite3.dylib
0x00007fff2a4a2000 	/System/Library/PrivateFrameworks/AppleFSCompression.framework/Versions/A/AppleFSCompression
0x00007fff29f4d000 	/usr/lib/libcoretls.dylib
0x00007fff2aa07000 	/usr/lib/libpam.2.dylib
0x00007fff2af3a000 	/usr/lib/libxar.1.dylib
0x00007fff29336000 	/System/Library/PrivateFrameworks/AppleSystemInfo.framework/Versions/A/AppleSystemInfo
0x00007fff29b90000 	/System/Library/PrivateFrameworks/IOMobileFramebuffer.framework/Versions/A/IOMobileFramebuffer
0x00007fff2a4b2000 	/usr/lib/libbz2.1.0.dylib
0x00007fff2a7d3000 	/usr/lib/libiconv.2.dylib
0x00007fff2a727000 	/usr/lib/libcharset.1.dylib
0x00007fff2748e000 	/System/Library/Frameworks/CoreServices.framework/Versions/A/Frameworks/FSEvents.framework/Versions/A/FSEvents
0x00007fff227e3000 	/System/Library/Frameworks/CoreServices.framework/Versions/A/Frameworks/CarbonCore.framework/Versions/A/CarbonCore
0x00007fff264e9000 	/System/Library/Frameworks/CoreServices.framework/Versions/A/Frameworks/Metadata.framework/Versions/A/Metadata
0x00007fff2a4c5000 	/System/Library/Frameworks/CoreServices.framework/Versions/A/Frameworks/OSServices.framework/Versions/A/OSServices
0x00007fff2a948000 	/System/Library/Frameworks/CoreServices.framework/Versions/A/Frameworks/SearchKit.framework/Versions/A/SearchKit
0x00007fff2626a000 	/System/Library/Frameworks/CoreServices.framework/Versions/A/Frameworks/AE.framework/Versions/A/AE
0x00007fff20954000 	/System/Library/Frameworks/CoreServices.framework/Versions/A/Frameworks/LaunchServices.framework/Versions/A/LaunchServices
0x00007fff2add6000 	/System/Library/Frameworks/CoreServices.framework/Versions/A/Frameworks/DictionaryServices.framework/Versions/A/DictionaryServices
0x00007fff27497000 	/System/Library/Frameworks/CoreServices.framework/Versions/A/Frameworks/SharedFileList.framework/Versions/A/SharedFileList
0x00007fff29f41000 	/usr/lib/libCheckFix.dylib
0x00007fff24bd1000 	/System/Library/PrivateFrameworks/TCC.framework/Versions/A/TCC
0x00007fff2933c000 	/System/Library/PrivateFrameworks/CoreNLP.framework/Versions/A/CoreNLP
0x00007fff2649c000 	/System/Library/PrivateFrameworks/MetadataUtilities.framework/Versions/A/MetadataUtilities
0x00007fff20f62000 	/usr/lib/libmecabra.dylib
0x00007fff2a255000 	/System/Library/Frameworks/MLCompute.framework/Versions/A/MLCompute
0x00007fff29f76000 	/usr/lib/libmecab.dylib
0x00007fff29fc0000 	/usr/lib/libgermantok.dylib
0x00007fff2a9b0000 	/usr/lib/libThaiTokenizer.dylib
0x00007fff2af75000 	/usr/lib/libChineseTokenizer.dylib
0x00007fff2aa05000 	/System/Library/Frameworks/MetalPerformanceShaders.framework/Versions/A/MetalPerformanceShaders
0x00007fff2658b000 	/System/Library/Frameworks/Accelerate.framework/Versions/A/Frameworks/vImage.framework/Versions/A/vImage
0x00007fff302ab000 	/System/Library/Frameworks/Accelerate.framework/Versions/A/Frameworks/vecLib.framework/Versions/A/vecLib
0x00007fff2af80000 	/System/Library/Frameworks/Accelerate.framework/Versions/A/Frameworks/vecLib.framework/Versions/A/libvMisc.dylib
0x00007fff299ec000 	/System/Library/Frameworks/Accelerate.framework/Versions/A/Frameworks/vecLib.framework/Versions/A/libvDSP.dylib
0x00007fff20c58000 	/System/Library/Frameworks/Accelerate.framework/Versions/A/Frameworks/vecLib.framework/Versions/A/libBLAS.dylib
0x00007fff2aa2b000 	/System/Library/Frameworks/Accelerate.framework/Versions/A/Frameworks/vecLib.framework/Versions/A/libLAPACK.dylib
0x00007fff29fc6000 	/System/Library/Frameworks/Accelerate.framework/Versions/A/Frameworks/vecLib.framework/Versions/A/libLinearAlgebra.dylib
0x00007fff2a9f2000 	/System/Library/Frameworks/Accelerate.framework/Versions/A/Frameworks/vecLib.framework/Versions/A/libSparseBLAS.dylib
0x00007fff2aa25000 	/System/Library/Frameworks/Accelerate.framework/Versions/A/Frameworks/vecLib.framework/Versions/A/libQuadrature.dylib
0x00007fff293e4000 	/System/Library/Frameworks/Accelerate.framework/Versions/A/Frameworks/vecLib.framework/Versions/A/libBNNS.dylib
0x00007fff20e3f000 	/System/Library/Frameworks/Accelerate.framework/Versions/A/Frameworks/vecLib.framework/Versions/A/libSparse.dylib
0x00007fff292cf000 	/System/Library/Frameworks/MetalPerformanceShaders.framework/Versions/A/Frameworks/MPSCore.framework/Versions/A/MPSCore
0x00007fff2a411000 	/System/Library/Frameworks/MetalPerformanceShaders.framework/Versions/A/Frameworks/MPSImage.framework/Versions/A/MPSImage
0x00007fff29fdd000 	/System/Library/Frameworks/MetalPerformanceShaders.framework/Versions/A/Frameworks/MPSNeuralNetwork.framework/Versions/A/MPSNeuralNetwork
0x00007fff2a39c000 	/System/Library/Frameworks/MetalPerformanceShaders.framework/Versions/A/Frameworks/MPSMatrix.framework/Versions/A/MPSMatrix
0x00007fff2a205000 	/System/Library/Frameworks/MetalPerformanceShaders.framework/Versions/A/Frameworks/MPSRayIntersector.framework/Versions/A/MPSRayIntersector
0x00007fff2a3d3000 	/System/Library/Frameworks/MetalPerformanceShaders.framework/Versions/A/Frameworks/MPSNDArray.framework/Versions/A/MPSNDArray
0x00007fff20b84000 	/System/Library/PrivateFrameworks/MetalTools.framework/Versions/A/MetalTools
0x00007fff29334000 	/System/Library/PrivateFrameworks/AggregateDictionary.framework/Versions/A/AggregateDictionary
0x00007fff26474000 	/System/Library/PrivateFrameworks/CoreAnalytics.framework/Versions/A/CoreAnalytics
0x00007fff2a9b2000 	/System/Library/PrivateFrameworks/AppleSauce.framework/Versions/A/AppleSauce
0x00007fff2863e000 	/System/Library/PrivateFrameworks/IOAccelerator.framework/Versions/A/IOAccelerator
0x00007fff6cbcf000 	/System/Library/Frameworks/OpenGL.framework/Versions/A/Libraries/libCoreFSCache.dylib
0x00007fff214fe000 	/System/Library/PrivateFrameworks/LanguageModeling.framework/Versions/A/LanguageModeling
0x00007fff29b7d000 	/System/Library/PrivateFrameworks/CoreEmoji.framework/Versions/A/CoreEmoji
0x00007fff293dd000 	/System/Library/PrivateFrameworks/LinguisticData.framework/Versions/A/LinguisticData
0x00007fff20df1000 	/System/Library/PrivateFrameworks/Lexicon.framework/Versions/A/Lexicon
0x00007fff2a8c4000 	/usr/lib/libcmph.dylib
0x00007fff2746e000 	/System/Library/Frameworks/OpenDirectory.framework/Versions/A/Frameworks/CFOpenDirectory.framework/Versions/A/CFOpenDirectory
0x00007fff2745e000 	/System/Library/Frameworks/OpenDirectory.framework/Versions/A/OpenDirectory
0x00007fff2ae40000 	/System/Library/PrivateFrameworks/APFS.framework/Versions/A/APFS
0x00007fff29ea2000 	/System/Library/Frameworks/SecurityFoundation.framework/Versions/A/SecurityFoundation
0x00007fff2af48000 	/usr/lib/libutil.dylib
0x00007fff22b0a000 	/System/Library/PrivateFrameworks/CoreServicesStore.framework/Versions/A/CoreServicesStore
0x00007fff29f39000 	/System/Library/Frameworks/ServiceManagement.framework/Versions/A/ServiceManagement
0x00007fff2af4c000 	/usr/lib/libxslt.1.dylib
0x00007fff29f2f000 	/System/Library/PrivateFrameworks/BackgroundTaskManagement.framework/Versions/A/BackgroundTaskManagement
0x00007fff2c08c000 	/System/Library/Frameworks/ImageIO.framework/Versions/A/Resources/libRadiance.dylib
0x00007fff2c095000 	/System/Library/Frameworks/ImageIO.framework/Versions/A/Resources/libJPEG.dylib
0x00007fff2bfe5000 	/System/Library/Frameworks/ImageIO.framework/Versions/A/Resources/libPng.dylib
0x00007fff2c00c000 	/System/Library/Frameworks/ImageIO.framework/Versions/A/Resources/libTIFF.dylib
0x00007fff2c0ea000 	/System/Library/Frameworks/ImageIO.framework/Versions/A/Resources/libGIF.dylib
0x00007fff2bd49000 	/System/Library/Frameworks/ImageIO.framework/Versions/A/Resources/libJP2.dylib
0x00007fff2b433000 	/usr/lib/libexpat.1.dylib
0x00007fff2bcfe000 	/System/Library/PrivateFrameworks/AppleJPEG.framework/Versions/A/AppleJPEG
0x00007fff28874000 	/System/Library/PrivateFrameworks/FontServices.framework/libFontParser.dylib
0x00007fff2621e000 	/System/Library/PrivateFrameworks/RunningBoardServices.framework/Versions/A/RunningBoardServices
0x00007fff2be27000 	/System/Library/PrivateFrameworks/WatchdogClient.framework/Versions/A/WatchdogClient
0x00007fff215eb000 	/System/Library/Frameworks/CoreDisplay.framework/Versions/A/CoreDisplay
0x00007fff2878a000 	/System/Library/Frameworks/CoreMedia.framework/Versions/A/CoreMedia
0x00007fff275eb000 	/System/Library/Frameworks/CoreVideo.framework/Versions/A/CoreVideo
0x00007fff2be5f000 	/System/Library/Frameworks/VideoToolbox.framework/Versions/A/VideoToolbox
0x00007fff2619c000 	/System/Library/PrivateFrameworks/BaseBoard.framework/Versions/A/BaseBoard
0x00007fff2b578000 	/System/Library/PrivateFrameworks/PersistentConnection.framework/Versions/A/PersistentConnection
0x00007fff25f37000 	/System/Library/PrivateFrameworks/ProtocolBuffer.framework/Versions/A/ProtocolBuffer
0x00007fff26183000 	/System/Library/PrivateFrameworks/CommonUtilities.framework/Versions/A/CommonUtilities
0x00007fff2bc93000 	/System/Library/PrivateFrameworks/Bom.framework/Versions/A/Bom
0x00007fff2c085000 	/System/Library/PrivateFrameworks/GPUWrangler.framework/Versions/A/GPUWrangler
0x00007fff2c06a000 	/System/Library/PrivateFrameworks/IOPresentment.framework/Versions/A/IOPresentment
0x00007fff2c08f000 	/System/Library/PrivateFrameworks/DSExternalDisplay.framework/Versions/A/DSExternalDisplay
0x00007fff2c0ef000 	/System/Library/PrivateFrameworks/CMCaptureCore.framework/Versions/A/CMCaptureCore
0x00007fff2ba18000 	/System/Library/PrivateFrameworks/AppServerSupport.framework/Versions/A/AppServerSupport
0x00007fff2dac2000 	/System/Library/PrivateFrameworks/perfdata.framework/Versions/A/perfdata
0x00007fff29e91000 	/System/Library/PrivateFrameworks/AssertionServices.framework/Versions/A/AssertionServices
0x00007fff21722000 	/System/Library/PrivateFrameworks/AudioToolboxCore.framework/Versions/A/AudioToolboxCore
0x00007fff2876d000 	/System/Library/PrivateFrameworks/caulk.framework/Versions/A/caulk
0x00007fff3d74f000 	/System/Library/PrivateFrameworks/SystemPolicy.framework/Versions/A/SystemPolicy
0x00007fff2b228000 	/usr/lib/libIOReport.dylib
0x00007fff2d2e4000 	/usr/lib/libSMC.dylib
0x00007fff2bfb2000 	/usr/lib/libAudioToolboxUtility.dylib
0x00007fff3e0b9000 	/usr/lib/libmis.dylib
0x00007fff6cc2b000 	/System/Library/Frameworks/OpenGL.framework/Versions/A/Libraries/libGLU.dylib
0x00007fff6cbee000 	/System/Library/Frameworks/OpenGL.framework/Versions/A/Libraries/libGFXShared.dylib
0x00007fff6cdfd000 	/System/Library/Frameworks/OpenGL.framework/Versions/A/Libraries/libGL.dylib
0x00007fff6cbf7000 	/System/Library/Frameworks/OpenGL.framework/Versions/A/Libraries/libGLImage.dylib
0x00007fff6cbeb000 	/System/Library/Frameworks/OpenGL.framework/Versions/A/Libraries/libCVMSPluginSupport.dylib
0x00007fff6cbd6000 	/System/Library/Frameworks/OpenGL.framework/Versions/A/Libraries/libCoreVMClient.dylib
0x00007fff6e23e000 	/System/Library/Frameworks/OpenCL.framework/Versions/A/OpenCL
0x00007fff2b5a2000 	/System/Library/PrivateFrameworks/GraphVisualizer.framework/Versions/A/GraphVisualizer
0x00007fff2b5b1000 	/System/Library/PrivateFrameworks/FaceCore.framework/Versions/A/FaceCore
0x00007fff2b9cd000 	/System/Library/PrivateFrameworks/OTSVG.framework/Versions/A/OTSVG
0x00007fff271e2000 	/System/Library/Frameworks/ApplicationServices.framework/Versions/A/Frameworks/ATS.framework/Versions/A/Resources/libFontRegistry.dylib
0x00007fff2ba1f000 	/System/Library/PrivateFrameworks/FontServices.framework/libhvf.dylib
0x00007fff2b3df000 	/System/Library/PrivateFrameworks/AppleVA.framework/Versions/A/AppleVA
0x00007fff2d12d000 	/System/Library/Frameworks/ApplicationServices.framework/Versions/A/Frameworks/ATS.framework/Versions/A/ATS
0x00007fff2d43f000 	/System/Library/Frameworks/ApplicationServices.framework/Versions/A/Frameworks/ColorSyncLegacy.framework/Versions/A/ColorSyncLegacy
0x00007fff25700000 	/System/Library/Frameworks/ApplicationServices.framework/Versions/A/Frameworks/HIServices.framework/Versions/A/HIServices
0x00007fff2d424000 	/System/Library/Frameworks/ApplicationServices.framework/Versions/A/Frameworks/LangAnalysis.framework/Versions/A/LangAnalysis
0x00007fff2c0f9000 	/System/Library/Frameworks/ApplicationServices.framework/Versions/A/Frameworks/PrintCore.framework/Versions/A/PrintCore
0x00007fff2d447000 	/System/Library/Frameworks/ApplicationServices.framework/Versions/A/Frameworks/QD.framework/Versions/A/QD
0x00007fff2d11d000 	/System/Library/Frameworks/ApplicationServices.framework/Versions/A/Frameworks/SpeechSynthesis.framework/Versions/A/SpeechSynthesis
0x00007fff2c0ba000 	/System/Library/Frameworks/ApplicationServices.framework/Versions/A/Frameworks/ATSUI.framework/Versions/A/ATSUI
0x00007fff2d3c4000 	/usr/lib/libcups.2.dylib
0x00007fff2d434000 	/System/Library/PrivateFrameworks/NetAuth.framework/Versions/A/NetAuth
0x00007fff2dade000 	/System/Library/Frameworks/Kerberos.framework/Versions/A/Kerberos
0x00007fff2daee000 	/System/Library/Frameworks/GSS.framework/Versions/A/GSS
0x00007fff2d199000 	/usr/lib/libresolv.9.dylib
0x00007fff2ba34000 	/System/Library/PrivateFrameworks/Heimdal.framework/Versions/A/Heimdal
0x00007fff33865000 	/System/Library/Frameworks/Kerberos.framework/Versions/A/Libraries/libHeimdalProxy.dylib
0x00007fff262ef000 	/System/Library/Frameworks/Network.framework/Versions/A/Network
0x00007fff2b44d000 	/usr/lib/libheimdal-asn1.dylib
0x00007fff2db3e000 	/System/Library/PrivateFrameworks/CommonAuth.framework/Versions/A/CommonAuth
0x00007fff27638000 	/System/Library/PrivateFrameworks/login.framework/Versions/A/Frameworks/loginsupport.framework/Versions/A/loginsupport
0x00007fff2d0a2000 	/System/Library/PrivateFrameworks/AudioSession.framework/Versions/A/AudioSession
0x00007fff2d10a000 	/usr/lib/libAudioStatistics.dylib
0x00007fff2b4da000 	/System/Library/PrivateFrameworks/MediaExperience.framework/Versions/A/MediaExperience
0x00007fff2cf3f000 	/System/Library/PrivateFrameworks/AudioSession.framework/libSessionUtility.dylib
0x00007fff2dacf000 	/usr/lib/libperfcheck.dylib
0x00007fff2d453000 	/System/Library/PrivateFrameworks/AudioResourceArbitration.framework/Versions/A/AudioResourceArbitration
0x00007fff2b457000 	/System/Library/PrivateFrameworks/IconFoundation.framework/Versions/A/IconFoundation
0x00007fff2ff75000 	/System/Library/PrivateFrameworks/SpeechRecognitionCore.framework/Versions/A/SpeechRecognitionCore
0x000000010f000000 	/Users/florianleon/.p2/pool/plugins/org.eclipse.justj.openjdk.hotspot.jre.full.macosx.x86_64_14.0.2.v20200815-0932/jre/lib/server/libjvm.dylib
0x000000010aa6b000 	/Users/florianleon/.p2/pool/plugins/org.eclipse.justj.openjdk.hotspot.jre.full.macosx.x86_64_14.0.2.v20200815-0932/jre/lib/libjimage.dylib
0x000000010aacb000 	/Users/florianleon/.p2/pool/plugins/org.eclipse.justj.openjdk.hotspot.jre.full.macosx.x86_64_14.0.2.v20200815-0932/jre/lib/libjava.dylib
0x000000010ab27000 	/Users/florianleon/.p2/pool/plugins/org.eclipse.justj.openjdk.hotspot.jre.full.macosx.x86_64_14.0.2.v20200815-0932/jre/lib/libzip.dylib
0x000000010af52000 	/Users/florianleon/.p2/pool/plugins/org.eclipse.justj.openjdk.hotspot.jre.full.macosx.x86_64_14.0.2.v20200815-0932/jre/lib/libnio.dylib
0x000000010af7f000 	/Users/florianleon/.p2/pool/plugins/org.eclipse.justj.openjdk.hotspot.jre.full.macosx.x86_64_14.0.2.v20200815-0932/jre/lib/libnet.dylib
0x0000000131c28000 	/Users/florianleon/javafx-sdk-11.0.2/lib/libprism_es2.dylib
0x00007fff22acb000 	/System/Library/PrivateFrameworks/CoreServicesInternal.framework/Versions/A/CoreServicesInternal
0x00007fff6ce08000 	/System/Library/Frameworks/OpenGL.framework/Versions/A/Resources/GLEngine.bundle/GLEngine
0x00007fff6cc68000 	/System/Library/Frameworks/OpenGL.framework/Versions/A/Libraries/libGLProgrammability.dylib
0x0000000131d20000 	/System/Library/Extensions/AppleMetalOpenGLRenderer.bundle/Contents/MacOS/AppleMetalOpenGLRenderer
0x00007fff6cf84000 	/System/Library/Frameworks/OpenGL.framework/Versions/A/Resources/GLRendererFloat.bundle/GLRendererFloat
0x0000000131e76000 	/System/Library/Extensions/AGXMetal13_3.bundle/Contents/MacOS/AGXMetal13_3
0x00007fff38b23000 	/System/Library/PrivateFrameworks/IOGPU.framework/Versions/A/IOGPU
0x00007fff6a761000 	/System/Library/PrivateFrameworks/GPUCompiler.framework/Versions/31001/Libraries/libmetal_timestamp.dylib
0x0000000133457000 	/Users/florianleon/javafx-sdk-11.0.2/lib/libglass.dylib
0x00007fff3145b000 	/System/Library/Frameworks/FileProvider.framework/Versions/A/FileProvider
0x00007fff26106000 	/System/Library/Frameworks/Accounts.framework/Versions/A/Accounts
0x00007fff3157c000 	/System/Library/PrivateFrameworks/GenerationalStorage.framework/Versions/A/GenerationalStorage
0x00007fff31f3b000 	/System/Library/PrivateFrameworks/CoreSymbolication.framework/Versions/A/CoreSymbolication
0x00007fff30e7a000 	/System/Library/PrivateFrameworks/SymptomDiagnosticReporter.framework/Versions/A/SymptomDiagnosticReporter
0x00007fff2e787000 	/System/Library/PrivateFrameworks/AppContainer.framework/Versions/A/AppContainer
0x00007fff23c15000 	/System/Library/PrivateFrameworks/DesktopServicesPriv.framework/Versions/A/DesktopServicesPriv
0x00007fff22bff000 	/usr/lib/libsandbox.1.dylib
0x00007fff27664000 	/System/Library/PrivateFrameworks/UserManagement.framework/Versions/A/UserManagement
0x00007fff29e6e000 	/System/Library/PrivateFrameworks/MobileKeyBag.framework/Versions/A/MobileKeyBag
0x00007fff348ce000 	/System/Library/PrivateFrameworks/ChunkingLibrary.framework/Versions/A/ChunkingLibrary
0x00007fff31efe000 	/System/Library/PrivateFrameworks/DebugSymbols.framework/Versions/A/DebugSymbols
0x00007fff2e79c000 	/System/Library/PrivateFrameworks/SecCodeWrapper.framework/Versions/A/SecCodeWrapper
0x00007fff2b230000 	/System/Library/PrivateFrameworks/CrashReporterSupport.framework/Versions/A/CrashReporterSupport
0x00007fff48630000 	/System/Library/PrivateFrameworks/OSAnalytics.framework/Versions/A/OSAnalytics
0x00007fff783cf000 	/usr/lib/libRosetta.dylib
0x00007fff332b1000 	/System/Library/PrivateFrameworks/RemoteServiceDiscovery.framework/Versions/A/RemoteServiceDiscovery
0x00007fff525ee000 	/System/Library/PrivateFrameworks/Symbolication.framework/Versions/A/Symbolication
0x00007fff332c1000 	/System/Library/PrivateFrameworks/RemoteXPC.framework/Versions/A/RemoteXPC
0x00007fff397be000 	/System/Library/PrivateFrameworks/OSAServicesClient.framework/Versions/A/OSAServicesClient
0x00007fff3e098000 	/System/Library/PrivateFrameworks/MallocStackLogging.framework/Versions/A/MallocStackLogging
0x00007fff2e51e000 	/System/Library/PrivateFrameworks/Sharing.framework/Versions/A/Sharing
0x00007fff32e8e000 	/System/Library/PrivateFrameworks/Apple80211.framework/Versions/A/Apple80211
0x00007fff2a4f3000 	/System/Library/PrivateFrameworks/AuthKit.framework/Versions/A/AuthKit
0x00007fff29c6e000 	/System/Library/PrivateFrameworks/CoreUtils.framework/Versions/A/CoreUtils
0x00007fff29b9b000 	/System/Library/Frameworks/CoreWLAN.framework/Versions/A/CoreWLAN
0x00007fff2e666000 	/System/Library/Frameworks/IOBluetooth.framework/Versions/A/IOBluetooth
0x00007fff32ef2000 	/System/Library/PrivateFrameworks/CoreWiFi.framework/Versions/A/CoreWiFi
0x00007fff2dbc6000 	/System/Library/PrivateFrameworks/CorePhoneNumbers.framework/Versions/A/CorePhoneNumbers
0x00007fff30f82000 	/System/Library/PrivateFrameworks/DiskManagement.framework/Versions/A/DiskManagement
0x00007fff30e98000 	/System/Library/PrivateFrameworks/AppleIDAuthSupport.framework/Versions/A/AppleIDAuthSupport
0x00007fff2dba3000 	/System/Library/PrivateFrameworks/KeychainCircle.framework/Versions/A/KeychainCircle
0x00007fff30f4e000 	/System/Library/PrivateFrameworks/MediaKit.framework/Versions/A/MediaKit
0x00007fff30ea5000 	/System/Library/Frameworks/DiscRecording.framework/Versions/A/DiscRecording
0x00007fff2b353000 	/usr/lib/libCoreStorage.dylib
0x00007fff3332c000 	/usr/lib/libcsfde.dylib
0x00007fff2e7a0000 	/System/Library/PrivateFrameworks/ProtectedCloudStorage.framework/Versions/A/ProtectedCloudStorage
0x00007fff33324000 	/System/Library/PrivateFrameworks/EFILogin.framework/Versions/A/EFILogin
0x00007fff33918000 	/System/Library/Frameworks/AudioUnit.framework/Versions/A/AudioUnit
0x00007fff30e17000 	/System/Library/Frameworks/CoreBluetooth.framework/Versions/A/CoreBluetooth
0x00007fff2b34b000 	/usr/lib/libMatch.1.dylib
0x0000000134a68000 	/usr/lib/libobjc-trampolines.dylib
0x00007fff41cbf000 	/System/Library/Frameworks/Accelerate.framework/Versions/A/Frameworks/vImage.framework/Versions/A/Libraries/libCGInterfaces.dylib
0x00007fff27366000 	/System/Library/PrivateFrameworks/ViewBridge.framework/Versions/A/ViewBridge
0x00007fff2baf5000 	/System/Library/PrivateFrameworks/login.framework/Versions/A/login
0x0000000137ee3000 	/Users/florianleon/javafx-sdk-11.0.2/lib/libjavafx_font.dylib
0x00007fff7049e000 	/System/Library/PrivateFrameworks/AccessibilityBundles.framework/Versions/A/AccessibilityBundles
0x00007fff3061e000 	/System/Library/PrivateFrameworks/SystemAdministration.framework/Versions/A/SystemAdministration
0x00007fff2c2f2000 	/System/Library/Frameworks/MediaToolbox.framework/Versions/A/MediaToolbox
0x00007fff2ff3d000 	/System/Library/Frameworks/DirectoryService.framework/Versions/A/DirectoryService
0x00007fff331ca000 	/System/Library/PrivateFrameworks/DiskImages.framework/Versions/A/DiskImages
0x00007fff3339e000 	/System/Library/PrivateFrameworks/LoginUIKit.framework/Versions/A/Frameworks/LoginUICore.framework/Versions/A/LoginUICore
0x00007fff2bc8f000 	/usr/lib/libodfde.dylib
0x00007fff3142d000 	/System/Library/PrivateFrameworks/CoreAVCHD.framework/Versions/A/CoreAVCHD
0x00007fff305e1000 	/System/Library/Frameworks/MediaAccessibility.framework/Versions/A/MediaAccessibility
0x00007fff31429000 	/System/Library/PrivateFrameworks/Mangrove.framework/Versions/A/Mangrove
0x00007fff305ed000 	/System/Library/PrivateFrameworks/AlgosScoreFramework.framework/Versions/A/AlgosScoreFramework
0x00007fff31dee000 	/System/Library/PrivateFrameworks/AppleVPA.framework/Versions/A/AppleVPA
0x00007fff3106e000 	/System/Library/PrivateFrameworks/CoreAUC.framework/Versions/A/CoreAUC
0x00007fff33338000 	/usr/lib/libcurl.4.dylib
0x00007fff33098000 	/usr/lib/libcrypto.44.dylib
0x00007fff3319c000 	/usr/lib/libssl.46.dylib
0x00007fff3305e000 	/System/Library/Frameworks/LDAP.framework/Versions/A/LDAP
0x00007fff33096000 	/System/Library/PrivateFrameworks/TrustEvaluationAgent.framework/Versions/A/TrustEvaluationAgent
0x00007fff2d1b2000 	/usr/lib/libsasl2.2.dylib
0x00007fff30612000 	/System/Library/PrivateFrameworks/CoreDaemon.framework/Versions/B/CoreDaemon
0x00007fff3060d000 	/System/Library/PrivateFrameworks/AppleSRP.framework/Versions/A/AppleSRP
0x0000000141400000 	/private/var/folders/ng/ytwhvpfj1f7gn5vgqg8ngqsc0000gn/T/sqlite-3.27.2.1-0031cb92-b0dc-4bb2-bfae-f57cac2e2430-libsqlitejdbc.jnilib
0x0000000135c4d000 	/Users/florianleon/.p2/pool/plugins/org.eclipse.justj.openjdk.hotspot.jre.full.macosx.x86_64_14.0.2.v20200815-0932/jre/lib/libextnet.dylib


VM Arguments:
jvm_args: --module-path=/Users/florianleon/javafx-sdk-11.0.2/lib --add-modules=javafx.controls,javafx.fxml -Dfile.encoding=UTF-8 --module-path=/Users/florianleon/Desktop/ProjetJava/POO/ChatSystem GUI/SQLiteDatabases/sqlite-jdbc-3.27.2.1.jar:/Users/florianleon/javafx-sdk-11.0.2/lib/javafx-swt.jar:/Users/florianleon/javafx-sdk-11.0.2/lib/javafx.base.jar:/Users/florianleon/javafx-sdk-11.0.2/lib/javafx.controls.jar:/Users/florianleon/javafx-sdk-11.0.2/lib/javafx.fxml.jar:/Users/florianleon/javafx-sdk-11.0.2/lib/javafx.graphics.jar:/Users/florianleon/javafx-sdk-11.0.2/lib/javafx.media.jar:/Users/florianleon/javafx-sdk-11.0.2/lib/javafx.swing.jar:/Users/florianleon/javafx-sdk-11.0.2/lib/javafx.web.jar:/Users/florianleon/Desktop/ProjetJava/POO/ChatSystem GUI/HTMLscrapper/jsoup-1.13.1.jar:/Users/florianleon/Desktop/ProjetJava/POO/ChatSystem GUI/Jar Files/tyrus-standalone-client-1.9.jar -XX:+ShowCodeDetailsInExceptionMessages 
java_command: chatSytem.Main
java_class_path (initial): /Users/florianleon/Desktop/ProjetJava/POO/ChatSystem GUI/bin:/Users/florianleon/.p2/pool/plugins/org.junit.jupiter.api_5.6.0.v20200203-2009.jar:/Users/florianleon/.p2/pool/plugins/org.junit.jupiter.engine_5.6.0.v20200203-2009.jar:/Users/florianleon/.p2/pool/plugins/org.junit.jupiter.migrationsupport_5.6.0.v20200203-2009.jar:/Users/florianleon/.p2/pool/plugins/org.junit.jupiter.params_5.6.0.v20200203-2009.jar:/Users/florianleon/.p2/pool/plugins/org.junit.platform.commons_1.6.0.v20200203-2009.jar:/Users/florianleon/.p2/pool/plugins/org.junit.platform.engine_1.6.0.v20200203-2009.jar:/Users/florianleon/.p2/pool/plugins/org.junit.platform.launcher_1.6.0.v20200203-2009.jar:/Users/florianleon/.p2/pool/plugins/org.junit.platform.runner_1.6.0.v20200203-2009.jar:/Users/florianleon/.p2/pool/plugins/org.junit.platform.suite.api_1.6.0.v20200203-2009.jar:/Users/florianleon/.p2/pool/plugins/org.junit.vintage.engine_5.6.0.v20200203-2009.jar:/Users/florianleon/.p2/pool/plugins/org.opentest4j_1.2.0.v20190826-0900.jar:/Users/florianleon/.p2/pool/plugins/org.apiguardian_1.1.0.v20190826-0900.jar:/Users/florianleon/.p2/pool/plugins/org.junit_4.13.0.v20200204-1500.jar:/Users/florianleon/.p2/pool/plugins/org.hamcrest.core_1.3.0.v20180420-1519.jar
Launcher Type: SUN_STANDARD

[Global flags]
     intx CICompilerCount                          = 4                                         {product} {ergonomic}
     uint ConcGCThreads                            = 2                                         {product} {ergonomic}
     uint G1ConcRefinementThreads                  = 8                                         {product} {ergonomic}
   size_t G1HeapRegionSize                         = 1048576                                   {product} {ergonomic}
    uintx GCDrainStackTargetSize                   = 64                                        {product} {ergonomic}
   size_t InitialHeapSize                          = 268435456                                 {product} {ergonomic}
   size_t MarkStackSize                            = 4194304                                   {product} {ergonomic}
   size_t MaxHeapSize                              = 4294967296                                {product} {ergonomic}
   size_t MaxNewSize                               = 2576351232                                {product} {ergonomic}
   size_t MinHeapDeltaBytes                        = 1048576                                   {product} {ergonomic}
   size_t MinHeapSize                              = 8388608                                   {product} {ergonomic}
    uintx NonNMethodCodeHeapSize                   = 5839372                                {pd product} {ergonomic}
    uintx NonProfiledCodeHeapSize                  = 122909434                              {pd product} {ergonomic}
    uintx ProfiledCodeHeapSize                     = 122909434                              {pd product} {ergonomic}
    uintx ReservedCodeCacheSize                    = 251658240                              {pd product} {ergonomic}
     bool SegmentedCodeCache                       = true                                      {product} {ergonomic}
     bool ShowCodeDetailsInExceptionMessages       = true                                   {manageable} {command line}
   size_t SoftMaxHeapSize                          = 4294967296                             {manageable} {ergonomic}
     bool UseCompressedClassPointers               = true                                 {lp64_product} {ergonomic}
     bool UseCompressedOops                        = true                                 {lp64_product} {ergonomic}
     bool UseG1GC                                  = true                                      {product} {ergonomic}

Logging:
Log output configuration:
 #0: stdout all=warning uptime,level,tags
 #1: stderr all=off uptime,level,tags

Environment Variables:
PATH=/usr/bin:/bin:/usr/sbin:/sbin
SHELL=/bin/zsh

Signal Handlers:
SIGSEGV: [libjvm.dylib+0x7415c8], sa_mask[0]=11111111111111111111111111111111, sa_flags=SA_ONSTACK|SA_RESTART|SA_SIGINFO
SIGBUS: [libjvm.dylib+0x7415c8], sa_mask[0]=11111111111111111111111111111111, sa_flags=SA_RESTART|SA_SIGINFO
SIGFPE: [libjvm.dylib+0x7415c8], sa_mask[0]=11111111111111111111111111111111, sa_flags=SA_RESTART|SA_SIGINFO
SIGPIPE: [libjvm.dylib+0x5eb4c1], sa_mask[0]=11111111111111111111111111111111, sa_flags=SA_RESTART|SA_SIGINFO
SIGXFSZ: [libjvm.dylib+0x5eb4c1], sa_mask[0]=11111111111111111111111111111111, sa_flags=SA_RESTART|SA_SIGINFO
SIGILL: [libjvm.dylib+0x7415c8], sa_mask[0]=11111111111111111111111111111111, sa_flags=SA_RESTART|SA_SIGINFO
SIGUSR2: [libjvm.dylib+0x5eba93], sa_mask[0]=00100000000000000000000000000000, sa_flags=SA_RESTART|SA_SIGINFO
SIGHUP: [libjvm.dylib+0x5eaaf5], sa_mask[0]=11111111111111111111111111111111, sa_flags=SA_RESTART|SA_SIGINFO
SIGINT: [libjvm.dylib+0x5eaaf5], sa_mask[0]=11111111111111111111111111111111, sa_flags=SA_RESTART|SA_SIGINFO
SIGTERM: [libjvm.dylib+0x5eaaf5], sa_mask[0]=11111111111111111111111111111111, sa_flags=SA_RESTART|SA_SIGINFO
SIGQUIT: [libjvm.dylib+0x5eaaf5], sa_mask[0]=11111111111111111111111111111111, sa_flags=SA_RESTART|SA_SIGINFO


---------------  S Y S T E M  ---------------

OS:uname:Darwin 20.2.0 Darwin Kernel Version 20.2.0: Wed Dec  2 20:40:21 PST 2020; root:xnu-7195.60.75~1/RELEASE_ARM64_T8101 x86_64
OS uptime: 16 days 11:10 hours
rlimit: STACK 8176k, CORE 0k, NPROC 2666, NOFILE 10240, AS infinity, DATA infinity, FSIZE infinity
load average:1.96 2.85 3.91

CPU:total 8 (initial active 8) (1 cores per cpu, 1 threads per core) family 6 model 44 stepping 0, cmov, cx8, fxsr, mmx, sse, sse2, sse3, ssse3, sse4.1, sse4.2, popcnt, aes, clmul, tsc, tscinvbit, tscinv

Memory: 4k page, physical 16777216k(44436k free), swap 6291456k(1344000k free)

vm_info: OpenJDK 64-Bit Server VM (14.0.2+12-46) for bsd-amd64 JRE (14.0.2+12-46), built on Jul  8 2020 23:34:30 by "mach5one" with clang 4.2.1 Compatible Apple LLVM 10.0.0 (clang-1000.11.45.5)

END.
