#
# A fatal error has been detected by the Java Runtime Environment:
#
#  SIGSEGV (0xb) at pc=0x000000014371389b, pid=33654, tid=515
#
# JRE version: OpenJDK Runtime Environment (14.0.2+12) (build 14.0.2+12-46)
# Java VM: OpenJDK 64-Bit Server VM (14.0.2+12-46, mixed mode, tiered, compressed oops, g1 gc, bsd-amd64)
# Problematic frame:
# C  [sqlite-3.27.2.1-9b1b78a4-9a45-4ec7-a0b5-74a04c4b0b8b-libsqlitejdbc.jnilib+0xc89b]  Java_org_sqlite_core_NativeDB_clear_1progress_1handler+0x9081
#
# No core dump will be written. Core dumps have been disabled. To enable core dumping, try "ulimit -c unlimited" before starting Java again
#
# If you would like to submit a bug report, please visit:
#   https://bugreport.java.com/bugreport/crash.jsp
# The crash happened outside the Java Virtual Machine in native code.
# See problematic frame for where to report the bug.
#

---------------  S U M M A R Y ------------

Command Line: --module-path=/Users/florianleon/javafx-sdk-11.0.2/lib --add-modules=javafx.controls,javafx.fxml -Dfile.encoding=UTF-8 --module-path=/Users/florianleon/Desktop/ProjetJava/POO/ChatSystem GUI/SQLiteDatabases/sqlite-jdbc-3.27.2.1.jar:/Users/florianleon/javafx-sdk-11.0.2/lib/javafx-swt.jar:/Users/florianleon/javafx-sdk-11.0.2/lib/javafx.base.jar:/Users/florianleon/javafx-sdk-11.0.2/lib/javafx.controls.jar:/Users/florianleon/javafx-sdk-11.0.2/lib/javafx.fxml.jar:/Users/florianleon/javafx-sdk-11.0.2/lib/javafx.graphics.jar:/Users/florianleon/javafx-sdk-11.0.2/lib/javafx.media.jar:/Users/florianleon/javafx-sdk-11.0.2/lib/javafx.swing.jar:/Users/florianleon/javafx-sdk-11.0.2/lib/javafx.web.jar:/Users/florianleon/Desktop/ProjetJava/POO/ChatSystem GUI/HTMLscrapper/jsoup-1.13.1.jar -XX:+ShowCodeDetailsInExceptionMessages chatSytem.Main

Host: MacBookPro17,1 x86_64 2400 MHz, 8 cores, 16G, Darwin 20.2.0
Time: Sun Dec 27 17:31:12 2020 CET elapsed time: 7 seconds (0d 0h 0m 7s)

---------------  T H R E A D  ---------------

Current thread (0x00007ff18514a000):  JavaThread "JavaFX Application Thread" [_thread_in_native, id=515, stack(0x000000030d291000,0x000000030da91000)]

Stack: [0x000000030d291000,0x000000030da91000],  sp=0x000000030da8b130,  free space=8168k
Native frames: (J=compiled Java code, A=aot compiled Java code, j=interpreted, Vv=VM code, C=native code)
C  [sqlite-3.27.2.1-9b1b78a4-9a45-4ec7-a0b5-74a04c4b0b8b-libsqlitejdbc.jnilib+0xc89b]  Java_org_sqlite_core_NativeDB_clear_1progress_1handler+0x9081
C  [sqlite-3.27.2.1-9b1b78a4-9a45-4ec7-a0b5-74a04c4b0b8b-libsqlitejdbc.jnilib+0xca3a]  Java_org_sqlite_core_NativeDB_clear_1progress_1handler+0x9220
C  [sqlite-3.27.2.1-9b1b78a4-9a45-4ec7-a0b5-74a04c4b0b8b-libsqlitejdbc.jnilib+0x27e6]  Java_org_sqlite_core_NativeDB_column_1text_1utf8+0x34
j  org.sqlite.core.NativeDB.column_text_utf8(JI)[B+0 sqlite.jdbc@3.27.2.1
j  org.sqlite.core.NativeDB.column_text(JI)Ljava/lang/String;+3 sqlite.jdbc@3.27.2.1
j  org.sqlite.jdbc3.JDBC3ResultSet.getString(I)Ljava/lang/String;+18 sqlite.jdbc@3.27.2.1
j  src.database.UserDB.hasValue(Ljava/lang/String;)Z+68
j  src.user.User.changeUsername(Ljava/lang/String;)Z+7
j  chatSytem.view.ConnexionController.connection()V+85
v  ~StubRoutines::call_stub
V  [libjvm.dylib+0x34b706]  _ZN9JavaCalls11call_helperEP9JavaValueRK12methodHandleP17JavaCallArgumentsP6Thread+0x256
V  [libjvm.dylib+0x63e56f]  _ZL6invokeP13InstanceKlassRK12methodHandle6Handleb14objArrayHandle9BasicTypeS5_bP6Thread+0x551
V  [libjvm.dylib+0x63dfc0]  _ZN10Reflection13invoke_methodEP7oopDesc6Handle14objArrayHandleP6Thread+0xe6
V  [libjvm.dylib+0x3d49b8]  JVM_InvokeMethod+0x222
j  jdk.internal.reflect.NativeMethodAccessorImpl.invoke0(Ljava/lang/reflect/Method;Ljava/lang/Object;[Ljava/lang/Object;)Ljava/lang/Object;+0 java.base@14.0.2
j  jdk.internal.reflect.NativeMethodAccessorImpl.invoke(Ljava/lang/Object;[Ljava/lang/Object;)Ljava/lang/Object;+100 java.base@14.0.2
J 1387 c1 jdk.internal.reflect.DelegatingMethodAccessorImpl.invoke(Ljava/lang/Object;[Ljava/lang/Object;)Ljava/lang/Object; java.base@14.0.2 (10 bytes) @ 0x00000001175767ac [0x00000001175766a0+0x000000000000010c]
J 1307 c1 java.lang.reflect.Method.invoke(Ljava/lang/Object;[Ljava/lang/Object;)Ljava/lang/Object; java.base@14.0.2 (65 bytes) @ 0x000000011754ef44 [0x000000011754ec00+0x0000000000000344]
j  com.sun.javafx.reflect.Trampoline.invoke(Ljava/lang/reflect/Method;Ljava/lang/Object;[Ljava/lang/Object;)Ljava/lang/Object;+7
j  jdk.internal.reflect.GeneratedMethodAccessor2.invoke(Ljava/lang/Object;[Ljava/lang/Object;)Ljava/lang/Object;+40
J 1387 c1 jdk.internal.reflect.DelegatingMethodAccessorImpl.invoke(Ljava/lang/Object;[Ljava/lang/Object;)Ljava/lang/Object; java.base@14.0.2 (10 bytes) @ 0x00000001175767ac [0x00000001175766a0+0x000000000000010c]
J 1307 c1 java.lang.reflect.Method.invoke(Ljava/lang/Object;[Ljava/lang/Object;)Ljava/lang/Object; java.base@14.0.2 (65 bytes) @ 0x000000011754ef44 [0x000000011754ec00+0x0000000000000344]
j  com.sun.javafx.reflect.MethodUtil.invoke(Ljava/lang/reflect/Method;Ljava/lang/Object;[Ljava/lang/Object;)Ljava/lang/Object;+20 javafx.base
j  com.sun.javafx.fxml.MethodHelper.invoke(Ljava/lang/reflect/Method;Ljava/lang/Object;[Ljava/lang/Object;)Ljava/lang/Object;+142 javafx.fxml
j  javafx.fxml.FXMLLoader$MethodHandler.invoke([Ljava/lang/Object;)V+38 javafx.fxml
j  javafx.fxml.FXMLLoader$ControllerMethodEventHandler.handle(Ljavafx/event/Event;)V+12 javafx.fxml
j  com.sun.javafx.event.CompositeEventHandler.dispatchBubblingEvent(Ljavafx/event/Event;)V+51 javafx.base
J 2371 c1 com.sun.javafx.event.EventHandlerManager.dispatchBubblingEvent(Ljavafx/event/Event;)Ljavafx/event/Event; javafx.base (23 bytes) @ 0x00000001177237dc [0x00000001177231a0+0x000000000000063c]
J 2370 c1 com.sun.javafx.event.CompositeEventDispatcher.dispatchBubblingEvent(Ljavafx/event/Event;)Ljavafx/event/Event; javafx.base (35 bytes) @ 0x00000001177240ac [0x0000000117723ee0+0x00000000000001cc]
J 2358 c1 com.sun.javafx.event.BasicEventDispatcher.dispatchEvent(Ljavafx/event/Event;Ljavafx/event/EventDispatchChain;)Ljavafx/event/Event; javafx.base (44 bytes) @ 0x000000011771f7bc [0x000000011771f460+0x000000000000035c]
J 2280 c1 com.sun.javafx.event.EventDispatchChainImpl.dispatchEvent(Ljavafx/event/Event;)Ljavafx/event/Event; javafx.base (101 bytes) @ 0x0000000117700ffc [0x0000000117700e40+0x00000000000001bc]
J 2358 c1 com.sun.javafx.event.BasicEventDispatcher.dispatchEvent(Ljavafx/event/Event;Ljavafx/event/EventDispatchChain;)Ljavafx/event/Event; javafx.base (44 bytes) @ 0x000000011771f6cc [0x000000011771f460+0x000000000000026c]
J 2280 c1 com.sun.javafx.event.EventDispatchChainImpl.dispatchEvent(Ljavafx/event/Event;)Ljavafx/event/Event; javafx.base (101 bytes) @ 0x0000000117700ffc [0x0000000117700e40+0x00000000000001bc]
J 2358 c1 com.sun.javafx.event.BasicEventDispatcher.dispatchEvent(Ljavafx/event/Event;Ljavafx/event/EventDispatchChain;)Ljavafx/event/Event; javafx.base (44 bytes) @ 0x000000011771f6cc [0x000000011771f460+0x000000000000026c]
J 2280 c1 com.sun.javafx.event.EventDispatchChainImpl.dispatchEvent(Ljavafx/event/Event;)Ljavafx/event/Event; javafx.base (101 bytes) @ 0x0000000117700ffc [0x0000000117700e40+0x00000000000001bc]
J 2751 c1 com.sun.javafx.event.EventUtil.fireEvent(Ljavafx/event/EventTarget;Ljavafx/event/Event;)Ljavafx/event/Event; javafx.base (81 bytes) @ 0x00000001177cc4b4 [0x00000001177cb900+0x0000000000000bb4]
J 2750 c1 javafx.event.Event.fireEvent(Ljavafx/event/EventTarget;Ljavafx/event/Event;)V javafx.base (35 bytes) @ 0x00000001177cb2a4 [0x00000001177cb1e0+0x00000000000000c4]
j  javafx.scene.Node.fireEvent(Ljavafx/event/Event;)V+86 javafx.graphics
j  javafx.scene.control.Button.fire()V+15 javafx.controls
j  com.sun.javafx.scene.control.behavior.ButtonBehavior.mouseReleased(Ljavafx/scene/input/MouseEvent;)V+27 javafx.controls
j  com.sun.javafx.scene.control.behavior.ButtonBehavior$$Lambda$401.handle(Ljavafx/event/Event;)V+8 javafx.controls
j  com.sun.javafx.scene.control.inputmap.InputMap.handle(Ljavafx/event/Event;)V+61 javafx.controls
j  com.sun.javafx.scene.control.inputmap.InputMap$$Lambda$338.handle(Ljavafx/event/Event;)V+5 javafx.controls
j  com.sun.javafx.event.CompositeEventHandler$NormalEventHandlerRecord.handleBubblingEvent(Ljavafx/event/Event;)V+5 javafx.base
j  com.sun.javafx.event.CompositeEventHandler.dispatchBubblingEvent(Ljavafx/event/Event;)V+28 javafx.base
J 2371 c1 com.sun.javafx.event.EventHandlerManager.dispatchBubblingEvent(Ljavafx/event/Event;)Ljavafx/event/Event; javafx.base (23 bytes) @ 0x00000001177237dc [0x00000001177231a0+0x000000000000063c]
J 2370 c1 com.sun.javafx.event.CompositeEventDispatcher.dispatchBubblingEvent(Ljavafx/event/Event;)Ljavafx/event/Event; javafx.base (35 bytes) @ 0x00000001177240ac [0x0000000117723ee0+0x00000000000001cc]
J 2358 c1 com.sun.javafx.event.BasicEventDispatcher.dispatchEvent(Ljavafx/event/Event;Ljavafx/event/EventDispatchChain;)Ljavafx/event/Event; javafx.base (44 bytes) @ 0x000000011771f7bc [0x000000011771f460+0x000000000000035c]
J 2280 c1 com.sun.javafx.event.EventDispatchChainImpl.dispatchEvent(Ljavafx/event/Event;)Ljavafx/event/Event; javafx.base (101 bytes) @ 0x0000000117700ffc [0x0000000117700e40+0x00000000000001bc]
J 2358 c1 com.sun.javafx.event.BasicEventDispatcher.dispatchEvent(Ljavafx/event/Event;Ljavafx/event/EventDispatchChain;)Ljavafx/event/Event; javafx.base (44 bytes) @ 0x000000011771f6cc [0x000000011771f460+0x000000000000026c]
J 2280 c1 com.sun.javafx.event.EventDispatchChainImpl.dispatchEvent(Ljavafx/event/Event;)Ljavafx/event/Event; javafx.base (101 bytes) @ 0x0000000117700ffc [0x0000000117700e40+0x00000000000001bc]
J 2358 c1 com.sun.javafx.event.BasicEventDispatcher.dispatchEvent(Ljavafx/event/Event;Ljavafx/event/EventDispatchChain;)Ljavafx/event/Event; javafx.base (44 bytes) @ 0x000000011771f6cc [0x000000011771f460+0x000000000000026c]
J 2280 c1 com.sun.javafx.event.EventDispatchChainImpl.dispatchEvent(Ljavafx/event/Event;)Ljavafx/event/Event; javafx.base (101 bytes) @ 0x0000000117700ffc [0x0000000117700e40+0x00000000000001bc]
J 2751 c1 com.sun.javafx.event.EventUtil.fireEvent(Ljavafx/event/EventTarget;Ljavafx/event/Event;)Ljavafx/event/Event; javafx.base (81 bytes) @ 0x00000001177cc0ec [0x00000001177cb900+0x00000000000007ec]
J 2839 c1 javafx.scene.Scene$MouseHandler.process(Ljavafx/scene/input/MouseEvent;Z)V javafx.graphics (735 bytes) @ 0x0000000117816f3c [0x0000000117815100+0x0000000000001e3c]
J 2838 c1 javafx.scene.Scene$MouseHandler.access$1200(Ljavafx/scene/Scene$MouseHandler;Ljavafx/scene/input/MouseEvent;Z)V javafx.graphics (7 bytes) @ 0x0000000117811ff4 [0x0000000117811fa0+0x0000000000000054]
j  javafx.scene.Scene.processMouseEvent(Ljavafx/scene/input/MouseEvent;)V+6 javafx.graphics
j  javafx.scene.Scene$ScenePeerListener.mouseEvent(Ljavafx/event/EventType;DDDDLjavafx/scene/input/MouseButton;ZZZZZZZZZ)V+46 javafx.graphics
j  com.sun.javafx.tk.quantum.GlassViewEventHandler$MouseEventNotification.run()Ljava/lang/Void;+582 javafx.graphics
j  com.sun.javafx.tk.quantum.GlassViewEventHandler$MouseEventNotification.run()Ljava/lang/Object;+1 javafx.graphics
J 2012 c1 java.security.AccessController.doPrivileged(Ljava/security/PrivilegedAction;Ljava/security/AccessControlContext;)Ljava/lang/Object; java.base@14.0.2 (17 bytes) @ 0x0000000117694764 [0x0000000117694580+0x00000000000001e4]
j  com.sun.javafx.tk.quantum.GlassViewEventHandler.lambda$handleMouseEvent$2()Ljava/lang/Void;+11 javafx.graphics
j  com.sun.javafx.tk.quantum.GlassViewEventHandler$$Lambda$484.get()Ljava/lang/Object;+4 javafx.graphics
J 2299 c1 com.sun.javafx.tk.quantum.QuantumToolkit.runWithoutRenderLock(Ljava/util/function/Supplier;)Ljava/lang/Object; javafx.graphics (49 bytes) @ 0x000000011770b14c [0x000000011770ac40+0x000000000000050c]
j  com.sun.javafx.tk.quantum.GlassViewEventHandler.handleMouseEvent(Lcom/sun/glass/ui/View;JIIIIIIIZZ)V+103 javafx.graphics
j  com.sun.glass.ui.View.handleMouseEvent(JIIIIIIIZZ)V+30 javafx.graphics
j  com.sun.glass.ui.View.notifyMouse(IIIIIIIZZ)V+181 javafx.graphics
j  com.sun.glass.ui.mac.MacView.notifyMouse(IIIIIIIZZ)V+96 javafx.graphics
v  ~StubRoutines::call_stub
V  [libjvm.dylib+0x34b706]  _ZN9JavaCalls11call_helperEP9JavaValueRK12methodHandleP17JavaCallArgumentsP6Thread+0x256
V  [libjvm.dylib+0x386dae]  _ZL20jni_invoke_nonstaticP7JNIEnv_P9JavaValueP8_jobject11JNICallTypeP10_jmethodIDP18JNI_ArgumentPusherP6Thread+0x27b
V  [libjvm.dylib+0x38b6e8]  jni_CallVoidMethod+0x1bc
C  [libglass.dylib+0xe042]  -[GlassViewDelegate sendJavaMouseEvent:]+0x932
C  [AppKit+0x1c90a5]  -[NSWindow(NSEventRouting) _reallySendEvent:isDelayedEvent:]+0xa9f
C  [AppKit+0x1c83ea]  -[NSWindow(NSEventRouting) sendEvent:]+0x15b
C  [libglass.dylib+0x1b363]  -[GlassWindow_Normal sendEvent:]+0x73
C  [AppKit+0x1c67d4]  -[NSApplication(NSEvent) sendEvent:]+0x160
C  [AppKit+0x49f36e]  -[NSApplication _handleEvent:]+0x41
C  [AppKit+0x2fb2f]  -[NSApplication run]+0x26f
C  [libglass.dylib+0xa80c]  -[GlassApplication runLoop:]+0x78c
C  [Foundation+0x804d9]  __NSThreadPerformPerform+0xcc
C  [CoreFoundation+0x8131d]  __CFRUNLOOP_IS_CALLING_OUT_TO_A_SOURCE0_PERFORM_FUNCTION__+0x11
C  [CoreFoundation+0x81285]  __CFRunLoopDoSource0+0xb4
C  [CoreFoundation+0x81005]  __CFRunLoopDoSources0+0xf8
C  [CoreFoundation+0x7fa4d]  __CFRunLoopRun+0x37e
C  [CoreFoundation+0x7efe2]  CFRunLoopRunSpecific+0x237
C  [libjli.dylib+0x65c1]  CreateExecutionEnvironment+0x18f
C  [libjli.dylib+0x2752]  JLI_Launch+0x54a
C  [java+0xc9d]  main+0x177
C  [libdyld.dylib+0x15621]  start+0x1

Java frames: (J=compiled Java code, j=interpreted, Vv=VM code)
j  org.sqlite.core.NativeDB.column_text_utf8(JI)[B+0 sqlite.jdbc@3.27.2.1
j  org.sqlite.core.NativeDB.column_text(JI)Ljava/lang/String;+3 sqlite.jdbc@3.27.2.1
j  org.sqlite.jdbc3.JDBC3ResultSet.getString(I)Ljava/lang/String;+18 sqlite.jdbc@3.27.2.1
j  src.database.UserDB.hasValue(Ljava/lang/String;)Z+68
j  src.user.User.changeUsername(Ljava/lang/String;)Z+7
j  chatSytem.view.ConnexionController.connection()V+85
v  ~StubRoutines::call_stub
j  jdk.internal.reflect.NativeMethodAccessorImpl.invoke0(Ljava/lang/reflect/Method;Ljava/lang/Object;[Ljava/lang/Object;)Ljava/lang/Object;+0 java.base@14.0.2
j  jdk.internal.reflect.NativeMethodAccessorImpl.invoke(Ljava/lang/Object;[Ljava/lang/Object;)Ljava/lang/Object;+100 java.base@14.0.2
J 1387 c1 jdk.internal.reflect.DelegatingMethodAccessorImpl.invoke(Ljava/lang/Object;[Ljava/lang/Object;)Ljava/lang/Object; java.base@14.0.2 (10 bytes) @ 0x00000001175767ac [0x00000001175766a0+0x000000000000010c]
J 1307 c1 java.lang.reflect.Method.invoke(Ljava/lang/Object;[Ljava/lang/Object;)Ljava/lang/Object; java.base@14.0.2 (65 bytes) @ 0x000000011754ef44 [0x000000011754ec00+0x0000000000000344]
j  com.sun.javafx.reflect.Trampoline.invoke(Ljava/lang/reflect/Method;Ljava/lang/Object;[Ljava/lang/Object;)Ljava/lang/Object;+7
j  jdk.internal.reflect.GeneratedMethodAccessor2.invoke(Ljava/lang/Object;[Ljava/lang/Object;)Ljava/lang/Object;+40
J 1387 c1 jdk.internal.reflect.DelegatingMethodAccessorImpl.invoke(Ljava/lang/Object;[Ljava/lang/Object;)Ljava/lang/Object; java.base@14.0.2 (10 bytes) @ 0x00000001175767ac [0x00000001175766a0+0x000000000000010c]
J 1307 c1 java.lang.reflect.Method.invoke(Ljava/lang/Object;[Ljava/lang/Object;)Ljava/lang/Object; java.base@14.0.2 (65 bytes) @ 0x000000011754ef44 [0x000000011754ec00+0x0000000000000344]
j  com.sun.javafx.reflect.MethodUtil.invoke(Ljava/lang/reflect/Method;Ljava/lang/Object;[Ljava/lang/Object;)Ljava/lang/Object;+20 javafx.base
j  com.sun.javafx.fxml.MethodHelper.invoke(Ljava/lang/reflect/Method;Ljava/lang/Object;[Ljava/lang/Object;)Ljava/lang/Object;+142 javafx.fxml
j  javafx.fxml.FXMLLoader$MethodHandler.invoke([Ljava/lang/Object;)V+38 javafx.fxml
j  javafx.fxml.FXMLLoader$ControllerMethodEventHandler.handle(Ljavafx/event/Event;)V+12 javafx.fxml
j  com.sun.javafx.event.CompositeEventHandler.dispatchBubblingEvent(Ljavafx/event/Event;)V+51 javafx.base
J 2371 c1 com.sun.javafx.event.EventHandlerManager.dispatchBubblingEvent(Ljavafx/event/Event;)Ljavafx/event/Event; javafx.base (23 bytes) @ 0x00000001177237dc [0x00000001177231a0+0x000000000000063c]
J 2370 c1 com.sun.javafx.event.CompositeEventDispatcher.dispatchBubblingEvent(Ljavafx/event/Event;)Ljavafx/event/Event; javafx.base (35 bytes) @ 0x00000001177240ac [0x0000000117723ee0+0x00000000000001cc]
J 2358 c1 com.sun.javafx.event.BasicEventDispatcher.dispatchEvent(Ljavafx/event/Event;Ljavafx/event/EventDispatchChain;)Ljavafx/event/Event; javafx.base (44 bytes) @ 0x000000011771f7bc [0x000000011771f460+0x000000000000035c]
J 2280 c1 com.sun.javafx.event.EventDispatchChainImpl.dispatchEvent(Ljavafx/event/Event;)Ljavafx/event/Event; javafx.base (101 bytes) @ 0x0000000117700ffc [0x0000000117700e40+0x00000000000001bc]
J 2358 c1 com.sun.javafx.event.BasicEventDispatcher.dispatchEvent(Ljavafx/event/Event;Ljavafx/event/EventDispatchChain;)Ljavafx/event/Event; javafx.base (44 bytes) @ 0x000000011771f6cc [0x000000011771f460+0x000000000000026c]
J 2280 c1 com.sun.javafx.event.EventDispatchChainImpl.dispatchEvent(Ljavafx/event/Event;)Ljavafx/event/Event; javafx.base (101 bytes) @ 0x0000000117700ffc [0x0000000117700e40+0x00000000000001bc]
J 2358 c1 com.sun.javafx.event.BasicEventDispatcher.dispatchEvent(Ljavafx/event/Event;Ljavafx/event/EventDispatchChain;)Ljavafx/event/Event; javafx.base (44 bytes) @ 0x000000011771f6cc [0x000000011771f460+0x000000000000026c]
J 2280 c1 com.sun.javafx.event.EventDispatchChainImpl.dispatchEvent(Ljavafx/event/Event;)Ljavafx/event/Event; javafx.base (101 bytes) @ 0x0000000117700ffc [0x0000000117700e40+0x00000000000001bc]
J 2751 c1 com.sun.javafx.event.EventUtil.fireEvent(Ljavafx/event/EventTarget;Ljavafx/event/Event;)Ljavafx/event/Event; javafx.base (81 bytes) @ 0x00000001177cc4b4 [0x00000001177cb900+0x0000000000000bb4]
J 2750 c1 javafx.event.Event.fireEvent(Ljavafx/event/EventTarget;Ljavafx/event/Event;)V javafx.base (35 bytes) @ 0x00000001177cb2a4 [0x00000001177cb1e0+0x00000000000000c4]
j  javafx.scene.Node.fireEvent(Ljavafx/event/Event;)V+86 javafx.graphics
j  javafx.scene.control.Button.fire()V+15 javafx.controls
j  com.sun.javafx.scene.control.behavior.ButtonBehavior.mouseReleased(Ljavafx/scene/input/MouseEvent;)V+27 javafx.controls
j  com.sun.javafx.scene.control.behavior.ButtonBehavior$$Lambda$401.handle(Ljavafx/event/Event;)V+8 javafx.controls
j  com.sun.javafx.scene.control.inputmap.InputMap.handle(Ljavafx/event/Event;)V+61 javafx.controls
j  com.sun.javafx.scene.control.inputmap.InputMap$$Lambda$338.handle(Ljavafx/event/Event;)V+5 javafx.controls
j  com.sun.javafx.event.CompositeEventHandler$NormalEventHandlerRecord.handleBubblingEvent(Ljavafx/event/Event;)V+5 javafx.base
j  com.sun.javafx.event.CompositeEventHandler.dispatchBubblingEvent(Ljavafx/event/Event;)V+28 javafx.base
J 2371 c1 com.sun.javafx.event.EventHandlerManager.dispatchBubblingEvent(Ljavafx/event/Event;)Ljavafx/event/Event; javafx.base (23 bytes) @ 0x00000001177237dc [0x00000001177231a0+0x000000000000063c]
J 2370 c1 com.sun.javafx.event.CompositeEventDispatcher.dispatchBubblingEvent(Ljavafx/event/Event;)Ljavafx/event/Event; javafx.base (35 bytes) @ 0x00000001177240ac [0x0000000117723ee0+0x00000000000001cc]
J 2358 c1 com.sun.javafx.event.BasicEventDispatcher.dispatchEvent(Ljavafx/event/Event;Ljavafx/event/EventDispatchChain;)Ljavafx/event/Event; javafx.base (44 bytes) @ 0x000000011771f7bc [0x000000011771f460+0x000000000000035c]
J 2280 c1 com.sun.javafx.event.EventDispatchChainImpl.dispatchEvent(Ljavafx/event/Event;)Ljavafx/event/Event; javafx.base (101 bytes) @ 0x0000000117700ffc [0x0000000117700e40+0x00000000000001bc]
J 2358 c1 com.sun.javafx.event.BasicEventDispatcher.dispatchEvent(Ljavafx/event/Event;Ljavafx/event/EventDispatchChain;)Ljavafx/event/Event; javafx.base (44 bytes) @ 0x000000011771f6cc [0x000000011771f460+0x000000000000026c]
J 2280 c1 com.sun.javafx.event.EventDispatchChainImpl.dispatchEvent(Ljavafx/event/Event;)Ljavafx/event/Event; javafx.base (101 bytes) @ 0x0000000117700ffc [0x0000000117700e40+0x00000000000001bc]
J 2358 c1 com.sun.javafx.event.BasicEventDispatcher.dispatchEvent(Ljavafx/event/Event;Ljavafx/event/EventDispatchChain;)Ljavafx/event/Event; javafx.base (44 bytes) @ 0x000000011771f6cc [0x000000011771f460+0x000000000000026c]
J 2280 c1 com.sun.javafx.event.EventDispatchChainImpl.dispatchEvent(Ljavafx/event/Event;)Ljavafx/event/Event; javafx.base (101 bytes) @ 0x0000000117700ffc [0x0000000117700e40+0x00000000000001bc]
J 2751 c1 com.sun.javafx.event.EventUtil.fireEvent(Ljavafx/event/EventTarget;Ljavafx/event/Event;)Ljavafx/event/Event; javafx.base (81 bytes) @ 0x00000001177cc0ec [0x00000001177cb900+0x00000000000007ec]
J 2839 c1 javafx.scene.Scene$MouseHandler.process(Ljavafx/scene/input/MouseEvent;Z)V javafx.graphics (735 bytes) @ 0x0000000117816f3c [0x0000000117815100+0x0000000000001e3c]
J 2838 c1 javafx.scene.Scene$MouseHandler.access$1200(Ljavafx/scene/Scene$MouseHandler;Ljavafx/scene/input/MouseEvent;Z)V javafx.graphics (7 bytes) @ 0x0000000117811ff4 [0x0000000117811fa0+0x0000000000000054]
j  javafx.scene.Scene.processMouseEvent(Ljavafx/scene/input/MouseEvent;)V+6 javafx.graphics
j  javafx.scene.Scene$ScenePeerListener.mouseEvent(Ljavafx/event/EventType;DDDDLjavafx/scene/input/MouseButton;ZZZZZZZZZ)V+46 javafx.graphics
j  com.sun.javafx.tk.quantum.GlassViewEventHandler$MouseEventNotification.run()Ljava/lang/Void;+582 javafx.graphics
j  com.sun.javafx.tk.quantum.GlassViewEventHandler$MouseEventNotification.run()Ljava/lang/Object;+1 javafx.graphics
J 2012 c1 java.security.AccessController.doPrivileged(Ljava/security/PrivilegedAction;Ljava/security/AccessControlContext;)Ljava/lang/Object; java.base@14.0.2 (17 bytes) @ 0x0000000117694764 [0x0000000117694580+0x00000000000001e4]
j  com.sun.javafx.tk.quantum.GlassViewEventHandler.lambda$handleMouseEvent$2()Ljava/lang/Void;+11 javafx.graphics
j  com.sun.javafx.tk.quantum.GlassViewEventHandler$$Lambda$484.get()Ljava/lang/Object;+4 javafx.graphics
J 2299 c1 com.sun.javafx.tk.quantum.QuantumToolkit.runWithoutRenderLock(Ljava/util/function/Supplier;)Ljava/lang/Object; javafx.graphics (49 bytes) @ 0x000000011770b14c [0x000000011770ac40+0x000000000000050c]
j  com.sun.javafx.tk.quantum.GlassViewEventHandler.handleMouseEvent(Lcom/sun/glass/ui/View;JIIIIIIIZZ)V+103 javafx.graphics
j  com.sun.glass.ui.View.handleMouseEvent(JIIIIIIIZZ)V+30 javafx.graphics
j  com.sun.glass.ui.View.notifyMouse(IIIIIIIZZ)V+181 javafx.graphics
j  com.sun.glass.ui.mac.MacView.notifyMouse(IIIIIIIZZ)V+96 javafx.graphics
v  ~StubRoutines::call_stub

siginfo: si_signo: 11 (SIGSEGV), si_code: 2 (SEGV_ACCERR), si_addr: 0x412045544144506d

Register to memory mapping:

RAX=0x4120455441445055 is an unknown value
RBX=0x00007ff168846a60 points into unknown readable memory: 55 50 44 41 54 45 20 41
RCX=0x0 is NULL
RDX=0x00000000000000c2 is an unknown value
RSP=0x000000030da8b130 is pointing into the stack for thread: 0x00007ff18514a000
RBP=0x000000030da8b150 is pointing into the stack for thread: 0x00007ff18514a000
RSI=0x0 is NULL
RDI=0x00007ff168846a60 points into unknown readable memory: 55 50 44 41 54 45 20 41
R8 =0x00000000003524ef is an unknown value
R9 =0x000000070df16718 is an oop: org.sqlite.core.NativeDB 
{0x000000070df16718} - klass: 'org/sqlite/core/NativeDB'
R10=0x0000000000000030 is an unknown value
R11=0x000000000000001a is an unknown value
R12=0x00007ff154513dd0 points into unknown readable memory: a0 87 7f 43 01 00 00 00
R13={method} {0x0000000142ceeb40} 'column_text_utf8' '(JI)[B' in 'org/sqlite/core/NativeDB'
R14=0x00000001437dd290: Java_org_sqlite_core_NativeDB_clear_1progress_1handler+0xd2a76 in /private/var/folders/ng/ytwhvpfj1f7gn5vgqg8ngqsc0000gn/T/sqlite-3.27.2.1-9b1b78a4-9a45-4ec7-a0b5-74a04c4b0b8b-libsqlitejdbc.jnilib at 0x0000000143707000
R15=0x0 is NULL


Registers:
RAX=0x4120455441445055, RBX=0x00007ff168846a60, RCX=0x0000000000000000, RDX=0x00000000000000c2
RSP=0x000000030da8b130, RBP=0x000000030da8b150, RSI=0x0000000000000000, RDI=0x00007ff168846a60
R8 =0x00000000003524ef, R9 =0x000000070df16718, R10=0x0000000000000030, R11=0x000000000000001a
R12=0x00007ff154513dd0, R13=0x0000000142ceeb40, R14=0x00000001437dd290, R15=0x0000000000000000
RIP=0x000000014371389b, EFLAGS=0x0000000000000207, ERR=0x0000000000000004
  TRAPNO=0x000000000000000e

Top of Stack: (sp=0x000000030da8b130)
0x000000030da8b130:   00007ff154513dd0 00007ff168846a60
0x000000030da8b140:   00007ff18514a310 0000000000000000
0x000000030da8b150:   000000030da8b170 0000000143713a3a
0x000000030da8b160:   00007ff168846a60 00007ff18514a310
0x000000030da8b170:   000000030da8b1b0 00000001437097e6
0x000000030da8b180:   00000001437097b2 0000000142ceeb40
0x000000030da8b190:   0000000000000000 0000000142ceeb40
0x000000030da8b1a0:   000000030da8b270 00007ff18514a000
0x000000030da8b1b0:   000000030da8b238 0000000116d90f4b
0x000000030da8b1c0:   000000030da8b238 0000000116d90ccb
0x000000030da8b1d0:   d27af19b59de0000 0000000116d90c97
0x000000030da8b1e0:   0000000000000003 000000070df16718
0x000000030da8b1f0:   000000030da8b1e0 0000000142ceeb40
0x000000030da8b200:   000000030da8b270 0000000143569e08
0x000000030da8b210:   0000000000000000 0000000700b52c00
0x000000030da8b220:   0000000142ceeb40 0000000000000000
0x000000030da8b230:   000000030da8b258 000000030da8b2d0
0x000000030da8b240:   0000000116d8ac40 0000000000000000
0x000000030da8b250:   0000000116d8d67b 0000000000000000
0x000000030da8b260:   00007ff168846a60 0000000000000000
0x000000030da8b270:   000000070df16718 0000000000000003
0x000000030da8b280:   000000070df16718 000000030da8b278
0x000000030da8b290:   0000000142ceea7b 000000030da8b2f8
0x000000030da8b2a0:   0000000143569e08 0000000000000000
0x000000030da8b2b0:   0000000700b52c00 0000000142ceeab0
0x000000030da8b2c0:   000000030da8b258 000000030da8b2e0
0x000000030da8b2d0:   000000030da8b348 0000000116d8ac40
0x000000030da8b2e0:   0000000000000000 00007ff168846a60
0x000000030da8b2f0:   0000000000000000 000000070df16718
0x000000030da8b300:   000000030da8b300 00000001436057aa
0x000000030da8b310:   000000030da8b368 00000001436097d0
0x000000030da8b320:   0000000000000000 000000070df4e8c8 

Instructions: (pc=0x000000014371389b)
0x000000014371379b:   01 00 00 41 83 7f 24 00 4c 89 f1 48 8b 55 d0 75
0x00000001437137ab:   08 41 c7 47 24 ff ff ff ff 48 89 53 08 48 89 4b
0x00000001437137bb:   10 eb 1c 4c 89 f0 48 85 c0 74 14 48 8b 7d d0 48
0x00000001437137cb:   83 c4 08 5b 41 5c 41 5d 41 5e 41 5f 5d ff e0 48
0x00000001437137db:   83 c4 08 5b 41 5c 41 5d 41 5e 41 5f 5d c3 55 48
0x00000001437137eb:   89 e5 41 56 53 49 89 f6 e8 c4 33 00 00 48 89 c3
0x00000001437137fb:   48 85 db 74 0b 48 89 df 4c 89 f6 e8 c9 9f 0b 00
0x000000014371380b:   48 89 d8 5b 41 5e 5d c3 55 48 89 e5 48 8b 47 10
0x000000014371381b:   8b 40 0c 5d c3 55 48 89 e5 31 c0 48 85 ff 74 07
0x000000014371382b:   0f b7 87 c0 00 00 00 5d c3 55 48 89 e5 31 c0 48
0x000000014371383b:   85 ff 74 11 48 83 bf a0 00 00 00 00 74 07 0f b7
0x000000014371384b:   87 c0 00 00 00 5d c3 55 48 89 e5 41 56 53 48 89
0x000000014371385b:   fb e8 1b 00 00 00 48 89 c7 e8 b3 e1 ff ff 49 89
0x000000014371386b:   c6 48 89 df e8 84 00 00 00 4c 89 f0 5b 41 5e 5d
0x000000014371387b:   c3 55 48 89 e5 41 57 41 56 53 50 41 89 f7 48 89
0x000000014371388b:   fb 4c 8d 35 fd 99 0c 00 48 85 db 74 52 48 8b 03
0x000000014371389b:   48 8b 78 18 48 85 ff 74 06 ff 15 d6 4d 0e 00 48
0x00000001437138ab:   8b 83 a0 00 00 00 48 85 c0 74 20 0f b7 8b c0 00
0x00000001437138bb:   00 00 44 39 f9 7e 14 45 85 ff 78 0f 49 63 cf 48
0x00000001437138cb:   6b c9 38 48 01 c8 49 89 c6 eb 14 48 8b 3b c7 47
0x00000001437138db:   50 19 00 00 00 be 19 00 00 00 e8 8d 4f 0b 00 4c
0x00000001437138eb:   89 f0 48 83 c4 08 5b 41 5e 41 5f 5d c3 55 48 89
0x00000001437138fb:   e5 53 50 48 89 fb 48 85 db 74 3d 48 8b 3b 80 7f
0x000000014371390b:   61 00 75 0f 8b 43 38 3d 0a 0c 00 00 74 05 23 47
0x000000014371391b:   54 eb 0d e8 b7 47 0b 00 48 8b 3b b8 07 00 00 00
0x000000014371392b:   89 43 38 48 8b 7f 18 48 85 ff 74 0c 48 83 c4 08
0x000000014371393b:   5b 5d ff 25 4d 4d 0e 00 48 83 c4 08 5b 5d c3 55
0x000000014371394b:   48 89 e5 41 56 53 48 89 fb e8 23 ff ff ff be 01
0x000000014371395b:   00 00 00 48 89 c7 e8 7e e1 ff ff 41 89 c6 48 89
0x000000014371396b:   df e8 87 ff ff ff 44 89 f0 5b 41 5e 5d c3 55 48
0x000000014371397b:   89 e5 41 56 53 48 89 fb e8 f4 fe ff ff be 02 00
0x000000014371398b:   00 00 48 89 c7 e8 4f e1 ff ff 41 89 c6 48 89 df 


Stack slot to memory mapping:
stack at sp + 0 slots: 0x00007ff154513dd0 points into unknown readable memory: a0 87 7f 43 01 00 00 00
stack at sp + 1 slots: 0x00007ff168846a60 points into unknown readable memory: 55 50 44 41 54 45 20 41
stack at sp + 2 slots: 0x00007ff18514a310 points into unknown readable memory: 20 1c 90 11 01 00 00 00
stack at sp + 3 slots: 0x0 is NULL
stack at sp + 4 slots: 0x000000030da8b170 is pointing into the stack for thread: 0x00007ff18514a000
stack at sp + 5 slots: 0x0000000143713a3a: Java_org_sqlite_core_NativeDB_clear_1progress_1handler+0x9220 in /private/var/folders/ng/ytwhvpfj1f7gn5vgqg8ngqsc0000gn/T/sqlite-3.27.2.1-9b1b78a4-9a45-4ec7-a0b5-74a04c4b0b8b-libsqlitejdbc.jnilib at 0x0000000143707000
stack at sp + 6 slots: 0x00007ff168846a60 points into unknown readable memory: 55 50 44 41 54 45 20 41
stack at sp + 7 slots: 0x00007ff18514a310 points into unknown readable memory: 20 1c 90 11 01 00 00 00


---------------  P R O C E S S  ---------------

Threads class SMR info:
_java_thread_list=0x00007ff167aa9af0, length=19, elements={
0x00007ff18500e000, 0x00007ff186044800, 0x00007ff186042800, 0x00007ff186047000,
0x00007ff18604a000, 0x00007ff185818000, 0x00007ff18580f000, 0x00007ff18580f800,
0x00007ff1848c0000, 0x00007ff185021000, 0x00007ff186095800, 0x00007ff184995000,
0x00007ff18514a000, 0x00007ff18598a000, 0x00007ff1861b2000, 0x00007ff1856a6800,
0x00007ff184d83800, 0x00007ff184aba800, 0x00007ff18188f800
}

Java Threads: ( => current thread )
  0x00007ff18500e000 JavaThread "main" [_thread_blocked, id=7683, stack(0x000000030db14000,0x000000030dc14000)]
  0x00007ff186044800 JavaThread "Reference Handler" daemon [_thread_blocked, id=17667, stack(0x000000030e229000,0x000000030e329000)]
  0x00007ff186042800 JavaThread "Finalizer" daemon [_thread_blocked, id=21763, stack(0x000000030e32c000,0x000000030e42c000)]
  0x00007ff186047000 JavaThread "Signal Dispatcher" daemon [_thread_blocked, id=40707, stack(0x000000030e53f000,0x000000030e63f000)]
  0x00007ff18604a000 JavaThread "Service Thread" daemon [_thread_blocked, id=40195, stack(0x000000030e642000,0x000000030e742000)]
  0x00007ff185818000 JavaThread "C2 CompilerThread0" daemon [_thread_blocked, id=39427, stack(0x000000030e745000,0x000000030e845000)]
  0x00007ff18580f000 JavaThread "C1 CompilerThread0" daemon [_thread_blocked, id=24323, stack(0x000000030e848000,0x000000030e948000)]
  0x00007ff18580f800 JavaThread "Sweeper thread" daemon [_thread_blocked, id=24835, stack(0x000000030e94b000,0x000000030ea4b000)]
  0x00007ff1848c0000 JavaThread "Common-Cleaner" daemon [_thread_blocked, id=25603, stack(0x000000030ea4e000,0x000000030eb4e000)]
  0x00007ff185021000 JavaThread "Notification Thread" daemon [_thread_blocked, id=36867, stack(0x000000030eb51000,0x000000030ec51000)]
  0x00007ff186095800 JavaThread "QuantumRenderer-0" daemon [_thread_blocked, id=27139, stack(0x000000030ed57000,0x000000030ee57000)]
  0x00007ff184995000 JavaThread "InvokeLaterDispatcher" daemon [_thread_blocked, id=86531, stack(0x000000030f07b000,0x000000030f17b000)]
=>0x00007ff18514a000 JavaThread "JavaFX Application Thread" [_thread_in_native, id=515, stack(0x000000030d291000,0x000000030da91000)]
  0x00007ff18598a000 JavaThread "Thread-2" daemon [_thread_in_native, id=51715, stack(0x000000030f17e000,0x000000030f1fe000)]
  0x00007ff1861b2000 JavaThread "JavaFX-Launcher" [_thread_blocked, id=71427, stack(0x000000030f284000,0x000000030f384000)]
  0x00007ff1856a6800 JavaThread "Prism Font Disposer" daemon [_thread_blocked, id=90891, stack(0x000000030f896000,0x000000030f996000)]
  0x00007ff184d83800 JavaThread "Cleaner-0" daemon [_thread_blocked, id=94815, stack(0x000000030fa9c000,0x000000030fb9c000)]
  0x00007ff184aba800 JavaThread "Thread-4" [_thread_blocked, id=3391, stack(0x000000030fb9f000,0x000000030fc9f000)]
  0x00007ff18188f800 JavaThread "Thread-5" [_thread_in_native, id=97027, stack(0x000000030fca2000,0x000000030fda2000)]

Other Threads:
  0x00007ff18504c000 VMThread "VM Thread" [stack: 0x000000030e126000,0x000000030e226000] [id=16387]
  0x00007ff186094800 WatcherThread [stack: 0x000000030ec54000,0x000000030ed54000] [id=26131]
  0x00007ff186031000 GCTaskThread "GC Thread#0" [stack: 0x000000030dc17000,0x000000030dd17000] [id=14595]
  0x00007ff1859a0000 GCTaskThread "GC Thread#1" [stack: 0x000000030f387000,0x000000030f487000] [id=64707]
  0x00007ff185187800 GCTaskThread "GC Thread#2" [stack: 0x000000030f48a000,0x000000030f58a000] [id=69379]
  0x00007ff1859a9800 GCTaskThread "GC Thread#3" [stack: 0x000000030f58d000,0x000000030f68d000] [id=69123]
  0x00007ff1859aa800 GCTaskThread "GC Thread#4" [stack: 0x000000030f690000,0x000000030f790000] [id=68867]
  0x00007ff1859cb000 GCTaskThread "GC Thread#5" [stack: 0x000000030f793000,0x000000030f893000] [id=65539]
  0x00007ff186042000 ConcurrentGCThread "G1 Main Marker" [stack: 0x000000030dd1a000,0x000000030de1a000] [id=15107]
  0x00007ff184815000 ConcurrentGCThread "G1 Conc#0" [stack: 0x000000030de1d000,0x000000030df1d000] [id=15363]
  0x00007ff184a04800 ConcurrentGCThread "G1 Conc#1" [stack: 0x000000030f999000,0x000000030fa99000] [id=91435]
  0x00007ff1848b6000 ConcurrentGCThread "G1 Refine#0" [stack: 0x000000030df20000,0x000000030e020000] [id=18691]
  0x00007ff1848b6800 ConcurrentGCThread "G1 Young RemSet Sampling" [stack: 0x000000030e023000,0x000000030e123000] [id=16131]

Threads with active compile tasks:

VM state:not at safepoint (normal execution)

VM Mutex/Monitor currently owned by a thread: None

Heap address: 0x0000000700000000, size: 4096 MB, Compressed Oops mode: Zero based, Oop shift amount: 3
Narrow klass base: 0x0000000800000000, Narrow klass shift: 0
Compressed class space size: 1073741824 Address: 0x0000000800000000

Heap:
 garbage-first heap   total 30720K, used 12507K [0x0000000700000000, 0x0000000800000000)
  region size 1024K, 5 young (5120K), 2 survivors (2048K)
 Metaspace       used 26651K, capacity 27458K, committed 27824K, reserved 1073152K
  class space    used 3362K, capacity 3724K, committed 3840K, reserved 1048576K
Heap Regions: E=young(eden), S=young(survivor), O=old, HS=humongous(starts), HC=humongous(continues), CS=collection set, F=free, OA=open archive, CA=closed archive, TAMS=top-at-mark-start (previous, next)
|   0|0x0000000700000000, 0x0000000700100000, 0x0000000700100000|100%| O|  |TAMS 0x0000000700000000, 0x0000000700000000| Untracked 
|   1|0x0000000700100000, 0x0000000700200000, 0x0000000700200000|100%| O|  |TAMS 0x0000000700100000, 0x0000000700100000| Untracked 
|   2|0x0000000700200000, 0x0000000700300000, 0x0000000700300000|100%| O|  |TAMS 0x0000000700200000, 0x0000000700200000| Untracked 
|   3|0x0000000700300000, 0x000000070038b800, 0x0000000700400000| 54%| O|  |TAMS 0x0000000700300000, 0x0000000700300000| Untracked 
|   4|0x0000000700400000, 0x0000000700500000, 0x0000000700500000|100%|HS|  |TAMS 0x0000000700400000, 0x0000000700400000| Complete 
|   5|0x0000000700500000, 0x0000000700600000, 0x0000000700600000|100%|HC|  |TAMS 0x0000000700500000, 0x0000000700500000| Complete 
|   6|0x0000000700600000, 0x0000000700700000, 0x0000000700700000|100%| O|  |TAMS 0x0000000700600000, 0x0000000700600000| Untracked 
|   7|0x0000000700700000, 0x0000000700800000, 0x0000000700800000|100%| O|  |TAMS 0x0000000700700000, 0x0000000700700000| Untracked 
|   8|0x0000000700800000, 0x0000000700900000, 0x0000000700900000|100%| O|  |TAMS 0x0000000700800000, 0x0000000700800000| Untracked 
|   9|0x0000000700900000, 0x000000070090b000, 0x0000000700a00000|  4%| O|  |TAMS 0x0000000700900000, 0x0000000700900000| Untracked 
|  10|0x0000000700a00000, 0x0000000700aa0490, 0x0000000700b00000| 62%| S|CS|TAMS 0x0000000700a00000, 0x0000000700a00000| Complete 
|  11|0x0000000700b00000, 0x0000000700c00000, 0x0000000700c00000|100%| S|CS|TAMS 0x0000000700b00000, 0x0000000700b00000| Complete 
|  12|0x0000000700c00000, 0x0000000700c00000, 0x0000000700d00000|  0%| F|  |TAMS 0x0000000700c00000, 0x0000000700c00000| Untracked 
|  13|0x0000000700d00000, 0x0000000700d00000, 0x0000000700e00000|  0%| F|  |TAMS 0x0000000700d00000, 0x0000000700d00000| Untracked 
|  14|0x0000000700e00000, 0x0000000700e00000, 0x0000000700f00000|  0%| F|  |TAMS 0x0000000700e00000, 0x0000000700e00000| Untracked 
|  15|0x0000000700f00000, 0x0000000700f00000, 0x0000000701000000|  0%| F|  |TAMS 0x0000000700f00000, 0x0000000700f00000| Untracked 
|  16|0x0000000701000000, 0x0000000701000000, 0x0000000701100000|  0%| F|  |TAMS 0x0000000701000000, 0x0000000701000000| Untracked 
|  17|0x0000000701100000, 0x0000000701100000, 0x0000000701200000|  0%| F|  |TAMS 0x0000000701100000, 0x0000000701100000| Untracked 
|  18|0x0000000701200000, 0x0000000701200000, 0x0000000701300000|  0%| F|  |TAMS 0x0000000701200000, 0x0000000701200000| Untracked 
|  19|0x0000000701300000, 0x0000000701300000, 0x0000000701400000|  0%| F|  |TAMS 0x0000000701300000, 0x0000000701300000| Untracked 
|  20|0x0000000701400000, 0x0000000701400000, 0x0000000701500000|  0%| F|  |TAMS 0x0000000701400000, 0x0000000701400000| Untracked 
|  21|0x0000000701500000, 0x0000000701500000, 0x0000000701600000|  0%| F|  |TAMS 0x0000000701500000, 0x0000000701500000| Untracked 
|  22|0x0000000701600000, 0x0000000701600000, 0x0000000701700000|  0%| F|  |TAMS 0x0000000701600000, 0x0000000701600000| Untracked 
|  23|0x0000000701700000, 0x0000000701700000, 0x0000000701800000|  0%| F|  |TAMS 0x0000000701700000, 0x0000000701700000| Untracked 
|  24|0x0000000701800000, 0x0000000701800000, 0x0000000701900000|  0%| F|  |TAMS 0x0000000701800000, 0x0000000701800000| Untracked 
| 221|0x000000070dd00000, 0x000000070dd00000, 0x000000070de00000|  0%| F|  |TAMS 0x000000070dd00000, 0x000000070dd00000| Untracked 
| 222|0x000000070de00000, 0x000000070de00000, 0x000000070df00000|  0%| F|  |TAMS 0x000000070de00000, 0x000000070de00000| Untracked 
| 223|0x000000070df00000, 0x000000070dfdac58, 0x000000070e000000| 85%| E|  |TAMS 0x000000070df00000, 0x000000070df00000| Complete 
| 224|0x000000070e000000, 0x000000070e100000, 0x000000070e100000|100%| E|CS|TAMS 0x000000070e000000, 0x000000070e000000| Complete 
| 255|0x000000070ff00000, 0x0000000710000000, 0x0000000710000000|100%| E|CS|TAMS 0x000000070ff00000, 0x000000070ff00000| Complete 

Card table byte_map: [0x0000000126757000,0x0000000126f57000] _byte_map_base: 0x0000000122f57000

Marking Bits (Prev, Next): (CMBitMap*) 0x00007ff186031658, (CMBitMap*) 0x00007ff186031618
 Prev Bits: [0x000000012b757000, 0x000000012f757000)
 Next Bits: [0x0000000127757000, 0x000000012b757000)

Polling page: 0x0000000104b6c000

Metaspace:

Usage:
  Non-class:     23.18 MB capacity,    22.74 MB ( 98%) used,   351.05 KB (  1%) free+waste,    94.19 KB ( <1%) overhead. 
      Class:      3.64 MB capacity,     3.28 MB ( 90%) used,   312.55 KB (  8%) free+waste,    49.12 KB (  1%) overhead. 
       Both:     26.81 MB capacity,    26.03 MB ( 97%) used,   663.59 KB (  2%) free+waste,   143.31 KB ( <1%) overhead. 

Virtual space:
  Non-class space:       24.00 MB reserved,      23.42 MB ( 98%) committed 
      Class space:        1.00 GB reserved,       3.75 MB ( <1%) committed 
             Both:        1.02 GB reserved,      27.17 MB (  3%) committed 

Chunk freelists:
   Non-Class:  94.00 KB
       Class:  20.00 KB
        Both:  114.00 KB

MaxMetaspaceSize: unlimited
CompressedClassSpaceSize: 1.00 GB

CodeHeap 'non-profiled nmethods': size=120028Kb used=1280Kb max_used=1280Kb free=118748Kb
 bounds [0x000000011e84a000, 0x000000011eaba000, 0x0000000125d81000]
CodeHeap 'profiled nmethods': size=120028Kb used=5520Kb max_used=5520Kb free=114507Kb
 bounds [0x0000000117313000, 0x0000000117883000, 0x000000011e84a000]
CodeHeap 'non-nmethods': size=5704Kb used=1433Kb max_used=1472Kb free=4270Kb
 bounds [0x0000000116d81000, 0x0000000116ff1000, 0x0000000117313000]
 total_blobs=3770 nmethods=3000 adapters=683
 compilation: enabled
              stopped_count=0, restarted_count=0
 full_count=0

Compilation events (20 events):
Event: 7.436 Thread 0x00007ff185818000 2991 %     4       org.sqlite.SQLiteJDBCLoader::contentsEquals @ 37 (78 bytes)
Event: 7.441 Thread 0x00007ff185818000 nmethod 2991% 0x000000011e988690 code [0x000000011e9888a0, 0x000000011e9893d8]
Event: 7.446 Thread 0x00007ff18580f000 2992       3       java.io.BufferedInputStream::getInIfOpen (21 bytes)
Event: 7.447 Thread 0x00007ff18580f000 nmethod 2992 0x0000000117874790 code [0x0000000117874940, 0x0000000117874b40]
Event: 7.447 Thread 0x00007ff18580f000 2993       3       java.io.BufferedInputStream::fill (203 bytes)
Event: 7.447 Thread 0x00007ff18580f000 nmethod 2993 0x0000000117874c10 code [0x0000000117874e80, 0x0000000117875c20]
Event: 7.699 Thread 0x00007ff18580f000 2994       1       java.nio.Buffer::capacity (5 bytes)
Event: 7.699 Thread 0x00007ff18580f000 nmethod 2994 0x000000011e989710 code [0x000000011e9898a0, 0x000000011e989950]
Event: 7.707 Thread 0x00007ff185818000 2995       4       java.lang.System::getSecurityManager (12 bytes)
Event: 7.707 Thread 0x00007ff185818000 nmethod 2995 0x000000011e989a10 code [0x000000011e989b80, 0x000000011e989bd8]
Event: 7.711 Thread 0x00007ff185818000 2996       4       java.nio.Buffer::remaining (10 bytes)
Event: 7.712 Thread 0x00007ff18580f000 2997       3       java.lang.String::valueOf (15 bytes)
Event: 7.712 Thread 0x00007ff185818000 nmethod 2996 0x000000011e989d10 code [0x000000011e989e80, 0x000000011e989ef8]
Event: 7.712 Thread 0x00007ff18580f000 nmethod 2997 0x0000000117876010 code [0x00000001178761c0, 0x00000001178763c0]
Event: 7.712 Thread 0x00007ff18580f000 2998       3       java.nio.CharBuffer::position (6 bytes)
Event: 7.712 Thread 0x00007ff18580f000 nmethod 2998 0x0000000117876490 code [0x0000000117876640, 0x00000001178767e0]
Event: 7.712 Thread 0x00007ff18580f000 2999       3       java.nio.CharBuffer::position (8 bytes)
Event: 7.712 Thread 0x00007ff18580f000 nmethod 2999 0x0000000117876890 code [0x0000000117876a20, 0x0000000117876b60]
Event: 7.725 Thread 0x00007ff18580f000 3000       3       java.util.concurrent.ConcurrentHashMap::sumCount (60 bytes)
Event: 7.725 Thread 0x00007ff18580f000 nmethod 3000 0x0000000117876c10 code [0x0000000117876da0, 0x0000000117876ff0]

GC Heap History (6 events):
Event: 0.792 GC heap before
{Heap before GC invocations=0 (full 0):
 garbage-first heap   total 262144K, used 22528K [0x0000000700000000, 0x0000000800000000)
  region size 1024K, 23 young (23552K), 0 survivors (0K)
 Metaspace       used 12703K, capacity 13002K, committed 13312K, reserved 1060864K
  class space    used 1328K, capacity 1446K, committed 1536K, reserved 1048576K
}
Event: 0.799 GC heap after
{Heap after GC invocations=1 (full 0):
 garbage-first heap   total 262144K, used 3008K [0x0000000700000000, 0x0000000800000000)
  region size 1024K, 3 young (3072K), 3 survivors (3072K)
 Metaspace       used 12703K, capacity 13002K, committed 13312K, reserved 1060864K
  class space    used 1328K, capacity 1446K, committed 1536K, reserved 1048576K
}
Event: 1.721 GC heap before
{Heap before GC invocations=1 (full 0):
 garbage-first heap   total 262144K, used 29632K [0x0000000700000000, 0x0000000800000000)
  region size 1024K, 31 young (31744K), 3 survivors (3072K)
 Metaspace       used 20658K, capacity 21210K, committed 21296K, reserved 1067008K
  class space    used 2682K, capacity 2914K, committed 2944K, reserved 1048576K
}
Event: 1.728 GC heap after
{Heap after GC invocations=2 (full 0):
 garbage-first heap   total 262144K, used 6867K [0x0000000700000000, 0x0000000800000000)
  region size 1024K, 4 young (4096K), 4 survivors (4096K)
 Metaspace       used 20658K, capacity 21210K, committed 21296K, reserved 1067008K
  class space    used 2682K, capacity 2914K, committed 2944K, reserved 1048576K
}
Event: 7.331 GC heap before
{Heap before GC invocations=3 (full 0):
 garbage-first heap   total 30720K, used 23251K [0x0000000700000000, 0x0000000800000000)
  region size 1024K, 18 young (18432K), 4 survivors (4096K)
 Metaspace       used 24915K, capacity 25727K, committed 26032K, reserved 1071104K
  class space    used 3181K, capacity 3551K, committed 3584K, reserved 1048576K
}
Event: 7.338 GC heap after
{Heap after GC invocations=4 (full 0):
 garbage-first heap   total 30720K, used 10459K [0x0000000700000000, 0x0000000800000000)
  region size 1024K, 2 young (2048K), 2 survivors (2048K)
 Metaspace       used 24915K, capacity 25727K, committed 26032K, reserved 1071104K
  class space    used 3181K, capacity 3551K, committed 3584K, reserved 1048576K
}

Deoptimization events (20 events):
Event: 7.440 Thread 0x00007ff18514a000 DEOPT PACKING pc=0x00000001178734ab sp=0x000000030da8abe0
Event: 7.440 Thread 0x00007ff18514a000 DEOPT UNPACKING pc=0x0000000116dca62b sp=0x000000030da8a108 mode 0
Event: 7.440 Thread 0x00007ff18514a000 DEOPT PACKING pc=0x00000001178734ab sp=0x000000030da8abe0
Event: 7.440 Thread 0x00007ff18514a000 DEOPT UNPACKING pc=0x0000000116dca62b sp=0x000000030da8a108 mode 0
Event: 7.440 Thread 0x00007ff18514a000 DEOPT PACKING pc=0x00000001178734ab sp=0x000000030da8abe0
Event: 7.440 Thread 0x00007ff18514a000 DEOPT UNPACKING pc=0x0000000116dca62b sp=0x000000030da8a108 mode 0
Event: 7.440 Thread 0x00007ff18514a000 DEOPT PACKING pc=0x00000001178734ab sp=0x000000030da8abe0
Event: 7.440 Thread 0x00007ff18514a000 DEOPT UNPACKING pc=0x0000000116dca62b sp=0x000000030da8a108 mode 0
Event: 7.440 Thread 0x00007ff18514a000 DEOPT PACKING pc=0x00000001178734ab sp=0x000000030da8abe0
Event: 7.440 Thread 0x00007ff18514a000 DEOPT UNPACKING pc=0x0000000116dca62b sp=0x000000030da8a108 mode 0
Event: 7.441 Thread 0x00007ff18514a000 DEOPT PACKING pc=0x00000001178734ab sp=0x000000030da8abe0
Event: 7.441 Thread 0x00007ff18514a000 DEOPT UNPACKING pc=0x0000000116dca62b sp=0x000000030da8a108 mode 0
Event: 7.441 Thread 0x00007ff18514a000 DEOPT PACKING pc=0x00000001178734ab sp=0x000000030da8abe0
Event: 7.441 Thread 0x00007ff18514a000 DEOPT UNPACKING pc=0x0000000116dca62b sp=0x000000030da8a108 mode 0
Event: 7.441 Thread 0x00007ff18514a000 DEOPT PACKING pc=0x00000001178734ab sp=0x000000030da8abe0
Event: 7.441 Thread 0x00007ff18514a000 DEOPT UNPACKING pc=0x0000000116dca62b sp=0x000000030da8a108 mode 0
Event: 7.448 Thread 0x00007ff18514a000 Uncommon trap: trap_request=0xffffff45 fr.pc=0x000000011e989040 relative=0x00000000000007a0
Event: 7.448 Thread 0x00007ff18514a000 Uncommon trap: reason=unstable_if action=reinterpret pc=0x000000011e989040 method=org.sqlite.SQLiteJDBCLoader.contentsEquals(Ljava/io/InputStream;Ljava/io/InputStream;)Z @ 39 c2
Event: 7.448 Thread 0x00007ff18514a000 DEOPT PACKING pc=0x000000011e989040 sp=0x000000030da8ac30
Event: 7.448 Thread 0x00007ff18514a000 DEOPT UNPACKING pc=0x0000000116dca11f sp=0x000000030da8ac08 mode 2

Classes unloaded (0 events):
No events

Classes redefined (0 events):
No events

Internal exceptions (20 events):
Event: 1.164 Thread 0x00007ff18514a000 Exception <a 'java/lang/NoSuchMethodError'{0x000000070f238f00}: 'void java.lang.invoke.DirectMethodHandle$Holder.invokeStaticInit(java.lang.Object, java.lang.Object)'> (0x000000070f238f00) 
thrown [./open/src/hotspot/share/interpreter/linkResolver.cpp, line 766]
Event: 1.274 Thread 0x00007ff18514a000 Exception <a 'java/lang/NoSuchMethodError'{0x000000070efbfd00}: 'void java.lang.invoke.DirectMethodHandle$Holder.invokeSpecial(java.lang.Object, java.lang.Object, java.lang.Object, java.lang.Object, java.lang.Object, java.lang.Object)'> (0x000000070efbfd00) 
thrown [./open/src/hotspot/share/interpreter/linkResolver.cpp, line 766]
Event: 1.599 Thread 0x00007ff18514a000 Exception <a 'java/lang/NoSuchMethodError'{0x000000070ebab288}: 'java.lang.Object java.lang.invoke.DirectMethodHandle$Holder.invokeInterface(java.lang.Object, java.lang.Object, java.lang.Object)'> (0x000000070ebab288) 
thrown [./open/src/hotspot/share/interpreter/linkResolver.cpp, line 766]
Event: 1.601 Thread 0x00007ff18514a000 Exception <a 'java/lang/IncompatibleClassChangeError'{0x000000070ebae118}: Found class java.lang.Object, but interface was expected> (0x000000070ebae118) 
thrown [./open/src/hotspot/share/interpreter/linkResolver.cpp, line 832]
Event: 1.638 Thread 0x00007ff18514a000 Exception <a 'java/lang/ClassNotFoundException'{0x000000070e99afc8}: com/sun/javafx/scene/control/skin/resources/controls> (0x000000070e99afc8) 
thrown [./open/src/hotspot/share/prims/jni.cpp, line 620]
Event: 1.640 Thread 0x00007ff18514a000 Exception <a 'java/lang/ClassNotFoundException'{0x000000070e9a8aa8}: com/sun/javafx/scene/control/skin/resources/controls_fr> (0x000000070e9a8aa8) 
thrown [./open/src/hotspot/share/prims/jni.cpp, line 620]
Event: 1.645 Thread 0x00007ff18514a000 Exception <a 'java/lang/ClassNotFoundException'{0x000000070e9b6318}: com/sun/javafx/scene/control/skin/resources/controls_fr_FR> (0x000000070e9b6318) 
thrown [./open/src/hotspot/share/prims/jni.cpp, line 620]
Event: 1.674 Thread 0x00007ff18514a000 Implicit null exception at 0x000000011e86da58 to 0x000000011e86dae6
Event: 1.940 Thread 0x00007ff186095800 Exception <a 'java/lang/NoSuchMethodError'{0x0000000701563918}: 'int java.lang.invoke.DirectMethodHandle$Holder.invokeStaticInit(java.lang.Object, java.lang.Object)'> (0x0000000701563918) 
thrown [./open/src/hotspot/share/interpreter/linkResolver.cpp, line 766]
Event: 1.952 Thread 0x00007ff18514a000 Exception <a 'java/lang/NoSuchMethodError'{0x00000007016d4108}: 'long java.lang.invoke.DirectMethodHandle$Holder.invokeStatic(java.lang.Object, java.lang.Object, java.lang.Object)'> (0x00000007016d4108) 
thrown [./open/src/hotspot/share/interpreter/linkResolver.cpp, line 766]
Event: 1.953 Thread 0x00007ff18514a000 Exception <a 'java/lang/NoSuchMethodError'{0x00000007016d6db0}: 'long java.lang.invoke.DirectMethodHandle$Holder.invokeStaticInit(java.lang.Object, java.lang.Object, java.lang.Object)'> (0x00000007016d6db0) 
thrown [./open/src/hotspot/share/interpreter/linkResolver.cpp, line 766]
Event: 1.956 Thread 0x00007ff18514a000 Exception <a 'java/lang/NoSuchMethodError'{0x00000007016eb080}: 'java.lang.Object java.lang.invoke.Invokers$Holder.linkToTargetMethod(java.lang.Object, long, java.lang.Object)'> (0x00000007016eb080) 
thrown [./open/src/hotspot/share/interpreter/linkResolver.cpp, line 766]
Event: 2.089 Thread 0x00007ff18514a000 Exception <a 'java/lang/NoSuchMethodError'{0x00000007011b0ff8}: 'java.lang.Object java.lang.invoke.DirectMethodHandle$Holder.invokeStatic(java.lang.Object, java.lang.Object, long, int, int, int)'> (0x00000007011b0ff8) 
thrown [./open/src/hotspot/share/interpreter/linkResolver.cpp, line 766]
Event: 2.090 Thread 0x00007ff18514a000 Exception <a 'java/lang/NoSuchMethodError'{0x00000007011c3430}: 'java.lang.Object java.lang.invoke.DirectMethodHandle$Holder.invokeStatic(java.lang.Object, java.lang.Object, int, java.lang.Object, long, int, int, int, int)'> (0x00000007011c3430) 
thrown [./open/src/hotspot/share/interpreter/linkResolver.cpp, line 766]
Event: 5.436 Thread 0x00007ff18514a000 Exception <a 'java/lang/NoSuchMethodError'{0x0000000700ff84a0}: 'java.lang.Object java.lang.invoke.DirectMethodHandle$Holder.invokeStatic(java.lang.Object, java.lang.Object, int, int, int, int, int, java.lang.Object)'> (0x0000000700ff84a0) 
thrown [./open/src/hotspot/share/interpreter/linkResolver.cpp, line 766]
Event: 5.437 Thread 0x00007ff18514a000 Exception <a 'java/lang/NoSuchMethodError'{0x0000000700e07e30}: 'java.lang.Object java.lang.invoke.DirectMethodHandle$Holder.invokeStatic(java.lang.Object, java.lang.Object, java.lang.Object, int, int, int, int, int)'> (0x0000000700e07e30) 
thrown [./open/src/hotspot/share/interpreter/linkResolver.cpp, line 766]
Event: 5.439 Thread 0x00007ff18514a000 Exception <a 'java/lang/NoSuchMethodError'{0x0000000700e0dca8}: 'java.lang.Object java.lang.invoke.Invokers$Holder.linkToTargetMethod(java.lang.Object, java.lang.Object, int, int, int, int, int, java.lang.Object)'> (0x0000000700e0dca8) 
thrown [./open/src/hotspot/share/interpreter/linkResolver.cpp, line 766]
Event: 6.330 Thread 0x00007ff18514a000 Exception <a 'java/lang/NoSuchMethodError'{0x0000000700e8a728}: 'long java.lang.invoke.DirectMethodHandle$Holder.invokeStatic(java.lang.Object, java.lang.Object)'> (0x0000000700e8a728) 
thrown [./open/src/hotspot/share/interpreter/linkResolver.cpp, line 766]
Event: 6.403 Thread 0x00007ff186095800 Exception <a 'java/lang/NoSuchMethodError'{0x00000007011367f0}: 'java.lang.Object java.lang.invoke.DirectMethodHandle$Holder.invokeStaticInit(java.lang.Object, int)'> (0x00000007011367f0) 
thrown [./open/src/hotspot/share/interpreter/linkResolver.cpp, line 766]
Event: 6.910 Thread 0x00007ff18514a000 Implicit null exception at 0x000000011e95deae to 0x000000011e95df28

Events (20 events):
Event: 7.723 loading class sun/net/NetHooks
Event: 7.723 loading class sun/net/NetHooks done
Event: 7.723 loading class sun/net/sdp/SdpProvider
Event: 7.723 loading class sun/net/NetHooks$Provider
Event: 7.723 loading class sun/net/NetHooks$Provider done
Event: 7.723 loading class sun/net/sdp/SdpProvider done
Event: 7.723 loading class java/net/StandardProtocolFamily
Event: 7.723 loading class java/net/StandardProtocolFamily done
Event: 7.724 loading class java/beans/PropertyChangeListener
Event: 7.724 loading class java/beans/PropertyChangeListener done
Event: 7.727 Thread 0x00007ff18188f800 Thread added: 0x00007ff18188f800
Event: 7.727 Protecting memory [0x000000030fca2000,0x000000030fca6000] with protection modes 0
Event: 7.727 Executing VM operation: HandshakeOneThread
Event: 7.727 Executing VM operation: HandshakeOneThread done
Event: 7.727 loading class java/net/Socket
Event: 7.727 loading class java/net/Socket done
Event: 7.728 Executing VM operation: HandshakeOneThread
Event: 7.728 Executing VM operation: HandshakeOneThread done
Event: 7.728 loading class sun/nio/ch/NativeThread
Event: 7.728 loading class sun/nio/ch/NativeThread done


Dynamic libraries:
0x00007ffdffd88000 	/Library/Apple/usr/libexec/oah/runtime
0x00007fff2a6c8000 	/usr/lib/libz.1.dylib
0x000000010ce10000 	/Users/florianleon/.p2/pool/plugins/org.eclipse.justj.openjdk.hotspot.jre.full.macosx.x86_64_14.0.2.v20200815-0932/jre/lib/libjli.dylib
0x00007fff35366000 	/System/Library/Frameworks/Cocoa.framework/Versions/A/Cocoa
0x00007fff22225000 	/System/Library/Frameworks/Security.framework/Versions/A/Security
0x00007fff33565000 	/System/Library/Frameworks/ApplicationServices.framework/Versions/A/ApplicationServices
0x00007fff2a794000 	/usr/lib/libSystem.B.dylib
0x00007fff2a78e000 	/usr/lib/system/libcache.dylib
0x00007fff2a74a000 	/usr/lib/system/libcommonCrypto.dylib
0x00007fff2a774000 	/usr/lib/system/libcompiler_rt.dylib
0x00007fff2a769000 	/usr/lib/system/libcopyfile.dylib
0x00007fff201c6000 	/usr/lib/system/libcorecrypto.dylib
0x00007fff20292000 	/usr/lib/system/libdispatch.dylib
0x00007fff20447000 	/usr/lib/system/libdyld.dylib
0x00007fff2a785000 	/usr/lib/system/libkeymgr.dylib
0x00007fff2dd23000 	/usr/lib/system/liblaunch.dylib
0x00007fff2a728000 	/usr/lib/system/libmacho.dylib
0x00007fff29f3e000 	/usr/lib/system/libquarantine.dylib
0x00007fff2a782000 	/usr/lib/system/libremovefile.dylib
0x00007fff24bba000 	/usr/lib/system/libsystem_asl.dylib
0x00007fff20176000 	/usr/lib/system/libsystem_blocks.dylib
0x00007fff20314000 	/usr/lib/system/libsystem_c.dylib
0x00007fff2a77c000 	/usr/lib/system/libsystem_collections.dylib
0x00007fff2932b000 	/usr/lib/system/libsystem_configuration.dylib
0x00007fff2861b000 	/usr/lib/system/libsystem_containermanager.dylib
0x00007fff2a4c0000 	/usr/lib/system/libsystem_coreservices.dylib
0x00007fff227d9000 	/usr/lib/system/libsystem_darwin.dylib
0x00007fff2a786000 	/usr/lib/system/libsystem_dnssd.dylib
0x00007fff20311000 	/usr/lib/system/libsystem_featureflags.dylib
0x00007fff2048c000 	/usr/lib/system/libsystem_info.dylib
0x00007fff2a6db000 	/usr/lib/system/libsystem_m.dylib
0x00007fff20265000 	/usr/lib/system/libsystem_malloc.dylib
0x00007fff24b4e000 	/usr/lib/system/libsystem_networkextension.dylib
0x00007fff22bf3000 	/usr/lib/system/libsystem_notify.dylib
0x00007fff301d0000 	/usr/lib/system/libsystem_product_info_filter.dylib
0x00007fff2932f000 	/usr/lib/system/libsystem_sandbox.dylib
0x00007fff2a77f000 	/usr/lib/system/libsystem_secinit.dylib
0x00007fff2040c000 	/usr/lib/system/libsystem_kernel.dylib
0x00007fff20482000 	/usr/lib/system/libsystem_platform.dylib
0x00007fff2043b000 	/usr/lib/system/libsystem_pthread.dylib
0x00007fff262e7000 	/usr/lib/system/libsystem_symptoms.dylib
0x00007fff201ae000 	/usr/lib/system/libsystem_trace.dylib
0x00007fff2a756000 	/usr/lib/system/libunwind.dylib
0x00007fff20178000 	/usr/lib/system/libxpc.dylib
0x00007fff203f3000 	/usr/lib/libc++abi.dylib
0x00007fff202d7000 	/usr/lib/libobjc.A.dylib
0x00007fff2a761000 	/usr/lib/liboah.dylib
0x00007fff2039d000 	/usr/lib/libc++.1.dylib
0x00007fff204b8000 	/System/Library/Frameworks/CoreFoundation.framework/Versions/A/CoreFoundation
0x00007fff2119a000 	/System/Library/Frameworks/Foundation.framework/Versions/C/Foundation
0x00007fff22c4b000 	/System/Library/Frameworks/AppKit.framework/Versions/C/AppKit
0x00007fff25b07000 	/System/Library/Frameworks/CoreData.framework/Versions/A/CoreData
0x00007fff239ae000 	/System/Library/PrivateFrameworks/UIFoundation.framework/Versions/A/UIFoundation
0x00007fff2ff49000 	/System/Library/PrivateFrameworks/RemoteViewServices.framework/Versions/A/RemoteViewServices
0x00007fff28ce5000 	/System/Library/PrivateFrameworks/XCTTargetBootstrap.framework/Versions/A/XCTTargetBootstrap
0x00007fff2ba31000 	/usr/lib/libspindump.dylib
0x00007fff23c02000 	/System/Library/Frameworks/UniformTypeIdentifiers.framework/Versions/A/UniformTypeIdentifiers
0x00007fff274bc000 	/usr/lib/libapp_launch_measurement.dylib
0x00007fff274bf000 	/System/Library/PrivateFrameworks/CoreAutoLayout.framework/Versions/A/CoreAutoLayout
0x00007fff28647000 	/System/Library/Frameworks/Metal.framework/Versions/A/Metal
0x00007fff2933a000 	/usr/lib/liblangid.dylib
0x00007fff28ce9000 	/System/Library/PrivateFrameworks/CoreSVG.framework/Versions/A/CoreSVG
0x00007fff24be9000 	/System/Library/PrivateFrameworks/SkyLight.framework/Versions/A/SkyLight
0x00007fff24f4f000 	/System/Library/Frameworks/CoreGraphics.framework/Versions/A/CoreGraphics
0x00007fff305a0000 	/System/Library/Frameworks/Accelerate.framework/Versions/A/Accelerate
0x00007fff2b46c000 	/System/Library/PrivateFrameworks/IconServices.framework/Versions/A/IconServices
0x00007fff2862c000 	/System/Library/Frameworks/IOSurface.framework/Versions/A/IOSurface
0x00007fff26499000 	/usr/lib/libDiagnosticMessagesClient.dylib
0x00007fff28cd1000 	/System/Library/PrivateFrameworks/DFRFoundation.framework/Versions/A/DFRFoundation
0x00007fff22577000 	/usr/lib/libicucore.A.dylib
0x00007fff2cf71000 	/System/Library/Frameworks/AudioToolbox.framework/Versions/A/AudioToolbox
0x00007fff2c217000 	/System/Library/PrivateFrameworks/DataDetectorsCore.framework/Versions/A/DataDetectorsCore
0x00007fff289d1000 	/System/Library/Frameworks/Carbon.framework/Versions/A/Frameworks/HIToolbox.framework/Versions/A/HIToolbox
0x00007fff26f14000 	/System/Library/Frameworks/QuartzCore.framework/Versions/A/QuartzCore
0x00007fff2ff85000 	/System/Library/Frameworks/Carbon.framework/Versions/A/Frameworks/SpeechRecognition.framework/Versions/A/SpeechRecognition
0x00007fff27224000 	/System/Library/PrivateFrameworks/CoreUI.framework/Versions/A/CoreUI
0x00007fff21b81000 	/System/Library/Frameworks/CoreAudio.framework/Versions/A/CoreAudio
0x00007fff26584000 	/System/Library/Frameworks/DiskArbitration.framework/Versions/A/DiskArbitration
0x00007fff2be2b000 	/System/Library/PrivateFrameworks/MultitouchSupport.framework/Versions/A/MultitouchSupport
0x00007fff2c20e000 	/System/Library/PrivateFrameworks/InternationalSupport.framework/Versions/A/InternationalSupport
0x00007fff24b5d000 	/usr/lib/libenergytrace.dylib
0x00007fff22b45000 	/System/Library/Frameworks/IOKit.framework/Versions/A/IOKit
0x00007fff302d2000 	/System/Library/Frameworks/CoreServices.framework/Versions/A/CoreServices
0x00007fff27452000 	/System/Library/PrivateFrameworks/PerformanceAnalysis.framework/Versions/A/PerformanceAnalysis
0x00007fff6cbdb000 	/System/Library/Frameworks/OpenGL.framework/Versions/A/OpenGL
0x00007fff2c293000 	/System/Library/PrivateFrameworks/UserActivity.framework/Versions/A/UserActivity
0x00007fff25609000 	/System/Library/Frameworks/ColorSync.framework/Versions/A/ColorSync
0x00007fff28f51000 	/System/Library/Frameworks/CoreImage.framework/Versions/A/CoreImage
0x00007fff21998000 	/System/Library/Frameworks/CoreText.framework/Versions/A/CoreText
0x00007fff28d13000 	/System/Library/Frameworks/ImageIO.framework/Versions/A/ImageIO
0x00007fff2a79a000 	/System/Library/PrivateFrameworks/SoftLinking.framework/Versions/A/SoftLinking
0x00007fff27508000 	/usr/lib/libxml2.2.dylib
0x00007fff2aa0c000 	/usr/lib/libcompression.dylib
0x00007fff24b5e000 	/usr/lib/libMobileGestalt.dylib
0x00007fff2c141000 	/System/Library/PrivateFrameworks/TextureIO.framework/Versions/A/TextureIO
0x00007fff2b0f9000 	/usr/lib/libate.dylib
0x00007fff2ae25000 	/usr/lib/liblzma.5.dylib
0x00007fff20eae000 	/System/Library/Frameworks/SystemConfiguration.framework/Versions/A/SystemConfiguration
0x00007fff2a796000 	/usr/lib/libfakelink.dylib
0x00007fff246b0000 	/System/Library/Frameworks/CFNetwork.framework/Versions/A/CFNetwork
0x00007fff2a8d6000 	/usr/lib/libarchive.2.dylib
0x00007fff20f2c000 	/usr/lib/libCRFSuite.dylib
0x00007fff29f65000 	/usr/lib/libbsm.0.dylib
0x00007fff2406c000 	/usr/lib/libnetwork.dylib
0x00007fff2a79b000 	/usr/lib/libpcap.A.dylib
0x00007fff262e0000 	/usr/lib/libdns_services.dylib
0x00007fff2ae3e000 	/usr/lib/libcoretls_cfhelpers.dylib
0x00007fff2a9da000 	/usr/lib/libapple_nghttp2.dylib
0x00007fff2a72e000 	/usr/lib/system/libkxld.dylib
0x00007fff25f4e000 	/usr/lib/libsqlite3.dylib
0x00007fff2a4a2000 	/System/Library/PrivateFrameworks/AppleFSCompression.framework/Versions/A/AppleFSCompression
0x00007fff29f4d000 	/usr/lib/libcoretls.dylib
0x00007fff2aa07000 	/usr/lib/libpam.2.dylib
0x00007fff2af3a000 	/usr/lib/libxar.1.dylib
0x00007fff29336000 	/System/Library/PrivateFrameworks/AppleSystemInfo.framework/Versions/A/AppleSystemInfo
0x00007fff29b90000 	/System/Library/PrivateFrameworks/IOMobileFramebuffer.framework/Versions/A/IOMobileFramebuffer
0x00007fff2a4b2000 	/usr/lib/libbz2.1.0.dylib
0x00007fff2a7d3000 	/usr/lib/libiconv.2.dylib
0x00007fff2a727000 	/usr/lib/libcharset.1.dylib
0x00007fff2748e000 	/System/Library/Frameworks/CoreServices.framework/Versions/A/Frameworks/FSEvents.framework/Versions/A/FSEvents
0x00007fff227e3000 	/System/Library/Frameworks/CoreServices.framework/Versions/A/Frameworks/CarbonCore.framework/Versions/A/CarbonCore
0x00007fff264e9000 	/System/Library/Frameworks/CoreServices.framework/Versions/A/Frameworks/Metadata.framework/Versions/A/Metadata
0x00007fff2a4c5000 	/System/Library/Frameworks/CoreServices.framework/Versions/A/Frameworks/OSServices.framework/Versions/A/OSServices
0x00007fff2a948000 	/System/Library/Frameworks/CoreServices.framework/Versions/A/Frameworks/SearchKit.framework/Versions/A/SearchKit
0x00007fff2626a000 	/System/Library/Frameworks/CoreServices.framework/Versions/A/Frameworks/AE.framework/Versions/A/AE
0x00007fff20954000 	/System/Library/Frameworks/CoreServices.framework/Versions/A/Frameworks/LaunchServices.framework/Versions/A/LaunchServices
0x00007fff2add6000 	/System/Library/Frameworks/CoreServices.framework/Versions/A/Frameworks/DictionaryServices.framework/Versions/A/DictionaryServices
0x00007fff27497000 	/System/Library/Frameworks/CoreServices.framework/Versions/A/Frameworks/SharedFileList.framework/Versions/A/SharedFileList
0x00007fff29f41000 	/usr/lib/libCheckFix.dylib
0x00007fff24bd1000 	/System/Library/PrivateFrameworks/TCC.framework/Versions/A/TCC
0x00007fff2933c000 	/System/Library/PrivateFrameworks/CoreNLP.framework/Versions/A/CoreNLP
0x00007fff2649c000 	/System/Library/PrivateFrameworks/MetadataUtilities.framework/Versions/A/MetadataUtilities
0x00007fff20f62000 	/usr/lib/libmecabra.dylib
0x00007fff2a255000 	/System/Library/Frameworks/MLCompute.framework/Versions/A/MLCompute
0x00007fff29f76000 	/usr/lib/libmecab.dylib
0x00007fff29fc0000 	/usr/lib/libgermantok.dylib
0x00007fff2a9b0000 	/usr/lib/libThaiTokenizer.dylib
0x00007fff2af75000 	/usr/lib/libChineseTokenizer.dylib
0x00007fff2aa05000 	/System/Library/Frameworks/MetalPerformanceShaders.framework/Versions/A/MetalPerformanceShaders
0x00007fff2658b000 	/System/Library/Frameworks/Accelerate.framework/Versions/A/Frameworks/vImage.framework/Versions/A/vImage
0x00007fff302ab000 	/System/Library/Frameworks/Accelerate.framework/Versions/A/Frameworks/vecLib.framework/Versions/A/vecLib
0x00007fff2af80000 	/System/Library/Frameworks/Accelerate.framework/Versions/A/Frameworks/vecLib.framework/Versions/A/libvMisc.dylib
0x00007fff299ec000 	/System/Library/Frameworks/Accelerate.framework/Versions/A/Frameworks/vecLib.framework/Versions/A/libvDSP.dylib
0x00007fff20c58000 	/System/Library/Frameworks/Accelerate.framework/Versions/A/Frameworks/vecLib.framework/Versions/A/libBLAS.dylib
0x00007fff2aa2b000 	/System/Library/Frameworks/Accelerate.framework/Versions/A/Frameworks/vecLib.framework/Versions/A/libLAPACK.dylib
0x00007fff29fc6000 	/System/Library/Frameworks/Accelerate.framework/Versions/A/Frameworks/vecLib.framework/Versions/A/libLinearAlgebra.dylib
0x00007fff2a9f2000 	/System/Library/Frameworks/Accelerate.framework/Versions/A/Frameworks/vecLib.framework/Versions/A/libSparseBLAS.dylib
0x00007fff2aa25000 	/System/Library/Frameworks/Accelerate.framework/Versions/A/Frameworks/vecLib.framework/Versions/A/libQuadrature.dylib
0x00007fff293e4000 	/System/Library/Frameworks/Accelerate.framework/Versions/A/Frameworks/vecLib.framework/Versions/A/libBNNS.dylib
0x00007fff20e3f000 	/System/Library/Frameworks/Accelerate.framework/Versions/A/Frameworks/vecLib.framework/Versions/A/libSparse.dylib
0x00007fff292cf000 	/System/Library/Frameworks/MetalPerformanceShaders.framework/Versions/A/Frameworks/MPSCore.framework/Versions/A/MPSCore
0x00007fff2a411000 	/System/Library/Frameworks/MetalPerformanceShaders.framework/Versions/A/Frameworks/MPSImage.framework/Versions/A/MPSImage
0x00007fff29fdd000 	/System/Library/Frameworks/MetalPerformanceShaders.framework/Versions/A/Frameworks/MPSNeuralNetwork.framework/Versions/A/MPSNeuralNetwork
0x00007fff2a39c000 	/System/Library/Frameworks/MetalPerformanceShaders.framework/Versions/A/Frameworks/MPSMatrix.framework/Versions/A/MPSMatrix
0x00007fff2a205000 	/System/Library/Frameworks/MetalPerformanceShaders.framework/Versions/A/Frameworks/MPSRayIntersector.framework/Versions/A/MPSRayIntersector
0x00007fff2a3d3000 	/System/Library/Frameworks/MetalPerformanceShaders.framework/Versions/A/Frameworks/MPSNDArray.framework/Versions/A/MPSNDArray
0x00007fff20b84000 	/System/Library/PrivateFrameworks/MetalTools.framework/Versions/A/MetalTools
0x00007fff29334000 	/System/Library/PrivateFrameworks/AggregateDictionary.framework/Versions/A/AggregateDictionary
0x00007fff26474000 	/System/Library/PrivateFrameworks/CoreAnalytics.framework/Versions/A/CoreAnalytics
0x00007fff2a9b2000 	/System/Library/PrivateFrameworks/AppleSauce.framework/Versions/A/AppleSauce
0x00007fff2863e000 	/System/Library/PrivateFrameworks/IOAccelerator.framework/Versions/A/IOAccelerator
0x00007fff6cbcf000 	/System/Library/Frameworks/OpenGL.framework/Versions/A/Libraries/libCoreFSCache.dylib
0x00007fff214fe000 	/System/Library/PrivateFrameworks/LanguageModeling.framework/Versions/A/LanguageModeling
0x00007fff29b7d000 	/System/Library/PrivateFrameworks/CoreEmoji.framework/Versions/A/CoreEmoji
0x00007fff293dd000 	/System/Library/PrivateFrameworks/LinguisticData.framework/Versions/A/LinguisticData
0x00007fff20df1000 	/System/Library/PrivateFrameworks/Lexicon.framework/Versions/A/Lexicon
0x00007fff2a8c4000 	/usr/lib/libcmph.dylib
0x00007fff2746e000 	/System/Library/Frameworks/OpenDirectory.framework/Versions/A/Frameworks/CFOpenDirectory.framework/Versions/A/CFOpenDirectory
0x00007fff2745e000 	/System/Library/Frameworks/OpenDirectory.framework/Versions/A/OpenDirectory
0x00007fff2ae40000 	/System/Library/PrivateFrameworks/APFS.framework/Versions/A/APFS
0x00007fff29ea2000 	/System/Library/Frameworks/SecurityFoundation.framework/Versions/A/SecurityFoundation
0x00007fff2af48000 	/usr/lib/libutil.dylib
0x00007fff22b0a000 	/System/Library/PrivateFrameworks/CoreServicesStore.framework/Versions/A/CoreServicesStore
0x00007fff29f39000 	/System/Library/Frameworks/ServiceManagement.framework/Versions/A/ServiceManagement
0x00007fff2af4c000 	/usr/lib/libxslt.1.dylib
0x00007fff29f2f000 	/System/Library/PrivateFrameworks/BackgroundTaskManagement.framework/Versions/A/BackgroundTaskManagement
0x00007fff2c08c000 	/System/Library/Frameworks/ImageIO.framework/Versions/A/Resources/libRadiance.dylib
0x00007fff2c095000 	/System/Library/Frameworks/ImageIO.framework/Versions/A/Resources/libJPEG.dylib
0x00007fff2bfe5000 	/System/Library/Frameworks/ImageIO.framework/Versions/A/Resources/libPng.dylib
0x00007fff2c00c000 	/System/Library/Frameworks/ImageIO.framework/Versions/A/Resources/libTIFF.dylib
0x00007fff2c0ea000 	/System/Library/Frameworks/ImageIO.framework/Versions/A/Resources/libGIF.dylib
0x00007fff2bd49000 	/System/Library/Frameworks/ImageIO.framework/Versions/A/Resources/libJP2.dylib
0x00007fff2b433000 	/usr/lib/libexpat.1.dylib
0x00007fff2bcfe000 	/System/Library/PrivateFrameworks/AppleJPEG.framework/Versions/A/AppleJPEG
0x00007fff28874000 	/System/Library/PrivateFrameworks/FontServices.framework/libFontParser.dylib
0x00007fff2621e000 	/System/Library/PrivateFrameworks/RunningBoardServices.framework/Versions/A/RunningBoardServices
0x00007fff2be27000 	/System/Library/PrivateFrameworks/WatchdogClient.framework/Versions/A/WatchdogClient
0x00007fff215eb000 	/System/Library/Frameworks/CoreDisplay.framework/Versions/A/CoreDisplay
0x00007fff2878a000 	/System/Library/Frameworks/CoreMedia.framework/Versions/A/CoreMedia
0x00007fff275eb000 	/System/Library/Frameworks/CoreVideo.framework/Versions/A/CoreVideo
0x00007fff2be5f000 	/System/Library/Frameworks/VideoToolbox.framework/Versions/A/VideoToolbox
0x00007fff2619c000 	/System/Library/PrivateFrameworks/BaseBoard.framework/Versions/A/BaseBoard
0x00007fff2b578000 	/System/Library/PrivateFrameworks/PersistentConnection.framework/Versions/A/PersistentConnection
0x00007fff25f37000 	/System/Library/PrivateFrameworks/ProtocolBuffer.framework/Versions/A/ProtocolBuffer
0x00007fff26183000 	/System/Library/PrivateFrameworks/CommonUtilities.framework/Versions/A/CommonUtilities
0x00007fff2bc93000 	/System/Library/PrivateFrameworks/Bom.framework/Versions/A/Bom
0x00007fff2c085000 	/System/Library/PrivateFrameworks/GPUWrangler.framework/Versions/A/GPUWrangler
0x00007fff2c06a000 	/System/Library/PrivateFrameworks/IOPresentment.framework/Versions/A/IOPresentment
0x00007fff2c08f000 	/System/Library/PrivateFrameworks/DSExternalDisplay.framework/Versions/A/DSExternalDisplay
0x00007fff2c0ef000 	/System/Library/PrivateFrameworks/CMCaptureCore.framework/Versions/A/CMCaptureCore
0x00007fff2ba18000 	/System/Library/PrivateFrameworks/AppServerSupport.framework/Versions/A/AppServerSupport
0x00007fff2dac2000 	/System/Library/PrivateFrameworks/perfdata.framework/Versions/A/perfdata
0x00007fff29e91000 	/System/Library/PrivateFrameworks/AssertionServices.framework/Versions/A/AssertionServices
0x00007fff21722000 	/System/Library/PrivateFrameworks/AudioToolboxCore.framework/Versions/A/AudioToolboxCore
0x00007fff2876d000 	/System/Library/PrivateFrameworks/caulk.framework/Versions/A/caulk
0x00007fff3d74f000 	/System/Library/PrivateFrameworks/SystemPolicy.framework/Versions/A/SystemPolicy
0x00007fff2b228000 	/usr/lib/libIOReport.dylib
0x00007fff2d2e4000 	/usr/lib/libSMC.dylib
0x00007fff2bfb2000 	/usr/lib/libAudioToolboxUtility.dylib
0x00007fff3e0b9000 	/usr/lib/libmis.dylib
0x00007fff6cc2b000 	/System/Library/Frameworks/OpenGL.framework/Versions/A/Libraries/libGLU.dylib
0x00007fff6cbee000 	/System/Library/Frameworks/OpenGL.framework/Versions/A/Libraries/libGFXShared.dylib
0x00007fff6cdfd000 	/System/Library/Frameworks/OpenGL.framework/Versions/A/Libraries/libGL.dylib
0x00007fff6cbf7000 	/System/Library/Frameworks/OpenGL.framework/Versions/A/Libraries/libGLImage.dylib
0x00007fff6cbeb000 	/System/Library/Frameworks/OpenGL.framework/Versions/A/Libraries/libCVMSPluginSupport.dylib
0x00007fff6cbd6000 	/System/Library/Frameworks/OpenGL.framework/Versions/A/Libraries/libCoreVMClient.dylib
0x00007fff6e23e000 	/System/Library/Frameworks/OpenCL.framework/Versions/A/OpenCL
0x00007fff2b5a2000 	/System/Library/PrivateFrameworks/GraphVisualizer.framework/Versions/A/GraphVisualizer
0x00007fff2b5b1000 	/System/Library/PrivateFrameworks/FaceCore.framework/Versions/A/FaceCore
0x00007fff2b9cd000 	/System/Library/PrivateFrameworks/OTSVG.framework/Versions/A/OTSVG
0x00007fff271e2000 	/System/Library/Frameworks/ApplicationServices.framework/Versions/A/Frameworks/ATS.framework/Versions/A/Resources/libFontRegistry.dylib
0x00007fff2ba1f000 	/System/Library/PrivateFrameworks/FontServices.framework/libhvf.dylib
0x00007fff2b3df000 	/System/Library/PrivateFrameworks/AppleVA.framework/Versions/A/AppleVA
0x00007fff2d12d000 	/System/Library/Frameworks/ApplicationServices.framework/Versions/A/Frameworks/ATS.framework/Versions/A/ATS
0x00007fff2d43f000 	/System/Library/Frameworks/ApplicationServices.framework/Versions/A/Frameworks/ColorSyncLegacy.framework/Versions/A/ColorSyncLegacy
0x00007fff25700000 	/System/Library/Frameworks/ApplicationServices.framework/Versions/A/Frameworks/HIServices.framework/Versions/A/HIServices
0x00007fff2d424000 	/System/Library/Frameworks/ApplicationServices.framework/Versions/A/Frameworks/LangAnalysis.framework/Versions/A/LangAnalysis
0x00007fff2c0f9000 	/System/Library/Frameworks/ApplicationServices.framework/Versions/A/Frameworks/PrintCore.framework/Versions/A/PrintCore
0x00007fff2d447000 	/System/Library/Frameworks/ApplicationServices.framework/Versions/A/Frameworks/QD.framework/Versions/A/QD
0x00007fff2d11d000 	/System/Library/Frameworks/ApplicationServices.framework/Versions/A/Frameworks/SpeechSynthesis.framework/Versions/A/SpeechSynthesis
0x00007fff2c0ba000 	/System/Library/Frameworks/ApplicationServices.framework/Versions/A/Frameworks/ATSUI.framework/Versions/A/ATSUI
0x00007fff2d3c4000 	/usr/lib/libcups.2.dylib
0x00007fff2d434000 	/System/Library/PrivateFrameworks/NetAuth.framework/Versions/A/NetAuth
0x00007fff2dade000 	/System/Library/Frameworks/Kerberos.framework/Versions/A/Kerberos
0x00007fff2daee000 	/System/Library/Frameworks/GSS.framework/Versions/A/GSS
0x00007fff2d199000 	/usr/lib/libresolv.9.dylib
0x00007fff2ba34000 	/System/Library/PrivateFrameworks/Heimdal.framework/Versions/A/Heimdal
0x00007fff33865000 	/System/Library/Frameworks/Kerberos.framework/Versions/A/Libraries/libHeimdalProxy.dylib
0x00007fff262ef000 	/System/Library/Frameworks/Network.framework/Versions/A/Network
0x00007fff2b44d000 	/usr/lib/libheimdal-asn1.dylib
0x00007fff2db3e000 	/System/Library/PrivateFrameworks/CommonAuth.framework/Versions/A/CommonAuth
0x00007fff27638000 	/System/Library/PrivateFrameworks/login.framework/Versions/A/Frameworks/loginsupport.framework/Versions/A/loginsupport
0x00007fff2d0a2000 	/System/Library/PrivateFrameworks/AudioSession.framework/Versions/A/AudioSession
0x00007fff2d10a000 	/usr/lib/libAudioStatistics.dylib
0x00007fff2b4da000 	/System/Library/PrivateFrameworks/MediaExperience.framework/Versions/A/MediaExperience
0x00007fff2cf3f000 	/System/Library/PrivateFrameworks/AudioSession.framework/libSessionUtility.dylib
0x00007fff2dacf000 	/usr/lib/libperfcheck.dylib
0x00007fff2d453000 	/System/Library/PrivateFrameworks/AudioResourceArbitration.framework/Versions/A/AudioResourceArbitration
0x00007fff2b457000 	/System/Library/PrivateFrameworks/IconFoundation.framework/Versions/A/IconFoundation
0x00007fff2ff75000 	/System/Library/PrivateFrameworks/SpeechRecognitionCore.framework/Versions/A/SpeechRecognitionCore
0x0000000111000000 	/Users/florianleon/.p2/pool/plugins/org.eclipse.justj.openjdk.hotspot.jre.full.macosx.x86_64_14.0.2.v20200815-0932/jre/lib/server/libjvm.dylib
0x000000010ce9a000 	/Users/florianleon/.p2/pool/plugins/org.eclipse.justj.openjdk.hotspot.jre.full.macosx.x86_64_14.0.2.v20200815-0932/jre/lib/libjimage.dylib
0x000000010cefa000 	/Users/florianleon/.p2/pool/plugins/org.eclipse.justj.openjdk.hotspot.jre.full.macosx.x86_64_14.0.2.v20200815-0932/jre/lib/libjava.dylib
0x000000010cf56000 	/Users/florianleon/.p2/pool/plugins/org.eclipse.justj.openjdk.hotspot.jre.full.macosx.x86_64_14.0.2.v20200815-0932/jre/lib/libzip.dylib
0x0000000133dc3000 	/Users/florianleon/.p2/pool/plugins/org.eclipse.justj.openjdk.hotspot.jre.full.macosx.x86_64_14.0.2.v20200815-0932/jre/lib/libnio.dylib
0x0000000133df0000 	/Users/florianleon/.p2/pool/plugins/org.eclipse.justj.openjdk.hotspot.jre.full.macosx.x86_64_14.0.2.v20200815-0932/jre/lib/libnet.dylib
0x0000000134048000 	/Users/florianleon/javafx-sdk-11.0.2/lib/libprism_es2.dylib
0x00007fff22acb000 	/System/Library/PrivateFrameworks/CoreServicesInternal.framework/Versions/A/CoreServicesInternal
0x00007fff6ce08000 	/System/Library/Frameworks/OpenGL.framework/Versions/A/Resources/GLEngine.bundle/GLEngine
0x00007fff6cc68000 	/System/Library/Frameworks/OpenGL.framework/Versions/A/Libraries/libGLProgrammability.dylib
0x0000000134138000 	/System/Library/Extensions/AppleMetalOpenGLRenderer.bundle/Contents/MacOS/AppleMetalOpenGLRenderer
0x00007fff6cf84000 	/System/Library/Frameworks/OpenGL.framework/Versions/A/Resources/GLRendererFloat.bundle/GLRendererFloat
0x000000013428e000 	/System/Library/Extensions/AGXMetal13_3.bundle/Contents/MacOS/AGXMetal13_3
0x00007fff38b23000 	/System/Library/PrivateFrameworks/IOGPU.framework/Versions/A/IOGPU
0x00007fff6a761000 	/System/Library/PrivateFrameworks/GPUCompiler.framework/Versions/31001/Libraries/libmetal_timestamp.dylib
0x0000000135875000 	/Users/florianleon/javafx-sdk-11.0.2/lib/libglass.dylib
0x00007fff3145b000 	/System/Library/Frameworks/FileProvider.framework/Versions/A/FileProvider
0x00007fff26106000 	/System/Library/Frameworks/Accounts.framework/Versions/A/Accounts
0x00007fff3157c000 	/System/Library/PrivateFrameworks/GenerationalStorage.framework/Versions/A/GenerationalStorage
0x00007fff31f3b000 	/System/Library/PrivateFrameworks/CoreSymbolication.framework/Versions/A/CoreSymbolication
0x00007fff30e7a000 	/System/Library/PrivateFrameworks/SymptomDiagnosticReporter.framework/Versions/A/SymptomDiagnosticReporter
0x00007fff2e787000 	/System/Library/PrivateFrameworks/AppContainer.framework/Versions/A/AppContainer
0x00007fff23c15000 	/System/Library/PrivateFrameworks/DesktopServicesPriv.framework/Versions/A/DesktopServicesPriv
0x00007fff22bff000 	/usr/lib/libsandbox.1.dylib
0x00007fff27664000 	/System/Library/PrivateFrameworks/UserManagement.framework/Versions/A/UserManagement
0x00007fff29e6e000 	/System/Library/PrivateFrameworks/MobileKeyBag.framework/Versions/A/MobileKeyBag
0x00007fff348ce000 	/System/Library/PrivateFrameworks/ChunkingLibrary.framework/Versions/A/ChunkingLibrary
0x00007fff31efe000 	/System/Library/PrivateFrameworks/DebugSymbols.framework/Versions/A/DebugSymbols
0x00007fff2e79c000 	/System/Library/PrivateFrameworks/SecCodeWrapper.framework/Versions/A/SecCodeWrapper
0x00007fff2b230000 	/System/Library/PrivateFrameworks/CrashReporterSupport.framework/Versions/A/CrashReporterSupport
0x00007fff48630000 	/System/Library/PrivateFrameworks/OSAnalytics.framework/Versions/A/OSAnalytics
0x00007fff783cf000 	/usr/lib/libRosetta.dylib
0x00007fff332b1000 	/System/Library/PrivateFrameworks/RemoteServiceDiscovery.framework/Versions/A/RemoteServiceDiscovery
0x00007fff525ee000 	/System/Library/PrivateFrameworks/Symbolication.framework/Versions/A/Symbolication
0x00007fff332c1000 	/System/Library/PrivateFrameworks/RemoteXPC.framework/Versions/A/RemoteXPC
0x00007fff397be000 	/System/Library/PrivateFrameworks/OSAServicesClient.framework/Versions/A/OSAServicesClient
0x00007fff3e098000 	/System/Library/PrivateFrameworks/MallocStackLogging.framework/Versions/A/MallocStackLogging
0x00007fff2e51e000 	/System/Library/PrivateFrameworks/Sharing.framework/Versions/A/Sharing
0x00007fff32e8e000 	/System/Library/PrivateFrameworks/Apple80211.framework/Versions/A/Apple80211
0x00007fff2a4f3000 	/System/Library/PrivateFrameworks/AuthKit.framework/Versions/A/AuthKit
0x00007fff29c6e000 	/System/Library/PrivateFrameworks/CoreUtils.framework/Versions/A/CoreUtils
0x00007fff29b9b000 	/System/Library/Frameworks/CoreWLAN.framework/Versions/A/CoreWLAN
0x00007fff2e666000 	/System/Library/Frameworks/IOBluetooth.framework/Versions/A/IOBluetooth
0x00007fff32ef2000 	/System/Library/PrivateFrameworks/CoreWiFi.framework/Versions/A/CoreWiFi
0x00007fff2dbc6000 	/System/Library/PrivateFrameworks/CorePhoneNumbers.framework/Versions/A/CorePhoneNumbers
0x00007fff30f82000 	/System/Library/PrivateFrameworks/DiskManagement.framework/Versions/A/DiskManagement
0x00007fff30e98000 	/System/Library/PrivateFrameworks/AppleIDAuthSupport.framework/Versions/A/AppleIDAuthSupport
0x00007fff2dba3000 	/System/Library/PrivateFrameworks/KeychainCircle.framework/Versions/A/KeychainCircle
0x00007fff30f4e000 	/System/Library/PrivateFrameworks/MediaKit.framework/Versions/A/MediaKit
0x00007fff30ea5000 	/System/Library/Frameworks/DiscRecording.framework/Versions/A/DiscRecording
0x00007fff2b353000 	/usr/lib/libCoreStorage.dylib
0x00007fff3332c000 	/usr/lib/libcsfde.dylib
0x00007fff2e7a0000 	/System/Library/PrivateFrameworks/ProtectedCloudStorage.framework/Versions/A/ProtectedCloudStorage
0x00007fff33324000 	/System/Library/PrivateFrameworks/EFILogin.framework/Versions/A/EFILogin
0x00007fff33918000 	/System/Library/Frameworks/AudioUnit.framework/Versions/A/AudioUnit
0x00007fff30e17000 	/System/Library/Frameworks/CoreBluetooth.framework/Versions/A/CoreBluetooth
0x00007fff2b34b000 	/usr/lib/libMatch.1.dylib
0x0000000136e6f000 	/usr/lib/libobjc-trampolines.dylib
0x00007fff41cbf000 	/System/Library/Frameworks/Accelerate.framework/Versions/A/Frameworks/vImage.framework/Versions/A/Libraries/libCGInterfaces.dylib
0x00007fff27366000 	/System/Library/PrivateFrameworks/ViewBridge.framework/Versions/A/ViewBridge
0x00007fff2baf5000 	/System/Library/PrivateFrameworks/login.framework/Versions/A/login
0x000000013a2ff000 	/Users/florianleon/javafx-sdk-11.0.2/lib/libjavafx_font.dylib
0x00007fff3061e000 	/System/Library/PrivateFrameworks/SystemAdministration.framework/Versions/A/SystemAdministration
0x00007fff2c2f2000 	/System/Library/Frameworks/MediaToolbox.framework/Versions/A/MediaToolbox
0x00007fff2ff3d000 	/System/Library/Frameworks/DirectoryService.framework/Versions/A/DirectoryService
0x00007fff331ca000 	/System/Library/PrivateFrameworks/DiskImages.framework/Versions/A/DiskImages
0x00007fff3339e000 	/System/Library/PrivateFrameworks/LoginUIKit.framework/Versions/A/Frameworks/LoginUICore.framework/Versions/A/LoginUICore
0x00007fff2bc8f000 	/usr/lib/libodfde.dylib
0x00007fff3142d000 	/System/Library/PrivateFrameworks/CoreAVCHD.framework/Versions/A/CoreAVCHD
0x00007fff305e1000 	/System/Library/Frameworks/MediaAccessibility.framework/Versions/A/MediaAccessibility
0x00007fff31429000 	/System/Library/PrivateFrameworks/Mangrove.framework/Versions/A/Mangrove
0x00007fff305ed000 	/System/Library/PrivateFrameworks/AlgosScoreFramework.framework/Versions/A/AlgosScoreFramework
0x00007fff31dee000 	/System/Library/PrivateFrameworks/AppleVPA.framework/Versions/A/AppleVPA
0x00007fff3106e000 	/System/Library/PrivateFrameworks/CoreAUC.framework/Versions/A/CoreAUC
0x00007fff33338000 	/usr/lib/libcurl.4.dylib
0x00007fff33098000 	/usr/lib/libcrypto.44.dylib
0x00007fff3319c000 	/usr/lib/libssl.46.dylib
0x00007fff3305e000 	/System/Library/Frameworks/LDAP.framework/Versions/A/LDAP
0x00007fff33096000 	/System/Library/PrivateFrameworks/TrustEvaluationAgent.framework/Versions/A/TrustEvaluationAgent
0x00007fff2d1b2000 	/usr/lib/libsasl2.2.dylib
0x00007fff30612000 	/System/Library/PrivateFrameworks/CoreDaemon.framework/Versions/B/CoreDaemon
0x00007fff3060d000 	/System/Library/PrivateFrameworks/AppleSRP.framework/Versions/A/AppleSRP
0x00007fff7049e000 	/System/Library/PrivateFrameworks/AccessibilityBundles.framework/Versions/A/AccessibilityBundles
0x0000000143707000 	/private/var/folders/ng/ytwhvpfj1f7gn5vgqg8ngqsc0000gn/T/sqlite-3.27.2.1-9b1b78a4-9a45-4ec7-a0b5-74a04c4b0b8b-libsqlitejdbc.jnilib
0x0000000137fe3000 	/Users/florianleon/.p2/pool/plugins/org.eclipse.justj.openjdk.hotspot.jre.full.macosx.x86_64_14.0.2.v20200815-0932/jre/lib/libextnet.dylib


VM Arguments:
jvm_args: --module-path=/Users/florianleon/javafx-sdk-11.0.2/lib --add-modules=javafx.controls,javafx.fxml -Dfile.encoding=UTF-8 --module-path=/Users/florianleon/Desktop/ProjetJava/POO/ChatSystem GUI/SQLiteDatabases/sqlite-jdbc-3.27.2.1.jar:/Users/florianleon/javafx-sdk-11.0.2/lib/javafx-swt.jar:/Users/florianleon/javafx-sdk-11.0.2/lib/javafx.base.jar:/Users/florianleon/javafx-sdk-11.0.2/lib/javafx.controls.jar:/Users/florianleon/javafx-sdk-11.0.2/lib/javafx.fxml.jar:/Users/florianleon/javafx-sdk-11.0.2/lib/javafx.graphics.jar:/Users/florianleon/javafx-sdk-11.0.2/lib/javafx.media.jar:/Users/florianleon/javafx-sdk-11.0.2/lib/javafx.swing.jar:/Users/florianleon/javafx-sdk-11.0.2/lib/javafx.web.jar:/Users/florianleon/Desktop/ProjetJava/POO/ChatSystem GUI/HTMLscrapper/jsoup-1.13.1.jar -XX:+ShowCodeDetailsInExceptionMessages 
java_command: chatSytem.Main
java_class_path (initial): /Users/florianleon/Desktop/ProjetJava/POO/ChatSystem GUI/bin
Launcher Type: SUN_STANDARD

[Global flags]
     intx CICompilerCount                          = 4                                         {product} {ergonomic}
     uint ConcGCThreads                            = 2                                         {product} {ergonomic}
     uint G1ConcRefinementThreads                  = 8                                         {product} {ergonomic}
   size_t G1HeapRegionSize                         = 1048576                                   {product} {ergonomic}
    uintx GCDrainStackTargetSize                   = 64                                        {product} {ergonomic}
   size_t InitialHeapSize                          = 268435456                                 {product} {ergonomic}
   size_t MarkStackSize                            = 4194304                                   {product} {ergonomic}
   size_t MaxHeapSize                              = 4294967296                                {product} {ergonomic}
   size_t MaxNewSize                               = 2576351232                                {product} {ergonomic}
   size_t MinHeapDeltaBytes                        = 1048576                                   {product} {ergonomic}
   size_t MinHeapSize                              = 8388608                                   {product} {ergonomic}
    uintx NonNMethodCodeHeapSize                   = 5839372                                {pd product} {ergonomic}
    uintx NonProfiledCodeHeapSize                  = 122909434                              {pd product} {ergonomic}
    uintx ProfiledCodeHeapSize                     = 122909434                              {pd product} {ergonomic}
    uintx ReservedCodeCacheSize                    = 251658240                              {pd product} {ergonomic}
     bool SegmentedCodeCache                       = true                                      {product} {ergonomic}
     bool ShowCodeDetailsInExceptionMessages       = true                                   {manageable} {command line}
   size_t SoftMaxHeapSize                          = 4294967296                             {manageable} {ergonomic}
     bool UseCompressedClassPointers               = true                                 {lp64_product} {ergonomic}
     bool UseCompressedOops                        = true                                 {lp64_product} {ergonomic}
     bool UseG1GC                                  = true                                      {product} {ergonomic}

Logging:
Log output configuration:
 #0: stdout all=warning uptime,level,tags
 #1: stderr all=off uptime,level,tags

Environment Variables:
PATH=/usr/bin:/bin:/usr/sbin:/sbin
SHELL=/bin/zsh

Signal Handlers:
SIGSEGV: [libjvm.dylib+0x7415c8], sa_mask[0]=11111111111111111111111111111111, sa_flags=SA_ONSTACK|SA_RESTART|SA_SIGINFO
SIGBUS: [libjvm.dylib+0x7415c8], sa_mask[0]=11111111111111111111111111111111, sa_flags=SA_RESTART|SA_SIGINFO
SIGFPE: [libjvm.dylib+0x7415c8], sa_mask[0]=11111111111111111111111111111111, sa_flags=SA_RESTART|SA_SIGINFO
SIGPIPE: [libjvm.dylib+0x5eb4c1], sa_mask[0]=11111111111111111111111111111111, sa_flags=SA_RESTART|SA_SIGINFO
SIGXFSZ: [libjvm.dylib+0x5eb4c1], sa_mask[0]=11111111111111111111111111111111, sa_flags=SA_RESTART|SA_SIGINFO
SIGILL: [libjvm.dylib+0x7415c8], sa_mask[0]=11111111111111111111111111111111, sa_flags=SA_RESTART|SA_SIGINFO
SIGUSR2: [libjvm.dylib+0x5eba93], sa_mask[0]=00100000000000000000000000000000, sa_flags=SA_RESTART|SA_SIGINFO
SIGHUP: [libjvm.dylib+0x5eaaf5], sa_mask[0]=11111111111111111111111111111111, sa_flags=SA_RESTART|SA_SIGINFO
SIGINT: [libjvm.dylib+0x5eaaf5], sa_mask[0]=11111111111111111111111111111111, sa_flags=SA_RESTART|SA_SIGINFO
SIGTERM: [libjvm.dylib+0x5eaaf5], sa_mask[0]=11111111111111111111111111111111, sa_flags=SA_RESTART|SA_SIGINFO
SIGQUIT: [libjvm.dylib+0x5eaaf5], sa_mask[0]=11111111111111111111111111111111, sa_flags=SA_RESTART|SA_SIGINFO


---------------  S Y S T E M  ---------------

OS:uname:Darwin 20.2.0 Darwin Kernel Version 20.2.0: Wed Dec  2 20:40:21 PST 2020; root:xnu-7195.60.75~1/RELEASE_ARM64_T8101 x86_64
OS uptime: 12 days 17:52 hours
rlimit: STACK 8176k, CORE 0k, NPROC 2666, NOFILE 10240, AS infinity, DATA infinity, FSIZE infinity
load average:2.83 2.38 2.25

CPU:total 8 (initial active 8) (1 cores per cpu, 1 threads per core) family 6 model 44 stepping 0, cmov, cx8, fxsr, mmx, sse, sse2, sse3, ssse3, sse4.1, sse4.2, popcnt, aes, clmul, tsc, tscinvbit, tscinv

Memory: 4k page, physical 16777216k(82328k free), swap 6291456k(1770496k free)

vm_info: OpenJDK 64-Bit Server VM (14.0.2+12-46) for bsd-amd64 JRE (14.0.2+12-46), built on Jul  8 2020 23:34:30 by "mach5one" with clang 4.2.1 Compatible Apple LLVM 10.0.0 (clang-1000.11.45.5)

END.
